[tinderbox-ng] compare: target='app-arch/cabextract'  mode=--build  label=app_arch_cabextract
[tinderbox-ng]   portage-ng session: pkg-cmp-portage-ng-app_arch_cabextract
[tinderbox-ng]   emerge     session: pkg-cmp-emerge-app_arch_cabextract
[tinderbox-ng ok] session 'pkg-cmp-portage-ng-app_arch_cabextract' created
[tinderbox-ng ok] session 'pkg-cmp-emerge-app_arch_cabextract' created
[tinderbox-ng]   running both engines in parallel (logs: /srv/tinderbox-ng/logs/compare-app_arch_cabextract-20260509T131826)

┌────────────────────────────────────────────────────────────────────────┐
│ tinderbox-ng compare report                                            │
├────────────────────────────────────────────────────────────────────────┤
│ target : app-arch/cabextract                                           │
│ mode   : --build                                                       │
│ logs   : /srv/tinderbox-ng/logs/compare-app_arch_cabextract-20260509T131826│
├──────────────────┬─────────────────────────┬───────────────────────────┤
│ (metric)         │ portage-ng              │ emerge                    │
├──────────────────┼─────────────────────────┼───────────────────────────┤
│ exit             │ OK                      │ FAIL(1)                   │
│ plan actions     │ 6                       │ 0                         │
│ completed        │ 2                       │ 0                         │
│ merged into VDB  │ 0                       │ 0                         │
└──────────────────┴─────────────────────────┴───────────────────────────┘

First error/warning per engine:
  portage-ng: [step 2] FAIL (1) install portage://dev-libs/libmspack-1.11
  emerge    : >>> Failed to emerge dev-libs/libmspack-1.11, Log file:

Full logs:
  portage-ng: /srv/tinderbox-ng/logs/compare-app_arch_cabextract-20260509T131826/portage-ng.log
  emerge    : /srv/tinderbox-ng/logs/compare-app_arch_cabextract-20260509T131826/emerge.log

[tinderbox-ng]   cleaning up sessions (use --keep to preserve)
