[tinderbox-ng] compare: target='app-misc/mc'  mode=--build  label=app_misc_mc
[tinderbox-ng]   portage-ng session: pkg-cmp-portage-ng-app_misc_mc
[tinderbox-ng]   emerge     session: pkg-cmp-emerge-app_misc_mc
[tinderbox-ng ok] session 'pkg-cmp-portage-ng-app_misc_mc' created
[tinderbox-ng ok] session 'pkg-cmp-emerge-app_misc_mc' created
[tinderbox-ng]   running both engines in parallel (logs: /srv/tinderbox-ng/logs/compare-app_misc_mc-20260509T130919)

┌────────────────────────────────────────────────────────────────────────┐
│ tinderbox-ng compare report                                            │
├────────────────────────────────────────────────────────────────────────┤
│ target : app-misc/mc                                                   │
│ mode   : --build                                                       │
│ logs   : /srv/tinderbox-ng/logs/compare-app_misc_mc-20260509T130919    │
├──────────────────┬─────────────────────────┬───────────────────────────┤
│ (metric)         │ portage-ng              │ emerge                    │
├──────────────────┼─────────────────────────┼───────────────────────────┤
│ exit             │ OK                      │ OK                        │
│ plan actions     │ 41                      │ 2                         │
│ completed        │ 21                      │ 2                         │
│ merged into VDB  │ 6                       │ 2                         │
└──────────────────┴─────────────────────────┴───────────────────────────┘

First error/warning per engine:
  portage-ng: [step 3] FAIL (1) install portage://x11-libs/libSM-1.2.6

VDB delta (after build):
  only in portage-ng:
    + media-libs/libpng-1.6.58
    + sys-libs/gpm-1.20.7-r6
    + x11-base/xcb-proto-1.17.0
    + x11-base/xorg-proto-2025.1
    + x11-libs/xtrans-1.6.0
  only in emerge:
    + app-misc/mc-4.8.33
  in both: 1 packages

Full logs:
  portage-ng: /srv/tinderbox-ng/logs/compare-app_misc_mc-20260509T130919/portage-ng.log
  emerge    : /srv/tinderbox-ng/logs/compare-app_misc_mc-20260509T130919/emerge.log

[tinderbox-ng]   cleaning up sessions (use --keep to preserve)
