[tinderbox-ng] compare: target='app-arch/zip'  mode=--build  label=app_arch_zip
[tinderbox-ng]   portage-ng session: pkg-cmp-portage-ng-app_arch_zip
[tinderbox-ng]   emerge     session: pkg-cmp-emerge-app_arch_zip
[tinderbox-ng ok] session 'pkg-cmp-portage-ng-app_arch_zip' created
[tinderbox-ng ok] session 'pkg-cmp-emerge-app_arch_zip' created
[tinderbox-ng]   running both engines in parallel (logs: /srv/tinderbox-ng/logs/compare-app_arch_zip-20260509T131735)

┌────────────────────────────────────────────────────────────────────────┐
│ tinderbox-ng compare report                                            │
├────────────────────────────────────────────────────────────────────────┤
│ target : app-arch/zip                                                  │
│ mode   : --build                                                       │
│ logs   : /srv/tinderbox-ng/logs/compare-app_arch_zip-20260509T131735   │
├──────────────────┬─────────────────────────┬───────────────────────────┤
│ (metric)         │ portage-ng              │ emerge                    │
├──────────────────┼─────────────────────────┼───────────────────────────┤
│ exit             │ OK                      │ OK                        │
│ plan actions     │ 3                       │ 1                         │
│ completed        │ 4                       │ 1                         │
│ merged into VDB  │ 1                       │ 1                         │
└──────────────────┴─────────────────────────┴───────────────────────────┘

Full logs:
  portage-ng: /srv/tinderbox-ng/logs/compare-app_arch_zip-20260509T131735/portage-ng.log
  emerge    : /srv/tinderbox-ng/logs/compare-app_arch_zip-20260509T131735/emerge.log

[tinderbox-ng]   cleaning up sessions (use --keep to preserve)
