[tinderbox-ng] compare: target='app-editors/jed'  mode=--build  label=app_editors_jed
[tinderbox-ng]   portage-ng session: pkg-cmp-portage-ng-app_editors_jed
[tinderbox-ng]   emerge     session: pkg-cmp-emerge-app_editors_jed
[tinderbox-ng ok] session 'pkg-cmp-portage-ng-app_editors_jed' created
[tinderbox-ng ok] session 'pkg-cmp-emerge-app_editors_jed' created
[tinderbox-ng]   running both engines in parallel (logs: /srv/tinderbox-ng/logs/compare-app_editors_jed-20260509T130243)

┌────────────────────────────────────────────────────────────────────────┐
│ tinderbox-ng compare report                                            │
├────────────────────────────────────────────────────────────────────────┤
│ target : app-editors/jed                                               │
│ mode   : --build                                                       │
│ logs   : /srv/tinderbox-ng/logs/compare-app_editors_jed-20260509T130243│
├──────────────────┬─────────────────────────┬───────────────────────────┤
│ (metric)         │ portage-ng              │ emerge                    │
├──────────────────┼─────────────────────────┼───────────────────────────┤
│ exit             │ OK                      │ OK                        │
│ plan actions     │ 12                      │ 2                         │
│ completed        │ 13                      │ 2                         │
│ merged into VDB  │ 4                       │ 2                         │
└──────────────────┴─────────────────────────┴───────────────────────────┘

VDB delta (after build):
  only in portage-ng:
    + media-libs/libpng-1.6.58
    + sys-libs/gpm-1.20.7-r6
  in both: 2 packages

Full logs:
  portage-ng: /srv/tinderbox-ng/logs/compare-app_editors_jed-20260509T130243/portage-ng.log
  emerge    : /srv/tinderbox-ng/logs/compare-app_editors_jed-20260509T130243/emerge.log

[tinderbox-ng]   cleaning up sessions (use --keep to preserve)
