[tinderbox-ng] compare: target='app-shells/zsh'  mode=--build  label=app_shells_zsh
[tinderbox-ng]   portage-ng session: pkg-cmp-portage-ng-app_shells_zsh
[tinderbox-ng]   emerge     session: pkg-cmp-emerge-app_shells_zsh
[tinderbox-ng ok] session 'pkg-cmp-portage-ng-app_shells_zsh' created
[tinderbox-ng ok] session 'pkg-cmp-emerge-app_shells_zsh' created
[tinderbox-ng]   running both engines in parallel (logs: /srv/tinderbox-ng/logs/compare-app_shells_zsh-20260509T130435)

┌────────────────────────────────────────────────────────────────────────┐
│ tinderbox-ng compare report                                            │
├────────────────────────────────────────────────────────────────────────┤
│ target : app-shells/zsh                                                │
│ mode   : --build                                                       │
│ logs   : /srv/tinderbox-ng/logs/compare-app_shells_zsh-20260509T130435 │
├──────────────────┬─────────────────────────┬───────────────────────────┤
│ (metric)         │ portage-ng              │ emerge                    │
├──────────────────┼─────────────────────────┼───────────────────────────┤
│ exit             │ OK                      │ OK                        │
│ plan actions     │ 3                       │ 1                         │
│ completed        │ 4                       │ 1                         │
│ merged into VDB  │ 1                       │ 1                         │
└──────────────────┴─────────────────────────┴───────────────────────────┘

VDB delta (after build):
  only in portage-ng:
    + app-shells/zsh-5.9.0.3-r2
  only in emerge:
    + app-shells/zsh-5.9-r6

Full logs:
  portage-ng: /srv/tinderbox-ng/logs/compare-app_shells_zsh-20260509T130435/portage-ng.log
  emerge    : /srv/tinderbox-ng/logs/compare-app_shells_zsh-20260509T130435/emerge.log

[tinderbox-ng]   cleaning up sessions (use --keep to preserve)
