[tinderbox-ng] compare: target='media-libs/freetype'  mode=--build  label=media_libs_freetype
[tinderbox-ng]   portage-ng session: pkg-cmp-portage-ng-media_libs_freetype
[tinderbox-ng]   emerge     session: pkg-cmp-emerge-media_libs_freetype
[tinderbox-ng ok] session 'pkg-cmp-portage-ng-media_libs_freetype' created
[tinderbox-ng ok] session 'pkg-cmp-emerge-media_libs_freetype' created
[tinderbox-ng]   running both engines in parallel (logs: /srv/tinderbox-ng/logs/compare-media_libs_freetype-20260509T135151)

┌────────────────────────────────────────────────────────────────────────┐
│ tinderbox-ng compare report                                            │
├────────────────────────────────────────────────────────────────────────┤
│ target : media-libs/freetype                                           │
│ mode   : --build                                                       │
│ logs   : /srv/tinderbox-ng/logs/compare-media_libs_freetype-20260509T135151│
├──────────────────┬─────────────────────────┬───────────────────────────┤
│ (metric)         │ portage-ng              │ emerge                    │
├──────────────────┼─────────────────────────┼───────────────────────────┤
│ exit             │ OK                      │ FAIL(1)                   │
│ plan actions     │ 64                      │ 2                         │
│ completed        │ 39                      │ 1                         │
│ merged into VDB  │ 10                      │ 1                         │
└──────────────────┴─────────────────────────┴───────────────────────────┘

First error/warning per engine:
  portage-ng: [step 6] FAIL (1) install portage://media-libs/freetype-2.14.3
  emerge    : >>> Failed to emerge media-libs/freetype-2.14.3, Log file:

VDB delta (after build):
  only in portage-ng:
    + app-eselect/eselect-fontconfig-20220403
    + media-gfx/graphite2-1.3.14_p20210810-r5
    + x11-base/xcb-proto-1.17.0
    + x11-base/xorg-proto-2025.1
    + x11-libs/libXau-1.0.12
    + x11-libs/libXdmcp-1.1.5
    + x11-libs/libfontenc-1.1.9
    + x11-libs/pixman-0.46.4
    + x11-libs/xtrans-1.6.0
  in both: 1 packages

Full logs:
  portage-ng: /srv/tinderbox-ng/logs/compare-media_libs_freetype-20260509T135151/portage-ng.log
  emerge    : /srv/tinderbox-ng/logs/compare-media_libs_freetype-20260509T135151/emerge.log

[tinderbox-ng]   cleaning up sessions (use --keep to preserve)
