[tinderbox-ng] compare: target='net-misc/whois'  mode=--build  label=net_misc_whois
[tinderbox-ng]   portage-ng session: pkg-cmp-portage-ng-net_misc_whois
[tinderbox-ng]   emerge     session: pkg-cmp-emerge-net_misc_whois
[tinderbox-ng ok] session 'pkg-cmp-portage-ng-net_misc_whois' created
[tinderbox-ng ok] session 'pkg-cmp-emerge-net_misc_whois' created
[tinderbox-ng]   running both engines in parallel (logs: /srv/tinderbox-ng/logs/compare-net_misc_whois-20260509T131929)

┌────────────────────────────────────────────────────────────────────────┐
│ tinderbox-ng compare report                                            │
├────────────────────────────────────────────────────────────────────────┤
│ target : net-misc/whois                                                │
│ mode   : --build                                                       │
│ logs   : /srv/tinderbox-ng/logs/compare-net_misc_whois-20260509T131929 │
├──────────────────┬─────────────────────────┬───────────────────────────┤
│ (metric)         │ portage-ng              │ emerge                    │
├──────────────────┼─────────────────────────┼───────────────────────────┤
│ exit             │ OK                      │ OK                        │
│ plan actions     │ 3                       │ 1                         │
│ completed        │ 4                       │ 1                         │
│ merged into VDB  │ 1                       │ 1                         │
└──────────────────┴─────────────────────────┴───────────────────────────┘

Full logs:
  portage-ng: /srv/tinderbox-ng/logs/compare-net_misc_whois-20260509T131929/portage-ng.log
  emerge    : /srv/tinderbox-ng/logs/compare-net_misc_whois-20260509T131929/emerge.log

[tinderbox-ng]   cleaning up sessions (use --keep to preserve)
