[tinderbox-ng] compare: target='net-analyzer/iftop'  mode=--build  label=net_analyzer_iftop
[tinderbox-ng]   portage-ng session: pkg-cmp-portage-ng-net_analyzer_iftop
[tinderbox-ng]   emerge     session: pkg-cmp-emerge-net_analyzer_iftop
[tinderbox-ng ok] session 'pkg-cmp-portage-ng-net_analyzer_iftop' created
[tinderbox-ng ok] session 'pkg-cmp-emerge-net_analyzer_iftop' created
[tinderbox-ng]   running both engines in parallel (logs: /srv/tinderbox-ng/logs/compare-net_analyzer_iftop-20260509T132256)

┌────────────────────────────────────────────────────────────────────────┐
│ tinderbox-ng compare report                                            │
├────────────────────────────────────────────────────────────────────────┤
│ target : net-analyzer/iftop                                            │
│ mode   : --build                                                       │
│ logs   : /srv/tinderbox-ng/logs/compare-net_analyzer_iftop-20260509T132256│
├──────────────────┬─────────────────────────┬───────────────────────────┤
│ (metric)         │ portage-ng              │ emerge                    │
├──────────────────┼─────────────────────────┼───────────────────────────┤
│ exit             │ OK                      │ OK                        │
│ plan actions     │ 47                      │ 2                         │
│ completed        │ 21                      │ 2                         │
│ merged into VDB  │ 5                       │ 2                         │
└──────────────────┴─────────────────────────┴───────────────────────────┘

First error/warning per engine:
  portage-ng: [step 3] FAIL (1) install portage://net-libs/libpcap-1.10.6

VDB delta (after build):
  only in portage-ng:
    + acct-group/messagebus-0-r3
    + app-text/docbook-xml-dtd-4.4-r3
    + x11-base/xcb-proto-1.17.0
    + x11-base/xorg-proto-2025.1
    + x11-libs/xtrans-1.6.0
  only in emerge:
    + net-analyzer/iftop-1.0_pre4-r5
    + net-libs/libpcap-1.10.6

Full logs:
  portage-ng: /srv/tinderbox-ng/logs/compare-net_analyzer_iftop-20260509T132256/portage-ng.log
  emerge    : /srv/tinderbox-ng/logs/compare-net_analyzer_iftop-20260509T132256/emerge.log

[tinderbox-ng]   cleaning up sessions (use --keep to preserve)
