[tinderbox-ng] compare: target='net-analyzer/tcpdump'  mode=--build  label=net_analyzer_tcpdump
[tinderbox-ng]   portage-ng session: pkg-cmp-portage-ng-net_analyzer_tcpdump
[tinderbox-ng]   emerge     session: pkg-cmp-emerge-net_analyzer_tcpdump
[tinderbox-ng ok] session 'pkg-cmp-portage-ng-net_analyzer_tcpdump' created
[tinderbox-ng ok] session 'pkg-cmp-emerge-net_analyzer_tcpdump' created
[tinderbox-ng]   running both engines in parallel (logs: /srv/tinderbox-ng/logs/compare-net_analyzer_tcpdump-20260509T132157)

┌────────────────────────────────────────────────────────────────────────┐
│ tinderbox-ng compare report                                            │
├────────────────────────────────────────────────────────────────────────┤
│ target : net-analyzer/tcpdump                                          │
│ mode   : --build                                                       │
│ logs   : /srv/tinderbox-ng/logs/compare-net_analyzer_tcpdump-20260509T132157│
├──────────────────┬─────────────────────────┬───────────────────────────┤
│ (metric)         │ portage-ng              │ emerge                    │
├──────────────────┼─────────────────────────┼───────────────────────────┤
│ exit             │ OK                      │ FAIL(1)                   │
│ plan actions     │ 59                      │ 1                         │
│ completed        │ 19                      │ 3                         │
│ merged into VDB  │ 2                       │ 3                         │
└──────────────────┴─────────────────────────┴───────────────────────────┘

First error/warning per engine:
  portage-ng: [jobserver worker error] job=slotted(6,40,2,16,3,rule(portage://'x11-libs/libXt-1.3.1-r1':download?{[required_use:[],build_with_use:use_state([],[])]},[]),files(7,1,[dist('libXt-1.3.1.tar.xz',691200,[
  emerge    : >>> Failed to emerge net-libs/libsmi-0.5.0-r5, Log file:

VDB delta (after build):
  only in portage-ng:
    + acct-group/messagebus-0-r3
  only in emerge:
    + acct-user/pcap-0-r1
    + net-libs/libpcap-1.10.6
  in both: 1 packages

Full logs:
  portage-ng: /srv/tinderbox-ng/logs/compare-net_analyzer_tcpdump-20260509T132157/portage-ng.log
  emerge    : /srv/tinderbox-ng/logs/compare-net_analyzer_tcpdump-20260509T132157/emerge.log

[tinderbox-ng]   cleaning up sessions (use --keep to preserve)
