[tinderbox-ng] compare: target='sys-process/parallel'  mode=--build  label=sys_process_parallel
[tinderbox-ng]   portage-ng session: pkg-cmp-portage-ng-sys_process_parallel
[tinderbox-ng]   emerge     session: pkg-cmp-emerge-sys_process_parallel
[tinderbox-ng ok] session 'pkg-cmp-portage-ng-sys_process_parallel' created
[tinderbox-ng ok] session 'pkg-cmp-emerge-sys_process_parallel' created
[tinderbox-ng]   running both engines in parallel (logs: /srv/tinderbox-ng/logs/compare-sys_process_parallel-20260509T131257)

┌────────────────────────────────────────────────────────────────────────┐
│ tinderbox-ng compare report                                            │
├────────────────────────────────────────────────────────────────────────┤
│ target : sys-process/parallel                                          │
│ mode   : --build                                                       │
│ logs   : /srv/tinderbox-ng/logs/compare-sys_process_parallel-20260509T131257│
├──────────────────┬─────────────────────────┬───────────────────────────┤
│ (metric)         │ portage-ng              │ emerge                    │
├──────────────────┼─────────────────────────┼───────────────────────────┤
│ exit             │ OK                      │ OK                        │
│ plan actions     │ 14                      │ 4                         │
│ completed        │ 15                      │ 4                         │
│ merged into VDB  │ 5                       │ 4                         │
└──────────────────┴─────────────────────────┴───────────────────────────┘

VDB delta (after build):
  only in portage-ng:
    + dev-lang/perl-5.42.2
    + dev-perl/Devel-Size-0.860.0
    + sys-process/parallel-20250722-r1
  only in emerge:
    + dev-perl/Devel-Size-0.850.0
    + sys-process/parallel-20250722
  in both: 2 packages

Full logs:
  portage-ng: /srv/tinderbox-ng/logs/compare-sys_process_parallel-20260509T131257/portage-ng.log
  emerge    : /srv/tinderbox-ng/logs/compare-sys_process_parallel-20260509T131257/emerge.log

[tinderbox-ng]   cleaning up sessions (use --keep to preserve)
