[tinderbox-ng] compare: target='www-client/w3m'  mode=--build  label=www_client_w3m
[tinderbox-ng]   portage-ng session: pkg-cmp-portage-ng-www_client_w3m
[tinderbox-ng]   emerge     session: pkg-cmp-emerge-www_client_w3m
[tinderbox-ng ok] session 'pkg-cmp-portage-ng-www_client_w3m' created
[tinderbox-ng ok] session 'pkg-cmp-emerge-www_client_w3m' created
[tinderbox-ng]   running both engines in parallel (logs: /srv/tinderbox-ng/logs/compare-www_client_w3m-20260509T133843)

┌────────────────────────────────────────────────────────────────────────┐
│ tinderbox-ng compare report                                            │
├────────────────────────────────────────────────────────────────────────┤
│ target : www-client/w3m                                                │
│ mode   : --build                                                       │
│ logs   : /srv/tinderbox-ng/logs/compare-www_client_w3m-20260509T133843 │
├──────────────────┬─────────────────────────┬───────────────────────────┤
│ (metric)         │ portage-ng              │ emerge                    │
├──────────────────┼─────────────────────────┼───────────────────────────┤
│ exit             │ OK                      │ OK                        │
│ plan actions     │ 38                      │ 3                         │
│ completed        │ 19                      │ 3                         │
│ merged into VDB  │ 5                       │ 3                         │
└──────────────────┴─────────────────────────┴───────────────────────────┘

First error/warning per engine:
  portage-ng: [step 3] FAIL (1) install portage://x11-libs/libXdmcp-1.1.5

VDB delta (after build):
  only in portage-ng:
    + sys-libs/gpm-1.20.7-r6
    + x11-base/xcb-proto-1.17.0
    + x11-base/xorg-proto-2025.1
    + x11-libs/xtrans-1.6.0
  only in emerge:
    + dev-libs/boehm-gc-8.2.12
    + www-client/w3m-0.5.6
  in both: 1 packages

Full logs:
  portage-ng: /srv/tinderbox-ng/logs/compare-www_client_w3m-20260509T133843/portage-ng.log
  emerge    : /srv/tinderbox-ng/logs/compare-www_client_w3m-20260509T133843/emerge.log

[tinderbox-ng]   cleaning up sessions (use --keep to preserve)
