[tinderbox-ng] compare: target='www-servers/lighttpd'  mode=--build  label=www_servers_lighttpd
[tinderbox-ng]   portage-ng session: pkg-cmp-portage-ng-www_servers_lighttpd
[tinderbox-ng]   emerge     session: pkg-cmp-emerge-www_servers_lighttpd
[tinderbox-ng ok] session 'pkg-cmp-portage-ng-www_servers_lighttpd' created
[tinderbox-ng ok] session 'pkg-cmp-emerge-www_servers_lighttpd' created
[tinderbox-ng]   running both engines in parallel (logs: /srv/tinderbox-ng/logs/compare-www_servers_lighttpd-20260509T133621)

┌────────────────────────────────────────────────────────────────────────┐
│ tinderbox-ng compare report                                            │
├────────────────────────────────────────────────────────────────────────┤
│ target : www-servers/lighttpd                                          │
│ mode   : --build                                                       │
│ logs   : /srv/tinderbox-ng/logs/compare-www_servers_lighttpd-20260509T133621│
├──────────────────┬─────────────────────────┬───────────────────────────┤
│ (metric)         │ portage-ng              │ emerge                    │
├──────────────────┼─────────────────────────┼───────────────────────────┤
│ exit             │ OK                      │ OK                        │
│ plan actions     │ 10                      │ 6                         │
│ completed        │ 11                      │ 6                         │
│ merged into VDB  │ 4                       │ 6                         │
└──────────────────┴─────────────────────────┴───────────────────────────┘

VDB delta (after build):
  only in portage-ng:
    + app-arch/brotli-1.2.0-r1
  only in emerge:
    + app-arch/brotli-1.1.0
    + app-eselect/eselect-lua-4-r1
    + dev-lang/lua-5.1.5-r200
  in both: 3 packages

Full logs:
  portage-ng: /srv/tinderbox-ng/logs/compare-www_servers_lighttpd-20260509T133621/portage-ng.log
  emerge    : /srv/tinderbox-ng/logs/compare-www_servers_lighttpd-20260509T133621/emerge.log

[tinderbox-ng]   cleaning up sessions (use --keep to preserve)
