[tinderbox-ng] compare: target='app-arch/p7zip'  mode=--pretend  label=app_arch_p7zip
[tinderbox-ng]   portage-ng session: pkg-cmp-portage-ng-app_arch_p7zip
[tinderbox-ng]   emerge     session: pkg-cmp-emerge-app_arch_p7zip
[tinderbox-ng ok] session 'pkg-cmp-portage-ng-app_arch_p7zip' created
[tinderbox-ng ok] session 'pkg-cmp-emerge-app_arch_p7zip' created
[tinderbox-ng]   running both engines in parallel (logs: /srv/tinderbox-ng/logs/compare-app_arch_p7zip-20260509T124303)

┌────────────────────────────────────────────────────────────────────────┐
│ tinderbox-ng compare report                                            │
├────────────────────────────────────────────────────────────────────────┤
│ target : app-arch/p7zip                                                │
│ mode   : --pretend                                                     │
│ logs   : /srv/tinderbox-ng/logs/compare-app_arch_p7zip-20260509T124303 │
├──────────────────┬─────────────────────────┬───────────────────────────┤
│ (metric)         │ portage-ng              │ emerge                    │
├──────────────────┼─────────────────────────┼───────────────────────────┤
│ exit             │ OK                      │ OK                        │
│ plan actions     │ 5                       │ 2                         │
│ completed        │ 0                       │ 0                         │
│ merged into VDB  │ 0                       │ 0                         │
└──────────────────┴─────────────────────────┴───────────────────────────┘

Full logs:
  portage-ng: /srv/tinderbox-ng/logs/compare-app_arch_p7zip-20260509T124303/portage-ng.log
  emerge    : /srv/tinderbox-ng/logs/compare-app_arch_p7zip-20260509T124303/emerge.log

[tinderbox-ng]   cleaning up sessions (use --keep to preserve)
