[tinderbox-ng] compare: target='app-shells/dash'  mode=--pretend  label=app_shells_dash
[tinderbox-ng]   portage-ng session: pkg-cmp-portage-ng-app_shells_dash
[tinderbox-ng]   emerge     session: pkg-cmp-emerge-app_shells_dash
[tinderbox-ng ok] session 'pkg-cmp-portage-ng-app_shells_dash' created
[tinderbox-ng ok] session 'pkg-cmp-emerge-app_shells_dash' created
[tinderbox-ng]   running both engines in parallel (logs: /srv/tinderbox-ng/logs/compare-app_shells_dash-20260509T124117)

┌────────────────────────────────────────────────────────────────────────┐
│ tinderbox-ng compare report                                            │
├────────────────────────────────────────────────────────────────────────┤
│ target : app-shells/dash                                               │
│ mode   : --pretend                                                     │
│ logs   : /srv/tinderbox-ng/logs/compare-app_shells_dash-20260509T124117│
├──────────────────┬─────────────────────────┬───────────────────────────┤
│ (metric)         │ portage-ng              │ emerge                    │
├──────────────────┼─────────────────────────┼───────────────────────────┤
│ exit             │ OK                      │ OK                        │
│ plan actions     │ 3                       │ 1                         │
│ completed        │ 0                       │ 0                         │
│ merged into VDB  │ 0                       │ 0                         │
└──────────────────┴─────────────────────────┴───────────────────────────┘

Full logs:
  portage-ng: /srv/tinderbox-ng/logs/compare-app_shells_dash-20260509T124117/portage-ng.log
  emerge    : /srv/tinderbox-ng/logs/compare-app_shells_dash-20260509T124117/emerge.log

[tinderbox-ng]   cleaning up sessions (use --keep to preserve)
