[tinderbox-ng] compare: target='app-text/asciidoc'  mode=--pretend  label=app_text_asciidoc
[tinderbox-ng]   portage-ng session: pkg-cmp-portage-ng-app_text_asciidoc
[tinderbox-ng]   emerge     session: pkg-cmp-emerge-app_text_asciidoc
[tinderbox-ng ok] session 'pkg-cmp-portage-ng-app_text_asciidoc' created
[tinderbox-ng ok] session 'pkg-cmp-emerge-app_text_asciidoc' created
[tinderbox-ng]   running both engines in parallel (logs: /srv/tinderbox-ng/logs/compare-app_text_asciidoc-20260509T125115)

┌────────────────────────────────────────────────────────────────────────┐
│ tinderbox-ng compare report                                            │
├────────────────────────────────────────────────────────────────────────┤
│ target : app-text/asciidoc                                             │
│ mode   : --pretend                                                     │
│ logs   : /srv/tinderbox-ng/logs/compare-app_text_asciidoc-20260509T125115│
├──────────────────┬─────────────────────────┬───────────────────────────┤
│ (metric)         │ portage-ng              │ emerge                    │
├──────────────────┼─────────────────────────┼───────────────────────────┤
│ exit             │ OK                      │ OK                        │
│ plan actions     │ 3                       │ 1                         │
│ completed        │ 0                       │ 0                         │
│ merged into VDB  │ 0                       │ 0                         │
└──────────────────┴─────────────────────────┴───────────────────────────┘

Full logs:
  portage-ng: /srv/tinderbox-ng/logs/compare-app_text_asciidoc-20260509T125115/portage-ng.log
  emerge    : /srv/tinderbox-ng/logs/compare-app_text_asciidoc-20260509T125115/emerge.log

[tinderbox-ng]   cleaning up sessions (use --keep to preserve)
