[tinderbox-ng] compare: target='app-editors/vim'  mode=--pretend  label=app_editors_vim
[tinderbox-ng]   portage-ng session: pkg-cmp-portage-ng-app_editors_vim
[tinderbox-ng]   emerge     session: pkg-cmp-emerge-app_editors_vim
[tinderbox-ng ok] session 'pkg-cmp-portage-ng-app_editors_vim' created
[tinderbox-ng ok] session 'pkg-cmp-emerge-app_editors_vim' created
[tinderbox-ng]   running both engines in parallel (logs: /srv/tinderbox-ng/logs/compare-app_editors_vim-20260509T124032)

┌────────────────────────────────────────────────────────────────────────┐
│ tinderbox-ng compare report                                            │
├────────────────────────────────────────────────────────────────────────┤
│ target : app-editors/vim                                               │
│ mode   : --pretend                                                     │
│ logs   : /srv/tinderbox-ng/logs/compare-app_editors_vim-20260509T124032│
├──────────────────┬─────────────────────────┬───────────────────────────┤
│ (metric)         │ portage-ng              │ emerge                    │
├──────────────────┼─────────────────────────┼───────────────────────────┤
│ exit             │ OK(assumed)             │ OK                        │
│ plan actions     │ 53                      │ 6                         │
│ completed        │ 0                       │ 0                         │
│ merged into VDB  │ 0                       │ 0                         │
└──────────────────┴─────────────────────────┴───────────────────────────┘

Full logs:
  portage-ng: /srv/tinderbox-ng/logs/compare-app_editors_vim-20260509T124032/portage-ng.log
  emerge    : /srv/tinderbox-ng/logs/compare-app_editors_vim-20260509T124032/emerge.log

[tinderbox-ng]   cleaning up sessions (use --keep to preserve)
