[tinderbox-ng] compare: target='app-arch/lzip'  mode=--pretend  label=app_arch_lzip
[tinderbox-ng]   portage-ng session: pkg-cmp-portage-ng-app_arch_lzip
[tinderbox-ng]   emerge     session: pkg-cmp-emerge-app_arch_lzip
[tinderbox-ng ok] session 'pkg-cmp-portage-ng-app_arch_lzip' created
[tinderbox-ng ok] session 'pkg-cmp-emerge-app_arch_lzip' created
[tinderbox-ng]   running both engines in parallel (logs: /srv/tinderbox-ng/logs/compare-app_arch_lzip-20260509T124334)

┌────────────────────────────────────────────────────────────────────────┐
│ tinderbox-ng compare report                                            │
├────────────────────────────────────────────────────────────────────────┤
│ target : app-arch/lzip                                                 │
│ mode   : --pretend                                                     │
│ logs   : /srv/tinderbox-ng/logs/compare-app_arch_lzip-20260509T124334  │
├──────────────────┬─────────────────────────┬───────────────────────────┤
│ (metric)         │ portage-ng              │ emerge                    │
├──────────────────┼─────────────────────────┼───────────────────────────┤
│ exit             │ OK(assumed)             │ OK                        │
│ plan actions     │ 6                       │ 2                         │
│ completed        │ 0                       │ 0                         │
│ merged into VDB  │ 0                       │ 0                         │
└──────────────────┴─────────────────────────┴───────────────────────────┘

Full logs:
  portage-ng: /srv/tinderbox-ng/logs/compare-app_arch_lzip-20260509T124334/portage-ng.log
  emerge    : /srv/tinderbox-ng/logs/compare-app_arch_lzip-20260509T124334/emerge.log

[tinderbox-ng]   cleaning up sessions (use --keep to preserve)
