[tinderbox-ng] compare: target='app-editors/mg'  mode=--pretend  label=app_editors_mg
[tinderbox-ng]   portage-ng session: pkg-cmp-portage-ng-app_editors_mg
[tinderbox-ng]   emerge     session: pkg-cmp-emerge-app_editors_mg
[tinderbox-ng ok] session 'pkg-cmp-portage-ng-app_editors_mg' created
[tinderbox-ng ok] session 'pkg-cmp-emerge-app_editors_mg' created
[tinderbox-ng]   running both engines in parallel (logs: /srv/tinderbox-ng/logs/compare-app_editors_mg-20260509T124047)

┌────────────────────────────────────────────────────────────────────────┐
│ tinderbox-ng compare report                                            │
├────────────────────────────────────────────────────────────────────────┤
│ target : app-editors/mg                                                │
│ mode   : --pretend                                                     │
│ logs   : /srv/tinderbox-ng/logs/compare-app_editors_mg-20260509T124047 │
├──────────────────┬─────────────────────────┬───────────────────────────┤
│ (metric)         │ portage-ng              │ emerge                    │
├──────────────────┼─────────────────────────┼───────────────────────────┤
│ exit             │ OK                      │ OK                        │
│ plan actions     │ 6                       │ 2                         │
│ completed        │ 0                       │ 0                         │
│ merged into VDB  │ 0                       │ 0                         │
└──────────────────┴─────────────────────────┴───────────────────────────┘

Full logs:
  portage-ng: /srv/tinderbox-ng/logs/compare-app_editors_mg-20260509T124047/portage-ng.log
  emerge    : /srv/tinderbox-ng/logs/compare-app_editors_mg-20260509T124047/emerge.log

[tinderbox-ng]   cleaning up sessions (use --keep to preserve)
