[tinderbox-ng] compare: target='app-misc/mc'  mode=--pretend  label=app_misc_mc
[tinderbox-ng]   portage-ng session: pkg-cmp-portage-ng-app_misc_mc
[tinderbox-ng]   emerge     session: pkg-cmp-emerge-app_misc_mc
[tinderbox-ng ok] session 'pkg-cmp-portage-ng-app_misc_mc' created
[tinderbox-ng ok] session 'pkg-cmp-emerge-app_misc_mc' created
[tinderbox-ng]   running both engines in parallel (logs: /srv/tinderbox-ng/logs/compare-app_misc_mc-20260509T124209)

┌────────────────────────────────────────────────────────────────────────┐
│ tinderbox-ng compare report                                            │
├────────────────────────────────────────────────────────────────────────┤
│ target : app-misc/mc                                                   │
│ mode   : --pretend                                                     │
│ logs   : /srv/tinderbox-ng/logs/compare-app_misc_mc-20260509T124209    │
├──────────────────┬─────────────────────────┬───────────────────────────┤
│ (metric)         │ portage-ng              │ emerge                    │
├──────────────────┼─────────────────────────┼───────────────────────────┤
│ exit             │ OK                      │ OK                        │
│ plan actions     │ 41                      │ 2                         │
│ completed        │ 0                       │ 0                         │
│ merged into VDB  │ 0                       │ 0                         │
└──────────────────┴─────────────────────────┴───────────────────────────┘

Full logs:
  portage-ng: /srv/tinderbox-ng/logs/compare-app_misc_mc-20260509T124209/portage-ng.log
  emerge    : /srv/tinderbox-ng/logs/compare-app_misc_mc-20260509T124209/emerge.log

[tinderbox-ng]   cleaning up sessions (use --keep to preserve)
