[tinderbox-ng] compare: target='app-misc/screen'  mode=--pretend  label=app_misc_screen
[tinderbox-ng]   portage-ng session: pkg-cmp-portage-ng-app_misc_screen
[tinderbox-ng]   emerge     session: pkg-cmp-emerge-app_misc_screen
[tinderbox-ng ok] session 'pkg-cmp-portage-ng-app_misc_screen' created
[tinderbox-ng ok] session 'pkg-cmp-emerge-app_misc_screen' created
[tinderbox-ng]   running both engines in parallel (logs: /srv/tinderbox-ng/logs/compare-app_misc_screen-20260509T124146)

┌────────────────────────────────────────────────────────────────────────┐
│ tinderbox-ng compare report                                            │
├────────────────────────────────────────────────────────────────────────┤
│ target : app-misc/screen                                               │
│ mode   : --pretend                                                     │
│ logs   : /srv/tinderbox-ng/logs/compare-app_misc_screen-20260509T124146│
├──────────────────┬─────────────────────────┬───────────────────────────┤
│ (metric)         │ portage-ng              │ emerge                    │
├──────────────────┼─────────────────────────┼───────────────────────────┤
│ exit             │ OK                      │ OK                        │
│ plan actions     │ 5                       │ 2                         │
│ completed        │ 0                       │ 0                         │
│ merged into VDB  │ 0                       │ 0                         │
└──────────────────┴─────────────────────────┴───────────────────────────┘

Full logs:
  portage-ng: /srv/tinderbox-ng/logs/compare-app_misc_screen-20260509T124146/portage-ng.log
  emerge    : /srv/tinderbox-ng/logs/compare-app_misc_screen-20260509T124146/emerge.log

[tinderbox-ng]   cleaning up sessions (use --keep to preserve)
