[tinderbox-ng] compare: target='app-admin/logrotate'  mode=--pretend  label=app_admin_logrotate
[tinderbox-ng]   portage-ng session: pkg-cmp-portage-ng-app_admin_logrotate
[tinderbox-ng]   emerge     session: pkg-cmp-emerge-app_admin_logrotate
[tinderbox-ng ok] session 'pkg-cmp-portage-ng-app_admin_logrotate' created
[tinderbox-ng ok] session 'pkg-cmp-emerge-app_admin_logrotate' created
[tinderbox-ng]   running both engines in parallel (logs: /srv/tinderbox-ng/logs/compare-app_admin_logrotate-20260509T125254)

┌────────────────────────────────────────────────────────────────────────┐
│ tinderbox-ng compare report                                            │
├────────────────────────────────────────────────────────────────────────┤
│ target : app-admin/logrotate                                           │
│ mode   : --pretend                                                     │
│ logs   : /srv/tinderbox-ng/logs/compare-app_admin_logrotate-20260509T125254│
├──────────────────┬─────────────────────────┬───────────────────────────┤
│ (metric)         │ portage-ng              │ emerge                    │
├──────────────────┼─────────────────────────┼───────────────────────────┤
│ exit             │ OK(assumed)             │ OK                        │
│ plan actions     │ 20                      │ 8                         │
│ completed        │ 0                       │ 0                         │
│ merged into VDB  │ 0                       │ 0                         │
└──────────────────┴─────────────────────────┴───────────────────────────┘

Full logs:
  portage-ng: /srv/tinderbox-ng/logs/compare-app_admin_logrotate-20260509T125254/portage-ng.log
  emerge    : /srv/tinderbox-ng/logs/compare-app_admin_logrotate-20260509T125254/emerge.log

[tinderbox-ng]   cleaning up sessions (use --keep to preserve)
