[tinderbox-ng] compare: target='app-misc/yq'  mode=--pretend  label=app_misc_yq
[tinderbox-ng]   portage-ng session: pkg-cmp-portage-ng-app_misc_yq
[tinderbox-ng]   emerge     session: pkg-cmp-emerge-app_misc_yq
[tinderbox-ng ok] session 'pkg-cmp-portage-ng-app_misc_yq' created
[tinderbox-ng ok] session 'pkg-cmp-emerge-app_misc_yq' created
[tinderbox-ng]   running both engines in parallel (logs: /srv/tinderbox-ng/logs/compare-app_misc_yq-20260509T124201)

┌────────────────────────────────────────────────────────────────────────┐
│ tinderbox-ng compare report                                            │
├────────────────────────────────────────────────────────────────────────┤
│ target : app-misc/yq                                                   │
│ mode   : --pretend                                                     │
│ logs   : /srv/tinderbox-ng/logs/compare-app_misc_yq-20260509T124201    │
├──────────────────┬─────────────────────────┬───────────────────────────┤
│ (metric)         │ portage-ng              │ emerge                    │
├──────────────────┼─────────────────────────┼───────────────────────────┤
│ exit             │ OK(assumed)             │ OK                        │
│ plan actions     │ 26                      │ 9                         │
│ completed        │ 0                       │ 0                         │
│ merged into VDB  │ 0                       │ 0                         │
└──────────────────┴─────────────────────────┴───────────────────────────┘

Full logs:
  portage-ng: /srv/tinderbox-ng/logs/compare-app_misc_yq-20260509T124201/portage-ng.log
  emerge    : /srv/tinderbox-ng/logs/compare-app_misc_yq-20260509T124201/emerge.log

[tinderbox-ng]   cleaning up sessions (use --keep to preserve)
