[tinderbox-ng] compare: target='app-shells/fish'  mode=--pretend  label=app_shells_fish
[tinderbox-ng]   portage-ng session: pkg-cmp-portage-ng-app_shells_fish
[tinderbox-ng]   emerge     session: pkg-cmp-emerge-app_shells_fish
[tinderbox-ng ok] session 'pkg-cmp-portage-ng-app_shells_fish' created
[tinderbox-ng ok] session 'pkg-cmp-emerge-app_shells_fish' created
[tinderbox-ng]   running both engines in parallel (logs: /srv/tinderbox-ng/logs/compare-app_shells_fish-20260509T124109)

┌────────────────────────────────────────────────────────────────────────┐
│ tinderbox-ng compare report                                            │
├────────────────────────────────────────────────────────────────────────┤
│ target : app-shells/fish                                               │
│ mode   : --pretend                                                     │
│ logs   : /srv/tinderbox-ng/logs/compare-app_shells_fish-20260509T124109│
├──────────────────┬─────────────────────────┬───────────────────────────┤
│ (metric)         │ portage-ng              │ emerge                    │
├──────────────────┼─────────────────────────┼───────────────────────────┤
│ exit             │ OK(assumed)             │ OK                        │
│ plan actions     │ 71                      │ 16                        │
│ completed        │ 0                       │ 0                         │
│ merged into VDB  │ 0                       │ 0                         │
└──────────────────┴─────────────────────────┴───────────────────────────┘

Full logs:
  portage-ng: /srv/tinderbox-ng/logs/compare-app_shells_fish-20260509T124109/portage-ng.log
  emerge    : /srv/tinderbox-ng/logs/compare-app_shells_fish-20260509T124109/emerge.log

[tinderbox-ng]   cleaning up sessions (use --keep to preserve)
