[tinderbox-ng] compare: target='app-portage/gentoolkit'  mode=--pretend  label=app_portage_gentoolkit
[tinderbox-ng]   portage-ng session: pkg-cmp-portage-ng-app_portage_gentoolkit
[tinderbox-ng]   emerge     session: pkg-cmp-emerge-app_portage_gentoolkit
[tinderbox-ng ok] session 'pkg-cmp-portage-ng-app_portage_gentoolkit' created
[tinderbox-ng ok] session 'pkg-cmp-emerge-app_portage_gentoolkit' created
[tinderbox-ng]   running both engines in parallel (logs: /srv/tinderbox-ng/logs/compare-app_portage_gentoolkit-20260509T125138)

┌────────────────────────────────────────────────────────────────────────┐
│ tinderbox-ng compare report                                            │
├────────────────────────────────────────────────────────────────────────┤
│ target : app-portage/gentoolkit                                        │
│ mode   : --pretend                                                     │
│ logs   : /srv/tinderbox-ng/logs/compare-app_portage_gentoolkit-20260509T125138│
├──────────────────┬─────────────────────────┬───────────────────────────┤
│ (metric)         │ portage-ng              │ emerge                    │
├──────────────────┼─────────────────────────┼───────────────────────────┤
│ exit             │ OK                      │ OK                        │
│ plan actions     │ 3                       │ 1                         │
│ completed        │ 0                       │ 0                         │
│ merged into VDB  │ 0                       │ 0                         │
└──────────────────┴─────────────────────────┴───────────────────────────┘

Full logs:
  portage-ng: /srv/tinderbox-ng/logs/compare-app_portage_gentoolkit-20260509T125138/portage-ng.log
  emerge    : /srv/tinderbox-ng/logs/compare-app_portage_gentoolkit-20260509T125138/emerge.log

[tinderbox-ng]   cleaning up sessions (use --keep to preserve)
