[tinderbox-ng] compare: target='app-editors/joe'  mode=--pretend  label=app_editors_joe
[tinderbox-ng]   portage-ng session: pkg-cmp-portage-ng-app_editors_joe
[tinderbox-ng]   emerge     session: pkg-cmp-emerge-app_editors_joe
[tinderbox-ng ok] session 'pkg-cmp-portage-ng-app_editors_joe' created
[tinderbox-ng ok] session 'pkg-cmp-emerge-app_editors_joe' created
[tinderbox-ng]   running both engines in parallel (logs: /srv/tinderbox-ng/logs/compare-app_editors_joe-20260509T124039)

┌────────────────────────────────────────────────────────────────────────┐
│ tinderbox-ng compare report                                            │
├────────────────────────────────────────────────────────────────────────┤
│ target : app-editors/joe                                               │
│ mode   : --pretend                                                     │
│ logs   : /srv/tinderbox-ng/logs/compare-app_editors_joe-20260509T124039│
├──────────────────┬─────────────────────────┬───────────────────────────┤
│ (metric)         │ portage-ng              │ emerge                    │
├──────────────────┼─────────────────────────┼───────────────────────────┤
│ exit             │ OK                      │ OK                        │
│ plan actions     │ 3                       │ 1                         │
│ completed        │ 0                       │ 0                         │
│ merged into VDB  │ 0                       │ 0                         │
└──────────────────┴─────────────────────────┴───────────────────────────┘

Full logs:
  portage-ng: /srv/tinderbox-ng/logs/compare-app_editors_joe-20260509T124039/portage-ng.log
  emerge    : /srv/tinderbox-ng/logs/compare-app_editors_joe-20260509T124039/emerge.log

[tinderbox-ng]   cleaning up sessions (use --keep to preserve)
