[tinderbox-ng] compare: target='mail-client/alpine'  mode=--pretend  label=mail_client_alpine
[tinderbox-ng]   portage-ng session: pkg-cmp-portage-ng-mail_client_alpine
[tinderbox-ng]   emerge     session: pkg-cmp-emerge-mail_client_alpine
[tinderbox-ng ok] session 'pkg-cmp-portage-ng-mail_client_alpine' created
[tinderbox-ng ok] session 'pkg-cmp-emerge-mail_client_alpine' created
[tinderbox-ng]   running both engines in parallel (logs: /srv/tinderbox-ng/logs/compare-mail_client_alpine-20260509T124551)

┌────────────────────────────────────────────────────────────────────────┐
│ tinderbox-ng compare report                                            │
├────────────────────────────────────────────────────────────────────────┤
│ target : mail-client/alpine                                            │
│ mode   : --pretend                                                     │
│ logs   : /srv/tinderbox-ng/logs/compare-mail_client_alpine-20260509T124551│
├──────────────────┬─────────────────────────┬───────────────────────────┤
│ (metric)         │ portage-ng              │ emerge                    │
├──────────────────┼─────────────────────────┼───────────────────────────┤
│ exit             │ OK                      │ OK                        │
│ plan actions     │ 3                       │ 1                         │
│ completed        │ 0                       │ 0                         │
│ merged into VDB  │ 0                       │ 0                         │
└──────────────────┴─────────────────────────┴───────────────────────────┘

Full logs:
  portage-ng: /srv/tinderbox-ng/logs/compare-mail_client_alpine-20260509T124551/portage-ng.log
  emerge    : /srv/tinderbox-ng/logs/compare-mail_client_alpine-20260509T124551/emerge.log

[tinderbox-ng]   cleaning up sessions (use --keep to preserve)
