[tinderbox-ng] compare: target='media-sound/sox'  mode=--pretend  label=media_sound_sox
[tinderbox-ng]   portage-ng session: pkg-cmp-portage-ng-media_sound_sox
[tinderbox-ng]   emerge     session: pkg-cmp-emerge-media_sound_sox
[tinderbox-ng ok] session 'pkg-cmp-portage-ng-media_sound_sox' created
[tinderbox-ng ok] session 'pkg-cmp-emerge-media_sound_sox' created
[tinderbox-ng]   running both engines in parallel (logs: /srv/tinderbox-ng/logs/compare-media_sound_sox-20260509T125027)

┌────────────────────────────────────────────────────────────────────────┐
│ tinderbox-ng compare report                                            │
├────────────────────────────────────────────────────────────────────────┤
│ target : media-sound/sox                                               │
│ mode   : --pretend                                                     │
│ logs   : /srv/tinderbox-ng/logs/compare-media_sound_sox-20260509T125027│
├──────────────────┬─────────────────────────┬───────────────────────────┤
│ (metric)         │ portage-ng              │ emerge                    │
├──────────────────┼─────────────────────────┼───────────────────────────┤
│ exit             │ OK(assumed)             │ OK                        │
│ plan actions     │ 146                     │ 3                         │
│ completed        │ 0                       │ 0                         │
│ merged into VDB  │ 0                       │ 0                         │
└──────────────────┴─────────────────────────┴───────────────────────────┘

Full logs:
  portage-ng: /srv/tinderbox-ng/logs/compare-media_sound_sox-20260509T125027/portage-ng.log
  emerge    : /srv/tinderbox-ng/logs/compare-media_sound_sox-20260509T125027/emerge.log

[tinderbox-ng]   cleaning up sessions (use --keep to preserve)
