[tinderbox-ng] compare: target='media-libs/libpng'  mode=--pretend  label=media_libs_libpng
[tinderbox-ng]   portage-ng session: pkg-cmp-portage-ng-media_libs_libpng
[tinderbox-ng]   emerge     session: pkg-cmp-emerge-media_libs_libpng
[tinderbox-ng ok] session 'pkg-cmp-portage-ng-media_libs_libpng' created
[tinderbox-ng ok] session 'pkg-cmp-emerge-media_libs_libpng' created
[tinderbox-ng]   running both engines in parallel (logs: /srv/tinderbox-ng/logs/compare-media_libs_libpng-20260509T124957)

┌────────────────────────────────────────────────────────────────────────┐
│ tinderbox-ng compare report                                            │
├────────────────────────────────────────────────────────────────────────┤
│ target : media-libs/libpng                                             │
│ mode   : --pretend                                                     │
│ logs   : /srv/tinderbox-ng/logs/compare-media_libs_libpng-20260509T124957│
├──────────────────┬─────────────────────────┬───────────────────────────┤
│ (metric)         │ portage-ng              │ emerge                    │
├──────────────────┼─────────────────────────┼───────────────────────────┤
│ exit             │ OK                      │ OK                        │
│ plan actions     │ 3                       │ 1                         │
│ completed        │ 0                       │ 0                         │
│ merged into VDB  │ 0                       │ 0                         │
└──────────────────┴─────────────────────────┴───────────────────────────┘

Full logs:
  portage-ng: /srv/tinderbox-ng/logs/compare-media_libs_libpng-20260509T124957/portage-ng.log
  emerge    : /srv/tinderbox-ng/logs/compare-media_libs_libpng-20260509T124957/emerge.log

[tinderbox-ng]   cleaning up sessions (use --keep to preserve)
