[tinderbox-ng] compare: target='media-libs/tiff'  mode=--pretend  label=media_libs_tiff
[tinderbox-ng]   portage-ng session: pkg-cmp-portage-ng-media_libs_tiff
[tinderbox-ng]   emerge     session: pkg-cmp-emerge-media_libs_tiff
[tinderbox-ng ok] session 'pkg-cmp-portage-ng-media_libs_tiff' created
[tinderbox-ng ok] session 'pkg-cmp-emerge-media_libs_tiff' created
[tinderbox-ng]   running both engines in parallel (logs: /srv/tinderbox-ng/logs/compare-media_libs_tiff-20260509T125020)

┌────────────────────────────────────────────────────────────────────────┐
│ tinderbox-ng compare report                                            │
├────────────────────────────────────────────────────────────────────────┤
│ target : media-libs/tiff                                               │
│ mode   : --pretend                                                     │
│ logs   : /srv/tinderbox-ng/logs/compare-media_libs_tiff-20260509T125020│
├──────────────────┬─────────────────────────┬───────────────────────────┤
│ (metric)         │ portage-ng              │ emerge                    │
├──────────────────┼─────────────────────────┼───────────────────────────┤
│ exit             │ OK(assumed)             │ OK                        │
│ plan actions     │ 57                      │ 1                         │
│ completed        │ 0                       │ 0                         │
│ merged into VDB  │ 0                       │ 0                         │
└──────────────────┴─────────────────────────┴───────────────────────────┘

Full logs:
  portage-ng: /srv/tinderbox-ng/logs/compare-media_libs_tiff-20260509T125020/portage-ng.log
  emerge    : /srv/tinderbox-ng/logs/compare-media_libs_tiff-20260509T125020/emerge.log

[tinderbox-ng]   cleaning up sessions (use --keep to preserve)
