[tinderbox-ng] compare: target='net-irc/irssi'  mode=--pretend  label=net_irc_irssi
[tinderbox-ng]   portage-ng session: pkg-cmp-portage-ng-net_irc_irssi
[tinderbox-ng]   emerge     session: pkg-cmp-emerge-net_irc_irssi
[tinderbox-ng ok] session 'pkg-cmp-portage-ng-net_irc_irssi' created
[tinderbox-ng ok] session 'pkg-cmp-emerge-net_irc_irssi' created
[tinderbox-ng]   running both engines in parallel (logs: /srv/tinderbox-ng/logs/compare-net_irc_irssi-20260509T124528)

┌────────────────────────────────────────────────────────────────────────┐
│ tinderbox-ng compare report                                            │
├────────────────────────────────────────────────────────────────────────┤
│ target : net-irc/irssi                                                 │
│ mode   : --pretend                                                     │
│ logs   : /srv/tinderbox-ng/logs/compare-net_irc_irssi-20260509T124528  │
├──────────────────┬─────────────────────────┬───────────────────────────┤
│ (metric)         │ portage-ng              │ emerge                    │
├──────────────────┼─────────────────────────┼───────────────────────────┤
│ exit             │ OK                      │ OK                        │
│ plan actions     │ 5                       │ 1                         │
│ completed        │ 0                       │ 0                         │
│ merged into VDB  │ 0                       │ 0                         │
└──────────────────┴─────────────────────────┴───────────────────────────┘

Full logs:
  portage-ng: /srv/tinderbox-ng/logs/compare-net_irc_irssi-20260509T124528/portage-ng.log
  emerge    : /srv/tinderbox-ng/logs/compare-net_irc_irssi-20260509T124528/emerge.log

[tinderbox-ng]   cleaning up sessions (use --keep to preserve)
