[tinderbox-ng] compare: target='net-dns/bind-tools'  mode=--pretend  label=net_dns_bind_tools
[tinderbox-ng]   portage-ng session: pkg-cmp-portage-ng-net_dns_bind_tools
[tinderbox-ng]   emerge     session: pkg-cmp-emerge-net_dns_bind_tools
[tinderbox-ng ok] session 'pkg-cmp-portage-ng-net_dns_bind_tools' created
[tinderbox-ng ok] session 'pkg-cmp-emerge-net_dns_bind_tools' created
[tinderbox-ng]   running both engines in parallel (logs: /srv/tinderbox-ng/logs/compare-net_dns_bind_tools-20260509T124513)

┌────────────────────────────────────────────────────────────────────────┐
│ tinderbox-ng compare report                                            │
├────────────────────────────────────────────────────────────────────────┤
│ target : net-dns/bind-tools                                            │
│ mode   : --pretend                                                     │
│ logs   : /srv/tinderbox-ng/logs/compare-net_dns_bind_tools-20260509T124513│
├──────────────────┬─────────────────────────┬───────────────────────────┤
│ (metric)         │ portage-ng              │ emerge                    │
├──────────────────┼─────────────────────────┼───────────────────────────┤
│ exit             │ OK(assumed)             │ OK                        │
│ plan actions     │ 10                      │ 4                         │
│ completed        │ 0                       │ 0                         │
│ merged into VDB  │ 0                       │ 0                         │
└──────────────────┴─────────────────────────┴───────────────────────────┘

Full logs:
  portage-ng: /srv/tinderbox-ng/logs/compare-net_dns_bind_tools-20260509T124513/portage-ng.log
  emerge    : /srv/tinderbox-ng/logs/compare-net_dns_bind_tools-20260509T124513/emerge.log

[tinderbox-ng]   cleaning up sessions (use --keep to preserve)
