[tinderbox-ng] compare: target='net-analyzer/tcpdump'  mode=--pretend  label=net_analyzer_tcpdump
[tinderbox-ng]   portage-ng session: pkg-cmp-portage-ng-net_analyzer_tcpdump
[tinderbox-ng]   emerge     session: pkg-cmp-emerge-net_analyzer_tcpdump
[tinderbox-ng ok] session 'pkg-cmp-portage-ng-net_analyzer_tcpdump' created
[tinderbox-ng ok] session 'pkg-cmp-emerge-net_analyzer_tcpdump' created
[tinderbox-ng]   running both engines in parallel (logs: /srv/tinderbox-ng/logs/compare-net_analyzer_tcpdump-20260509T124427)

┌────────────────────────────────────────────────────────────────────────┐
│ tinderbox-ng compare report                                            │
├────────────────────────────────────────────────────────────────────────┤
│ target : net-analyzer/tcpdump                                          │
│ mode   : --pretend                                                     │
│ logs   : /srv/tinderbox-ng/logs/compare-net_analyzer_tcpdump-20260509T124427│
├──────────────────┬─────────────────────────┬───────────────────────────┤
│ (metric)         │ portage-ng              │ emerge                    │
├──────────────────┼─────────────────────────┼───────────────────────────┤
│ exit             │ OK                      │ OK                        │
│ plan actions     │ 59                      │ 6                         │
│ completed        │ 0                       │ 0                         │
│ merged into VDB  │ 0                       │ 0                         │
└──────────────────┴─────────────────────────┴───────────────────────────┘

Full logs:
  portage-ng: /srv/tinderbox-ng/logs/compare-net_analyzer_tcpdump-20260509T124427/portage-ng.log
  emerge    : /srv/tinderbox-ng/logs/compare-net_analyzer_tcpdump-20260509T124427/emerge.log

[tinderbox-ng]   cleaning up sessions (use --keep to preserve)
