[tinderbox-ng] compare: target='net-misc/socat'  mode=--pretend  label=net_misc_socat
[tinderbox-ng]   portage-ng session: pkg-cmp-portage-ng-net_misc_socat
[tinderbox-ng]   emerge     session: pkg-cmp-emerge-net_misc_socat
[tinderbox-ng ok] session 'pkg-cmp-portage-ng-net_misc_socat' created
[tinderbox-ng ok] session 'pkg-cmp-emerge-net_misc_socat' created
[tinderbox-ng]   running both engines in parallel (logs: /srv/tinderbox-ng/logs/compare-net_misc_socat-20260509T124349)

┌────────────────────────────────────────────────────────────────────────┐
│ tinderbox-ng compare report                                            │
├────────────────────────────────────────────────────────────────────────┤
│ target : net-misc/socat                                                │
│ mode   : --pretend                                                     │
│ logs   : /srv/tinderbox-ng/logs/compare-net_misc_socat-20260509T124349 │
├──────────────────┬─────────────────────────┬───────────────────────────┤
│ (metric)         │ portage-ng              │ emerge                    │
├──────────────────┼─────────────────────────┼───────────────────────────┤
│ exit             │ OK                      │ OK                        │
│ plan actions     │ 3                       │ 1                         │
│ completed        │ 0                       │ 0                         │
│ merged into VDB  │ 0                       │ 0                         │
└──────────────────┴─────────────────────────┴───────────────────────────┘

Full logs:
  portage-ng: /srv/tinderbox-ng/logs/compare-net_misc_socat-20260509T124349/portage-ng.log
  emerge    : /srv/tinderbox-ng/logs/compare-net_misc_socat-20260509T124349/emerge.log

[tinderbox-ng]   cleaning up sessions (use --keep to preserve)
