[tinderbox-ng] compare: target='net-vpn/wireguard-tools'  mode=--pretend  label=net_vpn_wireguard_tools
[tinderbox-ng]   portage-ng session: pkg-cmp-portage-ng-net_vpn_wireguard_tools
[tinderbox-ng]   emerge     session: pkg-cmp-emerge-net_vpn_wireguard_tools
[tinderbox-ng ok] session 'pkg-cmp-portage-ng-net_vpn_wireguard_tools' created
[tinderbox-ng ok] session 'pkg-cmp-emerge-net_vpn_wireguard_tools' created
[tinderbox-ng]   running both engines in parallel (logs: /srv/tinderbox-ng/logs/compare-net_vpn_wireguard_tools-20260509T125050)

┌────────────────────────────────────────────────────────────────────────┐
│ tinderbox-ng compare report                                            │
├────────────────────────────────────────────────────────────────────────┤
│ target : net-vpn/wireguard-tools                                       │
│ mode   : --pretend                                                     │
│ logs   : /srv/tinderbox-ng/logs/compare-net_vpn_wireguard_tools-20260509T125050│
├──────────────────┬─────────────────────────┬───────────────────────────┤
│ (metric)         │ portage-ng              │ emerge                    │
├──────────────────┼─────────────────────────┼───────────────────────────┤
│ exit             │ OK(assumed)             │ OK                        │
│ plan actions     │ 8                       │ 3                         │
│ completed        │ 0                       │ 0                         │
│ merged into VDB  │ 0                       │ 0                         │
└──────────────────┴─────────────────────────┴───────────────────────────┘

Full logs:
  portage-ng: /srv/tinderbox-ng/logs/compare-net_vpn_wireguard_tools-20260509T125050/portage-ng.log
  emerge    : /srv/tinderbox-ng/logs/compare-net_vpn_wireguard_tools-20260509T125050/emerge.log

[tinderbox-ng]   cleaning up sessions (use --keep to preserve)
