[tinderbox-ng] compare: target='net-analyzer/traceroute'  mode=--pretend  label=net_analyzer_traceroute
[tinderbox-ng]   portage-ng session: pkg-cmp-portage-ng-net_analyzer_traceroute
[tinderbox-ng]   emerge     session: pkg-cmp-emerge-net_analyzer_traceroute
[tinderbox-ng ok] session 'pkg-cmp-portage-ng-net_analyzer_traceroute' created
[tinderbox-ng ok] session 'pkg-cmp-emerge-net_analyzer_traceroute' created
[tinderbox-ng]   running both engines in parallel (logs: /srv/tinderbox-ng/logs/compare-net_analyzer_traceroute-20260509T124458)

┌────────────────────────────────────────────────────────────────────────┐
│ tinderbox-ng compare report                                            │
├────────────────────────────────────────────────────────────────────────┤
│ target : net-analyzer/traceroute                                       │
│ mode   : --pretend                                                     │
│ logs   : /srv/tinderbox-ng/logs/compare-net_analyzer_traceroute-20260509T124458│
├──────────────────┬─────────────────────────┬───────────────────────────┤
│ (metric)         │ portage-ng              │ emerge                    │
├──────────────────┼─────────────────────────┼───────────────────────────┤
│ exit             │ OK(assumed)             │ OK                        │
│ plan actions     │ 3                       │ 1                         │
│ completed        │ 0                       │ 0                         │
│ merged into VDB  │ 0                       │ 0                         │
└──────────────────┴─────────────────────────┴───────────────────────────┘

Full logs:
  portage-ng: /srv/tinderbox-ng/logs/compare-net_analyzer_traceroute-20260509T124458/portage-ng.log
  emerge    : /srv/tinderbox-ng/logs/compare-net_analyzer_traceroute-20260509T124458/emerge.log

[tinderbox-ng]   cleaning up sessions (use --keep to preserve)
