[tinderbox-ng] compare: target='net-fs/nfs-utils'  mode=--pretend  label=net_fs_nfs_utils
[tinderbox-ng]   portage-ng session: pkg-cmp-portage-ng-net_fs_nfs_utils
[tinderbox-ng]   emerge     session: pkg-cmp-emerge-net_fs_nfs_utils
[tinderbox-ng ok] session 'pkg-cmp-portage-ng-net_fs_nfs_utils' created
[tinderbox-ng ok] session 'pkg-cmp-emerge-net_fs_nfs_utils' created
[tinderbox-ng]   running both engines in parallel (logs: /srv/tinderbox-ng/logs/compare-net_fs_nfs_utils-20260509T125308)

┌────────────────────────────────────────────────────────────────────────┐
│ tinderbox-ng compare report                                            │
├────────────────────────────────────────────────────────────────────────┤
│ target : net-fs/nfs-utils                                              │
│ mode   : --pretend                                                     │
│ logs   : /srv/tinderbox-ng/logs/compare-net_fs_nfs_utils-20260509T125308│
├──────────────────┬─────────────────────────┬───────────────────────────┤
│ (metric)         │ portage-ng              │ emerge                    │
├──────────────────┼─────────────────────────┼───────────────────────────┤
│ exit             │ OK(assumed)             │ OK                        │
│ plan actions     │ 19                      │ 7                         │
│ completed        │ 0                       │ 0                         │
│ merged into VDB  │ 0                       │ 0                         │
└──────────────────┴─────────────────────────┴───────────────────────────┘

Full logs:
  portage-ng: /srv/tinderbox-ng/logs/compare-net_fs_nfs_utils-20260509T125308/portage-ng.log
  emerge    : /srv/tinderbox-ng/logs/compare-net_fs_nfs_utils-20260509T125308/emerge.log

[tinderbox-ng]   cleaning up sessions (use --keep to preserve)
