[tinderbox-ng] compare: target='net-fs/sshfs'  mode=--pretend  label=net_fs_sshfs
[tinderbox-ng]   portage-ng session: pkg-cmp-portage-ng-net_fs_sshfs
[tinderbox-ng]   emerge     session: pkg-cmp-emerge-net_fs_sshfs
[tinderbox-ng ok] session 'pkg-cmp-portage-ng-net_fs_sshfs' created
[tinderbox-ng ok] session 'pkg-cmp-emerge-net_fs_sshfs' created
[tinderbox-ng]   running both engines in parallel (logs: /srv/tinderbox-ng/logs/compare-net_fs_sshfs-20260509T125301)

┌────────────────────────────────────────────────────────────────────────┐
│ tinderbox-ng compare report                                            │
├────────────────────────────────────────────────────────────────────────┤
│ target : net-fs/sshfs                                                  │
│ mode   : --pretend                                                     │
│ logs   : /srv/tinderbox-ng/logs/compare-net_fs_sshfs-20260509T125301   │
├──────────────────┬─────────────────────────┬───────────────────────────┤
│ (metric)         │ portage-ng              │ emerge                    │
├──────────────────┼─────────────────────────┼───────────────────────────┤
│ exit             │ OK(assumed)             │ OK                        │
│ plan actions     │ 11                      │ 4                         │
│ completed        │ 0                       │ 0                         │
│ merged into VDB  │ 0                       │ 0                         │
└──────────────────┴─────────────────────────┴───────────────────────────┘

Full logs:
  portage-ng: /srv/tinderbox-ng/logs/compare-net_fs_sshfs-20260509T125301/portage-ng.log
  emerge    : /srv/tinderbox-ng/logs/compare-net_fs_sshfs-20260509T125301/emerge.log

[tinderbox-ng]   cleaning up sessions (use --keep to preserve)
