[tinderbox-ng] compare: target='net-misc/iperf'  mode=--pretend  label=net_misc_iperf
[tinderbox-ng]   portage-ng session: pkg-cmp-portage-ng-net_misc_iperf
[tinderbox-ng]   emerge     session: pkg-cmp-emerge-net_misc_iperf
[tinderbox-ng ok] session 'pkg-cmp-portage-ng-net_misc_iperf' created
[tinderbox-ng ok] session 'pkg-cmp-emerge-net_misc_iperf' created
[tinderbox-ng]   running both engines in parallel (logs: /srv/tinderbox-ng/logs/compare-net_misc_iperf-20260509T124404)

┌────────────────────────────────────────────────────────────────────────┐
│ tinderbox-ng compare report                                            │
├────────────────────────────────────────────────────────────────────────┤
│ target : net-misc/iperf                                                │
│ mode   : --pretend                                                     │
│ logs   : /srv/tinderbox-ng/logs/compare-net_misc_iperf-20260509T124404 │
├──────────────────┬─────────────────────────┬───────────────────────────┤
│ (metric)         │ portage-ng              │ emerge                    │
├──────────────────┼─────────────────────────┼───────────────────────────┤
│ exit             │ OK                      │ OK                        │
│ plan actions     │ 6                       │ 2                         │
│ completed        │ 0                       │ 0                         │
│ merged into VDB  │ 0                       │ 0                         │
└──────────────────┴─────────────────────────┴───────────────────────────┘

Full logs:
  portage-ng: /srv/tinderbox-ng/logs/compare-net_misc_iperf-20260509T124404/portage-ng.log
  emerge    : /srv/tinderbox-ng/logs/compare-net_misc_iperf-20260509T124404/emerge.log

[tinderbox-ng]   cleaning up sessions (use --keep to preserve)
