[tinderbox-ng] compare: target='sys-apps/the_silver_searcher'  mode=--pretend  label=sys_apps_the_silver_searcher
[tinderbox-ng]   portage-ng session: pkg-cmp-portage-ng-sys_apps_the_silver_searcher
[tinderbox-ng]   emerge     session: pkg-cmp-emerge-sys_apps_the_silver_searcher
[tinderbox-ng ok] session 'pkg-cmp-portage-ng-sys_apps_the_silver_searcher' created
[tinderbox-ng ok] session 'pkg-cmp-emerge-sys_apps_the_silver_searcher' created
[tinderbox-ng]   running both engines in parallel (logs: /srv/tinderbox-ng/logs/compare-sys_apps_the_silver_searcher-20260509T124835)

┌────────────────────────────────────────────────────────────────────────┐
│ tinderbox-ng compare report                                            │
├────────────────────────────────────────────────────────────────────────┤
│ target : sys-apps/the_silver_searcher                                  │
│ mode   : --pretend                                                     │
│ logs   : /srv/tinderbox-ng/logs/compare-sys_apps_the_silver_searcher-20260509T124835│
├──────────────────┬─────────────────────────┬───────────────────────────┤
│ (metric)         │ portage-ng              │ emerge                    │
├──────────────────┼─────────────────────────┼───────────────────────────┤
│ exit             │ OK                      │ OK                        │
│ plan actions     │ 3                       │ 1                         │
│ completed        │ 0                       │ 0                         │
│ merged into VDB  │ 0                       │ 0                         │
└──────────────────┴─────────────────────────┴───────────────────────────┘

Full logs:
  portage-ng: /srv/tinderbox-ng/logs/compare-sys_apps_the_silver_searcher-20260509T124835/portage-ng.log
  emerge    : /srv/tinderbox-ng/logs/compare-sys_apps_the_silver_searcher-20260509T124835/emerge.log

[tinderbox-ng]   cleaning up sessions (use --keep to preserve)
