[tinderbox-ng] compare: target='sys-process/atop'  mode=--pretend  label=sys_process_atop
[tinderbox-ng]   portage-ng session: pkg-cmp-portage-ng-sys_process_atop
[tinderbox-ng]   emerge     session: pkg-cmp-emerge-sys_process_atop
[tinderbox-ng ok] session 'pkg-cmp-portage-ng-sys_process_atop' created
[tinderbox-ng ok] session 'pkg-cmp-emerge-sys_process_atop' created
[tinderbox-ng]   running both engines in parallel (logs: /srv/tinderbox-ng/logs/compare-sys_process_atop-20260509T124248)

┌────────────────────────────────────────────────────────────────────────┐
│ tinderbox-ng compare report                                            │
├────────────────────────────────────────────────────────────────────────┤
│ target : sys-process/atop                                              │
│ mode   : --pretend                                                     │
│ logs   : /srv/tinderbox-ng/logs/compare-sys_process_atop-20260509T124248│
├──────────────────┬─────────────────────────┬───────────────────────────┤
│ (metric)         │ portage-ng              │ emerge                    │
├──────────────────┼─────────────────────────┼───────────────────────────┤
│ exit             │ OK                      │ OK                        │
│ plan actions     │ 6                       │ 2                         │
│ completed        │ 0                       │ 0                         │
│ merged into VDB  │ 0                       │ 0                         │
└──────────────────┴─────────────────────────┴───────────────────────────┘

Full logs:
  portage-ng: /srv/tinderbox-ng/logs/compare-sys_process_atop-20260509T124248/portage-ng.log
  emerge    : /srv/tinderbox-ng/logs/compare-sys_process_atop-20260509T124248/emerge.log

[tinderbox-ng]   cleaning up sessions (use --keep to preserve)
