[tinderbox-ng] compare: target='sys-apps/pciutils'  mode=--pretend  label=sys_apps_pciutils
[tinderbox-ng]   portage-ng session: pkg-cmp-portage-ng-sys_apps_pciutils
[tinderbox-ng]   emerge     session: pkg-cmp-emerge-sys_apps_pciutils
[tinderbox-ng ok] session 'pkg-cmp-portage-ng-sys_apps_pciutils' created
[tinderbox-ng ok] session 'pkg-cmp-emerge-sys_apps_pciutils' created
[tinderbox-ng]   running both engines in parallel (logs: /srv/tinderbox-ng/logs/compare-sys_apps_pciutils-20260509T124743)

┌────────────────────────────────────────────────────────────────────────┐
│ tinderbox-ng compare report                                            │
├────────────────────────────────────────────────────────────────────────┤
│ target : sys-apps/pciutils                                             │
│ mode   : --pretend                                                     │
│ logs   : /srv/tinderbox-ng/logs/compare-sys_apps_pciutils-20260509T124743│
├──────────────────┬─────────────────────────┬───────────────────────────┤
│ (metric)         │ portage-ng              │ emerge                    │
├──────────────────┼─────────────────────────┼───────────────────────────┤
│ exit             │ OK                      │ OK                        │
│ plan actions     │ 8                       │ 3                         │
│ completed        │ 0                       │ 0                         │
│ merged into VDB  │ 0                       │ 0                         │
└──────────────────┴─────────────────────────┴───────────────────────────┘

Full logs:
  portage-ng: /srv/tinderbox-ng/logs/compare-sys_apps_pciutils-20260509T124743/portage-ng.log
  emerge    : /srv/tinderbox-ng/logs/compare-sys_apps_pciutils-20260509T124743/emerge.log

[tinderbox-ng]   cleaning up sessions (use --keep to preserve)
