[tinderbox-ng] compare: target='sys-fs/exfatprogs'  mode=--pretend  label=sys_fs_exfatprogs
[tinderbox-ng]   portage-ng session: pkg-cmp-portage-ng-sys_fs_exfatprogs
[tinderbox-ng]   emerge     session: pkg-cmp-emerge-sys_fs_exfatprogs
[tinderbox-ng ok] session 'pkg-cmp-portage-ng-sys_fs_exfatprogs' created
[tinderbox-ng ok] session 'pkg-cmp-emerge-sys_fs_exfatprogs' created
[tinderbox-ng]   running both engines in parallel (logs: /srv/tinderbox-ng/logs/compare-sys_fs_exfatprogs-20260509T124920)

┌────────────────────────────────────────────────────────────────────────┐
│ tinderbox-ng compare report                                            │
├────────────────────────────────────────────────────────────────────────┤
│ target : sys-fs/exfatprogs                                             │
│ mode   : --pretend                                                     │
│ logs   : /srv/tinderbox-ng/logs/compare-sys_fs_exfatprogs-20260509T124920│
├──────────────────┬─────────────────────────┬───────────────────────────┤
│ (metric)         │ portage-ng              │ emerge                    │
├──────────────────┼─────────────────────────┼───────────────────────────┤
│ exit             │ OK(assumed)             │ OK                        │
│ plan actions     │ 3                       │ 1                         │
│ completed        │ 0                       │ 0                         │
│ merged into VDB  │ 0                       │ 0                         │
└──────────────────┴─────────────────────────┴───────────────────────────┘

Full logs:
  portage-ng: /srv/tinderbox-ng/logs/compare-sys_fs_exfatprogs-20260509T124920/portage-ng.log
  emerge    : /srv/tinderbox-ng/logs/compare-sys_fs_exfatprogs-20260509T124920/emerge.log

[tinderbox-ng]   cleaning up sessions (use --keep to preserve)
