[tinderbox-ng] compare: target='sys-apps/fd'  mode=--pretend  label=sys_apps_fd
[tinderbox-ng]   portage-ng session: pkg-cmp-portage-ng-sys_apps_fd
[tinderbox-ng]   emerge     session: pkg-cmp-emerge-sys_apps_fd
[tinderbox-ng ok] session 'pkg-cmp-portage-ng-sys_apps_fd' created
[tinderbox-ng ok] session 'pkg-cmp-emerge-sys_apps_fd' created
[tinderbox-ng]   running both engines in parallel (logs: /srv/tinderbox-ng/logs/compare-sys_apps_fd-20260509T124842)

┌────────────────────────────────────────────────────────────────────────┐
│ tinderbox-ng compare report                                            │
├────────────────────────────────────────────────────────────────────────┤
│ target : sys-apps/fd                                                   │
│ mode   : --pretend                                                     │
│ logs   : /srv/tinderbox-ng/logs/compare-sys_apps_fd-20260509T124842    │
├──────────────────┬─────────────────────────┬───────────────────────────┤
│ (metric)         │ portage-ng              │ emerge                    │
├──────────────────┼─────────────────────────┼───────────────────────────┤
│ exit             │ OK(assumed)             │ OK                        │
│ plan actions     │ 14                      │ 5                         │
│ completed        │ 0                       │ 0                         │
│ merged into VDB  │ 0                       │ 0                         │
└──────────────────┴─────────────────────────┴───────────────────────────┘

Full logs:
  portage-ng: /srv/tinderbox-ng/logs/compare-sys_apps_fd-20260509T124842/portage-ng.log
  emerge    : /srv/tinderbox-ng/logs/compare-sys_apps_fd-20260509T124842/emerge.log

[tinderbox-ng]   cleaning up sessions (use --keep to preserve)
