[tinderbox-ng] compare: target='www-client/links'  mode=--pretend  label=www_client_links
[tinderbox-ng]   portage-ng session: pkg-cmp-portage-ng-www_client_links
[tinderbox-ng]   emerge     session: pkg-cmp-emerge-www_client_links
[tinderbox-ng ok] session 'pkg-cmp-portage-ng-www_client_links' created
[tinderbox-ng ok] session 'pkg-cmp-emerge-www_client_links' created
[tinderbox-ng]   running both engines in parallel (logs: /srv/tinderbox-ng/logs/compare-www_client_links-20260509T124621)

┌────────────────────────────────────────────────────────────────────────┐
│ tinderbox-ng compare report                                            │
├────────────────────────────────────────────────────────────────────────┤
│ target : www-client/links                                              │
│ mode   : --pretend                                                     │
│ logs   : /srv/tinderbox-ng/logs/compare-www_client_links-20260509T124621│
├──────────────────┬─────────────────────────┬───────────────────────────┤
│ (metric)         │ portage-ng              │ emerge                    │
├──────────────────┼─────────────────────────┼───────────────────────────┤
│ exit             │ OK(assumed)             │ OK                        │
│ plan actions     │ 69                      │ 2                         │
│ completed        │ 0                       │ 0                         │
│ merged into VDB  │ 0                       │ 0                         │
└──────────────────┴─────────────────────────┴───────────────────────────┘

Full logs:
  portage-ng: /srv/tinderbox-ng/logs/compare-www_client_links-20260509T124621/portage-ng.log
  emerge    : /srv/tinderbox-ng/logs/compare-www_client_links-20260509T124621/emerge.log

[tinderbox-ng]   cleaning up sessions (use --keep to preserve)
