[tinderbox-ng] compare: target='www-client/w3m'  mode=--pretend  label=www_client_w3m
[tinderbox-ng]   portage-ng session: pkg-cmp-portage-ng-www_client_w3m
[tinderbox-ng]   emerge     session: pkg-cmp-emerge-www_client_w3m
[tinderbox-ng ok] session 'pkg-cmp-portage-ng-www_client_w3m' created
[tinderbox-ng ok] session 'pkg-cmp-emerge-www_client_w3m' created
[tinderbox-ng]   running both engines in parallel (logs: /srv/tinderbox-ng/logs/compare-www_client_w3m-20260509T124628)

┌────────────────────────────────────────────────────────────────────────┐
│ tinderbox-ng compare report                                            │
├────────────────────────────────────────────────────────────────────────┤
│ target : www-client/w3m                                                │
│ mode   : --pretend                                                     │
│ logs   : /srv/tinderbox-ng/logs/compare-www_client_w3m-20260509T124628 │
├──────────────────┬─────────────────────────┬───────────────────────────┤
│ (metric)         │ portage-ng              │ emerge                    │
├──────────────────┼─────────────────────────┼───────────────────────────┤
│ exit             │ OK                      │ OK                        │
│ plan actions     │ 38                      │ 3                         │
│ completed        │ 0                       │ 0                         │
│ merged into VDB  │ 0                       │ 0                         │
└──────────────────┴─────────────────────────┴───────────────────────────┘

Full logs:
  portage-ng: /srv/tinderbox-ng/logs/compare-www_client_w3m-20260509T124628/portage-ng.log
  emerge    : /srv/tinderbox-ng/logs/compare-www_client_w3m-20260509T124628/emerge.log

[tinderbox-ng]   cleaning up sessions (use --keep to preserve)
