[tinderbox-ng] compare: target='www-servers/lighttpd'  mode=--pretend  label=www_servers_lighttpd
[tinderbox-ng]   portage-ng session: pkg-cmp-portage-ng-www_servers_lighttpd
[tinderbox-ng]   emerge     session: pkg-cmp-emerge-www_servers_lighttpd
[tinderbox-ng ok] session 'pkg-cmp-portage-ng-www_servers_lighttpd' created
[tinderbox-ng ok] session 'pkg-cmp-emerge-www_servers_lighttpd' created
[tinderbox-ng]   running both engines in parallel (logs: /srv/tinderbox-ng/logs/compare-www_servers_lighttpd-20260509T124606)

┌────────────────────────────────────────────────────────────────────────┐
│ tinderbox-ng compare report                                            │
├────────────────────────────────────────────────────────────────────────┤
│ target : www-servers/lighttpd                                          │
│ mode   : --pretend                                                     │
│ logs   : /srv/tinderbox-ng/logs/compare-www_servers_lighttpd-20260509T124606│
├──────────────────┬─────────────────────────┬───────────────────────────┤
│ (metric)         │ portage-ng              │ emerge                    │
├──────────────────┼─────────────────────────┼───────────────────────────┤
│ exit             │ OK                      │ OK                        │
│ plan actions     │ 10                      │ 6                         │
│ completed        │ 0                       │ 0                         │
│ merged into VDB  │ 0                       │ 0                         │
└──────────────────┴─────────────────────────┴───────────────────────────┘

Full logs:
  portage-ng: /srv/tinderbox-ng/logs/compare-www_servers_lighttpd-20260509T124606/portage-ng.log
  emerge    : /srv/tinderbox-ng/logs/compare-www_servers_lighttpd-20260509T124606/emerge.log

[tinderbox-ng]   cleaning up sessions (use --keep to preserve)
