[tinderbox-ng] compare: target='app-arch/engrampa'  mode=--build  label=app_arch_engrampa
[tinderbox-ng]   portage-ng session: pkg-cmp-portage-ng-app_arch_engrampa
[tinderbox-ng]   emerge     session: pkg-cmp-emerge-app_arch_engrampa
[tinderbox-ng ok] session 'pkg-cmp-portage-ng-app_arch_engrampa' created
[tinderbox-ng ok] session 'pkg-cmp-emerge-app_arch_engrampa' created
[tinderbox-ng]   running both engines in parallel (logs: /srv/tinderbox-ng/logs/compare-app_arch_engrampa-20260510T004918)

┌────────────────────────────────────────────────────────────────────────┐
│ tinderbox-ng compare report                                            │
├────────────────────────────────────────────────────────────────────────┤
│ target : app-arch/engrampa                                             │
│ mode   : --build                                                       │
│ logs   : /srv/tinderbox-ng/logs/compare-app_arch_engrampa-20260510T004918│
├──────────────────┬─────────────────────────┬───────────────────────────┤
│ (metric)         │ portage-ng              │ emerge                    │
├──────────────────┼─────────────────────────┼───────────────────────────┤
│ exit             │ FAIL(3)                 │ FAIL(1)                   │
│ plan actions     │ 189                     │ ?                         │
│ completed        │ 65                      │ 0                         │
│ merged into VDB  │ 1                       │ 0                         │
└──────────────────┴─────────────────────────┴───────────────────────────┘

First error/warning per engine:
  portage-ng: [step 2] FAIL (1) update portage://dev-python/setuptools-82.0.1

VDB delta (after build):
  only in portage-ng:
    + acct-group/messagebus-0-r3

Full logs:
  portage-ng: /srv/tinderbox-ng/logs/compare-app_arch_engrampa-20260510T004918/portage-ng.log
  emerge    : /srv/tinderbox-ng/logs/compare-app_arch_engrampa-20260510T004918/emerge.log

[tinderbox-ng]   cleaning up sessions (use --keep to preserve)
