[tinderbox-ng] compare: target='app-arch/lz5'  mode=--build  label=app_arch_lz5
[tinderbox-ng]   portage-ng session: pkg-cmp-portage-ng-app_arch_lz5
[tinderbox-ng]   emerge     session: pkg-cmp-emerge-app_arch_lz5
[tinderbox-ng ok] session 'pkg-cmp-portage-ng-app_arch_lz5' created
[tinderbox-ng ok] session 'pkg-cmp-emerge-app_arch_lz5' created
[tinderbox-ng]   running both engines in parallel (logs: /srv/tinderbox-ng/logs/compare-app_arch_lz5-20260510T004918)

┌────────────────────────────────────────────────────────────────────────┐
│ tinderbox-ng compare report                                            │
├────────────────────────────────────────────────────────────────────────┤
│ target : app-arch/lz5                                                  │
│ mode   : --build                                                       │
│ logs   : /srv/tinderbox-ng/logs/compare-app_arch_lz5-20260510T004918   │
├──────────────────┬─────────────────────────┬───────────────────────────┤
│ (metric)         │ portage-ng              │ emerge                    │
├──────────────────┼─────────────────────────┼───────────────────────────┤
│ exit             │ OK                      │ OK                        │
│ plan actions     │ 3                       │ 1                         │
│ completed        │ 4                       │ 1                         │
│ merged into VDB  │ 1                       │ 1                         │
└──────────────────┴─────────────────────────┴───────────────────────────┘

Full logs:
  portage-ng: /srv/tinderbox-ng/logs/compare-app_arch_lz5-20260510T004918/portage-ng.log
  emerge    : /srv/tinderbox-ng/logs/compare-app_arch_lz5-20260510T004918/emerge.log

[tinderbox-ng]   cleaning up sessions (use --keep to preserve)
