[tinderbox-ng] compare: target='app-misc/gramps'  mode=--build  label=app_misc_gramps
[tinderbox-ng]   portage-ng session: pkg-cmp-portage-ng-app_misc_gramps
[tinderbox-ng]   emerge     session: pkg-cmp-emerge-app_misc_gramps
[tinderbox-ng ok] session 'pkg-cmp-portage-ng-app_misc_gramps' created
[tinderbox-ng ok] session 'pkg-cmp-emerge-app_misc_gramps' created
[tinderbox-ng]   running both engines in parallel (logs: /srv/tinderbox-ng/logs/compare-app_misc_gramps-20260510T012149)

┌────────────────────────────────────────────────────────────────────────┐
│ tinderbox-ng compare report                                            │
├────────────────────────────────────────────────────────────────────────┤
│ target : app-misc/gramps                                               │
│ mode   : --build                                                       │
│ logs   : /srv/tinderbox-ng/logs/compare-app_misc_gramps-20260510T012149│
├──────────────────┬─────────────────────────┬───────────────────────────┤
│ (metric)         │ portage-ng              │ emerge                    │
├──────────────────┼─────────────────────────┼───────────────────────────┤
│ exit             │ FAIL(3)                 │ FAIL(1)                   │
│ plan actions     │ 202                     │ ?                         │
│ completed        │ 69                      │ 0                         │
│ merged into VDB  │ 2                       │ 0                         │
└──────────────────┴─────────────────────────┴───────────────────────────┘

First error/warning per engine:
  portage-ng: [step 2] FAIL (1) update portage://dev-python/setuptools-82.0.1

VDB delta (after build):
  only in portage-ng:
    + acct-group/messagebus-0-r3
    + app-text/xmlto-0.0.28-r11

Full logs:
  portage-ng: /srv/tinderbox-ng/logs/compare-app_misc_gramps-20260510T012149/portage-ng.log
  emerge    : /srv/tinderbox-ng/logs/compare-app_misc_gramps-20260510T012149/emerge.log

[tinderbox-ng]   cleaning up sessions (use --keep to preserve)
