[tinderbox-ng] compare: target='app-crypt/aespipe'  mode=--build  label=app_crypt_aespipe
[tinderbox-ng]   portage-ng session: pkg-cmp-portage-ng-app_crypt_aespipe
[tinderbox-ng]   emerge     session: pkg-cmp-emerge-app_crypt_aespipe
[tinderbox-ng ok] session 'pkg-cmp-portage-ng-app_crypt_aespipe' created
[tinderbox-ng ok] session 'pkg-cmp-emerge-app_crypt_aespipe' created
[tinderbox-ng]   running both engines in parallel (logs: /srv/tinderbox-ng/logs/compare-app_crypt_aespipe-20260510T005209)

┌────────────────────────────────────────────────────────────────────────┐
│ tinderbox-ng compare report                                            │
├────────────────────────────────────────────────────────────────────────┤
│ target : app-crypt/aespipe                                             │
│ mode   : --build                                                       │
│ logs   : /srv/tinderbox-ng/logs/compare-app_crypt_aespipe-20260510T005209│
├──────────────────┬─────────────────────────┬───────────────────────────┤
│ (metric)         │ portage-ng              │ emerge                    │
├──────────────────┼─────────────────────────┼───────────────────────────┤
│ exit             │ OK                      │ OK                        │
│ plan actions     │ 6                       │ 2                         │
│ completed        │ 7                       │ 2                         │
│ merged into VDB  │ 2                       │ 2                         │
└──────────────────┴─────────────────────────┴───────────────────────────┘

Full logs:
  portage-ng: /srv/tinderbox-ng/logs/compare-app_crypt_aespipe-20260510T005209/portage-ng.log
  emerge    : /srv/tinderbox-ng/logs/compare-app_crypt_aespipe-20260510T005209/emerge.log

[tinderbox-ng]   cleaning up sessions (use --keep to preserve)
