[tinderbox-ng] compare: target='app-shells/posh-z'  mode=--build  label=app_shells_posh_z
[tinderbox-ng]   portage-ng session: pkg-cmp-portage-ng-app_shells_posh_z
[tinderbox-ng]   emerge     session: pkg-cmp-emerge-app_shells_posh_z
[tinderbox-ng ok] session 'pkg-cmp-portage-ng-app_shells_posh_z' created
[tinderbox-ng ok] session 'pkg-cmp-emerge-app_shells_posh_z' created
[tinderbox-ng]   running both engines in parallel (logs: /srv/tinderbox-ng/logs/compare-app_shells_posh_z-20260510T012954)

┌────────────────────────────────────────────────────────────────────────┐
│ tinderbox-ng compare report                                            │
├────────────────────────────────────────────────────────────────────────┤
│ target : app-shells/posh-z                                             │
│ mode   : --build                                                       │
│ logs   : /srv/tinderbox-ng/logs/compare-app_shells_posh_z-20260510T012954│
├──────────────────┬─────────────────────────┬───────────────────────────┤
│ (metric)         │ portage-ng              │ emerge                    │
├──────────────────┼─────────────────────────┼───────────────────────────┤
│ exit             │ FAIL(3)                 │ FAIL(1)                   │
│ plan actions     │ 34                      │ 3                         │
│ completed        │ 15                      │ 6                         │
│ merged into VDB  │ 4                       │ 6                         │
└──────────────────┴─────────────────────────┴───────────────────────────┘

First error/warning per engine:
  portage-ng: [step 2] FAIL (1) install portage://dev-libs/libev-4.33
  emerge    : >>> Failed to emerge dev-libs/libev-4.33, Log file:

VDB delta (after build):
  only in emerge:
    + dev-libs/openssl-compat-1.0.2u-r2
    + dev-util/lttng-ust-compat-2.12.10
  in both: 4 packages

Full logs:
  portage-ng: /srv/tinderbox-ng/logs/compare-app_shells_posh_z-20260510T012954/portage-ng.log
  emerge    : /srv/tinderbox-ng/logs/compare-app_shells_posh_z-20260510T012954/emerge.log

[tinderbox-ng]   cleaning up sessions (use --keep to preserve)
