[tinderbox-ng] compare: target='app-forensics/examiner'  mode=--build  label=app_forensics_examiner
[tinderbox-ng]   portage-ng session: pkg-cmp-portage-ng-app_forensics_examiner
[tinderbox-ng]   emerge     session: pkg-cmp-emerge-app_forensics_examiner
[tinderbox-ng ok] session 'pkg-cmp-portage-ng-app_forensics_examiner' created
[tinderbox-ng ok] session 'pkg-cmp-emerge-app_forensics_examiner' created
[tinderbox-ng]   running both engines in parallel (logs: /srv/tinderbox-ng/logs/compare-app_forensics_examiner-20260510T011606)

┌────────────────────────────────────────────────────────────────────────┐
│ tinderbox-ng compare report                                            │
├────────────────────────────────────────────────────────────────────────┤
│ target : app-forensics/examiner                                        │
│ mode   : --build                                                       │
│ logs   : /srv/tinderbox-ng/logs/compare-app_forensics_examiner-20260510T011606│
├──────────────────┬─────────────────────────┬───────────────────────────┤
│ (metric)         │ portage-ng              │ emerge                    │
├──────────────────┼─────────────────────────┼───────────────────────────┤
│ exit             │ OK                      │ OK                        │
│ plan actions     │ 3                       │ 1                         │
│ completed        │ 4                       │ 1                         │
│ merged into VDB  │ 1                       │ 1                         │
└──────────────────┴─────────────────────────┴───────────────────────────┘

Full logs:
  portage-ng: /srv/tinderbox-ng/logs/compare-app_forensics_examiner-20260510T011606/portage-ng.log
  emerge    : /srv/tinderbox-ng/logs/compare-app_forensics_examiner-20260510T011606/emerge.log

[tinderbox-ng]   cleaning up sessions (use --keep to preserve)
