[tinderbox-ng] compare: target='app-i18n/ibus-anthy'  mode=--build  label=app_i18n_ibus_anthy
[tinderbox-ng]   portage-ng session: pkg-cmp-portage-ng-app_i18n_ibus_anthy
[tinderbox-ng]   emerge     session: pkg-cmp-emerge-app_i18n_ibus_anthy
[tinderbox-ng ok] session 'pkg-cmp-portage-ng-app_i18n_ibus_anthy' created
[tinderbox-ng ok] session 'pkg-cmp-emerge-app_i18n_ibus_anthy' created
[tinderbox-ng]   running both engines in parallel (logs: /srv/tinderbox-ng/logs/compare-app_i18n_ibus_anthy-20260510T011645)

┌────────────────────────────────────────────────────────────────────────┐
│ tinderbox-ng compare report                                            │
├────────────────────────────────────────────────────────────────────────┤
│ target : app-i18n/ibus-anthy                                           │
│ mode   : --build                                                       │
│ logs   : /srv/tinderbox-ng/logs/compare-app_i18n_ibus_anthy-20260510T011645│
├──────────────────┬─────────────────────────┬───────────────────────────┤
│ (metric)         │ portage-ng              │ emerge                    │
├──────────────────┼─────────────────────────┼───────────────────────────┤
│ exit             │ FAIL(3)                 │ FAIL(1)                   │
│ plan actions     │ 263                     │ ?                         │
│ completed        │ 90                      │ 0                         │
│ merged into VDB  │ 2                       │ 0                         │
└──────────────────┴─────────────────────────┴───────────────────────────┘

First error/warning per engine:
  portage-ng: [step 2] FAIL (1) update portage://dev-python/markupsafe-3.0.3

VDB delta (after build):
  only in portage-ng:
    + acct-group/messagebus-0-r3
    + dev-python/gpep517-19

Full logs:
  portage-ng: /srv/tinderbox-ng/logs/compare-app_i18n_ibus_anthy-20260510T011645/portage-ng.log
  emerge    : /srv/tinderbox-ng/logs/compare-app_i18n_ibus_anthy-20260510T011645/emerge.log

[tinderbox-ng]   cleaning up sessions (use --keep to preserve)
