[tinderbox-ng] compare: target='app-emacs/corfu'  mode=--build  label=app_emacs_corfu
[tinderbox-ng]   portage-ng session: pkg-cmp-portage-ng-app_emacs_corfu
[tinderbox-ng]   emerge     session: pkg-cmp-emerge-app_emacs_corfu
[tinderbox-ng ok] session 'pkg-cmp-portage-ng-app_emacs_corfu' created
[tinderbox-ng ok] session 'pkg-cmp-emerge-app_emacs_corfu' created
[tinderbox-ng]   running both engines in parallel (logs: /srv/tinderbox-ng/logs/compare-app_emacs_corfu-20260510T010242)

┌────────────────────────────────────────────────────────────────────────┐
│ tinderbox-ng compare report                                            │
├────────────────────────────────────────────────────────────────────────┤
│ target : app-emacs/corfu                                               │
│ mode   : --build                                                       │
│ logs   : /srv/tinderbox-ng/logs/compare-app_emacs_corfu-20260510T010242│
├──────────────────┬─────────────────────────┬───────────────────────────┤
│ (metric)         │ portage-ng              │ emerge                    │
├──────────────────┼─────────────────────────┼───────────────────────────┤
│ exit             │ OK                      │ OK                        │
│ plan actions     │ 21                      │ 7                         │
│ completed        │ 22                      │ 7                         │
│ merged into VDB  │ 7                       │ 7                         │
└──────────────────┴─────────────────────────┴───────────────────────────┘

Full logs:
  portage-ng: /srv/tinderbox-ng/logs/compare-app_emacs_corfu-20260510T010242/portage-ng.log
  emerge    : /srv/tinderbox-ng/logs/compare-app_emacs_corfu-20260510T010242/emerge.log

[tinderbox-ng]   cleaning up sessions (use --keep to preserve)
