[tinderbox-ng] compare: target='app-misc/sonypid'  mode=--build  label=app_misc_sonypid
[tinderbox-ng]   portage-ng session: pkg-cmp-portage-ng-app_misc_sonypid
[tinderbox-ng]   emerge     session: pkg-cmp-emerge-app_misc_sonypid
[tinderbox-ng ok] session 'pkg-cmp-portage-ng-app_misc_sonypid' created
[tinderbox-ng ok] session 'pkg-cmp-emerge-app_misc_sonypid' created
[tinderbox-ng]   running both engines in parallel (logs: /srv/tinderbox-ng/logs/compare-app_misc_sonypid-20260510T012544)

┌────────────────────────────────────────────────────────────────────────┐
│ tinderbox-ng compare report                                            │
├────────────────────────────────────────────────────────────────────────┤
│ target : app-misc/sonypid                                              │
│ mode   : --build                                                       │
│ logs   : /srv/tinderbox-ng/logs/compare-app_misc_sonypid-20260510T012544│
├──────────────────┬─────────────────────────┬───────────────────────────┤
│ (metric)         │ portage-ng              │ emerge                    │
├──────────────────┼─────────────────────────┼───────────────────────────┤
│ exit             │ OK                      │ OK                        │
│ plan actions     │ 38                      │ 13                        │
│ completed        │ 38                      │ 13                        │
│ merged into VDB  │ 13                      │ 13                        │
└──────────────────┴─────────────────────────┴───────────────────────────┘

Full logs:
  portage-ng: /srv/tinderbox-ng/logs/compare-app_misc_sonypid-20260510T012544/portage-ng.log
  emerge    : /srv/tinderbox-ng/logs/compare-app_misc_sonypid-20260510T012544/emerge.log

[tinderbox-ng]   cleaning up sessions (use --keep to preserve)
