[tinderbox-ng] compare: target='app-misc/ytree'  mode=--build  label=app_misc_ytree
[tinderbox-ng]   portage-ng session: pkg-cmp-portage-ng-app_misc_ytree
[tinderbox-ng]   emerge     session: pkg-cmp-emerge-app_misc_ytree
[tinderbox-ng ok] session 'pkg-cmp-portage-ng-app_misc_ytree' created
[tinderbox-ng ok] session 'pkg-cmp-emerge-app_misc_ytree' created
[tinderbox-ng]   running both engines in parallel (logs: /srv/tinderbox-ng/logs/compare-app_misc_ytree-20260510T012719)

┌────────────────────────────────────────────────────────────────────────┐
│ tinderbox-ng compare report                                            │
├────────────────────────────────────────────────────────────────────────┤
│ target : app-misc/ytree                                                │
│ mode   : --build                                                       │
│ logs   : /srv/tinderbox-ng/logs/compare-app_misc_ytree-20260510T012719 │
├──────────────────┬─────────────────────────┬───────────────────────────┤
│ (metric)         │ portage-ng              │ emerge                    │
├──────────────────┼─────────────────────────┼───────────────────────────┤
│ exit             │ OK                      │ OK                        │
│ plan actions     │ 3                       │ 1                         │
│ completed        │ 4                       │ 1                         │
│ merged into VDB  │ 1                       │ 1                         │
└──────────────────┴─────────────────────────┴───────────────────────────┘

Full logs:
  portage-ng: /srv/tinderbox-ng/logs/compare-app_misc_ytree-20260510T012719/portage-ng.log
  emerge    : /srv/tinderbox-ng/logs/compare-app_misc_ytree-20260510T012719/emerge.log

[tinderbox-ng]   cleaning up sessions (use --keep to preserve)
