[tinderbox-ng] compare: target='app-misc/sphinx'  mode=--build  label=app_misc_sphinx
[tinderbox-ng]   portage-ng session: pkg-cmp-portage-ng-app_misc_sphinx
[tinderbox-ng]   emerge     session: pkg-cmp-emerge-app_misc_sphinx
[tinderbox-ng ok] session 'pkg-cmp-portage-ng-app_misc_sphinx' created
[tinderbox-ng ok] session 'pkg-cmp-emerge-app_misc_sphinx' created
[tinderbox-ng]   running both engines in parallel (logs: /srv/tinderbox-ng/logs/compare-app_misc_sphinx-20260510T012553)

┌────────────────────────────────────────────────────────────────────────┐
│ tinderbox-ng compare report                                            │
├────────────────────────────────────────────────────────────────────────┤
│ target : app-misc/sphinx                                               │
│ mode   : --build                                                       │
│ logs   : /srv/tinderbox-ng/logs/compare-app_misc_sphinx-20260510T012553│
├──────────────────┬─────────────────────────┬───────────────────────────┤
│ (metric)         │ portage-ng              │ emerge                    │
├──────────────────┼─────────────────────────┼───────────────────────────┤
│ exit             │ FAIL(3)                 │ FAIL(1)                   │
│ plan actions     │ 3                       │ 1                         │
│ completed        │ 1                       │ 0                         │
│ merged into VDB  │ 0                       │ 0                         │
└──────────────────┴─────────────────────────┴───────────────────────────┘

First error/warning per engine:
  portage-ng: [step 2] FAIL (1) install portage://app-misc/sphinx-2.2.11-r5
  emerge    : >>> Failed to emerge app-misc/sphinx-2.2.11-r5, Log file:

Full logs:
  portage-ng: /srv/tinderbox-ng/logs/compare-app_misc_sphinx-20260510T012553/portage-ng.log
  emerge    : /srv/tinderbox-ng/logs/compare-app_misc_sphinx-20260510T012553/emerge.log

[tinderbox-ng]   cleaning up sessions (use --keep to preserve)
