[tinderbox-ng] compare: target='app-dicts/myspell-ms'  mode=--build  label=app_dicts_myspell_ms
[tinderbox-ng]   portage-ng session: pkg-cmp-portage-ng-app_dicts_myspell_ms
[tinderbox-ng]   emerge     session: pkg-cmp-emerge-app_dicts_myspell_ms
[tinderbox-ng ok] session 'pkg-cmp-portage-ng-app_dicts_myspell_ms' created
[tinderbox-ng ok] session 'pkg-cmp-emerge-app_dicts_myspell_ms' created
[tinderbox-ng]   running both engines in parallel (logs: /srv/tinderbox-ng/logs/compare-app_dicts_myspell_ms-20260510T010037)

┌────────────────────────────────────────────────────────────────────────┐
│ tinderbox-ng compare report                                            │
├────────────────────────────────────────────────────────────────────────┤
│ target : app-dicts/myspell-ms                                          │
│ mode   : --build                                                       │
│ logs   : /srv/tinderbox-ng/logs/compare-app_dicts_myspell_ms-20260510T010037│
├──────────────────┬─────────────────────────┬───────────────────────────┤
│ (metric)         │ portage-ng              │ emerge                    │
├──────────────────┼─────────────────────────┼───────────────────────────┤
│ exit             │ OK                      │ OK                        │
│ plan actions     │ 3                       │ 1                         │
│ completed        │ 4                       │ 1                         │
│ merged into VDB  │ 1                       │ 1                         │
└──────────────────┴─────────────────────────┴───────────────────────────┘

Full logs:
  portage-ng: /srv/tinderbox-ng/logs/compare-app_dicts_myspell_ms-20260510T010037/portage-ng.log
  emerge    : /srv/tinderbox-ng/logs/compare-app_dicts_myspell_ms-20260510T010037/emerge.log

[tinderbox-ng]   cleaning up sessions (use --keep to preserve)
