[tinderbox-ng] compare: target='app-arch/pax'  mode=--build  label=app_arch_pax
[tinderbox-ng]   portage-ng session: pkg-cmp-portage-ng-app_arch_pax
[tinderbox-ng]   emerge     session: pkg-cmp-emerge-app_arch_pax
[tinderbox-ng ok] session 'pkg-cmp-portage-ng-app_arch_pax' created
[tinderbox-ng ok] session 'pkg-cmp-emerge-app_arch_pax' created
[tinderbox-ng]   running both engines in parallel (logs: /srv/tinderbox-ng/logs/compare-app_arch_pax-20260510T005021)

┌────────────────────────────────────────────────────────────────────────┐
│ tinderbox-ng compare report                                            │
├────────────────────────────────────────────────────────────────────────┤
│ target : app-arch/pax                                                  │
│ mode   : --build                                                       │
│ logs   : /srv/tinderbox-ng/logs/compare-app_arch_pax-20260510T005021   │
├──────────────────┬─────────────────────────┬───────────────────────────┤
│ (metric)         │ portage-ng              │ emerge                    │
├──────────────────┼─────────────────────────┼───────────────────────────┤
│ exit             │ OK                      │ OK                        │
│ plan actions     │ 9                       │ 3                         │
│ completed        │ 10                      │ 3                         │
│ merged into VDB  │ 3                       │ 3                         │
└──────────────────┴─────────────────────────┴───────────────────────────┘

Full logs:
  portage-ng: /srv/tinderbox-ng/logs/compare-app_arch_pax-20260510T005021/portage-ng.log
  emerge    : /srv/tinderbox-ng/logs/compare-app_arch_pax-20260510T005021/emerge.log

[tinderbox-ng]   cleaning up sessions (use --keep to preserve)
