[tinderbox-ng] compare: target='app-emacs/geiser'  mode=--build  label=app_emacs_geiser
[tinderbox-ng]   portage-ng session: pkg-cmp-portage-ng-app_emacs_geiser
[tinderbox-ng]   emerge     session: pkg-cmp-emerge-app_emacs_geiser
[tinderbox-ng ok] session 'pkg-cmp-portage-ng-app_emacs_geiser' created
[tinderbox-ng ok] session 'pkg-cmp-emerge-app_emacs_geiser' created
[tinderbox-ng]   running both engines in parallel (logs: /srv/tinderbox-ng/logs/compare-app_emacs_geiser-20260510T010649)

┌────────────────────────────────────────────────────────────────────────┐
│ tinderbox-ng compare report                                            │
├────────────────────────────────────────────────────────────────────────┤
│ target : app-emacs/geiser                                              │
│ mode   : --build                                                       │
│ logs   : /srv/tinderbox-ng/logs/compare-app_emacs_geiser-20260510T010649│
├──────────────────┬─────────────────────────┬───────────────────────────┤
│ (metric)         │ portage-ng              │ emerge                    │
├──────────────────┼─────────────────────────┼───────────────────────────┤
│ exit             │ OK                      │ OK                        │
│ plan actions     │ 38                      │ 13                        │
│ completed        │ 39                      │ 13                        │
│ merged into VDB  │ 13                      │ 13                        │
└──────────────────┴─────────────────────────┴───────────────────────────┘

Full logs:
  portage-ng: /srv/tinderbox-ng/logs/compare-app_emacs_geiser-20260510T010649/portage-ng.log
  emerge    : /srv/tinderbox-ng/logs/compare-app_emacs_geiser-20260510T010649/emerge.log

[tinderbox-ng]   cleaning up sessions (use --keep to preserve)
