[tinderbox-ng] compare: target='app-emacs/s'  mode=--build  label=app_emacs_s
[tinderbox-ng]   portage-ng session: pkg-cmp-portage-ng-app_emacs_s
[tinderbox-ng]   emerge     session: pkg-cmp-emerge-app_emacs_s
[tinderbox-ng ok] session 'pkg-cmp-portage-ng-app_emacs_s' created
[tinderbox-ng ok] session 'pkg-cmp-emerge-app_emacs_s' created
[tinderbox-ng]   running both engines in parallel (logs: /srv/tinderbox-ng/logs/compare-app_emacs_s-20260510T011319)

┌────────────────────────────────────────────────────────────────────────┐
│ tinderbox-ng compare report                                            │
├────────────────────────────────────────────────────────────────────────┤
│ target : app-emacs/s                                                   │
│ mode   : --build                                                       │
│ logs   : /srv/tinderbox-ng/logs/compare-app_emacs_s-20260510T011319    │
├──────────────────┬─────────────────────────┬───────────────────────────┤
│ (metric)         │ portage-ng              │ emerge                    │
├──────────────────┼─────────────────────────┼───────────────────────────┤
│ exit             │ OK                      │ OK                        │
│ plan actions     │ 18                      │ 6                         │
│ completed        │ 19                      │ 6                         │
│ merged into VDB  │ 6                       │ 6                         │
└──────────────────┴─────────────────────────┴───────────────────────────┘

Full logs:
  portage-ng: /srv/tinderbox-ng/logs/compare-app_emacs_s-20260510T011319/portage-ng.log
  emerge    : /srv/tinderbox-ng/logs/compare-app_emacs_s-20260510T011319/emerge.log

[tinderbox-ng]   cleaning up sessions (use --keep to preserve)
