[tinderbox-ng] compare: target='app-vim/gtk-syntax'  mode=--build  label=app_vim_gtk_syntax
[tinderbox-ng]   portage-ng session: pkg-cmp-portage-ng-app_vim_gtk_syntax
[tinderbox-ng]   emerge     session: pkg-cmp-emerge-app_vim_gtk_syntax
[tinderbox-ng ok] session 'pkg-cmp-portage-ng-app_vim_gtk_syntax' created
[tinderbox-ng ok] session 'pkg-cmp-emerge-app_vim_gtk_syntax' created
[tinderbox-ng]   running both engines in parallel (logs: /srv/tinderbox-ng/logs/compare-app_vim_gtk_syntax-20260510T013535)

┌────────────────────────────────────────────────────────────────────────┐
│ tinderbox-ng compare report                                            │
├────────────────────────────────────────────────────────────────────────┤
│ target : app-vim/gtk-syntax                                            │
│ mode   : --build                                                       │
│ logs   : /srv/tinderbox-ng/logs/compare-app_vim_gtk_syntax-20260510T013535│
├──────────────────┬─────────────────────────┬───────────────────────────┤
│ (metric)         │ portage-ng              │ emerge                    │
├──────────────────┼─────────────────────────┼───────────────────────────┤
│ exit             │ OK                      │ OK                        │
│ plan actions     │ 21                      │ 7                         │
│ completed        │ 22                      │ 7                         │
│ merged into VDB  │ 7                       │ 7                         │
└──────────────────┴─────────────────────────┴───────────────────────────┘

Full logs:
  portage-ng: /srv/tinderbox-ng/logs/compare-app_vim_gtk_syntax-20260510T013535/portage-ng.log
  emerge    : /srv/tinderbox-ng/logs/compare-app_vim_gtk_syntax-20260510T013535/emerge.log

[tinderbox-ng]   cleaning up sessions (use --keep to preserve)
