[tinderbox-ng] compare: target='app-vim/snipmate'  mode=--build  label=app_vim_snipmate
[tinderbox-ng]   portage-ng session: pkg-cmp-portage-ng-app_vim_snipmate
[tinderbox-ng]   emerge     session: pkg-cmp-emerge-app_vim_snipmate
[tinderbox-ng ok] session 'pkg-cmp-portage-ng-app_vim_snipmate' created
[tinderbox-ng ok] session 'pkg-cmp-emerge-app_vim_snipmate' created
[tinderbox-ng]   running both engines in parallel (logs: /srv/tinderbox-ng/logs/compare-app_vim_snipmate-20260510T013724)

┌────────────────────────────────────────────────────────────────────────┐
│ tinderbox-ng compare report                                            │
├────────────────────────────────────────────────────────────────────────┤
│ target : app-vim/snipmate                                              │
│ mode   : --build                                                       │
│ logs   : /srv/tinderbox-ng/logs/compare-app_vim_snipmate-20260510T013724│
├──────────────────┬─────────────────────────┬───────────────────────────┤
│ (metric)         │ portage-ng              │ emerge                    │
├──────────────────┼─────────────────────────┼───────────────────────────┤
│ exit             │ OK                      │ OK                        │
│ plan actions     │ 27                      │ 9                         │
│ completed        │ 28                      │ 9                         │
│ merged into VDB  │ 9                       │ 9                         │
└──────────────────┴─────────────────────────┴───────────────────────────┘

Full logs:
  portage-ng: /srv/tinderbox-ng/logs/compare-app_vim_snipmate-20260510T013724/portage-ng.log
  emerge    : /srv/tinderbox-ng/logs/compare-app_vim_snipmate-20260510T013724/emerge.log

[tinderbox-ng]   cleaning up sessions (use --keep to preserve)
