[tinderbox-ng] compare: target='app-misc/fsniper'  mode=--build  label=app_misc_fsniper
[tinderbox-ng]   portage-ng session: pkg-cmp-portage-ng-app_misc_fsniper
[tinderbox-ng]   emerge     session: pkg-cmp-emerge-app_misc_fsniper
[tinderbox-ng ok] session 'pkg-cmp-portage-ng-app_misc_fsniper' created
[tinderbox-ng ok] session 'pkg-cmp-emerge-app_misc_fsniper' created
[tinderbox-ng]   running both engines in parallel (logs: /srv/tinderbox-ng/logs/compare-app_misc_fsniper-20260510T012102)

┌────────────────────────────────────────────────────────────────────────┐
│ tinderbox-ng compare report                                            │
├────────────────────────────────────────────────────────────────────────┤
│ target : app-misc/fsniper                                              │
│ mode   : --build                                                       │
│ logs   : /srv/tinderbox-ng/logs/compare-app_misc_fsniper-20260510T012102│
├──────────────────┬─────────────────────────┬───────────────────────────┤
│ (metric)         │ portage-ng              │ emerge                    │
├──────────────────┼─────────────────────────┼───────────────────────────┤
│ exit             │ OK                      │ OK                        │
│ plan actions     │ 3                       │ 1                         │
│ completed        │ 4                       │ 1                         │
│ merged into VDB  │ 1                       │ 1                         │
└──────────────────┴─────────────────────────┴───────────────────────────┘

Full logs:
  portage-ng: /srv/tinderbox-ng/logs/compare-app_misc_fsniper-20260510T012102/portage-ng.log
  emerge    : /srv/tinderbox-ng/logs/compare-app_misc_fsniper-20260510T012102/emerge.log

[tinderbox-ng]   cleaning up sessions (use --keep to preserve)
