[tinderbox-ng] compare: target='app-emulation/virt-manager'  mode=--build  label=app_emulation_virt_manager
[tinderbox-ng]   portage-ng session: pkg-cmp-portage-ng-app_emulation_virt_manager
[tinderbox-ng]   emerge     session: pkg-cmp-emerge-app_emulation_virt_manager
[tinderbox-ng ok] session 'pkg-cmp-portage-ng-app_emulation_virt_manager' created
[tinderbox-ng ok] session 'pkg-cmp-emerge-app_emulation_virt_manager' created
[tinderbox-ng]   running both engines in parallel (logs: /srv/tinderbox-ng/logs/compare-app_emulation_virt_manager-20260510T011536)

┌────────────────────────────────────────────────────────────────────────┐
│ tinderbox-ng compare report                                            │
├────────────────────────────────────────────────────────────────────────┤
│ target : app-emulation/virt-manager                                    │
│ mode   : --build                                                       │
│ logs   : /srv/tinderbox-ng/logs/compare-app_emulation_virt_manager-20260510T011536│
├──────────────────┬─────────────────────────┬───────────────────────────┤
│ (metric)         │ portage-ng              │ emerge                    │
├──────────────────┼─────────────────────────┼───────────────────────────┤
│ exit             │ FAIL(3)                 │ FAIL(1)                   │
│ plan actions     │ 277                     │ ?                         │
│ completed        │ 89                      │ 0                         │
│ merged into VDB  │ 5                       │ 0                         │
└──────────────────┴─────────────────────────┴───────────────────────────┘

First error/warning per engine:
  portage-ng: [step 2] FAIL (1) update portage://dev-python/setuptools-82.0.1

VDB delta (after build):
  only in portage-ng:
    + acct-group/dnsmasq-0-r3
    + acct-group/messagebus-0-r3
    + acct-group/qemu-0-r3
    + acct-group/radvd-0-r2
    + acct-group/tss-0-r3

Full logs:
  portage-ng: /srv/tinderbox-ng/logs/compare-app_emulation_virt_manager-20260510T011536/portage-ng.log
  emerge    : /srv/tinderbox-ng/logs/compare-app_emulation_virt_manager-20260510T011536/emerge.log

[tinderbox-ng]   cleaning up sessions (use --keep to preserve)
