[tinderbox-ng] compare: target='app-emacs/elm-mode'  mode=--build  label=app_emacs_elm_mode
[tinderbox-ng]   portage-ng session: pkg-cmp-portage-ng-app_emacs_elm_mode
[tinderbox-ng]   emerge     session: pkg-cmp-emerge-app_emacs_elm_mode
[tinderbox-ng ok] session 'pkg-cmp-portage-ng-app_emacs_elm_mode' created
[tinderbox-ng ok] session 'pkg-cmp-emerge-app_emacs_elm_mode' created
[tinderbox-ng]   running both engines in parallel (logs: /srv/tinderbox-ng/logs/compare-app_emacs_elm_mode-20260510T010406)

┌────────────────────────────────────────────────────────────────────────┐
│ tinderbox-ng compare report                                            │
├────────────────────────────────────────────────────────────────────────┤
│ target : app-emacs/elm-mode                                            │
│ mode   : --build                                                       │
│ logs   : /srv/tinderbox-ng/logs/compare-app_emacs_elm_mode-20260510T010406│
├──────────────────┬─────────────────────────┬───────────────────────────┤
│ (metric)         │ portage-ng              │ emerge                    │
├──────────────────┼─────────────────────────┼───────────────────────────┤
│ exit             │ OK                      │ OK                        │
│ plan actions     │ 30                      │ 10                        │
│ completed        │ 31                      │ 10                        │
│ merged into VDB  │ 10                      │ 10                        │
└──────────────────┴─────────────────────────┴───────────────────────────┘

Full logs:
  portage-ng: /srv/tinderbox-ng/logs/compare-app_emacs_elm_mode-20260510T010406/portage-ng.log
  emerge    : /srv/tinderbox-ng/logs/compare-app_emacs_elm_mode-20260510T010406/emerge.log

[tinderbox-ng]   cleaning up sessions (use --keep to preserve)
