[tinderbox-ng] compare: target='app-eselect/eselect-lapack'  mode=--build  label=app_eselect_eselect_lapack
[tinderbox-ng]   portage-ng session: pkg-cmp-portage-ng-app_eselect_eselect_lapack
[tinderbox-ng]   emerge     session: pkg-cmp-emerge-app_eselect_eselect_lapack
[tinderbox-ng ok] session 'pkg-cmp-portage-ng-app_eselect_eselect_lapack' created
[tinderbox-ng ok] session 'pkg-cmp-emerge-app_eselect_eselect_lapack' created
[tinderbox-ng]   running both engines in parallel (logs: /srv/tinderbox-ng/logs/compare-app_eselect_eselect_lapack-20260510T011555)

┌────────────────────────────────────────────────────────────────────────┐
│ tinderbox-ng compare report                                            │
├────────────────────────────────────────────────────────────────────────┤
│ target : app-eselect/eselect-lapack                                    │
│ mode   : --build                                                       │
│ logs   : /srv/tinderbox-ng/logs/compare-app_eselect_eselect_lapack-20260510T011555│
├──────────────────┬─────────────────────────┬───────────────────────────┤
│ (metric)         │ portage-ng              │ emerge                    │
├──────────────────┼─────────────────────────┼───────────────────────────┤
│ exit             │ OK                      │ OK                        │
│ plan actions     │ 3                       │ 1                         │
│ completed        │ 4                       │ 1                         │
│ merged into VDB  │ 1                       │ 1                         │
└──────────────────┴─────────────────────────┴───────────────────────────┘

Full logs:
  portage-ng: /srv/tinderbox-ng/logs/compare-app_eselect_eselect_lapack-20260510T011555/portage-ng.log
  emerge    : /srv/tinderbox-ng/logs/compare-app_eselect_eselect_lapack-20260510T011555/emerge.log

[tinderbox-ng]   cleaning up sessions (use --keep to preserve)
