[tinderbox-ng] compare: target='app-portage/eix'  mode=--build  label=app_portage_eix
[tinderbox-ng]   portage-ng session: pkg-cmp-portage-ng-app_portage_eix
[tinderbox-ng]   emerge     session: pkg-cmp-emerge-app_portage_eix
[tinderbox-ng ok] session 'pkg-cmp-portage-ng-app_portage_eix' created
[tinderbox-ng ok] session 'pkg-cmp-emerge-app_portage_eix' created
[tinderbox-ng]   running both engines in parallel (logs: /srv/tinderbox-ng/logs/compare-app_portage_eix-20260510T012815)

┌────────────────────────────────────────────────────────────────────────┐
│ tinderbox-ng compare report                                            │
├────────────────────────────────────────────────────────────────────────┤
│ target : app-portage/eix                                               │
│ mode   : --build                                                       │
│ logs   : /srv/tinderbox-ng/logs/compare-app_portage_eix-20260510T012815│
├──────────────────┬─────────────────────────┬───────────────────────────┤
│ (metric)         │ portage-ng              │ emerge                    │
├──────────────────┼─────────────────────────┼───────────────────────────┤
│ exit             │ OK                      │ OK                        │
│ plan actions     │ 9                       │ 3                         │
│ completed        │ 10                      │ 3                         │
│ merged into VDB  │ 3                       │ 3                         │
└──────────────────┴─────────────────────────┴───────────────────────────┘

Full logs:
  portage-ng: /srv/tinderbox-ng/logs/compare-app_portage_eix-20260510T012815/portage-ng.log
  emerge    : /srv/tinderbox-ng/logs/compare-app_portage_eix-20260510T012815/emerge.log

[tinderbox-ng]   cleaning up sessions (use --keep to preserve)
