[tinderbox-ng] compare: target='app-misc/screenie'  mode=--build  label=app_misc_screenie
[tinderbox-ng]   portage-ng session: pkg-cmp-portage-ng-app_misc_screenie
[tinderbox-ng]   emerge     session: pkg-cmp-emerge-app_misc_screenie
[tinderbox-ng ok] session 'pkg-cmp-portage-ng-app_misc_screenie' created
[tinderbox-ng ok] session 'pkg-cmp-emerge-app_misc_screenie' created
[tinderbox-ng]   running both engines in parallel (logs: /srv/tinderbox-ng/logs/compare-app_misc_screenie-20260510T012540)

┌────────────────────────────────────────────────────────────────────────┐
│ tinderbox-ng compare report                                            │
├────────────────────────────────────────────────────────────────────────┤
│ target : app-misc/screenie                                             │
│ mode   : --build                                                       │
│ logs   : /srv/tinderbox-ng/logs/compare-app_misc_screenie-20260510T012540│
├──────────────────┬─────────────────────────┬───────────────────────────┤
│ (metric)         │ portage-ng              │ emerge                    │
├──────────────────┼─────────────────────────┼───────────────────────────┤
│ exit             │ OK                      │ OK                        │
│ plan actions     │ 8                       │ 3                         │
│ completed        │ 9                       │ 3                         │
│ merged into VDB  │ 3                       │ 3                         │
└──────────────────┴─────────────────────────┴───────────────────────────┘

Full logs:
  portage-ng: /srv/tinderbox-ng/logs/compare-app_misc_screenie-20260510T012540/portage-ng.log
  emerge    : /srv/tinderbox-ng/logs/compare-app_misc_screenie-20260510T012540/emerge.log

[tinderbox-ng]   cleaning up sessions (use --keep to preserve)
