[tinderbox-ng] compare: target='app-text/pandoc-cli'  mode=--build  label=app_text_pandoc_cli
[tinderbox-ng]   portage-ng session: pkg-cmp-portage-ng-app_text_pandoc_cli
[tinderbox-ng]   emerge     session: pkg-cmp-emerge-app_text_pandoc_cli
[tinderbox-ng ok] session 'pkg-cmp-portage-ng-app_text_pandoc_cli' created
[tinderbox-ng ok] session 'pkg-cmp-emerge-app_text_pandoc_cli' created
[tinderbox-ng]   running both engines in parallel (logs: /srv/tinderbox-ng/logs/compare-app_text_pandoc_cli-20260510T013339)

┌────────────────────────────────────────────────────────────────────────┐
│ tinderbox-ng compare report                                            │
├────────────────────────────────────────────────────────────────────────┤
│ target : app-text/pandoc-cli                                           │
│ mode   : --build                                                       │
│ logs   : /srv/tinderbox-ng/logs/compare-app_text_pandoc_cli-20260510T013339│
├──────────────────┬─────────────────────────┬───────────────────────────┤
│ (metric)         │ portage-ng              │ emerge                    │
├──────────────────┼─────────────────────────┼───────────────────────────┤
│ exit             │ FAIL(3)                 │ FAIL(124)                 │
│ plan actions     │ 704                     │ 236                       │
│ completed        │ 236                     │ 1                         │
│ merged into VDB  │ 0                       │ 1                         │
└──────────────────┴─────────────────────────┴───────────────────────────┘

First error/warning per engine:
  portage-ng:              │ download  portage://dev-haskell/fail-4.9.0.0
  emerge    : [ebuild  N     ] dev-haskell/fail-4.9.0.0:0/4.9.0.0::gentoo  USE="-profile" 0 KiB

VDB delta (after build):
  only in emerge:
    + app-text/dos2unix-7.5.5

Full logs:
  portage-ng: /srv/tinderbox-ng/logs/compare-app_text_pandoc_cli-20260510T013339/portage-ng.log
  emerge    : /srv/tinderbox-ng/logs/compare-app_text_pandoc_cli-20260510T013339/emerge.log

[tinderbox-ng]   cleaning up sessions (use --keep to preserve)
