[tinderbox-ng] compare: target='app-i18n/ibus-table-chinese'  mode=--build  label=app_i18n_ibus_table_chinese
[tinderbox-ng]   portage-ng session: pkg-cmp-portage-ng-app_i18n_ibus_table_chinese
[tinderbox-ng]   emerge     session: pkg-cmp-emerge-app_i18n_ibus_table_chinese
[tinderbox-ng ok] session 'pkg-cmp-portage-ng-app_i18n_ibus_table_chinese' created
[tinderbox-ng ok] session 'pkg-cmp-emerge-app_i18n_ibus_table_chinese' created
[tinderbox-ng]   running both engines in parallel (logs: /srv/tinderbox-ng/logs/compare-app_i18n_ibus_table_chinese-20260510T011650)

┌────────────────────────────────────────────────────────────────────────┐
│ tinderbox-ng compare report                                            │
├────────────────────────────────────────────────────────────────────────┤
│ target : app-i18n/ibus-table-chinese                                   │
│ mode   : --build                                                       │
│ logs   : /srv/tinderbox-ng/logs/compare-app_i18n_ibus_table_chinese-20260510T011650│
├──────────────────┬─────────────────────────┬───────────────────────────┤
│ (metric)         │ portage-ng              │ emerge                    │
├──────────────────┼─────────────────────────┼───────────────────────────┤
│ exit             │ FAIL(3)                 │ FAIL(1)                   │
│ plan actions     │ 263                     │ ?                         │
│ completed        │ 90                      │ 0                         │
│ merged into VDB  │ 2                       │ 0                         │
└──────────────────┴─────────────────────────┴───────────────────────────┘

First error/warning per engine:
  portage-ng: [step 2] FAIL (1) update portage://dev-python/flit-core-3.12.0

VDB delta (after build):
  only in portage-ng:
    + acct-group/messagebus-0-r3
    + dev-python/gpep517-19

Full logs:
  portage-ng: /srv/tinderbox-ng/logs/compare-app_i18n_ibus_table_chinese-20260510T011650/portage-ng.log
  emerge    : /srv/tinderbox-ng/logs/compare-app_i18n_ibus_table_chinese-20260510T011650/emerge.log

[tinderbox-ng]   cleaning up sessions (use --keep to preserve)
