[tinderbox-ng] compare: target='app-crypt/hashcat'  mode=--build  label=app_crypt_hashcat
[tinderbox-ng]   portage-ng session: pkg-cmp-portage-ng-app_crypt_hashcat
[tinderbox-ng]   emerge     session: pkg-cmp-emerge-app_crypt_hashcat
[tinderbox-ng ok] session 'pkg-cmp-portage-ng-app_crypt_hashcat' created
[tinderbox-ng ok] session 'pkg-cmp-emerge-app_crypt_hashcat' created
[tinderbox-ng]   running both engines in parallel (logs: /srv/tinderbox-ng/logs/compare-app_crypt_hashcat-20260510T005537)

┌────────────────────────────────────────────────────────────────────────┐
│ tinderbox-ng compare report                                            │
├────────────────────────────────────────────────────────────────────────┤
│ target : app-crypt/hashcat                                             │
│ mode   : --build                                                       │
│ logs   : /srv/tinderbox-ng/logs/compare-app_crypt_hashcat-20260510T005537│
├──────────────────┬─────────────────────────┬───────────────────────────┤
│ (metric)         │ portage-ng              │ emerge                    │
├──────────────────┼─────────────────────────┼───────────────────────────┤
│ exit             │ FAIL(3)                 │ FAIL(1)                   │
│ plan actions     │ 30                      │ ?                         │
│ completed        │ 9                       │ 0                         │
│ merged into VDB  │ 0                       │ 0                         │
└──────────────────┴─────────────────────────┴───────────────────────────┘

First error/warning per engine:
  portage-ng: [step 2] FAIL (1) update portage://sys-libs/zlib-1.3.2-r1

Full logs:
  portage-ng: /srv/tinderbox-ng/logs/compare-app_crypt_hashcat-20260510T005537/portage-ng.log
  emerge    : /srv/tinderbox-ng/logs/compare-app_crypt_hashcat-20260510T005537/emerge.log

[tinderbox-ng]   cleaning up sessions (use --keep to preserve)
