[tinderbox-ng] compare: target='app-emacs/lsp-treemacs'  mode=--build  label=app_emacs_lsp_treemacs
[tinderbox-ng]   portage-ng session: pkg-cmp-portage-ng-app_emacs_lsp_treemacs
[tinderbox-ng]   emerge     session: pkg-cmp-emerge-app_emacs_lsp_treemacs
[tinderbox-ng ok] session 'pkg-cmp-portage-ng-app_emacs_lsp_treemacs' created
[tinderbox-ng ok] session 'pkg-cmp-emerge-app_emacs_lsp_treemacs' created
[tinderbox-ng]   running both engines in parallel (logs: /srv/tinderbox-ng/logs/compare-app_emacs_lsp_treemacs-20260510T010748)

┌────────────────────────────────────────────────────────────────────────┐
│ tinderbox-ng compare report                                            │
├────────────────────────────────────────────────────────────────────────┤
│ target : app-emacs/lsp-treemacs                                        │
│ mode   : --build                                                       │
│ logs   : /srv/tinderbox-ng/logs/compare-app_emacs_lsp_treemacs-20260510T010748│
├──────────────────┬─────────────────────────┬───────────────────────────┤
│ (metric)         │ portage-ng              │ emerge                    │
├──────────────────┼─────────────────────────┼───────────────────────────┤
│ exit             │ OK                      │ FAIL(1)                   │
│ plan actions     │ 67                      │ ?                         │
│ completed        │ 67                      │ 0                         │
│ merged into VDB  │ 22                      │ 0                         │
└──────────────────┴─────────────────────────┴───────────────────────────┘

VDB delta (after build):
  only in portage-ng:
    + app-editors/emacs-30.2-r3
    + app-emacs/ace-window-0.10.0
    + app-emacs/avy-0.5.0
    + app-emacs/cfrs-1.7.0
    + app-emacs/dash-2.20.0
    + app-emacs/emacs-common-1.14
    + app-emacs/f-0.21.0-r1
    + app-emacs/ht-2.3
    + app-emacs/hydra-0.15.0
    + app-emacs/lsp-mode-10.0.0
    + app-emacs/lsp-treemacs-0.5
    + app-emacs/lv-0.15.0-r1
    + app-emacs/markdown-mode-2.8
    + app-emacs/pfuture-1.10.3
    + app-emacs/posframe-1.5.1
    + app-emacs/s-1.13.0
    + app-emacs/spinner-1.7.4
    + app-emacs/treemacs-3.2
    + app-eselect/eselect-ctags-1.19
    + app-eselect/eselect-emacs-1.19
    + dev-python/markdown2-2.5.5-r1
    + net-libs/liblockfile-1.17

Full logs:
  portage-ng: /srv/tinderbox-ng/logs/compare-app_emacs_lsp_treemacs-20260510T010748/portage-ng.log
  emerge    : /srv/tinderbox-ng/logs/compare-app_emacs_lsp_treemacs-20260510T010748/emerge.log

[tinderbox-ng]   cleaning up sessions (use --keep to preserve)
