[tinderbox-ng] compare: target='app-vim/vim-spell-es'  mode=--build  label=app_vim_vim_spell_es
[tinderbox-ng]   portage-ng session: pkg-cmp-portage-ng-app_vim_vim_spell_es
[tinderbox-ng]   emerge     session: pkg-cmp-emerge-app_vim_vim_spell_es
[tinderbox-ng ok] session 'pkg-cmp-portage-ng-app_vim_vim_spell_es' created
[tinderbox-ng ok] session 'pkg-cmp-emerge-app_vim_vim_spell_es' created
[tinderbox-ng]   running both engines in parallel (logs: /srv/tinderbox-ng/logs/compare-app_vim_vim_spell_es-20260510T014213)

┌────────────────────────────────────────────────────────────────────────┐
│ tinderbox-ng compare report                                            │
├────────────────────────────────────────────────────────────────────────┤
│ target : app-vim/vim-spell-es                                          │
│ mode   : --build                                                       │
│ logs   : /srv/tinderbox-ng/logs/compare-app_vim_vim_spell_es-20260510T014213│
├──────────────────┬─────────────────────────┬───────────────────────────┤
│ (metric)         │ portage-ng              │ emerge                    │
├──────────────────┼─────────────────────────┼───────────────────────────┤
│ exit             │ OK                      │ OK                        │
│ plan actions     │ 3                       │ 1                         │
│ completed        │ 4                       │ 1                         │
│ merged into VDB  │ 1                       │ 1                         │
└──────────────────┴─────────────────────────┴───────────────────────────┘

Full logs:
  portage-ng: /srv/tinderbox-ng/logs/compare-app_vim_vim_spell_es-20260510T014213/portage-ng.log
  emerge    : /srv/tinderbox-ng/logs/compare-app_vim_vim_spell_es-20260510T014213/emerge.log

[tinderbox-ng]   cleaning up sessions (use --keep to preserve)
