[tinderbox-ng] compare: target='app-text/dos2unix'  mode=--build  label=app_text_dos2unix
[tinderbox-ng]   portage-ng session: pkg-cmp-portage-ng-app_text_dos2unix
[tinderbox-ng]   emerge     session: pkg-cmp-emerge-app_text_dos2unix
[tinderbox-ng ok] session 'pkg-cmp-portage-ng-app_text_dos2unix' created
[tinderbox-ng ok] session 'pkg-cmp-emerge-app_text_dos2unix' created
[tinderbox-ng]   running both engines in parallel (logs: /srv/tinderbox-ng/logs/compare-app_text_dos2unix-20260510T013133)

┌────────────────────────────────────────────────────────────────────────┐
│ tinderbox-ng compare report                                            │
├────────────────────────────────────────────────────────────────────────┤
│ target : app-text/dos2unix                                             │
│ mode   : --build                                                       │
│ logs   : /srv/tinderbox-ng/logs/compare-app_text_dos2unix-20260510T013133│
├──────────────────┬─────────────────────────┬───────────────────────────┤
│ (metric)         │ portage-ng              │ emerge                    │
├──────────────────┼─────────────────────────┼───────────────────────────┤
│ exit             │ OK                      │ OK                        │
│ plan actions     │ 3                       │ 1                         │
│ completed        │ 4                       │ 1                         │
│ merged into VDB  │ 1                       │ 1                         │
└──────────────────┴─────────────────────────┴───────────────────────────┘

Full logs:
  portage-ng: /srv/tinderbox-ng/logs/compare-app_text_dos2unix-20260510T013133/portage-ng.log
  emerge    : /srv/tinderbox-ng/logs/compare-app_text_dos2unix-20260510T013133/emerge.log

[tinderbox-ng]   cleaning up sessions (use --keep to preserve)
