[tinderbox-ng] compare: target='app-portage/kuroneko'  mode=--build  label=app_portage_kuroneko
[tinderbox-ng]   portage-ng session: pkg-cmp-portage-ng-app_portage_kuroneko
[tinderbox-ng]   emerge     session: pkg-cmp-emerge-app_portage_kuroneko
[tinderbox-ng ok] session 'pkg-cmp-portage-ng-app_portage_kuroneko' created
[tinderbox-ng ok] session 'pkg-cmp-emerge-app_portage_kuroneko' created
[tinderbox-ng]   running both engines in parallel (logs: /srv/tinderbox-ng/logs/compare-app_portage_kuroneko-20260510T012833)

┌────────────────────────────────────────────────────────────────────────┐
│ tinderbox-ng compare report                                            │
├────────────────────────────────────────────────────────────────────────┤
│ target : app-portage/kuroneko                                          │
│ mode   : --build                                                       │
│ logs   : /srv/tinderbox-ng/logs/compare-app_portage_kuroneko-20260510T012833│
├──────────────────┬─────────────────────────┬───────────────────────────┤
│ (metric)         │ portage-ng              │ emerge                    │
├──────────────────┼─────────────────────────┼───────────────────────────┤
│ exit             │ OK                      │ OK                        │
│ plan actions     │ 17                      │ 6                         │
│ completed        │ 18                      │ 6                         │
│ merged into VDB  │ 6                       │ 6                         │
└──────────────────┴─────────────────────────┴───────────────────────────┘

Full logs:
  portage-ng: /srv/tinderbox-ng/logs/compare-app_portage_kuroneko-20260510T012833/portage-ng.log
  emerge    : /srv/tinderbox-ng/logs/compare-app_portage_kuroneko-20260510T012833/emerge.log

[tinderbox-ng]   cleaning up sessions (use --keep to preserve)
