[tinderbox-ng] compare: target='app-dicts/aspell-ast'  mode=--build  label=app_dicts_aspell_ast
[tinderbox-ng]   portage-ng session: pkg-cmp-portage-ng-app_dicts_aspell_ast
[tinderbox-ng]   emerge     session: pkg-cmp-emerge-app_dicts_aspell_ast
[tinderbox-ng ok] session 'pkg-cmp-portage-ng-app_dicts_aspell_ast' created
[tinderbox-ng ok] session 'pkg-cmp-emerge-app_dicts_aspell_ast' created
[tinderbox-ng]   running both engines in parallel (logs: /srv/tinderbox-ng/logs/compare-app_dicts_aspell_ast-20260510T005908)

┌────────────────────────────────────────────────────────────────────────┐
│ tinderbox-ng compare report                                            │
├────────────────────────────────────────────────────────────────────────┤
│ target : app-dicts/aspell-ast                                          │
│ mode   : --build                                                       │
│ logs   : /srv/tinderbox-ng/logs/compare-app_dicts_aspell_ast-20260510T005908│
├──────────────────┬─────────────────────────┬───────────────────────────┤
│ (metric)         │ portage-ng              │ emerge                    │
├──────────────────┼─────────────────────────┼───────────────────────────┤
│ exit             │ FAIL(3)                 │ FAIL(1)                   │
│ plan actions     │ 9                       │ 0                         │
│ completed        │ 3                       │ 0                         │
│ merged into VDB  │ 0                       │ 0                         │
└──────────────────┴─────────────────────────┴───────────────────────────┘

First error/warning per engine:
  portage-ng: [step 2] FAIL (1) install portage://app-text/aspell-0.60.8.2
  emerge    : >>> Failed to emerge app-text/aspell-0.60.8.2, Log file:

Full logs:
  portage-ng: /srv/tinderbox-ng/logs/compare-app_dicts_aspell_ast-20260510T005908/portage-ng.log
  emerge    : /srv/tinderbox-ng/logs/compare-app_dicts_aspell_ast-20260510T005908/emerge.log

[tinderbox-ng]   cleaning up sessions (use --keep to preserve)
