[tinderbox-ng] compare: target='app-misc/linux-logo'  mode=--build  label=app_misc_linux_logo
[tinderbox-ng]   portage-ng session: pkg-cmp-portage-ng-app_misc_linux_logo
[tinderbox-ng]   emerge     session: pkg-cmp-emerge-app_misc_linux_logo
[tinderbox-ng ok] session 'pkg-cmp-portage-ng-app_misc_linux_logo' created
[tinderbox-ng ok] session 'pkg-cmp-emerge-app_misc_linux_logo' created
[tinderbox-ng]   running both engines in parallel (logs: /srv/tinderbox-ng/logs/compare-app_misc_linux_logo-20260510T012228)

┌────────────────────────────────────────────────────────────────────────┐
│ tinderbox-ng compare report                                            │
├────────────────────────────────────────────────────────────────────────┤
│ target : app-misc/linux-logo                                           │
│ mode   : --build                                                       │
│ logs   : /srv/tinderbox-ng/logs/compare-app_misc_linux_logo-20260510T012228│
├──────────────────┬─────────────────────────┬───────────────────────────┤
│ (metric)         │ portage-ng              │ emerge                    │
├──────────────────┼─────────────────────────┼───────────────────────────┤
│ exit             │ OK                      │ OK                        │
│ plan actions     │ 3                       │ 1                         │
│ completed        │ 4                       │ 1                         │
│ merged into VDB  │ 1                       │ 1                         │
└──────────────────┴─────────────────────────┴───────────────────────────┘

Full logs:
  portage-ng: /srv/tinderbox-ng/logs/compare-app_misc_linux_logo-20260510T012228/portage-ng.log
  emerge    : /srv/tinderbox-ng/logs/compare-app_misc_linux_logo-20260510T012228/emerge.log

[tinderbox-ng]   cleaning up sessions (use --keep to preserve)
