[tinderbox-ng] compare: target='app-emacs/treesit-auto'  mode=--build  label=app_emacs_treesit_auto
[tinderbox-ng]   portage-ng session: pkg-cmp-portage-ng-app_emacs_treesit_auto
[tinderbox-ng]   emerge     session: pkg-cmp-emerge-app_emacs_treesit_auto
[tinderbox-ng ok] session 'pkg-cmp-portage-ng-app_emacs_treesit_auto' created
[tinderbox-ng ok] session 'pkg-cmp-emerge-app_emacs_treesit_auto' created
[tinderbox-ng]   running both engines in parallel (logs: /srv/tinderbox-ng/logs/compare-app_emacs_treesit_auto-20260510T011402)

┌────────────────────────────────────────────────────────────────────────┐
│ tinderbox-ng compare report                                            │
├────────────────────────────────────────────────────────────────────────┤
│ target : app-emacs/treesit-auto                                        │
│ mode   : --build                                                       │
│ logs   : /srv/tinderbox-ng/logs/compare-app_emacs_treesit_auto-20260510T011402│
├──────────────────┬─────────────────────────┬───────────────────────────┤
│ (metric)         │ portage-ng              │ emerge                    │
├──────────────────┼─────────────────────────┼───────────────────────────┤
│ exit             │ OK                      │ FAIL(1)                   │
│ plan actions     │ 22                      │ ?                         │
│ completed        │ 22                      │ 0                         │
│ merged into VDB  │ 7                       │ 0                         │
└──────────────────┴─────────────────────────┴───────────────────────────┘

VDB delta (after build):
  only in portage-ng:
    + app-editors/emacs-30.2-r3
    + app-emacs/emacs-common-1.14
    + app-emacs/treesit-auto-1.0.9
    + app-eselect/eselect-ctags-1.19
    + app-eselect/eselect-emacs-1.19
    + dev-libs/tree-sitter-0.26.8
    + net-libs/liblockfile-1.17

Full logs:
  portage-ng: /srv/tinderbox-ng/logs/compare-app_emacs_treesit_auto-20260510T011402/portage-ng.log
  emerge    : /srv/tinderbox-ng/logs/compare-app_emacs_treesit_auto-20260510T011402/emerge.log

[tinderbox-ng]   cleaning up sessions (use --keep to preserve)
