[tinderbox-ng] compare: target='app-dicts/verbiste'  mode=--build  label=app_dicts_verbiste
[tinderbox-ng]   portage-ng session: pkg-cmp-portage-ng-app_dicts_verbiste
[tinderbox-ng]   emerge     session: pkg-cmp-emerge-app_dicts_verbiste
[tinderbox-ng ok] session 'pkg-cmp-portage-ng-app_dicts_verbiste' created
[tinderbox-ng ok] session 'pkg-cmp-emerge-app_dicts_verbiste' created
[tinderbox-ng]   running both engines in parallel (logs: /srv/tinderbox-ng/logs/compare-app_dicts_verbiste-20260510T010048)

┌────────────────────────────────────────────────────────────────────────┐
│ tinderbox-ng compare report                                            │
├────────────────────────────────────────────────────────────────────────┤
│ target : app-dicts/verbiste                                            │
│ mode   : --build                                                       │
│ logs   : /srv/tinderbox-ng/logs/compare-app_dicts_verbiste-20260510T010048│
├──────────────────┬─────────────────────────┬───────────────────────────┤
│ (metric)         │ portage-ng              │ emerge                    │
├──────────────────┼─────────────────────────┼───────────────────────────┤
│ exit             │ OK                      │ OK                        │
│ plan actions     │ 82                      │ 30                        │
│ completed        │ 83                      │ 30                        │
│ merged into VDB  │ 30                      │ 30                        │
└──────────────────┴─────────────────────────┴───────────────────────────┘

Full logs:
  portage-ng: /srv/tinderbox-ng/logs/compare-app_dicts_verbiste-20260510T010048/portage-ng.log
  emerge    : /srv/tinderbox-ng/logs/compare-app_dicts_verbiste-20260510T010048/emerge.log

[tinderbox-ng]   cleaning up sessions (use --keep to preserve)
