[tinderbox-ng] compare: target='app-arch/lzip'  mode=--build  label=app_arch_lzip
[tinderbox-ng]   portage-ng session: pkg-cmp-portage-ng-app_arch_lzip
[tinderbox-ng]   emerge     session: pkg-cmp-emerge-app_arch_lzip
[tinderbox-ng ok] session 'pkg-cmp-portage-ng-app_arch_lzip' created
[tinderbox-ng ok] session 'pkg-cmp-emerge-app_arch_lzip' created
[tinderbox-ng]   running both engines in parallel (logs: /srv/tinderbox-ng/logs/compare-app_arch_lzip-20260510T005003)

┌────────────────────────────────────────────────────────────────────────┐
│ tinderbox-ng compare report                                            │
├────────────────────────────────────────────────────────────────────────┤
│ target : app-arch/lzip                                                 │
│ mode   : --build                                                       │
│ logs   : /srv/tinderbox-ng/logs/compare-app_arch_lzip-20260510T005003  │
├──────────────────┬─────────────────────────┬───────────────────────────┤
│ (metric)         │ portage-ng              │ emerge                    │
├──────────────────┼─────────────────────────┼───────────────────────────┤
│ exit             │ OK                      │ OK                        │
│ plan actions     │ 6                       │ 2                         │
│ completed        │ 7                       │ 2                         │
│ merged into VDB  │ 2                       │ 2                         │
└──────────────────┴─────────────────────────┴───────────────────────────┘

Full logs:
  portage-ng: /srv/tinderbox-ng/logs/compare-app_arch_lzip-20260510T005003/portage-ng.log
  emerge    : /srv/tinderbox-ng/logs/compare-app_arch_lzip-20260510T005003/emerge.log

[tinderbox-ng]   cleaning up sessions (use --keep to preserve)
