[tinderbox-ng] compare: target='app-vim/screen'  mode=--build  label=app_vim_screen
[tinderbox-ng]   portage-ng session: pkg-cmp-portage-ng-app_vim_screen
[tinderbox-ng]   emerge     session: pkg-cmp-emerge-app_vim_screen
[tinderbox-ng ok] session 'pkg-cmp-portage-ng-app_vim_screen' created
[tinderbox-ng ok] session 'pkg-cmp-emerge-app_vim_screen' created
[tinderbox-ng]   running both engines in parallel (logs: /srv/tinderbox-ng/logs/compare-app_vim_screen-20260510T013645)

┌────────────────────────────────────────────────────────────────────────┐
│ tinderbox-ng compare report                                            │
├────────────────────────────────────────────────────────────────────────┤
│ target : app-vim/screen                                                │
│ mode   : --build                                                       │
│ logs   : /srv/tinderbox-ng/logs/compare-app_vim_screen-20260510T013645 │
├──────────────────┬─────────────────────────┬───────────────────────────┤
│ (metric)         │ portage-ng              │ emerge                    │
├──────────────────┼─────────────────────────┼───────────────────────────┤
│ exit             │ OK                      │ OK                        │
│ plan actions     │ 26                      │ 9                         │
│ completed        │ 27                      │ 9                         │
│ merged into VDB  │ 9                       │ 9                         │
└──────────────────┴─────────────────────────┴───────────────────────────┘

Full logs:
  portage-ng: /srv/tinderbox-ng/logs/compare-app_vim_screen-20260510T013645/portage-ng.log
  emerge    : /srv/tinderbox-ng/logs/compare-app_vim_screen-20260510T013645/emerge.log

[tinderbox-ng]   cleaning up sessions (use --keep to preserve)
