[tinderbox-ng] compare: target='app-admin/pwman3'  mode=--build  label=app_admin_pwman3
[tinderbox-ng]   portage-ng session: pkg-cmp-portage-ng-app_admin_pwman3
[tinderbox-ng]   emerge     session: pkg-cmp-emerge-app_admin_pwman3
[tinderbox-ng ok] session 'pkg-cmp-portage-ng-app_admin_pwman3' created
[tinderbox-ng ok] session 'pkg-cmp-emerge-app_admin_pwman3' created
[tinderbox-ng]   running both engines in parallel (logs: /srv/tinderbox-ng/logs/compare-app_admin_pwman3-20260510T004918)

┌────────────────────────────────────────────────────────────────────────┐
│ tinderbox-ng compare report                                            │
├────────────────────────────────────────────────────────────────────────┤
│ target : app-admin/pwman3                                              │
│ mode   : --build                                                       │
│ logs   : /srv/tinderbox-ng/logs/compare-app_admin_pwman3-20260510T004918│
├──────────────────┬─────────────────────────┬───────────────────────────┤
│ (metric)         │ portage-ng              │ emerge                    │
├──────────────────┼─────────────────────────┼───────────────────────────┤
│ exit             │ OK                      │ OK                        │
│ plan actions     │ 28                      │ 10                        │
│ completed        │ 29                      │ 10                        │
│ merged into VDB  │ 10                      │ 10                        │
└──────────────────┴─────────────────────────┴───────────────────────────┘

Full logs:
  portage-ng: /srv/tinderbox-ng/logs/compare-app_admin_pwman3-20260510T004918/portage-ng.log
  emerge    : /srv/tinderbox-ng/logs/compare-app_admin_pwman3-20260510T004918/emerge.log

[tinderbox-ng]   cleaning up sessions (use --keep to preserve)
