[tinderbox-ng] compare: target='app-misc/bb'  mode=--build  label=app_misc_bb
[tinderbox-ng]   portage-ng session: pkg-cmp-portage-ng-app_misc_bb
[tinderbox-ng]   emerge     session: pkg-cmp-emerge-app_misc_bb
[tinderbox-ng ok] session 'pkg-cmp-portage-ng-app_misc_bb' created
[tinderbox-ng ok] session 'pkg-cmp-emerge-app_misc_bb' created
[tinderbox-ng]   running both engines in parallel (logs: /srv/tinderbox-ng/logs/compare-app_misc_bb-20260510T011911)

┌────────────────────────────────────────────────────────────────────────┐
│ tinderbox-ng compare report                                            │
├────────────────────────────────────────────────────────────────────────┤
│ target : app-misc/bb                                                   │
│ mode   : --build                                                       │
│ logs   : /srv/tinderbox-ng/logs/compare-app_misc_bb-20260510T011911    │
├──────────────────┬─────────────────────────┬───────────────────────────┤
│ (metric)         │ portage-ng              │ emerge                    │
├──────────────────┼─────────────────────────┼───────────────────────────┤
│ exit             │ FAIL(3)                 │ FAIL(1)                   │
│ plan actions     │ 9                       │ 0                         │
│ completed        │ 4                       │ 1                         │
│ merged into VDB  │ 1                       │ 1                         │
└──────────────────┴─────────────────────────┴───────────────────────────┘

First error/warning per engine:
  portage-ng: [step 2] FAIL (1) install portage://media-libs/aalib-1.4_rc5-r11
  emerge    : >>> Failed to emerge media-libs/aalib-1.4_rc5-r11, Log file:

Full logs:
  portage-ng: /srv/tinderbox-ng/logs/compare-app_misc_bb-20260510T011911/portage-ng.log
  emerge    : /srv/tinderbox-ng/logs/compare-app_misc_bb-20260510T011911/emerge.log

[tinderbox-ng]   cleaning up sessions (use --keep to preserve)
