[tinderbox-ng] compare: target='app-office/denaro'  mode=--build  label=app_office_denaro
[tinderbox-ng]   portage-ng session: pkg-cmp-portage-ng-app_office_denaro
[tinderbox-ng]   emerge     session: pkg-cmp-emerge-app_office_denaro
[tinderbox-ng ok] session 'pkg-cmp-portage-ng-app_office_denaro' created
[tinderbox-ng ok] session 'pkg-cmp-emerge-app_office_denaro' created
[tinderbox-ng]   running both engines in parallel (logs: /srv/tinderbox-ng/logs/compare-app_office_denaro-20260510T012723)

┌────────────────────────────────────────────────────────────────────────┐
│ tinderbox-ng compare report                                            │
├────────────────────────────────────────────────────────────────────────┤
│ target : app-office/denaro                                             │
│ mode   : --build                                                       │
│ logs   : /srv/tinderbox-ng/logs/compare-app_office_denaro-20260510T012723│
├──────────────────┬─────────────────────────┬───────────────────────────┤
│ (metric)         │ portage-ng              │ emerge                    │
├──────────────────┼─────────────────────────┼───────────────────────────┤
│ exit             │ FAIL(3)                 │ FAIL(1)                   │
│ plan actions     │ 314                     │ ?                         │
│ completed        │ 106                     │ 0                         │
│ merged into VDB  │ 2                       │ 0                         │
└──────────────────┴─────────────────────────┴───────────────────────────┘

First error/warning per engine:
  portage-ng: [step 2] FAIL (1) update portage://dev-python/flit-core-3.12.0

VDB delta (after build):
  only in portage-ng:
    + acct-group/messagebus-0-r3
    + dev-python/gpep517-19

Full logs:
  portage-ng: /srv/tinderbox-ng/logs/compare-app_office_denaro-20260510T012723/portage-ng.log
  emerge    : /srv/tinderbox-ng/logs/compare-app_office_denaro-20260510T012723/emerge.log

[tinderbox-ng]   cleaning up sessions (use --keep to preserve)
