[tinderbox-ng] compare: target='app-misc/brewtarget'  mode=--build  label=app_misc_brewtarget
[tinderbox-ng]   portage-ng session: pkg-cmp-portage-ng-app_misc_brewtarget
[tinderbox-ng]   emerge     session: pkg-cmp-emerge-app_misc_brewtarget
[tinderbox-ng ok] session 'pkg-cmp-portage-ng-app_misc_brewtarget' created
[tinderbox-ng ok] session 'pkg-cmp-emerge-app_misc_brewtarget' created
[tinderbox-ng]   running both engines in parallel (logs: /srv/tinderbox-ng/logs/compare-app_misc_brewtarget-20260510T011914)

┌────────────────────────────────────────────────────────────────────────┐
│ tinderbox-ng compare report                                            │
├────────────────────────────────────────────────────────────────────────┤
│ target : app-misc/brewtarget                                           │
│ mode   : --build                                                       │
│ logs   : /srv/tinderbox-ng/logs/compare-app_misc_brewtarget-20260510T011914│
├──────────────────┬─────────────────────────┬───────────────────────────┤
│ (metric)         │ portage-ng              │ emerge                    │
├──────────────────┼─────────────────────────┼───────────────────────────┤
│ exit             │ FAIL(3)                 │ FAIL(1)                   │
│ plan actions     │ 179                     │ ?                         │
│ completed        │ 114                     │ 0                         │
│ merged into VDB  │ 33                      │ 0                         │
└──────────────────┴─────────────────────────┴───────────────────────────┘

First error/warning per engine:
  portage-ng: [step 6] FAIL (1) install portage://media-libs/freetype-2.14.3

VDB delta (after build):
  only in portage-ng:
    + acct-group/messagebus-0-r3
    + acct-user/messagebus-0-r3
    + app-eselect/eselect-fontconfig-20220403
    + app-text/docbook-xml-dtd-4.4-r3
    + app-text/pandoc-bin-3.9.0.2
    + dev-build/b2-5.4.2
    + dev-cpp/valijson-1.1.0
    + dev-libs/boost-1.90.0-r1
    + dev-libs/double-conversion-3.4.0
    + dev-libs/fribidi-1.0.16
    + dev-libs/gobject-introspection-common-1.86.0
    + dev-libs/icu-78.3
    + dev-libs/libevdev-1.13.6
    + dev-libs/libinput-1.31.1
    + dev-libs/md4c-0.5.3
    + dev-libs/xerces-c-3.3.0-r1
    + dev-util/glib-utils-2.88.0
    + media-fonts/liberation-fonts-2.1.5
    + media-gfx/graphite2-1.3.14_p20210810-r5
    + media-libs/dav1d-1.5.1
    + media-libs/libpng-1.6.58
    + sys-libs/mtdev-1.1.7
    + virtual/libudev-251-r2
    + virtual/ttf-fonts-1-r2
    + x11-base/xcb-proto-1.17.0
    + x11-base/xorg-proto-2025.1
    + x11-libs/libICE-1.1.2
    + x11-libs/libXau-1.0.12
    + x11-libs/libXdmcp-1.1.5
    + x11-libs/libdrm-2.4.133
    + x11-libs/pixman-0.46.4
    + x11-libs/xtrans-1.6.0
    + x11-misc/xkeyboard-config-2.47

Full logs:
  portage-ng: /srv/tinderbox-ng/logs/compare-app_misc_brewtarget-20260510T011914/portage-ng.log
  emerge    : /srv/tinderbox-ng/logs/compare-app_misc_brewtarget-20260510T011914/emerge.log

[tinderbox-ng]   cleaning up sessions (use --keep to preserve)
