[tinderbox-ng] compare: target='app-text/pinfo'  mode=--build  label=app_text_pinfo
[tinderbox-ng]   portage-ng session: pkg-cmp-portage-ng-app_text_pinfo
[tinderbox-ng]   emerge     session: pkg-cmp-emerge-app_text_pinfo
[tinderbox-ng ok] session 'pkg-cmp-portage-ng-app_text_pinfo' created
[tinderbox-ng ok] session 'pkg-cmp-emerge-app_text_pinfo' created
[tinderbox-ng]   running both engines in parallel (logs: /srv/tinderbox-ng/logs/compare-app_text_pinfo-20260510T013358)

┌────────────────────────────────────────────────────────────────────────┐
│ tinderbox-ng compare report                                            │
├────────────────────────────────────────────────────────────────────────┤
│ target : app-text/pinfo                                                │
│ mode   : --build                                                       │
│ logs   : /srv/tinderbox-ng/logs/compare-app_text_pinfo-20260510T013358 │
├──────────────────┬─────────────────────────┬───────────────────────────┤
│ (metric)         │ portage-ng              │ emerge                    │
├──────────────────┼─────────────────────────┼───────────────────────────┤
│ exit             │ OK                      │ OK                        │
│ plan actions     │ 3                       │ 1                         │
│ completed        │ 4                       │ 1                         │
│ merged into VDB  │ 1                       │ 1                         │
└──────────────────┴─────────────────────────┴───────────────────────────┘

Full logs:
  portage-ng: /srv/tinderbox-ng/logs/compare-app_text_pinfo-20260510T013358/portage-ng.log
  emerge    : /srv/tinderbox-ng/logs/compare-app_text_pinfo-20260510T013358/emerge.log

[tinderbox-ng]   cleaning up sessions (use --keep to preserve)
