[tinderbox-ng] compare: target='app-containers/containers-shortnames'  mode=--build  label=app_containers_containers_shortnames
[tinderbox-ng]   portage-ng session: pkg-cmp-portage-ng-app_containers_containers_shortnames
[tinderbox-ng]   emerge     session: pkg-cmp-emerge-app_containers_containers_shortnames
[tinderbox-ng ok] session 'pkg-cmp-portage-ng-app_containers_containers_shortnames' created
[tinderbox-ng ok] session 'pkg-cmp-emerge-app_containers_containers_shortnames' created
[tinderbox-ng]   running both engines in parallel (logs: /srv/tinderbox-ng/logs/compare-app_containers_containers_shortnames-20260510T005122)

┌────────────────────────────────────────────────────────────────────────┐
│ tinderbox-ng compare report                                            │
├────────────────────────────────────────────────────────────────────────┤
│ target : app-containers/containers-shortnames                          │
│ mode   : --build                                                       │
│ logs   : /srv/tinderbox-ng/logs/compare-app_containers_containers_shortnames-20260510T005122│
├──────────────────┬─────────────────────────┬───────────────────────────┤
│ (metric)         │ portage-ng              │ emerge                    │
├──────────────────┼─────────────────────────┼───────────────────────────┤
│ exit             │ OK                      │ OK                        │
│ plan actions     │ 3                       │ 1                         │
│ completed        │ 4                       │ 1                         │
│ merged into VDB  │ 1                       │ 1                         │
└──────────────────┴─────────────────────────┴───────────────────────────┘

Full logs:
  portage-ng: /srv/tinderbox-ng/logs/compare-app_containers_containers_shortnames-20260510T005122/portage-ng.log
  emerge    : /srv/tinderbox-ng/logs/compare-app_containers_containers_shortnames-20260510T005122/emerge.log

[tinderbox-ng]   cleaning up sessions (use --keep to preserve)
