[tinderbox-ng] compare: target='app-backup/deja-dup'  mode=--build  label=app_backup_deja_dup
[tinderbox-ng]   portage-ng session: pkg-cmp-portage-ng-app_backup_deja_dup
[tinderbox-ng]   emerge     session: pkg-cmp-emerge-app_backup_deja_dup
[tinderbox-ng ok] session 'pkg-cmp-portage-ng-app_backup_deja_dup' created
[tinderbox-ng ok] session 'pkg-cmp-emerge-app_backup_deja_dup' created
[tinderbox-ng]   running both engines in parallel (logs: /srv/tinderbox-ng/logs/compare-app_backup_deja_dup-20260510T005055)

┌────────────────────────────────────────────────────────────────────────┐
│ tinderbox-ng compare report                                            │
├────────────────────────────────────────────────────────────────────────┤
│ target : app-backup/deja-dup                                           │
│ mode   : --build                                                       │
│ logs   : /srv/tinderbox-ng/logs/compare-app_backup_deja_dup-20260510T005055│
├──────────────────┬─────────────────────────┬───────────────────────────┤
│ (metric)         │ portage-ng              │ emerge                    │
├──────────────────┼─────────────────────────┼───────────────────────────┤
│ exit             │ FAIL(3)                 │ FAIL(1)                   │
│ plan actions     │ 377                     │ ?                         │
│ completed        │ 126                     │ 0                         │
│ merged into VDB  │ 3                       │ 0                         │
└──────────────────┴─────────────────────────┴───────────────────────────┘

First error/warning per engine:
  portage-ng: [step 2] FAIL (1) update portage://dev-python/flit-core-3.12.0

VDB delta (after build):
  only in portage-ng:
    + acct-group/cuse-0
    + acct-group/messagebus-0-r3
    + dev-python/gpep517-19

Full logs:
  portage-ng: /srv/tinderbox-ng/logs/compare-app_backup_deja_dup-20260510T005055/portage-ng.log
  emerge    : /srv/tinderbox-ng/logs/compare-app_backup_deja_dup-20260510T005055/emerge.log

[tinderbox-ng]   cleaning up sessions (use --keep to preserve)
