[tinderbox-ng] compare: target='app-xemacs/view-process'  mode=--build  label=app_xemacs_view_process
[tinderbox-ng]   portage-ng session: pkg-cmp-portage-ng-app_xemacs_view_process
[tinderbox-ng]   emerge     session: pkg-cmp-emerge-app_xemacs_view_process
[tinderbox-ng ok] session 'pkg-cmp-portage-ng-app_xemacs_view_process' created
[tinderbox-ng ok] session 'pkg-cmp-emerge-app_xemacs_view_process' created
[tinderbox-ng]   running both engines in parallel (logs: /srv/tinderbox-ng/logs/compare-app_xemacs_view_process-20260510T014436)

┌────────────────────────────────────────────────────────────────────────┐
│ tinderbox-ng compare report                                            │
├────────────────────────────────────────────────────────────────────────┤
│ target : app-xemacs/view-process                                       │
│ mode   : --build                                                       │
│ logs   : /srv/tinderbox-ng/logs/compare-app_xemacs_view_process-20260510T014436│
├──────────────────┬─────────────────────────┬───────────────────────────┤
│ (metric)         │ portage-ng              │ emerge                    │
├──────────────────┼─────────────────────────┼───────────────────────────┤
│ exit             │ FAIL(3)                 │ FAIL(1)                   │
│ plan actions     │ 27                      │ 1                         │
│ completed        │ 10                      │ 2                         │
│ merged into VDB  │ 1                       │ 2                         │
└──────────────────┴─────────────────────────┴───────────────────────────┘

First error/warning per engine:
  portage-ng: [step 2] FAIL (1) install portage://media-libs/audiofile-0.3.6-r6
  emerge    : >>> Failed to emerge media-libs/audiofile-0.3.6-r6, Log file:

VDB delta (after build):
  only in emerge:
    + app-eselect/eselect-emacs-1.19
  in both: 1 packages

Full logs:
  portage-ng: /srv/tinderbox-ng/logs/compare-app_xemacs_view_process-20260510T014436/portage-ng.log
  emerge    : /srv/tinderbox-ng/logs/compare-app_xemacs_view_process-20260510T014436/emerge.log

[tinderbox-ng]   cleaning up sessions (use --keep to preserve)
