[tinderbox-ng] compare: target='app-misc/gojq'  mode=--build  label=app_misc_gojq
[tinderbox-ng]   portage-ng session: pkg-cmp-portage-ng-app_misc_gojq
[tinderbox-ng]   emerge     session: pkg-cmp-emerge-app_misc_gojq
[tinderbox-ng ok] session 'pkg-cmp-portage-ng-app_misc_gojq' created
[tinderbox-ng ok] session 'pkg-cmp-emerge-app_misc_gojq' created
[tinderbox-ng]   running both engines in parallel (logs: /srv/tinderbox-ng/logs/compare-app_misc_gojq-20260510T012114)

┌────────────────────────────────────────────────────────────────────────┐
│ tinderbox-ng compare report                                            │
├────────────────────────────────────────────────────────────────────────┤
│ target : app-misc/gojq                                                 │
│ mode   : --build                                                       │
│ logs   : /srv/tinderbox-ng/logs/compare-app_misc_gojq-20260510T012114  │
├──────────────────┬─────────────────────────┬───────────────────────────┤
│ (metric)         │ portage-ng              │ emerge                    │
├──────────────────┼─────────────────────────┼───────────────────────────┤
│ exit             │ OK                      │ OK                        │
│ plan actions     │ 7                       │ 3                         │
│ completed        │ 8                       │ 3                         │
│ merged into VDB  │ 3                       │ 3                         │
└──────────────────┴─────────────────────────┴───────────────────────────┘

Full logs:
  portage-ng: /srv/tinderbox-ng/logs/compare-app_misc_gojq-20260510T012114/portage-ng.log
  emerge    : /srv/tinderbox-ng/logs/compare-app_misc_gojq-20260510T012114/emerge.log

[tinderbox-ng]   cleaning up sessions (use --keep to preserve)
