[tinderbox-ng] compare: target='app-shells/zoxide'  mode=--build  label=app_shells_zoxide
[tinderbox-ng]   portage-ng session: pkg-cmp-portage-ng-app_shells_zoxide
[tinderbox-ng]   emerge     session: pkg-cmp-emerge-app_shells_zoxide
[tinderbox-ng ok] session 'pkg-cmp-portage-ng-app_shells_zoxide' created
[tinderbox-ng ok] session 'pkg-cmp-emerge-app_shells_zoxide' created
[tinderbox-ng]   running both engines in parallel (logs: /srv/tinderbox-ng/logs/compare-app_shells_zoxide-20260510T013000)

┌────────────────────────────────────────────────────────────────────────┐
│ tinderbox-ng compare report                                            │
├────────────────────────────────────────────────────────────────────────┤
│ target : app-shells/zoxide                                             │
│ mode   : --build                                                       │
│ logs   : /srv/tinderbox-ng/logs/compare-app_shells_zoxide-20260510T013000│
├──────────────────┬─────────────────────────┬───────────────────────────┤
│ (metric)         │ portage-ng              │ emerge                    │
├──────────────────┼─────────────────────────┼───────────────────────────┤
│ exit             │ OK                      │ OK                        │
│ plan actions     │ 11                      │ 4                         │
│ completed        │ 12                      │ 4                         │
│ merged into VDB  │ 4                       │ 4                         │
└──────────────────┴─────────────────────────┴───────────────────────────┘

Full logs:
  portage-ng: /srv/tinderbox-ng/logs/compare-app_shells_zoxide-20260510T013000/portage-ng.log
  emerge    : /srv/tinderbox-ng/logs/compare-app_shells_zoxide-20260510T013000/emerge.log

[tinderbox-ng]   cleaning up sessions (use --keep to preserve)
