[tinderbox-ng] compare: target='app-arch/pxz'  mode=--build  label=app_arch_pxz
[tinderbox-ng]   portage-ng session: pkg-cmp-portage-ng-app_arch_pxz
[tinderbox-ng]   emerge     session: pkg-cmp-emerge-app_arch_pxz
[tinderbox-ng ok] session 'pkg-cmp-portage-ng-app_arch_pxz' created
[tinderbox-ng ok] session 'pkg-cmp-emerge-app_arch_pxz' created
[tinderbox-ng]   running both engines in parallel (logs: /srv/tinderbox-ng/logs/compare-app_arch_pxz-20260510T005023)

┌────────────────────────────────────────────────────────────────────────┐
│ tinderbox-ng compare report                                            │
├────────────────────────────────────────────────────────────────────────┤
│ target : app-arch/pxz                                                  │
│ mode   : --build                                                       │
│ logs   : /srv/tinderbox-ng/logs/compare-app_arch_pxz-20260510T005023   │
├──────────────────┬─────────────────────────┬───────────────────────────┤
│ (metric)         │ portage-ng              │ emerge                    │
├──────────────────┼─────────────────────────┼───────────────────────────┤
│ exit             │ OK                      │ OK                        │
│ plan actions     │ 3                       │ 1                         │
│ completed        │ 4                       │ 1                         │
│ merged into VDB  │ 1                       │ 1                         │
└──────────────────┴─────────────────────────┴───────────────────────────┘

Full logs:
  portage-ng: /srv/tinderbox-ng/logs/compare-app_arch_pxz-20260510T005023/portage-ng.log
  emerge    : /srv/tinderbox-ng/logs/compare-app_arch_pxz-20260510T005023/emerge.log

[tinderbox-ng]   cleaning up sessions (use --keep to preserve)
