[tinderbox-ng] compare: target='app-text/vilistextum'  mode=--build  label=app_text_vilistextum
[tinderbox-ng]   portage-ng session: pkg-cmp-portage-ng-app_text_vilistextum
[tinderbox-ng]   emerge     session: pkg-cmp-emerge-app_text_vilistextum
[tinderbox-ng ok] session 'pkg-cmp-portage-ng-app_text_vilistextum' created
[tinderbox-ng ok] session 'pkg-cmp-emerge-app_text_vilistextum' created
[tinderbox-ng]   running both engines in parallel (logs: /srv/tinderbox-ng/logs/compare-app_text_vilistextum-20260510T013457)

┌────────────────────────────────────────────────────────────────────────┐
│ tinderbox-ng compare report                                            │
├────────────────────────────────────────────────────────────────────────┤
│ target : app-text/vilistextum                                          │
│ mode   : --build                                                       │
│ logs   : /srv/tinderbox-ng/logs/compare-app_text_vilistextum-20260510T013457│
├──────────────────┬─────────────────────────┬───────────────────────────┤
│ (metric)         │ portage-ng              │ emerge                    │
├──────────────────┼─────────────────────────┼───────────────────────────┤
│ exit             │ FAIL(3)                 │ FAIL(1)                   │
│ plan actions     │ 3                       │ 1                         │
│ completed        │ 1                       │ 0                         │
│ merged into VDB  │ 0                       │ 0                         │
└──────────────────┴─────────────────────────┴───────────────────────────┘

First error/warning per engine:
  portage-ng: [step 2] FAIL (1) install portage://app-text/vilistextum-2.8.0.20200411
  emerge    : >>> Failed to emerge app-text/vilistextum-2.8.0.20200411, Log file:

Full logs:
  portage-ng: /srv/tinderbox-ng/logs/compare-app_text_vilistextum-20260510T013457/portage-ng.log
  emerge    : /srv/tinderbox-ng/logs/compare-app_text_vilistextum-20260510T013457/emerge.log

[tinderbox-ng]   cleaning up sessions (use --keep to preserve)
