[tinderbox-ng] compare: target='app-misc/yq'  mode=--build  label=app_misc_yq
[tinderbox-ng]   portage-ng session: pkg-cmp-portage-ng-app_misc_yq
[tinderbox-ng]   emerge     session: pkg-cmp-emerge-app_misc_yq
[tinderbox-ng ok] session 'pkg-cmp-portage-ng-app_misc_yq' created
[tinderbox-ng ok] session 'pkg-cmp-emerge-app_misc_yq' created
[tinderbox-ng]   running both engines in parallel (logs: /srv/tinderbox-ng/logs/compare-app_misc_yq-20260510T012702)

┌────────────────────────────────────────────────────────────────────────┐
│ tinderbox-ng compare report                                            │
├────────────────────────────────────────────────────────────────────────┤
│ target : app-misc/yq                                                   │
│ mode   : --build                                                       │
│ logs   : /srv/tinderbox-ng/logs/compare-app_misc_yq-20260510T012702    │
├──────────────────┬─────────────────────────┬───────────────────────────┤
│ (metric)         │ portage-ng              │ emerge                    │
├──────────────────┼─────────────────────────┼───────────────────────────┤
│ exit             │ OK                      │ OK                        │
│ plan actions     │ 26                      │ 9                         │
│ completed        │ 27                      │ 9                         │
│ merged into VDB  │ 9                       │ 9                         │
└──────────────────┴─────────────────────────┴───────────────────────────┘

Full logs:
  portage-ng: /srv/tinderbox-ng/logs/compare-app_misc_yq-20260510T012702/portage-ng.log
  emerge    : /srv/tinderbox-ng/logs/compare-app_misc_yq-20260510T012702/emerge.log

[tinderbox-ng]   cleaning up sessions (use --keep to preserve)
