[tinderbox-ng] compare: target='app-doc/doxygen'  mode=--build  label=app_doc_doxygen
[tinderbox-ng]   portage-ng session: pkg-cmp-portage-ng-app_doc_doxygen
[tinderbox-ng]   emerge     session: pkg-cmp-emerge-app_doc_doxygen
[tinderbox-ng ok] session 'pkg-cmp-portage-ng-app_doc_doxygen' created
[tinderbox-ng ok] session 'pkg-cmp-emerge-app_doc_doxygen' created
[tinderbox-ng]   running both engines in parallel (logs: /srv/tinderbox-ng/logs/compare-app_doc_doxygen-20260510T010055)

┌────────────────────────────────────────────────────────────────────────┐
│ tinderbox-ng compare report                                            │
├────────────────────────────────────────────────────────────────────────┤
│ target : app-doc/doxygen                                               │
│ mode   : --build                                                       │
│ logs   : /srv/tinderbox-ng/logs/compare-app_doc_doxygen-20260510T010055│
├──────────────────┬─────────────────────────┬───────────────────────────┤
│ (metric)         │ portage-ng              │ emerge                    │
├──────────────────┼─────────────────────────┼───────────────────────────┤
│ exit             │ OK(cycles)              │ FAIL(1)                   │
│ plan actions     │ ?                       │ ?                         │
│ completed        │ 0                       │ 0                         │
│ merged into VDB  │ 0                       │ 0                         │
└──────────────────┴─────────────────────────┴───────────────────────────┘

First error/warning per engine:
  portage-ng: failure No valid targets found.

Full logs:
  portage-ng: /srv/tinderbox-ng/logs/compare-app_doc_doxygen-20260510T010055/portage-ng.log
  emerge    : /srv/tinderbox-ng/logs/compare-app_doc_doxygen-20260510T010055/emerge.log

[tinderbox-ng]   cleaning up sessions (use --keep to preserve)
