[tinderbox-ng] compare: target='app-editors/hexedit'  mode=--build  label=app_editors_hexedit
[tinderbox-ng]   portage-ng session: pkg-cmp-portage-ng-app_editors_hexedit
[tinderbox-ng]   emerge     session: pkg-cmp-emerge-app_editors_hexedit
[tinderbox-ng ok] session 'pkg-cmp-portage-ng-app_editors_hexedit' created
[tinderbox-ng ok] session 'pkg-cmp-emerge-app_editors_hexedit' created
[tinderbox-ng]   running both engines in parallel (logs: /srv/tinderbox-ng/logs/compare-app_editors_hexedit-20260510T010105)

┌────────────────────────────────────────────────────────────────────────┐
│ tinderbox-ng compare report                                            │
├────────────────────────────────────────────────────────────────────────┤
│ target : app-editors/hexedit                                           │
│ mode   : --build                                                       │
│ logs   : /srv/tinderbox-ng/logs/compare-app_editors_hexedit-20260510T010105│
├──────────────────┬─────────────────────────┬───────────────────────────┤
│ (metric)         │ portage-ng              │ emerge                    │
├──────────────────┼─────────────────────────┼───────────────────────────┤
│ exit             │ OK                      │ OK                        │
│ plan actions     │ 3                       │ 1                         │
│ completed        │ 4                       │ 1                         │
│ merged into VDB  │ 1                       │ 1                         │
└──────────────────┴─────────────────────────┴───────────────────────────┘

Full logs:
  portage-ng: /srv/tinderbox-ng/logs/compare-app_editors_hexedit-20260510T010105/portage-ng.log
  emerge    : /srv/tinderbox-ng/logs/compare-app_editors_hexedit-20260510T010105/emerge.log

[tinderbox-ng]   cleaning up sessions (use --keep to preserve)
