[tinderbox-ng] compare: target='app-shells/bash-completion'  mode=--build  label=app_shells_bash_completion
[tinderbox-ng]   portage-ng session: pkg-cmp-portage-ng-app_shells_bash_completion
[tinderbox-ng]   emerge     session: pkg-cmp-emerge-app_shells_bash_completion
[tinderbox-ng ok] session 'pkg-cmp-portage-ng-app_shells_bash_completion' created
[tinderbox-ng ok] session 'pkg-cmp-emerge-app_shells_bash_completion' created
[tinderbox-ng]   running both engines in parallel (logs: /srv/tinderbox-ng/logs/compare-app_shells_bash_completion-20260510T012846)

┌────────────────────────────────────────────────────────────────────────┐
│ tinderbox-ng compare report                                            │
├────────────────────────────────────────────────────────────────────────┤
│ target : app-shells/bash-completion                                    │
│ mode   : --build                                                       │
│ logs   : /srv/tinderbox-ng/logs/compare-app_shells_bash_completion-20260510T012846│
├──────────────────┬─────────────────────────┬───────────────────────────┤
│ (metric)         │ portage-ng              │ emerge                    │
├──────────────────┼─────────────────────────┼───────────────────────────┤
│ exit             │ OK                      │ OK                        │
│ plan actions     │ 9                       │ 3                         │
│ completed        │ 10                      │ 3                         │
│ merged into VDB  │ 3                       │ 3                         │
└──────────────────┴─────────────────────────┴───────────────────────────┘

Full logs:
  portage-ng: /srv/tinderbox-ng/logs/compare-app_shells_bash_completion-20260510T012846/portage-ng.log
  emerge    : /srv/tinderbox-ng/logs/compare-app_shells_bash_completion-20260510T012846/emerge.log

[tinderbox-ng]   cleaning up sessions (use --keep to preserve)
