[tinderbox-ng] compare: target='app-emulation/hercules'  mode=--build  label=app_emulation_hercules
[tinderbox-ng]   portage-ng session: pkg-cmp-portage-ng-app_emulation_hercules
[tinderbox-ng]   emerge     session: pkg-cmp-emerge-app_emulation_hercules
[tinderbox-ng ok] session 'pkg-cmp-portage-ng-app_emulation_hercules' created
[tinderbox-ng ok] session 'pkg-cmp-emerge-app_emulation_hercules' created
[tinderbox-ng]   running both engines in parallel (logs: /srv/tinderbox-ng/logs/compare-app_emulation_hercules-20260510T011518)

┌────────────────────────────────────────────────────────────────────────┐
│ tinderbox-ng compare report                                            │
├────────────────────────────────────────────────────────────────────────┤
│ target : app-emulation/hercules                                        │
│ mode   : --build                                                       │
│ logs   : /srv/tinderbox-ng/logs/compare-app_emulation_hercules-20260510T011518│
├──────────────────┬─────────────────────────┬───────────────────────────┤
│ (metric)         │ portage-ng              │ emerge                    │
├──────────────────┼─────────────────────────┼───────────────────────────┤
│ exit             │ OK                      │ OK                        │
│ plan actions     │ 6                       │ 2                         │
│ completed        │ 7                       │ 2                         │
│ merged into VDB  │ 2                       │ 2                         │
└──────────────────┴─────────────────────────┴───────────────────────────┘

Full logs:
  portage-ng: /srv/tinderbox-ng/logs/compare-app_emulation_hercules-20260510T011518/portage-ng.log
  emerge    : /srv/tinderbox-ng/logs/compare-app_emulation_hercules-20260510T011518/emerge.log

[tinderbox-ng]   cleaning up sessions (use --keep to preserve)
