[tinderbox-ng] compare: target='app-emacs/osm'  mode=--build  label=app_emacs_osm
[tinderbox-ng]   portage-ng session: pkg-cmp-portage-ng-app_emacs_osm
[tinderbox-ng]   emerge     session: pkg-cmp-emerge-app_emacs_osm
[tinderbox-ng ok] session 'pkg-cmp-portage-ng-app_emacs_osm' created
[tinderbox-ng ok] session 'pkg-cmp-emerge-app_emacs_osm' created
[tinderbox-ng]   running both engines in parallel (logs: /srv/tinderbox-ng/logs/compare-app_emacs_osm-20260510T010914)

┌────────────────────────────────────────────────────────────────────────┐
│ tinderbox-ng compare report                                            │
├────────────────────────────────────────────────────────────────────────┤
│ target : app-emacs/osm                                                 │
│ mode   : --build                                                       │
│ logs   : /srv/tinderbox-ng/logs/compare-app_emacs_osm-20260510T010914  │
├──────────────────┬─────────────────────────┬───────────────────────────┤
│ (metric)         │ portage-ng              │ emerge                    │
├──────────────────┼─────────────────────────┼───────────────────────────┤
│ exit             │ OK                      │ FAIL(1)                   │
│ plan actions     │ 22                      │ ?                         │
│ completed        │ 22                      │ 0                         │
│ merged into VDB  │ 7                       │ 0                         │
└──────────────────┴─────────────────────────┴───────────────────────────┘

VDB delta (after build):
  only in portage-ng:
    + app-editors/emacs-30.2-r3
    + app-emacs/compat-31.0.0.1
    + app-emacs/emacs-common-1.14
    + app-emacs/osm-2.2
    + app-eselect/eselect-ctags-1.19
    + app-eselect/eselect-emacs-1.19
    + net-libs/liblockfile-1.17

Full logs:
  portage-ng: /srv/tinderbox-ng/logs/compare-app_emacs_osm-20260510T010914/portage-ng.log
  emerge    : /srv/tinderbox-ng/logs/compare-app_emacs_osm-20260510T010914/emerge.log

[tinderbox-ng]   cleaning up sessions (use --keep to preserve)
