[tinderbox-ng] compare: target='app-emacs/emacs-ebuild-snippets'  mode=--build  label=app_emacs_emacs_ebuild_snippets
[tinderbox-ng]   portage-ng session: pkg-cmp-portage-ng-app_emacs_emacs_ebuild_snippets
[tinderbox-ng]   emerge     session: pkg-cmp-emerge-app_emacs_emacs_ebuild_snippets
[tinderbox-ng ok] session 'pkg-cmp-portage-ng-app_emacs_emacs_ebuild_snippets' created
[tinderbox-ng ok] session 'pkg-cmp-emerge-app_emacs_emacs_ebuild_snippets' created
[tinderbox-ng]   running both engines in parallel (logs: /srv/tinderbox-ng/logs/compare-app_emacs_emacs_ebuild_snippets-20260510T010420)

┌────────────────────────────────────────────────────────────────────────┐
│ tinderbox-ng compare report                                            │
├────────────────────────────────────────────────────────────────────────┤
│ target : app-emacs/emacs-ebuild-snippets                               │
│ mode   : --build                                                       │
│ logs   : /srv/tinderbox-ng/logs/compare-app_emacs_emacs_ebuild_snippets-20260510T010420│
├──────────────────┬─────────────────────────┬───────────────────────────┤
│ (metric)         │ portage-ng              │ emerge                    │
├──────────────────┼─────────────────────────┼───────────────────────────┤
│ exit             │ OK                      │ OK                        │
│ plan actions     │ 27                      │ 9                         │
│ completed        │ 28                      │ 9                         │
│ merged into VDB  │ 9                       │ 9                         │
└──────────────────┴─────────────────────────┴───────────────────────────┘

Full logs:
  portage-ng: /srv/tinderbox-ng/logs/compare-app_emacs_emacs_ebuild_snippets-20260510T010420/portage-ng.log
  emerge    : /srv/tinderbox-ng/logs/compare-app_emacs_emacs_ebuild_snippets-20260510T010420/emerge.log

[tinderbox-ng]   cleaning up sessions (use --keep to preserve)
