[tinderbox-ng] compare: target='app-forensics/scalpel'  mode=--build  label=app_forensics_scalpel
[tinderbox-ng]   portage-ng session: pkg-cmp-portage-ng-app_forensics_scalpel
[tinderbox-ng]   emerge     session: pkg-cmp-emerge-app_forensics_scalpel
[tinderbox-ng ok] session 'pkg-cmp-portage-ng-app_forensics_scalpel' created
[tinderbox-ng ok] session 'pkg-cmp-emerge-app_forensics_scalpel' created
[tinderbox-ng]   running both engines in parallel (logs: /srv/tinderbox-ng/logs/compare-app_forensics_scalpel-20260510T011633)

┌────────────────────────────────────────────────────────────────────────┐
│ tinderbox-ng compare report                                            │
├────────────────────────────────────────────────────────────────────────┤
│ target : app-forensics/scalpel                                         │
│ mode   : --build                                                       │
│ logs   : /srv/tinderbox-ng/logs/compare-app_forensics_scalpel-20260510T011633│
├──────────────────┬─────────────────────────┬───────────────────────────┤
│ (metric)         │ portage-ng              │ emerge                    │
├──────────────────┼─────────────────────────┼───────────────────────────┤
│ exit             │ FAIL(3)                 │ FAIL(1)                   │
│ plan actions     │ 6                       │ 2                         │
│ completed        │ 4                       │ 1                         │
│ merged into VDB  │ 1                       │ 1                         │
└──────────────────┴─────────────────────────┴───────────────────────────┘

First error/warning per engine:
  portage-ng: [step 4] FAIL (1) install portage://app-forensics/scalpel-2.1_pre20210326
  emerge    : >>> Failed to emerge app-forensics/scalpel-2.1_pre20210326, Log file:

Full logs:
  portage-ng: /srv/tinderbox-ng/logs/compare-app_forensics_scalpel-20260510T011633/portage-ng.log
  emerge    : /srv/tinderbox-ng/logs/compare-app_forensics_scalpel-20260510T011633/emerge.log

[tinderbox-ng]   cleaning up sessions (use --keep to preserve)
