[tinderbox-ng] compare: target='app-misc/fr24feed'  mode=--build  label=app_misc_fr24feed
[tinderbox-ng]   portage-ng session: pkg-cmp-portage-ng-app_misc_fr24feed
[tinderbox-ng]   emerge     session: pkg-cmp-emerge-app_misc_fr24feed
[tinderbox-ng ok] session 'pkg-cmp-portage-ng-app_misc_fr24feed' created
[tinderbox-ng ok] session 'pkg-cmp-emerge-app_misc_fr24feed' created
[tinderbox-ng]   running both engines in parallel (logs: /srv/tinderbox-ng/logs/compare-app_misc_fr24feed-20260510T012050)

┌────────────────────────────────────────────────────────────────────────┐
│ tinderbox-ng compare report                                            │
├────────────────────────────────────────────────────────────────────────┤
│ target : app-misc/fr24feed                                             │
│ mode   : --build                                                       │
│ logs   : /srv/tinderbox-ng/logs/compare-app_misc_fr24feed-20260510T012050│
├──────────────────┬─────────────────────────┬───────────────────────────┤
│ (metric)         │ portage-ng              │ emerge                    │
├──────────────────┼─────────────────────────┼───────────────────────────┤
│ exit             │ OK                      │ OK                        │
│ plan actions     │ 16                      │ 6                         │
│ completed        │ 17                      │ 6                         │
│ merged into VDB  │ 6                       │ 6                         │
└──────────────────┴─────────────────────────┴───────────────────────────┘

Full logs:
  portage-ng: /srv/tinderbox-ng/logs/compare-app_misc_fr24feed-20260510T012050/portage-ng.log
  emerge    : /srv/tinderbox-ng/logs/compare-app_misc_fr24feed-20260510T012050/emerge.log

[tinderbox-ng]   cleaning up sessions (use --keep to preserve)
