[tinderbox-ng] compare: target='app-text/highlight'  mode=--build  label=app_text_highlight
[tinderbox-ng]   portage-ng session: pkg-cmp-portage-ng-app_text_highlight
[tinderbox-ng]   emerge     session: pkg-cmp-emerge-app_text_highlight
[tinderbox-ng ok] session 'pkg-cmp-portage-ng-app_text_highlight' created
[tinderbox-ng ok] session 'pkg-cmp-emerge-app_text_highlight' created
[tinderbox-ng]   running both engines in parallel (logs: /srv/tinderbox-ng/logs/compare-app_text_highlight-20260510T013210)

┌────────────────────────────────────────────────────────────────────────┐
│ tinderbox-ng compare report                                            │
├────────────────────────────────────────────────────────────────────────┤
│ target : app-text/highlight                                            │
│ mode   : --build                                                       │
│ logs   : /srv/tinderbox-ng/logs/compare-app_text_highlight-20260510T013210│
├──────────────────┬─────────────────────────┬───────────────────────────┤
│ (metric)         │ portage-ng              │ emerge                    │
├──────────────────┼─────────────────────────┼───────────────────────────┤
│ exit             │ OK                      │ OK                        │
│ plan actions     │ 13                      │ 5                         │
│ completed        │ 14                      │ 5                         │
│ merged into VDB  │ 5                       │ 5                         │
└──────────────────┴─────────────────────────┴───────────────────────────┘

First error/warning per engine:
  emerge    :  * Boost.Regex is *extremely* ABI sensitive. If you get errors such as

Full logs:
  portage-ng: /srv/tinderbox-ng/logs/compare-app_text_highlight-20260510T013210/portage-ng.log
  emerge    : /srv/tinderbox-ng/logs/compare-app_text_highlight-20260510T013210/emerge.log

[tinderbox-ng]   cleaning up sessions (use --keep to preserve)
