[tinderbox-ng] compare: target='app-portage/unsymlink-lib'  mode=--build  label=app_portage_unsymlink_lib
[tinderbox-ng]   portage-ng session: pkg-cmp-portage-ng-app_portage_unsymlink_lib
[tinderbox-ng]   emerge     session: pkg-cmp-emerge-app_portage_unsymlink_lib
[tinderbox-ng ok] session 'pkg-cmp-portage-ng-app_portage_unsymlink_lib' created
[tinderbox-ng ok] session 'pkg-cmp-emerge-app_portage_unsymlink_lib' created
[tinderbox-ng]   running both engines in parallel (logs: /srv/tinderbox-ng/logs/compare-app_portage_unsymlink_lib-20260510T012840)

┌────────────────────────────────────────────────────────────────────────┐
│ tinderbox-ng compare report                                            │
├────────────────────────────────────────────────────────────────────────┤
│ target : app-portage/unsymlink-lib                                     │
│ mode   : --build                                                       │
│ logs   : /srv/tinderbox-ng/logs/compare-app_portage_unsymlink_lib-20260510T012840│
├──────────────────┬─────────────────────────┬───────────────────────────┤
│ (metric)         │ portage-ng              │ emerge                    │
├──────────────────┼─────────────────────────┼───────────────────────────┤
│ exit             │ FAIL(3)                 │ FAIL(1)                   │
│ plan actions     │ 11                      │ ?                         │
│ completed        │ 3                       │ 0                         │
│ merged into VDB  │ 0                       │ 0                         │
└──────────────────┴─────────────────────────┴───────────────────────────┘

First error/warning per engine:
  portage-ng: [step 2] FAIL (1) update portage://app-portage/gemato-20.12

Full logs:
  portage-ng: /srv/tinderbox-ng/logs/compare-app_portage_unsymlink_lib-20260510T012840/portage-ng.log
  emerge    : /srv/tinderbox-ng/logs/compare-app_portage_unsymlink_lib-20260510T012840/emerge.log

[tinderbox-ng]   cleaning up sessions (use --keep to preserve)
