[tinderbox-ng] compare: target='app-doc/s6-man-pages'  mode=--build  label=app_doc_s6_man_pages
[tinderbox-ng]   portage-ng session: pkg-cmp-portage-ng-app_doc_s6_man_pages
[tinderbox-ng]   emerge     session: pkg-cmp-emerge-app_doc_s6_man_pages
[tinderbox-ng ok] session 'pkg-cmp-portage-ng-app_doc_s6_man_pages' created
[tinderbox-ng ok] session 'pkg-cmp-emerge-app_doc_s6_man_pages' created
[tinderbox-ng]   running both engines in parallel (logs: /srv/tinderbox-ng/logs/compare-app_doc_s6_man_pages-20260510T010103)

┌────────────────────────────────────────────────────────────────────────┐
│ tinderbox-ng compare report                                            │
├────────────────────────────────────────────────────────────────────────┤
│ target : app-doc/s6-man-pages                                          │
│ mode   : --build                                                       │
│ logs   : /srv/tinderbox-ng/logs/compare-app_doc_s6_man_pages-20260510T010103│
├──────────────────┬─────────────────────────┬───────────────────────────┤
│ (metric)         │ portage-ng              │ emerge                    │
├──────────────────┼─────────────────────────┼───────────────────────────┤
│ exit             │ OK                      │ OK                        │
│ plan actions     │ 3                       │ 1                         │
│ completed        │ 4                       │ 1                         │
│ merged into VDB  │ 1                       │ 1                         │
└──────────────────┴─────────────────────────┴───────────────────────────┘

Full logs:
  portage-ng: /srv/tinderbox-ng/logs/compare-app_doc_s6_man_pages-20260510T010103/portage-ng.log
  emerge    : /srv/tinderbox-ng/logs/compare-app_doc_s6_man_pages-20260510T010103/emerge.log

[tinderbox-ng]   cleaning up sessions (use --keep to preserve)
