[tinderbox-ng] compare: target='app-misc/recoll'  mode=--build  label=app_misc_recoll
[tinderbox-ng]   portage-ng session: pkg-cmp-portage-ng-app_misc_recoll
[tinderbox-ng]   emerge     session: pkg-cmp-emerge-app_misc_recoll
[tinderbox-ng ok] session 'pkg-cmp-portage-ng-app_misc_recoll' created
[tinderbox-ng ok] session 'pkg-cmp-emerge-app_misc_recoll' created
[tinderbox-ng]   running both engines in parallel (logs: /srv/tinderbox-ng/logs/compare-app_misc_recoll-20260510T012347)

┌────────────────────────────────────────────────────────────────────────┐
│ tinderbox-ng compare report                                            │
├────────────────────────────────────────────────────────────────────────┤
│ target : app-misc/recoll                                               │
│ mode   : --build                                                       │
│ logs   : /srv/tinderbox-ng/logs/compare-app_misc_recoll-20260510T012347│
├──────────────────┬─────────────────────────┬───────────────────────────┤
│ (metric)         │ portage-ng              │ emerge                    │
├──────────────────┼─────────────────────────┼───────────────────────────┤
│ exit             │ FAIL(3)                 │ FAIL(1)                   │
│ plan actions     │ 15                      │ 0                         │
│ completed        │ 6                       │ 2                         │
│ merged into VDB  │ 1                       │ 2                         │
└──────────────────┴─────────────────────────┴───────────────────────────┘

First error/warning per engine:
  portage-ng: [step 2] FAIL (1) install portage://app-text/aspell-0.60.8.2
  emerge    : >>> Failed to emerge app-text/aspell-0.60.8.2, Log file:

VDB delta (after build):
  only in emerge:
    + dev-libs/xapian-2.0.0
  in both: 1 packages

Full logs:
  portage-ng: /srv/tinderbox-ng/logs/compare-app_misc_recoll-20260510T012347/portage-ng.log
  emerge    : /srv/tinderbox-ng/logs/compare-app_misc_recoll-20260510T012347/emerge.log

[tinderbox-ng]   cleaning up sessions (use --keep to preserve)
