[tinderbox-ng] compare: target='app-text/rpl'  mode=--build  label=app_text_rpl
[tinderbox-ng]   portage-ng session: pkg-cmp-portage-ng-app_text_rpl
[tinderbox-ng]   emerge     session: pkg-cmp-emerge-app_text_rpl
[tinderbox-ng ok] session 'pkg-cmp-portage-ng-app_text_rpl' created
[tinderbox-ng ok] session 'pkg-cmp-emerge-app_text_rpl' created
[tinderbox-ng]   running both engines in parallel (logs: /srv/tinderbox-ng/logs/compare-app_text_rpl-20260510T013411)

┌────────────────────────────────────────────────────────────────────────┐
│ tinderbox-ng compare report                                            │
├────────────────────────────────────────────────────────────────────────┤
│ target : app-text/rpl                                                  │
│ mode   : --build                                                       │
│ logs   : /srv/tinderbox-ng/logs/compare-app_text_rpl-20260510T013411   │
├──────────────────┬─────────────────────────┬───────────────────────────┤
│ (metric)         │ portage-ng              │ emerge                    │
├──────────────────┼─────────────────────────┼───────────────────────────┤
│ exit             │ OK                      │ OK                        │
│ plan actions     │ 18                      │ 7                         │
│ completed        │ 19                      │ 7                         │
│ merged into VDB  │ 7                       │ 7                         │
└──────────────────┴─────────────────────────┴───────────────────────────┘

Full logs:
  portage-ng: /srv/tinderbox-ng/logs/compare-app_text_rpl-20260510T013411/portage-ng.log
  emerge    : /srv/tinderbox-ng/logs/compare-app_text_rpl-20260510T013411/emerge.log

[tinderbox-ng]   cleaning up sessions (use --keep to preserve)
