[tinderbox-ng] compare: target='app-i18n/fcitx-configtool'  mode=--build  label=app_i18n_fcitx_configtool
[tinderbox-ng]   portage-ng session: pkg-cmp-portage-ng-app_i18n_fcitx_configtool
[tinderbox-ng]   emerge     session: pkg-cmp-emerge-app_i18n_fcitx_configtool
[tinderbox-ng ok] session 'pkg-cmp-portage-ng-app_i18n_fcitx_configtool' created
[tinderbox-ng ok] session 'pkg-cmp-emerge-app_i18n_fcitx_configtool' created
[tinderbox-ng]   running both engines in parallel (logs: /srv/tinderbox-ng/logs/compare-app_i18n_fcitx_configtool-20260510T011644)

┌────────────────────────────────────────────────────────────────────────┐
│ tinderbox-ng compare report                                            │
├────────────────────────────────────────────────────────────────────────┤
│ target : app-i18n/fcitx-configtool                                     │
│ mode   : --build                                                       │
│ logs   : /srv/tinderbox-ng/logs/compare-app_i18n_fcitx_configtool-20260510T011644│
├──────────────────┬─────────────────────────┬───────────────────────────┤
│ (metric)         │ portage-ng              │ emerge                    │
├──────────────────┼─────────────────────────┼───────────────────────────┤
│ exit             │ FAIL(3)                 │ FAIL(1)                   │
│ plan actions     │ 201                     │ ?                         │
│ completed        │ 94                      │ 0                         │
│ merged into VDB  │ 27                      │ 0                         │
└──────────────────┴─────────────────────────┴───────────────────────────┘

First error/warning per engine:
  portage-ng: [step 3] FAIL (1) install portage://app-text/hunspell-1.7.2-r1

VDB delta (after build):
  only in portage-ng:
    + acct-group/messagebus-0-r3
    + app-dicts/myspell-en-20250901
    + app-eselect/eselect-fontconfig-20220403
    + app-text/docbook-xml-dtd-4.3-r2
    + app-text/docbook-xml-dtd-4.4-r3
    + app-text/iso-codes-4.20.1
    + app-text/xmlto-0.0.28-r11
    + dev-cpp/nlohmann_json-3.12.0-r1
    + dev-libs/double-conversion-3.4.0
    + dev-libs/fribidi-1.0.16
    + dev-libs/libevdev-1.13.6
    + dev-libs/libfmt-12.1.0
    + dev-libs/md4c-0.5.3
    + dev-libs/uthash-2.3.0-r1
    + dev-util/glib-utils-2.88.0
    + kde-frameworks/extra-cmake-modules-6.25.0
    + media-fonts/liberation-fonts-2.1.5
    + media-gfx/graphite2-1.3.14_p20210810-r5
    + media-libs/libpng-1.6.58
    + sys-libs/mtdev-1.1.7
    + virtual/libudev-251-r2
    + x11-base/xcb-proto-1.17.0
    + x11-base/xorg-proto-2025.1
    + x11-libs/libdrm-2.4.133
    + x11-libs/pixman-0.46.4
    + x11-libs/xtrans-1.6.0
    + x11-misc/xkeyboard-config-2.47

Full logs:
  portage-ng: /srv/tinderbox-ng/logs/compare-app_i18n_fcitx_configtool-20260510T011644/portage-ng.log
  emerge    : /srv/tinderbox-ng/logs/compare-app_i18n_fcitx_configtool-20260510T011644/emerge.log

[tinderbox-ng]   cleaning up sessions (use --keep to preserve)
