[tinderbox-ng] compare: target='app-misc/anki'  mode=--build  label=app_misc_anki
[tinderbox-ng]   portage-ng session: pkg-cmp-portage-ng-app_misc_anki
[tinderbox-ng]   emerge     session: pkg-cmp-emerge-app_misc_anki
[tinderbox-ng ok] session 'pkg-cmp-portage-ng-app_misc_anki' created
[tinderbox-ng ok] session 'pkg-cmp-emerge-app_misc_anki' created
[tinderbox-ng]   running both engines in parallel (logs: /srv/tinderbox-ng/logs/compare-app_misc_anki-20260510T011820)

┌────────────────────────────────────────────────────────────────────────┐
│ tinderbox-ng compare report                                            │
├────────────────────────────────────────────────────────────────────────┤
│ target : app-misc/anki                                                 │
│ mode   : --build                                                       │
│ logs   : /srv/tinderbox-ng/logs/compare-app_misc_anki-20260510T011820  │
├──────────────────┬─────────────────────────┬───────────────────────────┤
│ (metric)         │ portage-ng              │ emerge                    │
├──────────────────┼─────────────────────────┼───────────────────────────┤
│ exit             │ FAIL(3)                 │ FAIL(1)                   │
│ plan actions     │ 448                     │ ?                         │
│ completed        │ 150                     │ 0                         │
│ merged into VDB  │ 2                       │ 0                         │
└──────────────────┴─────────────────────────┴───────────────────────────┘

First error/warning per engine:
  portage-ng:  └─step  2─┤ verify  dev-python/pyqt6 (unsatisfied constraints, assumed running)

VDB delta (after build):
  only in portage-ng:
    + acct-group/messagebus-0-r3
    + dev-python/gpep517-19

Full logs:
  portage-ng: /srv/tinderbox-ng/logs/compare-app_misc_anki-20260510T011820/portage-ng.log
  emerge    : /srv/tinderbox-ng/logs/compare-app_misc_anki-20260510T011820/emerge.log

[tinderbox-ng]   cleaning up sessions (use --keep to preserve)
