[tinderbox-ng] compare: target='games-util/xboxdrv'  mode=--build  label=games_util_xboxdrv
[tinderbox-ng]   portage-ng session: pkg-cmp-portage-ng-games_util_xboxdrv
[tinderbox-ng]   emerge     session: pkg-cmp-emerge-games_util_xboxdrv
[tinderbox-ng ok] session 'pkg-cmp-portage-ng-games_util_xboxdrv' created
[tinderbox-ng ok] session 'pkg-cmp-emerge-games_util_xboxdrv' created
[tinderbox-ng]   running both engines in parallel (logs: /srv/tinderbox-ng/logs/compare-games_util_xboxdrv-20260510T073457)

┌────────────────────────────────────────────────────────────────────────┐
│ tinderbox-ng compare report                                            │
├────────────────────────────────────────────────────────────────────────┤
│ target : games-util/xboxdrv                                            │
│ mode   : --build                                                       │
│ logs   : /srv/tinderbox-ng/logs/compare-games_util_xboxdrv-20260510T073457│
├──────────────────┬─────────────────────────┬───────────────────────────┤
│ (metric)         │ portage-ng              │ emerge                    │
├──────────────────┼─────────────────────────┼───────────────────────────┤
│ exit             │ FAIL(3)                 │ OK                        │
│ plan actions     │ 54                      │ 19                        │
│ completed        │ 17                      │ 19                        │
│ merged into VDB  │ 2                       │ 19                        │
└──────────────────┴─────────────────────────┴───────────────────────────┘

First error/warning per engine:
  portage-ng: [step 2] FAIL (1) update portage://dev-python/setuptools-82.0.1
  emerge    :  * Failure to do so may cause unexpected problems.

VDB delta (after build):
  only in portage-ng:
    + dev-python/gpep517-19
  only in emerge:
    + acct-user/messagebus-0-r3
    + app-text/docbook-xml-dtd-4.4-r3
    + dev-build/scons-4.10.1
    + dev-libs/dbus-glib-0.114
    + dev-libs/libusb-1.0.29
    + dev-util/glib-utils-2.88.0
    + games-util/xboxdrv-0.8.11
    + sys-apps/dbus-1.16.2
    + virtual/libudev-251-r2
    + virtual/libusb-1-r2
    + x11-base/xcb-proto-1.17.0
    + x11-base/xorg-proto-2025.1
    + x11-libs/libX11-1.8.13
    + x11-libs/libXau-1.0.12
    + x11-libs/libXdmcp-1.1.5
    + x11-libs/libxcb-1.17.0
    + x11-libs/xtrans-1.6.0
    + x11-misc/compose-tables-1.8.13
  in both: 1 packages

Full logs:
  portage-ng: /srv/tinderbox-ng/logs/compare-games_util_xboxdrv-20260510T073457/portage-ng.log
  emerge    : /srv/tinderbox-ng/logs/compare-games_util_xboxdrv-20260510T073457/emerge.log

[tinderbox-ng]   cleaning up sessions (use --keep to preserve)
