[tinderbox-ng] compare: target='games-misc/openmsx'  mode=--build  label=games_misc_openmsx
[tinderbox-ng]   portage-ng session: pkg-cmp-portage-ng-games_misc_openmsx
[tinderbox-ng]   emerge     session: pkg-cmp-emerge-games_misc_openmsx
[tinderbox-ng ok] session 'pkg-cmp-portage-ng-games_misc_openmsx' created
[tinderbox-ng ok] session 'pkg-cmp-emerge-games_misc_openmsx' created
[tinderbox-ng]   running both engines in parallel (logs: /srv/tinderbox-ng/logs/compare-games_misc_openmsx-20260510T072708)

┌────────────────────────────────────────────────────────────────────────┐
│ tinderbox-ng compare report                                            │
├────────────────────────────────────────────────────────────────────────┤
│ target : games-misc/openmsx                                            │
│ mode   : --build                                                       │
│ logs   : /srv/tinderbox-ng/logs/compare-games_misc_openmsx-20260510T072708│
├──────────────────┬─────────────────────────┬───────────────────────────┤
│ (metric)         │ portage-ng              │ emerge                    │
├──────────────────┼─────────────────────────┼───────────────────────────┤
│ exit             │ OK                      │ OK                        │
│ plan actions     │ 3                       │ 1                         │
│ completed        │ 4                       │ 1                         │
│ merged into VDB  │ 1                       │ 1                         │
└──────────────────┴─────────────────────────┴───────────────────────────┘

Full logs:
  portage-ng: /srv/tinderbox-ng/logs/compare-games_misc_openmsx-20260510T072708/portage-ng.log
  emerge    : /srv/tinderbox-ng/logs/compare-games_misc_openmsx-20260510T072708/emerge.log

[tinderbox-ng]   cleaning up sessions (use --keep to preserve)
