[tinderbox-ng] compare: target='games-board/freedoko'  mode=--build  label=games_board_freedoko
[tinderbox-ng]   portage-ng session: pkg-cmp-portage-ng-games_board_freedoko
[tinderbox-ng]   emerge     session: pkg-cmp-emerge-games_board_freedoko
[tinderbox-ng ok] session 'pkg-cmp-portage-ng-games_board_freedoko' created
[tinderbox-ng ok] session 'pkg-cmp-emerge-games_board_freedoko' created
[tinderbox-ng]   running both engines in parallel (logs: /srv/tinderbox-ng/logs/compare-games_board_freedoko-20260510T072538)

┌────────────────────────────────────────────────────────────────────────┐
│ tinderbox-ng compare report                                            │
├────────────────────────────────────────────────────────────────────────┤
│ target : games-board/freedoko                                          │
│ mode   : --build                                                       │
│ logs   : /srv/tinderbox-ng/logs/compare-games_board_freedoko-20260510T072538│
├──────────────────┬─────────────────────────┬───────────────────────────┤
│ (metric)         │ portage-ng              │ emerge                    │
├──────────────────┼─────────────────────────┼───────────────────────────┤
│ exit             │ FAIL(3)                 │ FAIL(1)                   │
│ plan actions     │ 189                     │ ?                         │
│ completed        │ 64                      │ 0                         │
│ merged into VDB  │ 1                       │ 0                         │
└──────────────────┴─────────────────────────┴───────────────────────────┘

First error/warning per engine:
  portage-ng:  └─step  2─┤ verify  x11-libs/gtk+ (unsatisfied constraints, assumed running)
  emerge    : !!! The ebuild selected to satisfy "dev-cpp/gtkmm:3.0" has unmet requirements.

VDB delta (after build):
  only in portage-ng:
    + acct-group/messagebus-0-r3

Full logs:
  portage-ng: /srv/tinderbox-ng/logs/compare-games_board_freedoko-20260510T072538/portage-ng.log
  emerge    : /srv/tinderbox-ng/logs/compare-games_board_freedoko-20260510T072538/emerge.log

[tinderbox-ng]   cleaning up sessions (use --keep to preserve)
