[tinderbox-ng] compare: target='games-arcade/commandergenius'  mode=--build  label=games_arcade_commandergenius
[tinderbox-ng]   portage-ng session: pkg-cmp-portage-ng-games_arcade_commandergenius
[tinderbox-ng]   emerge     session: pkg-cmp-emerge-games_arcade_commandergenius
[tinderbox-ng ok] session 'pkg-cmp-portage-ng-games_arcade_commandergenius' created
[tinderbox-ng ok] session 'pkg-cmp-emerge-games_arcade_commandergenius' created
[tinderbox-ng]   running both engines in parallel (logs: /srv/tinderbox-ng/logs/compare-games_arcade_commandergenius-20260510T071909)

┌────────────────────────────────────────────────────────────────────────┐
│ tinderbox-ng compare report                                            │
├────────────────────────────────────────────────────────────────────────┤
│ target : games-arcade/commandergenius                                  │
│ mode   : --build                                                       │
│ logs   : /srv/tinderbox-ng/logs/compare-games_arcade_commandergenius-20260510T071909│
├──────────────────┬─────────────────────────┬───────────────────────────┤
│ (metric)         │ portage-ng              │ emerge                    │
├──────────────────┼─────────────────────────┼───────────────────────────┤
│ exit             │ FAIL(3)                 │ FAIL(1)                   │
│ plan actions     │ 99                      │ ?                         │
│ completed        │ 31                      │ 0                         │
│ merged into VDB  │ 0                       │ 0                         │
└──────────────────┴─────────────────────────┴───────────────────────────┘

First error/warning per engine:
  portage-ng: [step 2] FAIL (1) update portage://sys-libs/zlib-1.3.2-r1

Full logs:
  portage-ng: /srv/tinderbox-ng/logs/compare-games_arcade_commandergenius-20260510T071909/portage-ng.log
  emerge    : /srv/tinderbox-ng/logs/compare-games_arcade_commandergenius-20260510T071909/emerge.log

[tinderbox-ng]   cleaning up sessions (use --keep to preserve)
