[tinderbox-ng] compare: target='games-action/descent2-vertigo'  mode=--build  label=games_action_descent2_vertigo
[tinderbox-ng]   portage-ng session: pkg-cmp-portage-ng-games_action_descent2_vertigo
[tinderbox-ng]   emerge     session: pkg-cmp-emerge-games_action_descent2_vertigo
[tinderbox-ng ok] session 'pkg-cmp-portage-ng-games_action_descent2_vertigo' created
[tinderbox-ng ok] session 'pkg-cmp-emerge-games_action_descent2_vertigo' created
[tinderbox-ng]   running both engines in parallel (logs: /srv/tinderbox-ng/logs/compare-games_action_descent2_vertigo-20260510T071834)

┌────────────────────────────────────────────────────────────────────────┐
│ tinderbox-ng compare report                                            │
├────────────────────────────────────────────────────────────────────────┤
│ target : games-action/descent2-vertigo                                 │
│ mode   : --build                                                       │
│ logs   : /srv/tinderbox-ng/logs/compare-games_action_descent2_vertigo-20260510T071834│
├──────────────────┬─────────────────────────┬───────────────────────────┤
│ (metric)         │ portage-ng              │ emerge                    │
├──────────────────┼─────────────────────────┼───────────────────────────┤
│ exit             │ FAIL(3)                 │ FAIL(1)                   │
│ plan actions     │ 3                       │ 1                         │
│ completed        │ 1                       │ 0                         │
│ merged into VDB  │ 0                       │ 0                         │
└──────────────────┴─────────────────────────┴───────────────────────────┘

First error/warning per engine:
  portage-ng: [step 2] FAIL (1) install portage://games-action/descent2-vertigo-1.0-r1
  emerge    :  * ERROR: games-action/descent2-vertigo-1.0-r1::gentoo failed (unpack phase):

Full logs:
  portage-ng: /srv/tinderbox-ng/logs/compare-games_action_descent2_vertigo-20260510T071834/portage-ng.log
  emerge    : /srv/tinderbox-ng/logs/compare-games_action_descent2_vertigo-20260510T071834/emerge.log

[tinderbox-ng]   cleaning up sessions (use --keep to preserve)
