[tinderbox-ng] compare: target='games-arcade/late'  mode=--build  label=games_arcade_late
[tinderbox-ng]   portage-ng session: pkg-cmp-portage-ng-games_arcade_late
[tinderbox-ng]   emerge     session: pkg-cmp-emerge-games_arcade_late
[tinderbox-ng ok] session 'pkg-cmp-portage-ng-games_arcade_late' created
[tinderbox-ng ok] session 'pkg-cmp-emerge-games_arcade_late' created
[tinderbox-ng]   running both engines in parallel (logs: /srv/tinderbox-ng/logs/compare-games_arcade_late-20260510T072022)

┌────────────────────────────────────────────────────────────────────────┐
│ tinderbox-ng compare report                                            │
├────────────────────────────────────────────────────────────────────────┤
│ target : games-arcade/late                                             │
│ mode   : --build                                                       │
│ logs   : /srv/tinderbox-ng/logs/compare-games_arcade_late-20260510T072022│
├──────────────────┬─────────────────────────┬───────────────────────────┤
│ (metric)         │ portage-ng              │ emerge                    │
├──────────────────┼─────────────────────────┼───────────────────────────┤
│ exit             │ FAIL(3)                 │ FAIL(1)                   │
│ plan actions     │ 15                      │ ?                         │
│ completed        │ 10                      │ 0                         │
│ merged into VDB  │ 3                       │ 0                         │
└──────────────────┴─────────────────────────┴───────────────────────────┘

First error/warning per engine:
  portage-ng: [step 7] FAIL (1) install portage://media-libs/sdl-image-1.2.12_p20220527-r1

VDB delta (after build):
  only in portage-ng:
    + acct-group/gamestat-0-r3
    + media-libs/libsdl-1.2.74
    + media-libs/libsdl2-2.32.10

Full logs:
  portage-ng: /srv/tinderbox-ng/logs/compare-games_arcade_late-20260510T072022/portage-ng.log
  emerge    : /srv/tinderbox-ng/logs/compare-games_arcade_late-20260510T072022/emerge.log

[tinderbox-ng]   cleaning up sessions (use --keep to preserve)
