[tinderbox-ng] compare: target='games-rpg/comi'  mode=--build  label=games_rpg_comi
[tinderbox-ng]   portage-ng session: pkg-cmp-portage-ng-games_rpg_comi
[tinderbox-ng]   emerge     session: pkg-cmp-emerge-games_rpg_comi
[tinderbox-ng ok] session 'pkg-cmp-portage-ng-games_rpg_comi' created
[tinderbox-ng ok] session 'pkg-cmp-emerge-games_rpg_comi' created
[tinderbox-ng]   running both engines in parallel (logs: /srv/tinderbox-ng/logs/compare-games_rpg_comi-20260510T073217)

┌────────────────────────────────────────────────────────────────────────┐
│ tinderbox-ng compare report                                            │
├────────────────────────────────────────────────────────────────────────┤
│ target : games-rpg/comi                                                │
│ mode   : --build                                                       │
│ logs   : /srv/tinderbox-ng/logs/compare-games_rpg_comi-20260510T073217 │
├──────────────────┬─────────────────────────┬───────────────────────────┤
│ (metric)         │ portage-ng              │ emerge                    │
├──────────────────┼─────────────────────────┼───────────────────────────┤
│ exit             │ FAIL(3)                 │ FAIL(1)                   │
│ plan actions     │ 174                     │ ?                         │
│ completed        │ 59                      │ 0                         │
│ merged into VDB  │ 1                       │ 0                         │
└──────────────────┴─────────────────────────┴───────────────────────────┘

First error/warning per engine:
  portage-ng: [step 2] FAIL (1) update portage://dev-python/setuptools-82.0.1

VDB delta (after build):
  only in portage-ng:
    + acct-group/messagebus-0-r3

Full logs:
  portage-ng: /srv/tinderbox-ng/logs/compare-games_rpg_comi-20260510T073217/portage-ng.log
  emerge    : /srv/tinderbox-ng/logs/compare-games_rpg_comi-20260510T073217/emerge.log

[tinderbox-ng]   cleaning up sessions (use --keep to preserve)
