[tinderbox-ng] compare: target='games-util/gamepick'  mode=--build  label=games_util_gamepick
[tinderbox-ng]   portage-ng session: pkg-cmp-portage-ng-games_util_gamepick
[tinderbox-ng]   emerge     session: pkg-cmp-emerge-games_util_gamepick
[tinderbox-ng ok] session 'pkg-cmp-portage-ng-games_util_gamepick' created
[tinderbox-ng ok] session 'pkg-cmp-emerge-games_util_gamepick' created
[tinderbox-ng]   running both engines in parallel (logs: /srv/tinderbox-ng/logs/compare-games_util_gamepick-20260510T073408)

┌────────────────────────────────────────────────────────────────────────┐
│ tinderbox-ng compare report                                            │
├────────────────────────────────────────────────────────────────────────┤
│ target : games-util/gamepick                                           │
│ mode   : --build                                                       │
│ logs   : /srv/tinderbox-ng/logs/compare-games_util_gamepick-20260510T073408│
├──────────────────┬─────────────────────────┬───────────────────────────┤
│ (metric)         │ portage-ng              │ emerge                    │
├──────────────────┼─────────────────────────┼───────────────────────────┤
│ exit             │ FAIL(3)                 │ FAIL(1)                   │
│ plan actions     │ 258                     │ ?                         │
│ completed        │ 85                      │ 0                         │
│ merged into VDB  │ 1                       │ 0                         │
└──────────────────┴─────────────────────────┴───────────────────────────┘

First error/warning per engine:
  portage-ng: [step 2] FAIL (1) update portage://dev-python/setuptools-82.0.1

VDB delta (after build):
  only in portage-ng:
    + acct-group/messagebus-0-r3

Full logs:
  portage-ng: /srv/tinderbox-ng/logs/compare-games_util_gamepick-20260510T073408/portage-ng.log
  emerge    : /srv/tinderbox-ng/logs/compare-games_util_gamepick-20260510T073408/emerge.log

[tinderbox-ng]   cleaning up sessions (use --keep to preserve)
