[tinderbox-ng] compare: target='games-puzzle/gnome2048'  mode=--build  label=games_puzzle_gnome2048
[tinderbox-ng]   portage-ng session: pkg-cmp-portage-ng-games_puzzle_gnome2048
[tinderbox-ng]   emerge     session: pkg-cmp-emerge-games_puzzle_gnome2048
[tinderbox-ng ok] session 'pkg-cmp-portage-ng-games_puzzle_gnome2048' created
[tinderbox-ng ok] session 'pkg-cmp-emerge-games_puzzle_gnome2048' created
[tinderbox-ng]   running both engines in parallel (logs: /srv/tinderbox-ng/logs/compare-games_puzzle_gnome2048-20260510T072824)

┌────────────────────────────────────────────────────────────────────────┐
│ tinderbox-ng compare report                                            │
├────────────────────────────────────────────────────────────────────────┤
│ target : games-puzzle/gnome2048                                        │
│ mode   : --build                                                       │
│ logs   : /srv/tinderbox-ng/logs/compare-games_puzzle_gnome2048-20260510T072824│
├──────────────────┬─────────────────────────┬───────────────────────────┤
│ (metric)         │ portage-ng              │ emerge                    │
├──────────────────┼─────────────────────────┼───────────────────────────┤
│ exit             │ FAIL(3)                 │ FAIL(1)                   │
│ plan actions     │ 251                     │ ?                         │
│ completed        │ 84                      │ 0                         │
│ merged into VDB  │ 2                       │ 0                         │
└──────────────────┴─────────────────────────┴───────────────────────────┘

First error/warning per engine:
  portage-ng: [step 2] FAIL (1) update portage://dev-python/flit-core-3.12.0
  emerge    : !!! The ebuild selected to satisfy ">=media-libs/clutter-1.12.0:1.0" has unmet requirements.

VDB delta (after build):
  only in portage-ng:
    + acct-group/messagebus-0-r3
    + dev-python/gpep517-19

Full logs:
  portage-ng: /srv/tinderbox-ng/logs/compare-games_puzzle_gnome2048-20260510T072824/portage-ng.log
  emerge    : /srv/tinderbox-ng/logs/compare-games_puzzle_gnome2048-20260510T072824/emerge.log

[tinderbox-ng]   cleaning up sessions (use --keep to preserve)
