[tinderbox-ng] compare: target='games-puzzle/gnurobbo'  mode=--build  label=games_puzzle_gnurobbo
[tinderbox-ng]   portage-ng session: pkg-cmp-portage-ng-games_puzzle_gnurobbo
[tinderbox-ng]   emerge     session: pkg-cmp-emerge-games_puzzle_gnurobbo
[tinderbox-ng ok] session 'pkg-cmp-portage-ng-games_puzzle_gnurobbo' created
[tinderbox-ng ok] session 'pkg-cmp-emerge-games_puzzle_gnurobbo' created
[tinderbox-ng]   running both engines in parallel (logs: /srv/tinderbox-ng/logs/compare-games_puzzle_gnurobbo-20260510T072926)

┌────────────────────────────────────────────────────────────────────────┐
│ tinderbox-ng compare report                                            │
├────────────────────────────────────────────────────────────────────────┤
│ target : games-puzzle/gnurobbo                                         │
│ mode   : --build                                                       │
│ logs   : /srv/tinderbox-ng/logs/compare-games_puzzle_gnurobbo-20260510T072926│
├──────────────────┬─────────────────────────┬───────────────────────────┤
│ (metric)         │ portage-ng              │ emerge                    │
├──────────────────┼─────────────────────────┼───────────────────────────┤
│ exit             │ FAIL(3)                 │ FAIL(1)                   │
│ plan actions     │ 32                      │ ?                         │
│ completed        │ 17                      │ 0                         │
│ merged into VDB  │ 4                       │ 0                         │
└──────────────────┴─────────────────────────┴───────────────────────────┘

First error/warning per engine:
  portage-ng: [step 5] FAIL (1) install portage://media-libs/libvorbis-1.3.7-r2

VDB delta (after build):
  only in portage-ng:
    + media-libs/libogg-1.3.6
    + media-libs/libpng-1.6.58
    + media-libs/libsdl-1.2.74
    + media-libs/libsdl2-2.32.10

Full logs:
  portage-ng: /srv/tinderbox-ng/logs/compare-games_puzzle_gnurobbo-20260510T072926/portage-ng.log
  emerge    : /srv/tinderbox-ng/logs/compare-games_puzzle_gnurobbo-20260510T072926/emerge.log

[tinderbox-ng]   cleaning up sessions (use --keep to preserve)
