[tinderbox-ng] compare: target='games-arcade/syobon'  mode=--build  label=games_arcade_syobon
[tinderbox-ng]   portage-ng session: pkg-cmp-portage-ng-games_arcade_syobon
[tinderbox-ng]   emerge     session: pkg-cmp-emerge-games_arcade_syobon
[tinderbox-ng ok] session 'pkg-cmp-portage-ng-games_arcade_syobon' created
[tinderbox-ng ok] session 'pkg-cmp-emerge-games_arcade_syobon' created
[tinderbox-ng]   running both engines in parallel (logs: /srv/tinderbox-ng/logs/compare-games_arcade_syobon-20260510T072205)

┌────────────────────────────────────────────────────────────────────────┐
│ tinderbox-ng compare report                                            │
├────────────────────────────────────────────────────────────────────────┤
│ target : games-arcade/syobon                                           │
│ mode   : --build                                                       │
│ logs   : /srv/tinderbox-ng/logs/compare-games_arcade_syobon-20260510T072205│
├──────────────────┬─────────────────────────┬───────────────────────────┤
│ (metric)         │ portage-ng              │ emerge                    │
├──────────────────┼─────────────────────────┼───────────────────────────┤
│ exit             │ FAIL(3)                 │ FAIL(1)                   │
│ plan actions     │ 35                      │ ?                         │
│ completed        │ 18                      │ 0                         │
│ merged into VDB  │ 4                       │ 0                         │
└──────────────────┴─────────────────────────┴───────────────────────────┘

First error/warning per engine:
  portage-ng: [step 5] FAIL (1) install portage://media-libs/freetype-2.14.3

VDB delta (after build):
  only in portage-ng:
    + media-libs/libogg-1.3.6
    + media-libs/libpng-1.6.58
    + media-libs/libsdl-1.2.74
    + media-libs/libsdl2-2.32.10

Full logs:
  portage-ng: /srv/tinderbox-ng/logs/compare-games_arcade_syobon-20260510T072205/portage-ng.log
  emerge    : /srv/tinderbox-ng/logs/compare-games_arcade_syobon-20260510T072205/emerge.log

[tinderbox-ng]   cleaning up sessions (use --keep to preserve)
