[tinderbox-ng] compare: target='games-rpg/crosscode'  mode=--build  label=games_rpg_crosscode
[tinderbox-ng]   portage-ng session: pkg-cmp-portage-ng-games_rpg_crosscode
[tinderbox-ng]   emerge     session: pkg-cmp-emerge-games_rpg_crosscode
[tinderbox-ng ok] session 'pkg-cmp-portage-ng-games_rpg_crosscode' created
[tinderbox-ng ok] session 'pkg-cmp-emerge-games_rpg_crosscode' created
[tinderbox-ng]   running both engines in parallel (logs: /srv/tinderbox-ng/logs/compare-games_rpg_crosscode-20260510T073222)

┌────────────────────────────────────────────────────────────────────────┐
│ tinderbox-ng compare report                                            │
├────────────────────────────────────────────────────────────────────────┤
│ target : games-rpg/crosscode                                           │
│ mode   : --build                                                       │
│ logs   : /srv/tinderbox-ng/logs/compare-games_rpg_crosscode-20260510T073222│
├──────────────────┬─────────────────────────┬───────────────────────────┤
│ (metric)         │ portage-ng              │ emerge                    │
├──────────────────┼─────────────────────────┼───────────────────────────┤
│ exit             │ FAIL(3)                 │ FAIL(1)                   │
│ plan actions     │ 294                     │ ?                         │
│ completed        │ 97                      │ 0                         │
│ merged into VDB  │ 3                       │ 0                         │
└──────────────────┴─────────────────────────┴───────────────────────────┘

First error/warning per engine:
  portage-ng: [step 2] FAIL (manual fetch required) download portage://games-rpg/crosscode-1.4.2.2-r2

VDB delta (after build):
  only in portage-ng:
    + acct-group/lpadmin-0-r3
    + acct-group/messagebus-0-r3
    + dev-python/gpep517-19

Full logs:
  portage-ng: /srv/tinderbox-ng/logs/compare-games_rpg_crosscode-20260510T073222/portage-ng.log
  emerge    : /srv/tinderbox-ng/logs/compare-games_rpg_crosscode-20260510T073222/emerge.log

[tinderbox-ng]   cleaning up sessions (use --keep to preserve)
