[tinderbox-ng] compare: target='games-sports/speed-dreams'  mode=--build  label=games_sports_speed_dreams
[tinderbox-ng]   portage-ng session: pkg-cmp-portage-ng-games_sports_speed_dreams
[tinderbox-ng]   emerge     session: pkg-cmp-emerge-games_sports_speed_dreams
[tinderbox-ng ok] session 'pkg-cmp-portage-ng-games_sports_speed_dreams' created
[tinderbox-ng ok] session 'pkg-cmp-emerge-games_sports_speed_dreams' created
[tinderbox-ng]   running both engines in parallel (logs: /srv/tinderbox-ng/logs/compare-games_sports_speed_dreams-20260510T073406)

┌────────────────────────────────────────────────────────────────────────┐
│ tinderbox-ng compare report                                            │
├────────────────────────────────────────────────────────────────────────┤
│ target : games-sports/speed-dreams                                     │
│ mode   : --build                                                       │
│ logs   : /srv/tinderbox-ng/logs/compare-games_sports_speed_dreams-20260510T073406│
├──────────────────┬─────────────────────────┬───────────────────────────┤
│ (metric)         │ portage-ng              │ emerge                    │
├──────────────────┼─────────────────────────┼───────────────────────────┤
│ exit             │ FAIL(3)                 │ FAIL(1)                   │
│ plan actions     │ 132                     │ ?                         │
│ completed        │ 73                      │ 0                         │
│ merged into VDB  │ 19                      │ 0                         │
└──────────────────┴─────────────────────────┴───────────────────────────┘

First error/warning per engine:
  portage-ng: [step 6] FAIL (1) install portage://media-libs/freetype-2.14.3

VDB delta (after build):
  only in portage-ng:
    + app-crypt/p11-kit-0.26.2
    + app-eselect/eselect-fontconfig-20220403
    + app-eselect/eselect-java-0.5.1
    + dev-games/freesolid-2.1.2-r1
    + dev-libs/gobject-introspection-common-1.86.0
    + dev-util/glib-utils-2.88.0
    + media-fonts/liberation-fonts-2.1.5
    + media-gfx/graphite2-1.3.14_p20210810-r5
    + media-libs/libpng-1.6.58
    + media-libs/openal-1.24.3
    + net-libs/enet-1.3.18
    + sys-apps/baselayout-java-0.1.0-r3
    + virtual/ttf-fonts-1-r2
    + x11-base/xcb-proto-1.17.0
    + x11-base/xorg-proto-2025.1
    + x11-libs/libXau-1.0.12
    + x11-libs/libXdmcp-1.1.5
    + x11-libs/pixman-0.46.4
    + x11-libs/xtrans-1.6.0

Full logs:
  portage-ng: /srv/tinderbox-ng/logs/compare-games_sports_speed_dreams-20260510T073406/portage-ng.log
  emerge    : /srv/tinderbox-ng/logs/compare-games_sports_speed_dreams-20260510T073406/emerge.log

[tinderbox-ng]   cleaning up sessions (use --keep to preserve)
