[tinderbox-ng] compare: target='games-misc/lolcat'  mode=--build  label=games_misc_lolcat
[tinderbox-ng]   portage-ng session: pkg-cmp-portage-ng-games_misc_lolcat
[tinderbox-ng]   emerge     session: pkg-cmp-emerge-games_misc_lolcat
[tinderbox-ng ok] session 'pkg-cmp-portage-ng-games_misc_lolcat' created
[tinderbox-ng ok] session 'pkg-cmp-emerge-games_misc_lolcat' created
[tinderbox-ng]   running both engines in parallel (logs: /srv/tinderbox-ng/logs/compare-games_misc_lolcat-20260510T072652)

┌────────────────────────────────────────────────────────────────────────┐
│ tinderbox-ng compare report                                            │
├────────────────────────────────────────────────────────────────────────┤
│ target : games-misc/lolcat                                             │
│ mode   : --build                                                       │
│ logs   : /srv/tinderbox-ng/logs/compare-games_misc_lolcat-20260510T072652│
├──────────────────┬─────────────────────────┬───────────────────────────┤
│ (metric)         │ portage-ng              │ emerge                    │
├──────────────────┼─────────────────────────┼───────────────────────────┤
│ exit             │ FAIL(3)                 │ FAIL(1)                   │
│ plan actions     │ 146                     │ 0                         │
│ completed        │ 52                      │ 2                         │
│ merged into VDB  │ 2                       │ 2                         │
└──────────────────┴─────────────────────────┴───────────────────────────┘

First error/warning per engine:
  portage-ng: [step 3] FAIL (1) install portage://dev-util/colm-0.14.7-r4
  emerge    : >>> Failed to emerge dev-util/colm-0.14.7-r4, Log file:

Full logs:
  portage-ng: /srv/tinderbox-ng/logs/compare-games_misc_lolcat-20260510T072652/portage-ng.log
  emerge    : /srv/tinderbox-ng/logs/compare-games_misc_lolcat-20260510T072652/emerge.log

[tinderbox-ng]   cleaning up sessions (use --keep to preserve)
