[tinderbox-ng] compare: target='gui-libs/wf-config'  mode=--build  label=gui_libs_wf_config
[tinderbox-ng]   portage-ng session: pkg-cmp-portage-ng-gui_libs_wf_config
[tinderbox-ng]   emerge     session: pkg-cmp-emerge-gui_libs_wf_config
[tinderbox-ng ok] session 'pkg-cmp-portage-ng-gui_libs_wf_config' created
[tinderbox-ng ok] session 'pkg-cmp-emerge-gui_libs_wf_config' created
[tinderbox-ng]   running both engines in parallel (logs: /srv/tinderbox-ng/logs/compare-gui_libs_wf_config-20260510T074021)

┌────────────────────────────────────────────────────────────────────────┐
│ tinderbox-ng compare report                                            │
├────────────────────────────────────────────────────────────────────────┤
│ target : gui-libs/wf-config                                            │
│ mode   : --build                                                       │
│ logs   : /srv/tinderbox-ng/logs/compare-gui_libs_wf_config-20260510T074021│
├──────────────────┬─────────────────────────┬───────────────────────────┤
│ (metric)         │ portage-ng              │ emerge                    │
├──────────────────┼─────────────────────────┼───────────────────────────┤
│ exit             │ OK                      │ OK                        │
│ plan actions     │ 13                      │ 5                         │
│ completed        │ 14                      │ 5                         │
│ merged into VDB  │ 5                       │ 5                         │
└──────────────────┴─────────────────────────┴───────────────────────────┘

Full logs:
  portage-ng: /srv/tinderbox-ng/logs/compare-gui_libs_wf_config-20260510T074021/portage-ng.log
  emerge    : /srv/tinderbox-ng/logs/compare-gui_libs_wf_config-20260510T074021/emerge.log

[tinderbox-ng]   cleaning up sessions (use --keep to preserve)
