[tinderbox-ng] compare: target='gui-apps/wf-recorder'  mode=--build  label=gui_apps_wf_recorder
[tinderbox-ng]   portage-ng session: pkg-cmp-portage-ng-gui_apps_wf_recorder
[tinderbox-ng]   emerge     session: pkg-cmp-emerge-gui_apps_wf_recorder
[tinderbox-ng ok] session 'pkg-cmp-portage-ng-gui_apps_wf_recorder' created
[tinderbox-ng ok] session 'pkg-cmp-emerge-gui_apps_wf_recorder' created
[tinderbox-ng]   running both engines in parallel (logs: /srv/tinderbox-ng/logs/compare-gui_apps_wf_recorder-20260510T073741)

┌────────────────────────────────────────────────────────────────────────┐
│ tinderbox-ng compare report                                            │
├────────────────────────────────────────────────────────────────────────┤
│ target : gui-apps/wf-recorder                                          │
│ mode   : --build                                                       │
│ logs   : /srv/tinderbox-ng/logs/compare-gui_apps_wf_recorder-20260510T073741│
├──────────────────┬─────────────────────────┬───────────────────────────┤
│ (metric)         │ portage-ng              │ emerge                    │
├──────────────────┼─────────────────────────┼───────────────────────────┤
│ exit             │ FAIL(3)                 │ FAIL(1)                   │
│ plan actions     │ 164                     │ ?                         │
│ completed        │ 54                      │ 0                         │
│ merged into VDB  │ 1                       │ 0                         │
└──────────────────┴─────────────────────────┴───────────────────────────┘

First error/warning per engine:
  portage-ng: [step 2] FAIL (1) update portage://dev-python/flit-core-3.12.0

VDB delta (after build):
  only in portage-ng:
    + dev-python/gpep517-19

Full logs:
  portage-ng: /srv/tinderbox-ng/logs/compare-gui_apps_wf_recorder-20260510T073741/portage-ng.log
  emerge    : /srv/tinderbox-ng/logs/compare-gui_apps_wf_recorder-20260510T073741/emerge.log

[tinderbox-ng]   cleaning up sessions (use --keep to preserve)
