[tinderbox-ng] compare: target='gui-apps/grim'  mode=--build  label=gui_apps_grim
[tinderbox-ng]   portage-ng session: pkg-cmp-portage-ng-gui_apps_grim
[tinderbox-ng]   emerge     session: pkg-cmp-emerge-gui_apps_grim
[tinderbox-ng ok] session 'pkg-cmp-portage-ng-gui_apps_grim' created
[tinderbox-ng ok] session 'pkg-cmp-emerge-gui_apps_grim' created
[tinderbox-ng]   running both engines in parallel (logs: /srv/tinderbox-ng/logs/compare-gui_apps_grim-20260510T073725)

┌────────────────────────────────────────────────────────────────────────┐
│ tinderbox-ng compare report                                            │
├────────────────────────────────────────────────────────────────────────┤
│ target : gui-apps/grim                                                 │
│ mode   : --build                                                       │
│ logs   : /srv/tinderbox-ng/logs/compare-gui_apps_grim-20260510T073725  │
├──────────────────┬─────────────────────────┬───────────────────────────┤
│ (metric)         │ portage-ng              │ emerge                    │
├──────────────────┼─────────────────────────┼───────────────────────────┤
│ exit             │ OK                      │ OK                        │
│ plan actions     │ 16                      │ 6                         │
│ completed        │ 17                      │ 6                         │
│ merged into VDB  │ 6                       │ 6                         │
└──────────────────┴─────────────────────────┴───────────────────────────┘

Full logs:
  portage-ng: /srv/tinderbox-ng/logs/compare-gui_apps_grim-20260510T073725/portage-ng.log
  emerge    : /srv/tinderbox-ng/logs/compare-gui_apps_grim-20260510T073725/emerge.log

[tinderbox-ng]   cleaning up sessions (use --keep to preserve)
