[tinderbox-ng] compare: target='gui-libs/vte-common'  mode=--build  label=gui_libs_vte_common
[tinderbox-ng]   portage-ng session: pkg-cmp-portage-ng-gui_libs_vte_common
[tinderbox-ng]   emerge     session: pkg-cmp-emerge-gui_libs_vte_common
[tinderbox-ng ok] session 'pkg-cmp-portage-ng-gui_libs_vte_common' created
[tinderbox-ng ok] session 'pkg-cmp-emerge-gui_libs_vte_common' created
[tinderbox-ng]   running both engines in parallel (logs: /srv/tinderbox-ng/logs/compare-gui_libs_vte_common-20260510T074004)

┌────────────────────────────────────────────────────────────────────────┐
│ tinderbox-ng compare report                                            │
├────────────────────────────────────────────────────────────────────────┤
│ target : gui-libs/vte-common                                           │
│ mode   : --build                                                       │
│ logs   : /srv/tinderbox-ng/logs/compare-gui_libs_vte_common-20260510T074004│
├──────────────────┬─────────────────────────┬───────────────────────────┤
│ (metric)         │ portage-ng              │ emerge                    │
├──────────────────┼─────────────────────────┼───────────────────────────┤
│ exit             │ FAIL(3)                 │ FAIL(1)                   │
│ plan actions     │ 249                     │ ?                         │
│ completed        │ 85                      │ 0                         │
│ merged into VDB  │ 2                       │ 0                         │
└──────────────────┴─────────────────────────┴───────────────────────────┘

First error/warning per engine:
  portage-ng: [step 2] FAIL (1) update portage://dev-python/flit-core-3.12.0

VDB delta (after build):
  only in portage-ng:
    + acct-group/messagebus-0-r3
    + dev-python/gpep517-19

Full logs:
  portage-ng: /srv/tinderbox-ng/logs/compare-gui_libs_vte_common-20260510T074004/portage-ng.log
  emerge    : /srv/tinderbox-ng/logs/compare-gui_libs_vte_common-20260510T074004/emerge.log

[tinderbox-ng]   cleaning up sessions (use --keep to preserve)
