[tinderbox-ng] compare: target='lxde-base/lxappearance-obconf'  mode=--build  label=lxde_base_lxappearance_obconf
[tinderbox-ng]   portage-ng session: pkg-cmp-portage-ng-lxde_base_lxappearance_obconf
[tinderbox-ng]   emerge     session: pkg-cmp-emerge-lxde_base_lxappearance_obconf
[tinderbox-ng ok] session 'pkg-cmp-portage-ng-lxde_base_lxappearance_obconf' created
[tinderbox-ng ok] session 'pkg-cmp-emerge-lxde_base_lxappearance_obconf' created
[tinderbox-ng]   running both engines in parallel (logs: /srv/tinderbox-ng/logs/compare-lxde_base_lxappearance_obconf-20260510T074106)

┌────────────────────────────────────────────────────────────────────────┐
│ tinderbox-ng compare report                                            │
├────────────────────────────────────────────────────────────────────────┤
│ target : lxde-base/lxappearance-obconf                                 │
│ mode   : --build                                                       │
│ logs   : /srv/tinderbox-ng/logs/compare-lxde_base_lxappearance_obconf-20260510T074106│
├──────────────────┬─────────────────────────┬───────────────────────────┤
│ (metric)         │ portage-ng              │ emerge                    │
├──────────────────┼─────────────────────────┼───────────────────────────┤
│ exit             │ FAIL(3)                 │ FAIL(1)                   │
│ plan actions     │ 272                     │ ?                         │
│ completed        │ 89                      │ 0                         │
│ merged into VDB  │ 1                       │ 0                         │
└──────────────────┴─────────────────────────┴───────────────────────────┘

First error/warning per engine:
  portage-ng: [step 2] FAIL (1) update portage://dev-python/setuptools-82.0.1

VDB delta (after build):
  only in portage-ng:
    + acct-group/messagebus-0-r3

Full logs:
  portage-ng: /srv/tinderbox-ng/logs/compare-lxde_base_lxappearance_obconf-20260510T074106/portage-ng.log
  emerge    : /srv/tinderbox-ng/logs/compare-lxde_base_lxappearance_obconf-20260510T074106/emerge.log

[tinderbox-ng]   cleaning up sessions (use --keep to preserve)
