[tinderbox-ng] compare: target='mail-mta/postfix'  mode=--build  label=mail_mta_postfix
[tinderbox-ng]   portage-ng session: pkg-cmp-portage-ng-mail_mta_postfix
[tinderbox-ng]   emerge     session: pkg-cmp-emerge-mail_mta_postfix
[tinderbox-ng ok] session 'pkg-cmp-portage-ng-mail_mta_postfix' created
[tinderbox-ng ok] session 'pkg-cmp-emerge-mail_mta_postfix' created
[tinderbox-ng]   running both engines in parallel (logs: /srv/tinderbox-ng/logs/compare-mail_mta_postfix-20260510T074515)

┌────────────────────────────────────────────────────────────────────────┐
│ tinderbox-ng compare report                                            │
├────────────────────────────────────────────────────────────────────────┤
│ target : mail-mta/postfix                                              │
│ mode   : --build                                                       │
│ logs   : /srv/tinderbox-ng/logs/compare-mail_mta_postfix-20260510T074515│
├──────────────────┬─────────────────────────┬───────────────────────────┤
│ (metric)         │ portage-ng              │ emerge                    │
├──────────────────┼─────────────────────────┼───────────────────────────┤
│ exit             │ FAIL(3)                 │ FAIL(1)                   │
│ plan actions     │ 18                      │ 1                         │
│ completed        │ 10                      │ 5                         │
│ merged into VDB  │ 4                       │ 5                         │
└──────────────────┴─────────────────────────┴───────────────────────────┘

First error/warning per engine:
  portage-ng: [step 2] FAIL (1) install portage://sys-libs/db-6.0.35-r5
  emerge    : >>> Failed to emerge sys-libs/db-6.0.35-r5, Log file:

VDB delta (after build):
  only in emerge:
    + acct-user/postfix-0-r3
  in both: 4 packages

Full logs:
  portage-ng: /srv/tinderbox-ng/logs/compare-mail_mta_postfix-20260510T074515/portage-ng.log
  emerge    : /srv/tinderbox-ng/logs/compare-mail_mta_postfix-20260510T074515/emerge.log

[tinderbox-ng]   cleaning up sessions (use --keep to preserve)
