[tinderbox-ng] compare: target='mail-client/claws-mail'  mode=--build  label=mail_client_claws_mail
[tinderbox-ng]   portage-ng session: pkg-cmp-portage-ng-mail_client_claws_mail
[tinderbox-ng]   emerge     session: pkg-cmp-emerge-mail_client_claws_mail
[tinderbox-ng ok] session 'pkg-cmp-portage-ng-mail_client_claws_mail' created
[tinderbox-ng ok] session 'pkg-cmp-emerge-mail_client_claws_mail' created
[tinderbox-ng]   running both engines in parallel (logs: /srv/tinderbox-ng/logs/compare-mail_client_claws_mail-20260510T074155)

┌────────────────────────────────────────────────────────────────────────┐
│ tinderbox-ng compare report                                            │
├────────────────────────────────────────────────────────────────────────┤
│ target : mail-client/claws-mail                                        │
│ mode   : --build                                                       │
│ logs   : /srv/tinderbox-ng/logs/compare-mail_client_claws_mail-20260510T074155│
├──────────────────┬─────────────────────────┬───────────────────────────┤
│ (metric)         │ portage-ng              │ emerge                    │
├──────────────────┼─────────────────────────┼───────────────────────────┤
│ exit             │ FAIL(3)                 │ FAIL(1)                   │
│ plan actions     │ 300                     │ ?                         │
│ completed        │ 98                      │ 0                         │
│ merged into VDB  │ 1                       │ 0                         │
└──────────────────┴─────────────────────────┴───────────────────────────┘

First error/warning per engine:
  portage-ng: [step 2] FAIL (1) update portage://dev-python/setuptools-82.0.1

VDB delta (after build):
  only in portage-ng:
    + acct-group/messagebus-0-r3

Full logs:
  portage-ng: /srv/tinderbox-ng/logs/compare-mail_client_claws_mail-20260510T074155/portage-ng.log
  emerge    : /srv/tinderbox-ng/logs/compare-mail_client_claws_mail-20260510T074155/emerge.log

[tinderbox-ng]   cleaning up sessions (use --keep to preserve)
