[tinderbox-ng] compare: target='mate-extra/mate-power-manager'  mode=--build  label=mate_extra_mate_power_manager
[tinderbox-ng]   portage-ng session: pkg-cmp-portage-ng-mate_extra_mate_power_manager
[tinderbox-ng]   emerge     session: pkg-cmp-emerge-mate_extra_mate_power_manager
[tinderbox-ng ok] session 'pkg-cmp-portage-ng-mate_extra_mate_power_manager' created
[tinderbox-ng ok] session 'pkg-cmp-emerge-mate_extra_mate_power_manager' created
[tinderbox-ng]   running both engines in parallel (logs: /srv/tinderbox-ng/logs/compare-mate_extra_mate_power_manager-20260510T074711)

┌────────────────────────────────────────────────────────────────────────┐
│ tinderbox-ng compare report                                            │
├────────────────────────────────────────────────────────────────────────┤
│ target : mate-extra/mate-power-manager                                 │
│ mode   : --build                                                       │
│ logs   : /srv/tinderbox-ng/logs/compare-mate_extra_mate_power_manager-20260510T074711│
├──────────────────┬─────────────────────────┬───────────────────────────┤
│ (metric)         │ portage-ng              │ emerge                    │
├──────────────────┼─────────────────────────┼───────────────────────────┤
│ exit             │ FAIL(3)                 │ FAIL(1)                   │
│ plan actions     │ 376                     │ ?                         │
│ completed        │ 124                     │ 0                         │
│ merged into VDB  │ 2                       │ 0                         │
└──────────────────┴─────────────────────────┴───────────────────────────┘

First error/warning per engine:
  portage-ng: [step 2] FAIL (1) update portage://dev-python/setuptools-82.0.1

VDB delta (after build):
  only in portage-ng:
    + acct-group/messagebus-0-r3
    + acct-group/polkitd-0-r3

Full logs:
  portage-ng: /srv/tinderbox-ng/logs/compare-mate_extra_mate_power_manager-20260510T074711/portage-ng.log
  emerge    : /srv/tinderbox-ng/logs/compare-mate_extra_mate_power_manager-20260510T074711/emerge.log

[tinderbox-ng]   cleaning up sessions (use --keep to preserve)
