[tinderbox-ng] compare: target='mate-base/mate-applets-meta'  mode=--build  label=mate_base_mate_applets_meta
[tinderbox-ng]   portage-ng session: pkg-cmp-portage-ng-mate_base_mate_applets_meta
[tinderbox-ng]   emerge     session: pkg-cmp-emerge-mate_base_mate_applets_meta
[tinderbox-ng ok] session 'pkg-cmp-portage-ng-mate_base_mate_applets_meta' created
[tinderbox-ng ok] session 'pkg-cmp-emerge-mate_base_mate_applets_meta' created
[tinderbox-ng]   running both engines in parallel (logs: /srv/tinderbox-ng/logs/compare-mate_base_mate_applets_meta-20260510T074657)

┌────────────────────────────────────────────────────────────────────────┐
│ tinderbox-ng compare report                                            │
├────────────────────────────────────────────────────────────────────────┤
│ target : mate-base/mate-applets-meta                                   │
│ mode   : --build                                                       │
│ logs   : /srv/tinderbox-ng/logs/compare-mate_base_mate_applets_meta-20260510T074657│
├──────────────────┬─────────────────────────┬───────────────────────────┤
│ (metric)         │ portage-ng              │ emerge                    │
├──────────────────┼─────────────────────────┼───────────────────────────┤
│ exit             │ FAIL(3)                 │ FAIL(1)                   │
│ plan actions     │ 515                     │ ?                         │
│ completed        │ 169                     │ 0                         │
│ merged into VDB  │ 2                       │ 0                         │
└──────────────────┴─────────────────────────┴───────────────────────────┘

First error/warning per engine:
  portage-ng: [step 2] FAIL (1) update portage://dev-python/setuptools-82.0.1

VDB delta (after build):
  only in portage-ng:
    + acct-group/messagebus-0-r3
    + acct-group/polkitd-0-r3

Full logs:
  portage-ng: /srv/tinderbox-ng/logs/compare-mate_base_mate_applets_meta-20260510T074657/portage-ng.log
  emerge    : /srv/tinderbox-ng/logs/compare-mate_base_mate_applets_meta-20260510T074657/emerge.log

[tinderbox-ng]   cleaning up sessions (use --keep to preserve)
