[tinderbox-ng] compare: target='media-sound/jack-keyboard'  mode=--build  label=media_sound_jack_keyboard
[tinderbox-ng]   portage-ng session: pkg-cmp-portage-ng-media_sound_jack_keyboard
[tinderbox-ng]   emerge     session: pkg-cmp-emerge-media_sound_jack_keyboard
[tinderbox-ng ok] session 'pkg-cmp-portage-ng-media_sound_jack_keyboard' created
[tinderbox-ng ok] session 'pkg-cmp-emerge-media_sound_jack_keyboard' created
[tinderbox-ng]   running both engines in parallel (logs: /srv/tinderbox-ng/logs/compare-media_sound_jack_keyboard-20260510T081525)

┌────────────────────────────────────────────────────────────────────────┐
│ tinderbox-ng compare report                                            │
├────────────────────────────────────────────────────────────────────────┤
│ target : media-sound/jack-keyboard                                     │
│ mode   : --build                                                       │
│ logs   : /srv/tinderbox-ng/logs/compare-media_sound_jack_keyboard-20260510T081525│
├──────────────────┬─────────────────────────┬───────────────────────────┤
│ (metric)         │ portage-ng              │ emerge                    │
├──────────────────┼─────────────────────────┼───────────────────────────┤
│ exit             │ FAIL(3)                 │ FAIL(1)                   │
│ plan actions     │ 280                     │ ?                         │
│ completed        │ 92                      │ 0                         │
│ merged into VDB  │ 2                       │ 0                         │
└──────────────────┴─────────────────────────┴───────────────────────────┘

First error/warning per engine:
  portage-ng: [step 2] FAIL (1) update portage://dev-python/setuptools-82.0.1

VDB delta (after build):
  only in portage-ng:
    + acct-group/messagebus-0-r3
    + acct-group/realtime-0-r2

Full logs:
  portage-ng: /srv/tinderbox-ng/logs/compare-media_sound_jack_keyboard-20260510T081525/portage-ng.log
  emerge    : /srv/tinderbox-ng/logs/compare-media_sound_jack_keyboard-20260510T081525/emerge.log

[tinderbox-ng]   cleaning up sessions (use --keep to preserve)
