[tinderbox-ng] compare: target='media-gfx/ristretto'  mode=--build  label=media_gfx_ristretto
[tinderbox-ng]   portage-ng session: pkg-cmp-portage-ng-media_gfx_ristretto
[tinderbox-ng]   emerge     session: pkg-cmp-emerge-media_gfx_ristretto
[tinderbox-ng ok] session 'pkg-cmp-portage-ng-media_gfx_ristretto' created
[tinderbox-ng ok] session 'pkg-cmp-emerge-media_gfx_ristretto' created
[tinderbox-ng]   running both engines in parallel (logs: /srv/tinderbox-ng/logs/compare-media_gfx_ristretto-20260510T075138)

в”Ңв”Җв”Җв”Җв”Җв”Җв”Җв”Җв”Җв”Җв”Җв”Җв”Җв”Җв”Җв”Җв”Җв”Җв”Җв”Җв”Җв”Җв”Җв”Җв”Җв”Җв”Җв”Җв”Җв”Җв”Җв”Җв”Җв”Җв”Җв”Җв”Җв”Җв”Җв”Җв”Җв”Җв”Җв”Җв”Җв”Җв”Җв”Җв”Җв”Җв”Җв”Җв”Җв”Җв”Җв”Җв”Җв”Җв”Җв”Җв”Җв”Җв”Җв”Җв”Җв”Җв”Җв”Җв”Җв”Җв”Җв”Җв”Җв”җ
в”Ӯ tinderbox-ng compare report                                            в”Ӯ
в”ңв”Җв”Җв”Җв”Җв”Җв”Җв”Җв”Җв”Җв”Җв”Җв”Җв”Җв”Җв”Җв”Җв”Җв”Җв”Җв”Җв”Җв”Җв”Җв”Җв”Җв”Җв”Җв”Җв”Җв”Җв”Җв”Җв”Җв”Җв”Җв”Җв”Җв”Җв”Җв”Җв”Җв”Җв”Җв”Җв”Җв”Җв”Җв”Җв”Җв”Җв”Җв”Җв”Җв”Җв”Җв”Җв”Җв”Җв”Җв”Җв”Җв”Җв”Җв”Җв”Җв”Җв”Җв”Җв”Җв”Җв”Җв”Җв”Ө
в”Ӯ target : media-gfx/ristretto                                           в”Ӯ
в”Ӯ mode   : --build                                                       в”Ӯ
в”Ӯ logs   : /srv/tinderbox-ng/logs/compare-media_gfx_ristretto-20260510T075138в”Ӯ
в”ңв”Җв”Җв”Җв”Җв”Җв”Җв”Җв”Җв”Җв”Җв”Җв”Җв”Җв”Җв”Җв”Җв”Җв”Җв”¬в”Җв”Җв”Җв”Җв”Җв”Җв”Җв”Җв”Җв”Җв”Җв”Җв”Җв”Җв”Җв”Җв”Җв”Җв”Җв”Җв”Җв”Җв”Җв”Җв”Җв”¬в”Җв”Җв”Җв”Җв”Җв”Җв”Җв”Җв”Җв”Җв”Җв”Җв”Җв”Җв”Җв”Җв”Җв”Җв”Җв”Җв”Җв”Җв”Җв”Җв”Җв”Җв”Җв”Ө
в”Ӯ (metric)         в”Ӯ portage-ng              в”Ӯ emerge                    в”Ӯ
в”ңв”Җв”Җв”Җв”Җв”Җв”Җв”Җв”Җв”Җв”Җв”Җв”Җв”Җв”Җв”Җв”Җв”Җв”Җв”јв”Җв”Җв”Җв”Җв”Җв”Җв”Җв”Җв”Җв”Җв”Җв”Җв”Җв”Җв”Җв”Җв”Җв”Җв”Җв”Җв”Җв”Җв”Җв”Җв”Җв”јв”Җв”Җв”Җв”Җв”Җв”Җв”Җв”Җв”Җв”Җв”Җв”Җв”Җв”Җв”Җв”Җв”Җв”Җв”Җв”Җв”Җв”Җв”Җв”Җв”Җв”Җв”Җв”Ө
в”Ӯ exit             в”Ӯ FAIL(3)                 в”Ӯ FAIL(1)                   в”Ӯ
в”Ӯ plan actions     в”Ӯ 181                     в”Ӯ ?                         в”Ӯ
в”Ӯ completed        в”Ӯ 61                      в”Ӯ 0                         в”Ӯ
в”Ӯ merged into VDB  в”Ӯ 1                       в”Ӯ 0                         в”Ӯ
в””в”Җв”Җв”Җв”Җв”Җв”Җв”Җв”Җв”Җв”Җв”Җв”Җв”Җв”Җв”Җв”Җв”Җв”Җв”ҙв”Җв”Җв”Җв”Җв”Җв”Җв”Җв”Җв”Җв”Җв”Җв”Җв”Җв”Җв”Җв”Җв”Җв”Җв”Җв”Җв”Җв”Җв”Җв”Җв”Җв”ҙв”Җв”Җв”Җв”Җв”Җв”Җв”Җв”Җв”Җв”Җв”Җв”Җв”Җв”Җв”Җв”Җв”Җв”Җв”Җв”Җв”Җв”Җв”Җв”Җв”Җв”Җв”Җв”ҳ

First error/warning per engine:
  portage-ng:  в””в”ҖоӮ¶step  2оӮҙв”Җв”Ө оӮ¶verifyоӮҙ  xfce-base/libxfce4ui (unsatisfied constraints, assumed running)
  emerge    : !!! The ebuild selected to satisfy ">=xfce-base/libxfce4ui-4.16.0:=" has unmet requirements.

VDB delta (after build):
  only in portage-ng:
    + acct-group/messagebus-0-r3

Full logs:
  portage-ng: /srv/tinderbox-ng/logs/compare-media_gfx_ristretto-20260510T075138/portage-ng.log
  emerge    : /srv/tinderbox-ng/logs/compare-media_gfx_ristretto-20260510T075138/emerge.log

[tinderbox-ng]   cleaning up sessions (use --keep to preserve)
