[tinderbox-ng] compare: target='media-sound/xineadump'  mode=--build  label=media_sound_xineadump
[tinderbox-ng]   portage-ng session: pkg-cmp-portage-ng-media_sound_xineadump
[tinderbox-ng]   emerge     session: pkg-cmp-emerge-media_sound_xineadump
[tinderbox-ng ok] session 'pkg-cmp-portage-ng-media_sound_xineadump' created
[tinderbox-ng ok] session 'pkg-cmp-emerge-media_sound_xineadump' created
[tinderbox-ng]   running both engines in parallel (logs: /srv/tinderbox-ng/logs/compare-media_sound_xineadump-20260510T081905)

┌────────────────────────────────────────────────────────────────────────┐
│ tinderbox-ng compare report                                            │
├────────────────────────────────────────────────────────────────────────┤
│ target : media-sound/xineadump                                         │
│ mode   : --build                                                       │
│ logs   : /srv/tinderbox-ng/logs/compare-media_sound_xineadump-20260510T081905│
├──────────────────┬─────────────────────────┬───────────────────────────┤
│ (metric)         │ portage-ng              │ emerge                    │
├──────────────────┼─────────────────────────┼───────────────────────────┤
│ exit             │ FAIL(3)                 │ FAIL(1)                   │
│ plan actions     │ 115                     │ 17                        │
│ completed        │ 52                      │ 32                        │
│ merged into VDB  │ 13                      │ 32                        │
└──────────────────┴─────────────────────────┴───────────────────────────┘

First error/warning per engine:
  portage-ng: [step 3] FAIL (1) install portage://dev-libs/libxdg-basedir-1.2.3-r1
  emerge    : >>> Failed to emerge media-libs/alsa-lib-1.2.15.3, Log file:

VDB delta (after build):
  only in emerge:
    + dev-libs/gobject-introspection-1.86.0
    + dev-libs/gobject-introspection-common-1.86.0
    + media-libs/alsa-topology-conf-1.2.5.1-r1
    + media-libs/alsa-ucm-conf-1.2.15.3
    + media-libs/libdvdnav-7.0.0
    + media-libs/libdvdread-7.0.1
    + sys-apps/hwdata-0.401
    + virtual/ttf-fonts-1-r2
    + x11-libs/libICE-1.1.2
    + x11-libs/libSM-1.2.6
    + x11-libs/libX11-1.8.13
    + x11-libs/libXau-1.0.12
    + x11-libs/libXdmcp-1.1.5
    + x11-libs/libXext-1.3.7
    + x11-libs/libXt-1.3.1-r1
    + x11-libs/libXv-1.0.13
    + x11-libs/libpciaccess-0.19
    + x11-libs/libxcb-1.17.0
    + x11-misc/compose-tables-1.8.13
  in both: 13 packages

Full logs:
  portage-ng: /srv/tinderbox-ng/logs/compare-media_sound_xineadump-20260510T081905/portage-ng.log
  emerge    : /srv/tinderbox-ng/logs/compare-media_sound_xineadump-20260510T081905/emerge.log

[tinderbox-ng]   cleaning up sessions (use --keep to preserve)
