[tinderbox-ng] compare: target='media-plugins/libvisual-plugins'  mode=--build  label=media_plugins_libvisual_plugins
[tinderbox-ng]   portage-ng session: pkg-cmp-portage-ng-media_plugins_libvisual_plugins
[tinderbox-ng]   emerge     session: pkg-cmp-emerge-media_plugins_libvisual_plugins
[tinderbox-ng ok] session 'pkg-cmp-portage-ng-media_plugins_libvisual_plugins' created
[tinderbox-ng ok] session 'pkg-cmp-emerge-media_plugins_libvisual_plugins' created
[tinderbox-ng]   running both engines in parallel (logs: /srv/tinderbox-ng/logs/compare-media_plugins_libvisual_plugins-20260510T080658)

┌────────────────────────────────────────────────────────────────────────┐
│ tinderbox-ng compare report                                            │
├────────────────────────────────────────────────────────────────────────┤
│ target : media-plugins/libvisual-plugins                               │
│ mode   : --build                                                       │
│ logs   : /srv/tinderbox-ng/logs/compare-media_plugins_libvisual_plugins-20260510T080658│
├──────────────────┬─────────────────────────┬───────────────────────────┤
│ (metric)         │ portage-ng              │ emerge                    │
├──────────────────┼─────────────────────────┼───────────────────────────┤
│ exit             │ FAIL(3)                 │ FAIL(1)                   │
│ plan actions     │ 65                      │ 7                         │
│ completed        │ 41                      │ 20                        │
│ merged into VDB  │ 12                      │ 20                        │
└──────────────────┴─────────────────────────┴───────────────────────────┘

First error/warning per engine:
  portage-ng: [step 6] FAIL (1) install portage://media-libs/freetype-2.14.3
  emerge    : >>> Failed to emerge media-libs/freetype-2.14.3, Log file:

VDB delta (after build):
  only in emerge:
    + media-libs/libvisual-0.4.2-r1
    + x11-libs/libSM-1.2.6
    + x11-libs/libX11-1.8.13
    + x11-libs/libXext-1.3.7
    + x11-libs/libXrender-0.9.12
    + x11-libs/libXt-1.3.1-r1
    + x11-libs/libxcb-1.17.0
    + x11-misc/compose-tables-1.8.13
  in both: 12 packages

Full logs:
  portage-ng: /srv/tinderbox-ng/logs/compare-media_plugins_libvisual_plugins-20260510T080658/portage-ng.log
  emerge    : /srv/tinderbox-ng/logs/compare-media_plugins_libvisual_plugins-20260510T080658/emerge.log

[tinderbox-ng]   cleaning up sessions (use --keep to preserve)
