[tinderbox-ng] compare: target='media-sound/darksnow'  mode=--build  label=media_sound_darksnow
[tinderbox-ng]   portage-ng session: pkg-cmp-portage-ng-media_sound_darksnow
[tinderbox-ng]   emerge     session: pkg-cmp-emerge-media_sound_darksnow
[tinderbox-ng ok] session 'pkg-cmp-portage-ng-media_sound_darksnow' created
[tinderbox-ng ok] session 'pkg-cmp-emerge-media_sound_darksnow' created
[tinderbox-ng]   running both engines in parallel (logs: /srv/tinderbox-ng/logs/compare-media_sound_darksnow-20260510T081128)

┌────────────────────────────────────────────────────────────────────────┐
│ tinderbox-ng compare report                                            │
├────────────────────────────────────────────────────────────────────────┤
│ target : media-sound/darksnow                                          │
│ mode   : --build                                                       │
│ logs   : /srv/tinderbox-ng/logs/compare-media_sound_darksnow-20260510T081128│
├──────────────────┬─────────────────────────┬───────────────────────────┤
│ (metric)         │ portage-ng              │ emerge                    │
├──────────────────┼─────────────────────────┼───────────────────────────┤
│ exit             │ FAIL(3)                 │ FAIL(1)                   │
│ plan actions     │ 183                     │ ?                         │
│ completed        │ 62                      │ 0                         │
│ merged into VDB  │ 1                       │ 0                         │
└──────────────────┴─────────────────────────┴───────────────────────────┘

First error/warning per engine:
  portage-ng: [step 2] FAIL (1) update portage://dev-python/setuptools-82.0.1

VDB delta (after build):
  only in portage-ng:
    + acct-group/messagebus-0-r3

Full logs:
  portage-ng: /srv/tinderbox-ng/logs/compare-media_sound_darksnow-20260510T081128/portage-ng.log
  emerge    : /srv/tinderbox-ng/logs/compare-media_sound_darksnow-20260510T081128/emerge.log

[tinderbox-ng]   cleaning up sessions (use --keep to preserve)
