[tinderbox-ng] compare: target='media-sound/mpg123'  mode=--build  label=media_sound_mpg123
[tinderbox-ng]   portage-ng session: pkg-cmp-portage-ng-media_sound_mpg123
[tinderbox-ng]   emerge     session: pkg-cmp-emerge-media_sound_mpg123
[tinderbox-ng ok] session 'pkg-cmp-portage-ng-media_sound_mpg123' created
[tinderbox-ng ok] session 'pkg-cmp-emerge-media_sound_mpg123' created
[tinderbox-ng]   running both engines in parallel (logs: /srv/tinderbox-ng/logs/compare-media_sound_mpg123-20260510T081612)

┌────────────────────────────────────────────────────────────────────────┐
│ tinderbox-ng compare report                                            │
├────────────────────────────────────────────────────────────────────────┤
│ target : media-sound/mpg123                                            │
│ mode   : --build                                                       │
│ logs   : /srv/tinderbox-ng/logs/compare-media_sound_mpg123-20260510T081612│
├──────────────────┬─────────────────────────┬───────────────────────────┤
│ (metric)         │ portage-ng              │ emerge                    │
├──────────────────┼─────────────────────────┼───────────────────────────┤
│ exit             │ OK                      │ OK                        │
│ plan actions     │ 14                      │ 5                         │
│ completed        │ 15                      │ 5                         │
│ merged into VDB  │ 5                       │ 5                         │
└──────────────────┴─────────────────────────┴───────────────────────────┘

Full logs:
  portage-ng: /srv/tinderbox-ng/logs/compare-media_sound_mpg123-20260510T081612/portage-ng.log
  emerge    : /srv/tinderbox-ng/logs/compare-media_sound_mpg123-20260510T081612/emerge.log

[tinderbox-ng]   cleaning up sessions (use --keep to preserve)
