[tinderbox-ng] compare: target='media-fonts/lxgw-wenkai'  mode=--build  label=media_fonts_lxgw_wenkai
[tinderbox-ng]   portage-ng session: pkg-cmp-portage-ng-media_fonts_lxgw_wenkai
[tinderbox-ng]   emerge     session: pkg-cmp-emerge-media_fonts_lxgw_wenkai
[tinderbox-ng ok] session 'pkg-cmp-portage-ng-media_fonts_lxgw_wenkai' created
[tinderbox-ng ok] session 'pkg-cmp-emerge-media_fonts_lxgw_wenkai' created
[tinderbox-ng]   running both engines in parallel (logs: /srv/tinderbox-ng/logs/compare-media_fonts_lxgw_wenkai-20260510T074812)

┌────────────────────────────────────────────────────────────────────────┐
│ tinderbox-ng compare report                                            │
├────────────────────────────────────────────────────────────────────────┤
│ target : media-fonts/lxgw-wenkai                                       │
│ mode   : --build                                                       │
│ logs   : /srv/tinderbox-ng/logs/compare-media_fonts_lxgw_wenkai-20260510T074812│
├──────────────────┬─────────────────────────┬───────────────────────────┤
│ (metric)         │ portage-ng              │ emerge                    │
├──────────────────┼─────────────────────────┼───────────────────────────┤
│ exit             │ OK                      │ OK                        │
│ plan actions     │ 3                       │ 1                         │
│ completed        │ 4                       │ 1                         │
│ merged into VDB  │ 1                       │ 1                         │
└──────────────────┴─────────────────────────┴───────────────────────────┘

Full logs:
  portage-ng: /srv/tinderbox-ng/logs/compare-media_fonts_lxgw_wenkai-20260510T074812/portage-ng.log
  emerge    : /srv/tinderbox-ng/logs/compare-media_fonts_lxgw_wenkai-20260510T074812/emerge.log

[tinderbox-ng]   cleaning up sessions (use --keep to preserve)
