[tinderbox-ng] compare: target='media-plugins/gst-plugins-soundtouch'  mode=--build  label=media_plugins_gst_plugins_soundtouch
[tinderbox-ng]   portage-ng session: pkg-cmp-portage-ng-media_plugins_gst_plugins_soundtouch
[tinderbox-ng]   emerge     session: pkg-cmp-emerge-media_plugins_gst_plugins_soundtouch
[tinderbox-ng ok] session 'pkg-cmp-portage-ng-media_plugins_gst_plugins_soundtouch' created
[tinderbox-ng ok] session 'pkg-cmp-emerge-media_plugins_gst_plugins_soundtouch' created
[tinderbox-ng]   running both engines in parallel (logs: /srv/tinderbox-ng/logs/compare-media_plugins_gst_plugins_soundtouch-20260510T080520)

┌────────────────────────────────────────────────────────────────────────┐
│ tinderbox-ng compare report                                            │
├────────────────────────────────────────────────────────────────────────┤
│ target : media-plugins/gst-plugins-soundtouch                          │
│ mode   : --build                                                       │
│ logs   : /srv/tinderbox-ng/logs/compare-media_plugins_gst_plugins_soundtouch-20260510T080520│
├──────────────────┬─────────────────────────┬───────────────────────────┤
│ (metric)         │ portage-ng              │ emerge                    │
├──────────────────┼─────────────────────────┼───────────────────────────┤
│ exit             │ FAIL(3)                 │ FAIL(1)                   │
│ plan actions     │ 176                     │ ?                         │
│ completed        │ 58                      │ 0                         │
│ merged into VDB  │ 1                       │ 0                         │
└──────────────────┴─────────────────────────┴───────────────────────────┘

First error/warning per engine:
  portage-ng: [step 2] FAIL (1) update portage://dev-python/flit-core-3.12.0

VDB delta (after build):
  only in portage-ng:
    + dev-python/gpep517-19

Full logs:
  portage-ng: /srv/tinderbox-ng/logs/compare-media_plugins_gst_plugins_soundtouch-20260510T080520/portage-ng.log
  emerge    : /srv/tinderbox-ng/logs/compare-media_plugins_gst_plugins_soundtouch-20260510T080520/emerge.log

[tinderbox-ng]   cleaning up sessions (use --keep to preserve)
