[tinderbox-ng] compare: target='media-plugins/gst-plugins-aom'  mode=--build  label=media_plugins_gst_plugins_aom
[tinderbox-ng]   portage-ng session: pkg-cmp-portage-ng-media_plugins_gst_plugins_aom
[tinderbox-ng]   emerge     session: pkg-cmp-emerge-media_plugins_gst_plugins_aom
[tinderbox-ng ok] session 'pkg-cmp-portage-ng-media_plugins_gst_plugins_aom' created
[tinderbox-ng ok] session 'pkg-cmp-emerge-media_plugins_gst_plugins_aom' created
[tinderbox-ng]   running both engines in parallel (logs: /srv/tinderbox-ng/logs/compare-media_plugins_gst_plugins_aom-20260510T080449)

┌────────────────────────────────────────────────────────────────────────┐
│ tinderbox-ng compare report                                            │
├────────────────────────────────────────────────────────────────────────┤
│ target : media-plugins/gst-plugins-aom                                 │
│ mode   : --build                                                       │
│ logs   : /srv/tinderbox-ng/logs/compare-media_plugins_gst_plugins_aom-20260510T080449│
├──────────────────┬─────────────────────────┬───────────────────────────┤
│ (metric)         │ portage-ng              │ emerge                    │
├──────────────────┼─────────────────────────┼───────────────────────────┤
│ exit             │ FAIL(3)                 │ FAIL(1)                   │
│ plan actions     │ 178                     │ ?                         │
│ completed        │ 59                      │ 0                         │
│ merged into VDB  │ 1                       │ 0                         │
└──────────────────┴─────────────────────────┴───────────────────────────┘

First error/warning per engine:
  portage-ng: [step 2] FAIL (1) update portage://dev-python/setuptools-82.0.1

VDB delta (after build):
  only in portage-ng:
    + dev-python/gpep517-19

Full logs:
  portage-ng: /srv/tinderbox-ng/logs/compare-media_plugins_gst_plugins_aom-20260510T080449/portage-ng.log
  emerge    : /srv/tinderbox-ng/logs/compare-media_plugins_gst_plugins_aom-20260510T080449/emerge.log

[tinderbox-ng]   cleaning up sessions (use --keep to preserve)
