[tinderbox-ng] compare: target='media-fonts/viga'  mode=--build  label=media_fonts_viga
[tinderbox-ng]   portage-ng session: pkg-cmp-portage-ng-media_fonts_viga
[tinderbox-ng]   emerge     session: pkg-cmp-emerge-media_fonts_viga
[tinderbox-ng ok] session 'pkg-cmp-portage-ng-media_fonts_viga' created
[tinderbox-ng ok] session 'pkg-cmp-emerge-media_fonts_viga' created
[tinderbox-ng]   running both engines in parallel (logs: /srv/tinderbox-ng/logs/compare-media_fonts_viga-20260510T075005)

┌────────────────────────────────────────────────────────────────────────┐
│ tinderbox-ng compare report                                            │
├────────────────────────────────────────────────────────────────────────┤
│ target : media-fonts/viga                                              │
│ mode   : --build                                                       │
│ logs   : /srv/tinderbox-ng/logs/compare-media_fonts_viga-20260510T075005│
├──────────────────┬─────────────────────────┬───────────────────────────┤
│ (metric)         │ portage-ng              │ emerge                    │
├──────────────────┼─────────────────────────┼───────────────────────────┤
│ exit             │ OK                      │ OK                        │
│ plan actions     │ 3                       │ 1                         │
│ completed        │ 4                       │ 1                         │
│ merged into VDB  │ 1                       │ 1                         │
└──────────────────┴─────────────────────────┴───────────────────────────┘

Full logs:
  portage-ng: /srv/tinderbox-ng/logs/compare-media_fonts_viga-20260510T075005/portage-ng.log
  emerge    : /srv/tinderbox-ng/logs/compare-media_fonts_viga-20260510T075005/emerge.log

[tinderbox-ng]   cleaning up sessions (use --keep to preserve)
