[tinderbox-ng] compare: target='media-gfx/jigl'  mode=--build  label=media_gfx_jigl
[tinderbox-ng]   portage-ng session: pkg-cmp-portage-ng-media_gfx_jigl
[tinderbox-ng]   emerge     session: pkg-cmp-emerge-media_gfx_jigl
[tinderbox-ng ok] session 'pkg-cmp-portage-ng-media_gfx_jigl' created
[tinderbox-ng ok] session 'pkg-cmp-emerge-media_gfx_jigl' created
[tinderbox-ng]   running both engines in parallel (logs: /srv/tinderbox-ng/logs/compare-media_gfx_jigl-20260510T075042)

┌────────────────────────────────────────────────────────────────────────┐
│ tinderbox-ng compare report                                            │
├────────────────────────────────────────────────────────────────────────┤
│ target : media-gfx/jigl                                                │
│ mode   : --build                                                       │
│ logs   : /srv/tinderbox-ng/logs/compare-media_gfx_jigl-20260510T075042 │
├──────────────────┬─────────────────────────┬───────────────────────────┤
│ (metric)         │ portage-ng              │ emerge                    │
├──────────────────┼─────────────────────────┼───────────────────────────┤
│ exit             │ OK                      │ OK                        │
│ plan actions     │ 17                      │ 6                         │
│ completed        │ 18                      │ 6                         │
│ merged into VDB  │ 6                       │ 6                         │
└──────────────────┴─────────────────────────┴───────────────────────────┘

Full logs:
  portage-ng: /srv/tinderbox-ng/logs/compare-media_gfx_jigl-20260510T075042/portage-ng.log
  emerge    : /srv/tinderbox-ng/logs/compare-media_gfx_jigl-20260510T075042/emerge.log

[tinderbox-ng]   cleaning up sessions (use --keep to preserve)
