[tinderbox-ng] compare: target='media-gfx/symboleditor'  mode=--build  label=media_gfx_symboleditor
[tinderbox-ng]   portage-ng session: pkg-cmp-portage-ng-media_gfx_symboleditor
[tinderbox-ng]   emerge     session: pkg-cmp-emerge-media_gfx_symboleditor
[tinderbox-ng ok] session 'pkg-cmp-portage-ng-media_gfx_symboleditor' created
[tinderbox-ng ok] session 'pkg-cmp-emerge-media_gfx_symboleditor' created
[tinderbox-ng]   running both engines in parallel (logs: /srv/tinderbox-ng/logs/compare-media_gfx_symboleditor-20260510T075224)

┌────────────────────────────────────────────────────────────────────────┐
│ tinderbox-ng compare report                                            │
├────────────────────────────────────────────────────────────────────────┤
│ target : media-gfx/symboleditor                                        │
│ mode   : --build                                                       │
│ logs   : /srv/tinderbox-ng/logs/compare-media_gfx_symboleditor-20260510T075224│
├──────────────────┬─────────────────────────┬───────────────────────────┤
│ (metric)         │ portage-ng              │ emerge                    │
├──────────────────┼─────────────────────────┼───────────────────────────┤
│ exit             │ FAIL(3)                 │ FAIL(1)                   │
│ plan actions     │ 447                     │ ?                         │
│ completed        │ 147                     │ 0                         │
│ merged into VDB  │ 4                       │ 0                         │
└──────────────────┴─────────────────────────┴───────────────────────────┘

First error/warning per engine:
  portage-ng: [step 2] FAIL (1) update portage://dev-python/setuptools-82.0.1

VDB delta (after build):
  only in portage-ng:
    + acct-group/messagebus-0-r3
    + acct-group/polkitd-0-r3
    + app-text/xmlto-0.0.28-r11
    + dev-python/gpep517-19

Full logs:
  portage-ng: /srv/tinderbox-ng/logs/compare-media_gfx_symboleditor-20260510T075224/portage-ng.log
  emerge    : /srv/tinderbox-ng/logs/compare-media_gfx_symboleditor-20260510T075224/emerge.log

[tinderbox-ng]   cleaning up sessions (use --keep to preserve)
