[tinderbox-ng] compare: target='media-libs/libvpx'  mode=--build  label=media_libs_libvpx
[tinderbox-ng]   portage-ng session: pkg-cmp-portage-ng-media_libs_libvpx
[tinderbox-ng]   emerge     session: pkg-cmp-emerge-media_libs_libvpx
[tinderbox-ng ok] session 'pkg-cmp-portage-ng-media_libs_libvpx' created
[tinderbox-ng ok] session 'pkg-cmp-emerge-media_libs_libvpx' created
[tinderbox-ng]   running both engines in parallel (logs: /srv/tinderbox-ng/logs/compare-media_libs_libvpx-20260510T075741)

┌────────────────────────────────────────────────────────────────────────┐
│ tinderbox-ng compare report                                            │
├────────────────────────────────────────────────────────────────────────┤
│ target : media-libs/libvpx                                             │
│ mode   : --build                                                       │
│ logs   : /srv/tinderbox-ng/logs/compare-media_libs_libvpx-20260510T075741│
├──────────────────┬─────────────────────────┬───────────────────────────┤
│ (metric)         │ portage-ng              │ emerge                    │
├──────────────────┼─────────────────────────┼───────────────────────────┤
│ exit             │ FAIL(3)                 │ FAIL(1)                   │
│ plan actions     │ 5                       │ 0                         │
│ completed        │ 2                       │ 0                         │
│ merged into VDB  │ 0                       │ 0                         │
└──────────────────┴─────────────────────────┴───────────────────────────┘

First error/warning per engine:
  portage-ng: [step 2] FAIL (1) install portage://dev-lang/yasm-1.3.0-r2
  emerge    : >>> Failed to emerge dev-lang/yasm-1.3.0-r2, Log file:

Full logs:
  portage-ng: /srv/tinderbox-ng/logs/compare-media_libs_libvpx-20260510T075741/portage-ng.log
  emerge    : /srv/tinderbox-ng/logs/compare-media_libs_libvpx-20260510T075741/emerge.log

[tinderbox-ng]   cleaning up sessions (use --keep to preserve)
