[tinderbox-ng] compare: target='media-libs/libdvbcsa'  mode=--build  label=media_libs_libdvbcsa
[tinderbox-ng]   portage-ng session: pkg-cmp-portage-ng-media_libs_libdvbcsa
[tinderbox-ng]   emerge     session: pkg-cmp-emerge-media_libs_libdvbcsa
[tinderbox-ng ok] session 'pkg-cmp-portage-ng-media_libs_libdvbcsa' created
[tinderbox-ng ok] session 'pkg-cmp-emerge-media_libs_libdvbcsa' created
[tinderbox-ng]   running both engines in parallel (logs: /srv/tinderbox-ng/logs/compare-media_libs_libdvbcsa-20260510T075646)

┌────────────────────────────────────────────────────────────────────────┐
│ tinderbox-ng compare report                                            │
├────────────────────────────────────────────────────────────────────────┤
│ target : media-libs/libdvbcsa                                          │
│ mode   : --build                                                       │
│ logs   : /srv/tinderbox-ng/logs/compare-media_libs_libdvbcsa-20260510T075646│
├──────────────────┬─────────────────────────┬───────────────────────────┤
│ (metric)         │ portage-ng              │ emerge                    │
├──────────────────┼─────────────────────────┼───────────────────────────┤
│ exit             │ OK                      │ OK                        │
│ plan actions     │ 3                       │ 1                         │
│ completed        │ 4                       │ 1                         │
│ merged into VDB  │ 1                       │ 1                         │
└──────────────────┴─────────────────────────┴───────────────────────────┘

Full logs:
  portage-ng: /srv/tinderbox-ng/logs/compare-media_libs_libdvbcsa-20260510T075646/portage-ng.log
  emerge    : /srv/tinderbox-ng/logs/compare-media_libs_libdvbcsa-20260510T075646/emerge.log

[tinderbox-ng]   cleaning up sessions (use --keep to preserve)
