[tinderbox-ng] compare: target='media-gfx/svg2rlg'  mode=--build  label=media_gfx_svg2rlg
[tinderbox-ng]   portage-ng session: pkg-cmp-portage-ng-media_gfx_svg2rlg
[tinderbox-ng]   emerge     session: pkg-cmp-emerge-media_gfx_svg2rlg
[tinderbox-ng ok] session 'pkg-cmp-portage-ng-media_gfx_svg2rlg' created
[tinderbox-ng ok] session 'pkg-cmp-emerge-media_gfx_svg2rlg' created
[tinderbox-ng]   running both engines in parallel (logs: /srv/tinderbox-ng/logs/compare-media_gfx_svg2rlg-20260510T075222)

┌────────────────────────────────────────────────────────────────────────┐
│ tinderbox-ng compare report                                            │
├────────────────────────────────────────────────────────────────────────┤
│ target : media-gfx/svg2rlg                                             │
│ mode   : --build                                                       │
│ logs   : /srv/tinderbox-ng/logs/compare-media_gfx_svg2rlg-20260510T075222│
├──────────────────┬─────────────────────────┬───────────────────────────┤
│ (metric)         │ portage-ng              │ emerge                    │
├──────────────────┼─────────────────────────┼───────────────────────────┤
│ exit             │ FAIL(3)                 │ FAIL(1)                   │
│ plan actions     │ 49                      │ ?                         │
│ completed        │ 31                      │ 0                         │
│ merged into VDB  │ 9                       │ 0                         │
└──────────────────┴─────────────────────────┴───────────────────────────┘

First error/warning per engine:
  portage-ng: [step 6] FAIL (1) install portage://media-libs/freetype-2.14.3

VDB delta (after build):
  only in portage-ng:
    + app-eselect/eselect-fontconfig-20220403
    + dev-libs/gobject-introspection-common-1.86.0
    + dev-util/glib-utils-2.88.0
    + media-fonts/liberation-fonts-2.1.5
    + media-gfx/graphite2-1.3.14_p20210810-r5
    + media-libs/libpng-1.6.58
    + media-libs/tiff-4.7.1
    + virtual/ttf-fonts-1-r2
    + x11-libs/pixman-0.46.4

Full logs:
  portage-ng: /srv/tinderbox-ng/logs/compare-media_gfx_svg2rlg-20260510T075222/portage-ng.log
  emerge    : /srv/tinderbox-ng/logs/compare-media_gfx_svg2rlg-20260510T075222/emerge.log

[tinderbox-ng]   cleaning up sessions (use --keep to preserve)
