[tinderbox-ng] compare: target='media-sound/timemachine'  mode=--build  label=media_sound_timemachine
[tinderbox-ng]   portage-ng session: pkg-cmp-portage-ng-media_sound_timemachine
[tinderbox-ng]   emerge     session: pkg-cmp-emerge-media_sound_timemachine
[tinderbox-ng ok] session 'pkg-cmp-portage-ng-media_sound_timemachine' created
[tinderbox-ng ok] session 'pkg-cmp-emerge-media_sound_timemachine' created
[tinderbox-ng]   running both engines in parallel (logs: /srv/tinderbox-ng/logs/compare-media_sound_timemachine-20260510T081809)

┌────────────────────────────────────────────────────────────────────────┐
│ tinderbox-ng compare report                                            │
├────────────────────────────────────────────────────────────────────────┤
│ target : media-sound/timemachine                                       │
│ mode   : --build                                                       │
│ logs   : /srv/tinderbox-ng/logs/compare-media_sound_timemachine-20260510T081809│
├──────────────────┬─────────────────────────┬───────────────────────────┤
│ (metric)         │ portage-ng              │ emerge                    │
├──────────────────┼─────────────────────────┼───────────────────────────┤
│ exit             │ FAIL(3)                 │ FAIL(1)                   │
│ plan actions     │ 309                     │ ?                         │
│ completed        │ 102                     │ 0                         │
│ merged into VDB  │ 2                       │ 0                         │
└──────────────────┴─────────────────────────┴───────────────────────────┘

First error/warning per engine:
  portage-ng: [step 2] FAIL (1) update portage://dev-python/setuptools-82.0.1

VDB delta (after build):
  only in portage-ng:
    + acct-group/messagebus-0-r3
    + acct-group/realtime-0-r2

Full logs:
  portage-ng: /srv/tinderbox-ng/logs/compare-media_sound_timemachine-20260510T081809/portage-ng.log
  emerge    : /srv/tinderbox-ng/logs/compare-media_sound_timemachine-20260510T081809/emerge.log

[tinderbox-ng]   cleaning up sessions (use --keep to preserve)
