[tinderbox-ng] compare: target='media-sound/gnome-sound-recorder'  mode=--build  label=media_sound_gnome_sound_recorder
[tinderbox-ng]   portage-ng session: pkg-cmp-portage-ng-media_sound_gnome_sound_recorder
[tinderbox-ng]   emerge     session: pkg-cmp-emerge-media_sound_gnome_sound_recorder
[tinderbox-ng ok] session 'pkg-cmp-portage-ng-media_sound_gnome_sound_recorder' created
[tinderbox-ng ok] session 'pkg-cmp-emerge-media_sound_gnome_sound_recorder' created
[tinderbox-ng]   running both engines in parallel (logs: /srv/tinderbox-ng/logs/compare-media_sound_gnome_sound_recorder-20260510T081256)

┌────────────────────────────────────────────────────────────────────────┐
│ tinderbox-ng compare report                                            │
├────────────────────────────────────────────────────────────────────────┤
│ target : media-sound/gnome-sound-recorder                              │
│ mode   : --build                                                       │
│ logs   : /srv/tinderbox-ng/logs/compare-media_sound_gnome_sound_recorder-20260510T081256│
├──────────────────┬─────────────────────────┬───────────────────────────┤
│ (metric)         │ portage-ng              │ emerge                    │
├──────────────────┼─────────────────────────┼───────────────────────────┤
│ exit             │ FAIL(3)                 │ FAIL(1)                   │
│ plan actions     │ 453                     │ ?                         │
│ completed        │ 151                     │ 0                         │
│ merged into VDB  │ 3                       │ 0                         │
└──────────────────┴─────────────────────────┴───────────────────────────┘

First error/warning per engine:
  portage-ng: [step 2] FAIL (1) update portage://dev-python/flit-core-3.12.0

VDB delta (after build):
  only in portage-ng:
    + acct-group/messagebus-0-r3
    + acct-group/pipewire-0-r2
    + dev-python/gpep517-19

Full logs:
  portage-ng: /srv/tinderbox-ng/logs/compare-media_sound_gnome_sound_recorder-20260510T081256/portage-ng.log
  emerge    : /srv/tinderbox-ng/logs/compare-media_sound_gnome_sound_recorder-20260510T081256/emerge.log

[tinderbox-ng]   cleaning up sessions (use --keep to preserve)
