[tinderbox-ng] compare: target='media-gfx/gnome-screenshot'  mode=--build  label=media_gfx_gnome_screenshot
[tinderbox-ng]   portage-ng session: pkg-cmp-portage-ng-media_gfx_gnome_screenshot
[tinderbox-ng]   emerge     session: pkg-cmp-emerge-media_gfx_gnome_screenshot
[tinderbox-ng ok] session 'pkg-cmp-portage-ng-media_gfx_gnome_screenshot' created
[tinderbox-ng ok] session 'pkg-cmp-emerge-media_gfx_gnome_screenshot' created
[tinderbox-ng]   running both engines in parallel (logs: /srv/tinderbox-ng/logs/compare-media_gfx_gnome_screenshot-20260510T075039)

┌────────────────────────────────────────────────────────────────────────┐
│ tinderbox-ng compare report                                            │
├────────────────────────────────────────────────────────────────────────┤
│ target : media-gfx/gnome-screenshot                                    │
│ mode   : --build                                                       │
│ logs   : /srv/tinderbox-ng/logs/compare-media_gfx_gnome_screenshot-20260510T075039│
├──────────────────┬─────────────────────────┬───────────────────────────┤
│ (metric)         │ portage-ng              │ emerge                    │
├──────────────────┼─────────────────────────┼───────────────────────────┤
│ exit             │ FAIL(3)                 │ FAIL(1)                   │
│ plan actions     │ 183                     │ ?                         │
│ completed        │ 62                      │ 0                         │
│ merged into VDB  │ 1                       │ 0                         │
└──────────────────┴─────────────────────────┴───────────────────────────┘

First error/warning per engine:
  portage-ng: [step 2] FAIL (1) update portage://dev-python/setuptools-82.0.1

VDB delta (after build):
  only in portage-ng:
    + acct-group/messagebus-0-r3

Full logs:
  portage-ng: /srv/tinderbox-ng/logs/compare-media_gfx_gnome_screenshot-20260510T075039/portage-ng.log
  emerge    : /srv/tinderbox-ng/logs/compare-media_gfx_gnome_screenshot-20260510T075039/emerge.log

[tinderbox-ng]   cleaning up sessions (use --keep to preserve)
