[tinderbox-ng] compare: target='media-video/cpvts'  mode=--build  label=media_video_cpvts
[tinderbox-ng]   portage-ng session: pkg-cmp-portage-ng-media_video_cpvts
[tinderbox-ng]   emerge     session: pkg-cmp-emerge-media_video_cpvts
[tinderbox-ng ok] session 'pkg-cmp-portage-ng-media_video_cpvts' created
[tinderbox-ng ok] session 'pkg-cmp-emerge-media_video_cpvts' created
[tinderbox-ng]   running both engines in parallel (logs: /srv/tinderbox-ng/logs/compare-media_video_cpvts-20260510T082058)

┌────────────────────────────────────────────────────────────────────────┐
│ tinderbox-ng compare report                                            │
├────────────────────────────────────────────────────────────────────────┤
│ target : media-video/cpvts                                             │
│ mode   : --build                                                       │
│ logs   : /srv/tinderbox-ng/logs/compare-media_video_cpvts-20260510T082058│
├──────────────────┬─────────────────────────┬───────────────────────────┤
│ (metric)         │ portage-ng              │ emerge                    │
├──────────────────┼─────────────────────────┼───────────────────────────┤
│ exit             │ OK                      │ OK                        │
│ plan actions     │ 9                       │ 3                         │
│ completed        │ 10                      │ 3                         │
│ merged into VDB  │ 3                       │ 3                         │
└──────────────────┴─────────────────────────┴───────────────────────────┘

Full logs:
  portage-ng: /srv/tinderbox-ng/logs/compare-media_video_cpvts-20260510T082058/portage-ng.log
  emerge    : /srv/tinderbox-ng/logs/compare-media_video_cpvts-20260510T082058/emerge.log

[tinderbox-ng]   cleaning up sessions (use --keep to preserve)
