[tinderbox-ng] compare: target='media-libs/libdovi'  mode=--build  label=media_libs_libdovi
[tinderbox-ng]   portage-ng session: pkg-cmp-portage-ng-media_libs_libdovi
[tinderbox-ng]   emerge     session: pkg-cmp-emerge-media_libs_libdovi
[tinderbox-ng ok] session 'pkg-cmp-portage-ng-media_libs_libdovi' created
[tinderbox-ng ok] session 'pkg-cmp-emerge-media_libs_libdovi' created
[tinderbox-ng]   running both engines in parallel (logs: /srv/tinderbox-ng/logs/compare-media_libs_libdovi-20260510T075627)

┌────────────────────────────────────────────────────────────────────────┐
│ tinderbox-ng compare report                                            │
├────────────────────────────────────────────────────────────────────────┤
│ target : media-libs/libdovi                                            │
│ mode   : --build                                                       │
│ logs   : /srv/tinderbox-ng/logs/compare-media_libs_libdovi-20260510T075627│
├──────────────────┬─────────────────────────┬───────────────────────────┤
│ (metric)         │ portage-ng              │ emerge                    │
├──────────────────┼─────────────────────────┼───────────────────────────┤
│ exit             │ OK                      │ OK                        │
│ plan actions     │ 22                      │ 8                         │
│ completed        │ 23                      │ 8                         │
│ merged into VDB  │ 8                       │ 8                         │
└──────────────────┴─────────────────────────┴───────────────────────────┘

Full logs:
  portage-ng: /srv/tinderbox-ng/logs/compare-media_libs_libdovi-20260510T075627/portage-ng.log
  emerge    : /srv/tinderbox-ng/logs/compare-media_libs_libdovi-20260510T075627/emerge.log

[tinderbox-ng]   cleaning up sessions (use --keep to preserve)
