[tinderbox-ng] compare: target='media-gfx/imagemagick'  mode=--build  label=media_gfx_imagemagick
[tinderbox-ng]   portage-ng session: pkg-cmp-portage-ng-media_gfx_imagemagick
[tinderbox-ng]   emerge     session: pkg-cmp-emerge-media_gfx_imagemagick
[tinderbox-ng ok] session 'pkg-cmp-portage-ng-media_gfx_imagemagick' created
[tinderbox-ng ok] session 'pkg-cmp-emerge-media_gfx_imagemagick' created
[tinderbox-ng]   running both engines in parallel (logs: /srv/tinderbox-ng/logs/compare-media_gfx_imagemagick-20260510T075042)

┌────────────────────────────────────────────────────────────────────────┐
│ tinderbox-ng compare report                                            │
├────────────────────────────────────────────────────────────────────────┤
│ target : media-gfx/imagemagick                                         │
│ mode   : --build                                                       │
│ logs   : /srv/tinderbox-ng/logs/compare-media_gfx_imagemagick-20260510T075042│
├──────────────────┬─────────────────────────┬───────────────────────────┤
│ (metric)         │ portage-ng              │ emerge                    │
├──────────────────┼─────────────────────────┼───────────────────────────┤
│ exit             │ OK                      │ OK                        │
│ plan actions     │ 9                       │ 3                         │
│ completed        │ 10                      │ 3                         │
│ merged into VDB  │ 3                       │ 3                         │
└──────────────────┴─────────────────────────┴───────────────────────────┘

Full logs:
  portage-ng: /srv/tinderbox-ng/logs/compare-media_gfx_imagemagick-20260510T075042/portage-ng.log
  emerge    : /srv/tinderbox-ng/logs/compare-media_gfx_imagemagick-20260510T075042/emerge.log

[tinderbox-ng]   cleaning up sessions (use --keep to preserve)
