[tinderbox-ng] compare: target='media-plugins/kodi-imagedecoder-raw'  mode=--build  label=media_plugins_kodi_imagedecoder_raw
[tinderbox-ng]   portage-ng session: pkg-cmp-portage-ng-media_plugins_kodi_imagedecoder_raw
[tinderbox-ng]   emerge     session: pkg-cmp-emerge-media_plugins_kodi_imagedecoder_raw
[tinderbox-ng ok] session 'pkg-cmp-portage-ng-media_plugins_kodi_imagedecoder_raw' created
[tinderbox-ng ok] session 'pkg-cmp-emerge-media_plugins_kodi_imagedecoder_raw' created
[tinderbox-ng]   running both engines in parallel (logs: /srv/tinderbox-ng/logs/compare-media_plugins_kodi_imagedecoder_raw-20260510T080601)

┌────────────────────────────────────────────────────────────────────────┐
│ tinderbox-ng compare report                                            │
├────────────────────────────────────────────────────────────────────────┤
│ target : media-plugins/kodi-imagedecoder-raw                           │
│ mode   : --build                                                       │
│ logs   : /srv/tinderbox-ng/logs/compare-media_plugins_kodi_imagedecoder_raw-20260510T080601│
├──────────────────┬─────────────────────────┬───────────────────────────┤
│ (metric)         │ portage-ng              │ emerge                    │
├──────────────────┼─────────────────────────┼───────────────────────────┤
│ exit             │ FAIL(3)                 │ FAIL(1)                   │
│ plan actions     │ 375                     │ ?                         │
│ completed        │ 90                      │ 0                         │
│ merged into VDB  │ 1                       │ 0                         │
└──────────────────┴─────────────────────────┴───────────────────────────┘

First error/warning per engine:
  portage-ng:   live FAIL

VDB delta (after build):
  only in portage-ng:
    + dev-python/gpep517-19

Full logs:
  portage-ng: /srv/tinderbox-ng/logs/compare-media_plugins_kodi_imagedecoder_raw-20260510T080601/portage-ng.log
  emerge    : /srv/tinderbox-ng/logs/compare-media_plugins_kodi_imagedecoder_raw-20260510T080601/emerge.log

[tinderbox-ng]   cleaning up sessions (use --keep to preserve)
