[tinderbox-ng] compare: target='media-tv/mythtv'  mode=--build  label=media_tv_mythtv
[tinderbox-ng]   portage-ng session: pkg-cmp-portage-ng-media_tv_mythtv
[tinderbox-ng]   emerge     session: pkg-cmp-emerge-media_tv_mythtv
[tinderbox-ng ok] session 'pkg-cmp-portage-ng-media_tv_mythtv' created
[tinderbox-ng ok] session 'pkg-cmp-emerge-media_tv_mythtv' created
[tinderbox-ng]   running both engines in parallel (logs: /srv/tinderbox-ng/logs/compare-media_tv_mythtv-20260510T081948)

┌────────────────────────────────────────────────────────────────────────┐
│ tinderbox-ng compare report                                            │
├────────────────────────────────────────────────────────────────────────┤
│ target : media-tv/mythtv                                               │
│ mode   : --build                                                       │
│ logs   : /srv/tinderbox-ng/logs/compare-media_tv_mythtv-20260510T081948│
├──────────────────┬─────────────────────────┬───────────────────────────┤
│ (metric)         │ portage-ng              │ emerge                    │
├──────────────────┼─────────────────────────┼───────────────────────────┤
│ exit             │ FAIL(3)                 │ FAIL(1)                   │
│ plan actions     │ 229                     │ ?                         │
│ completed        │ 106                     │ 0                         │
│ merged into VDB  │ 30                      │ 0                         │
└──────────────────┴─────────────────────────┴───────────────────────────┘

First error/warning per engine:
  portage-ng:  └─step  2─┤ verify  dev-qt/qtbase (unsatisfied constraints, assumed running)

VDB delta (after build):
  only in portage-ng:
    + acct-group/messagebus-0-r3
    + acct-group/mythtv-0-r3
    + app-arch/lz4-1.10.0-r1
    + app-eselect/eselect-fontconfig-20220403
    + app-text/docbook-xml-dtd-4.4-r3
    + dev-libs/double-conversion-3.4.0
    + dev-libs/inih-62
    + dev-libs/libevdev-1.13.6
    + dev-libs/libudfread-1.2.0-r1
    + dev-libs/libzip-1.11.4-r2
    + dev-libs/lzo-2.10
    + dev-libs/md4c-0.5.3
    + dev-libs/utfcpp-4.0.6
    + dev-util/glib-utils-2.88.0
    + media-fonts/dejavu-2.37
    + media-fonts/liberation-fonts-2.1.5
    + media-fonts/tex-gyre-2.501-r1
    + media-gfx/graphite2-1.3.14_p20210810-r5
    + media-libs/libpng-1.6.58
    + media-libs/libsamplerate-0.2.2
    + media-libs/libsoundtouch-2.4.0
    + media-libs/xvid-1.3.7-r2
    + sys-libs/mtdev-1.1.7
    + virtual/libudev-251-r2
    + x11-base/xcb-proto-1.17.0
    + x11-base/xorg-proto-2025.1
    + x11-libs/libdrm-2.4.133
    + x11-libs/pixman-0.46.4
    + x11-libs/xtrans-1.6.0
    + x11-misc/xkeyboard-config-2.47

Full logs:
  portage-ng: /srv/tinderbox-ng/logs/compare-media_tv_mythtv-20260510T081948/portage-ng.log
  emerge    : /srv/tinderbox-ng/logs/compare-media_tv_mythtv-20260510T081948/emerge.log

[tinderbox-ng]   cleaning up sessions (use --keep to preserve)
