[tinderbox-ng] compare: target='media-sound/pulseeffects'  mode=--build  label=media_sound_pulseeffects
[tinderbox-ng]   portage-ng session: pkg-cmp-portage-ng-media_sound_pulseeffects
[tinderbox-ng]   emerge     session: pkg-cmp-emerge-media_sound_pulseeffects
[tinderbox-ng ok] session 'pkg-cmp-portage-ng-media_sound_pulseeffects' created
[tinderbox-ng ok] session 'pkg-cmp-emerge-media_sound_pulseeffects' created
[tinderbox-ng]   running both engines in parallel (logs: /srv/tinderbox-ng/logs/compare-media_sound_pulseeffects-20260510T081649)

в”Ңв”Җв”Җв”Җв”Җв”Җв”Җв”Җв”Җв”Җв”Җв”Җв”Җв”Җв”Җв”Җв”Җв”Җв”Җв”Җв”Җв”Җв”Җв”Җв”Җв”Җв”Җв”Җв”Җв”Җв”Җв”Җв”Җв”Җв”Җв”Җв”Җв”Җв”Җв”Җв”Җв”Җв”Җв”Җв”Җв”Җв”Җв”Җв”Җв”Җв”Җв”Җв”Җв”Җв”Җв”Җв”Җв”Җв”Җв”Җв”Җв”Җв”Җв”Җв”Җв”Җв”Җв”Җв”Җв”Җв”Җв”Җв”Җв”җ
в”Ӯ tinderbox-ng compare report                                            в”Ӯ
в”ңв”Җв”Җв”Җв”Җв”Җв”Җв”Җв”Җв”Җв”Җв”Җв”Җв”Җв”Җв”Җв”Җв”Җв”Җв”Җв”Җв”Җв”Җв”Җв”Җв”Җв”Җв”Җв”Җв”Җв”Җв”Җв”Җв”Җв”Җв”Җв”Җв”Җв”Җв”Җв”Җв”Җв”Җв”Җв”Җв”Җв”Җв”Җв”Җв”Җв”Җв”Җв”Җв”Җв”Җв”Җв”Җв”Җв”Җв”Җв”Җв”Җв”Җв”Җв”Җв”Җв”Җв”Җв”Җв”Җв”Җв”Җв”Җв”Ө
в”Ӯ target : media-sound/pulseeffects                                      в”Ӯ
в”Ӯ mode   : --build                                                       в”Ӯ
в”Ӯ logs   : /srv/tinderbox-ng/logs/compare-media_sound_pulseeffects-20260510T081649в”Ӯ
в”ңв”Җв”Җв”Җв”Җв”Җв”Җв”Җв”Җв”Җв”Җв”Җв”Җв”Җв”Җв”Җв”Җв”Җв”Җв”¬в”Җв”Җв”Җв”Җв”Җв”Җв”Җв”Җв”Җв”Җв”Җв”Җв”Җв”Җв”Җв”Җв”Җв”Җв”Җв”Җв”Җв”Җв”Җв”Җв”Җв”¬в”Җв”Җв”Җв”Җв”Җв”Җв”Җв”Җв”Җв”Җв”Җв”Җв”Җв”Җв”Җв”Җв”Җв”Җв”Җв”Җв”Җв”Җв”Җв”Җв”Җв”Җв”Җв”Ө
в”Ӯ (metric)         в”Ӯ portage-ng              в”Ӯ emerge                    в”Ӯ
в”ңв”Җв”Җв”Җв”Җв”Җв”Җв”Җв”Җв”Җв”Җв”Җв”Җв”Җв”Җв”Җв”Җв”Җв”Җв”јв”Җв”Җв”Җв”Җв”Җв”Җв”Җв”Җв”Җв”Җв”Җв”Җв”Җв”Җв”Җв”Җв”Җв”Җв”Җв”Җв”Җв”Җв”Җв”Җв”Җв”јв”Җв”Җв”Җв”Җв”Җв”Җв”Җв”Җв”Җв”Җв”Җв”Җв”Җв”Җв”Җв”Җв”Җв”Җв”Җв”Җв”Җв”Җв”Җв”Җв”Җв”Җв”Җв”Ө
в”Ӯ exit             в”Ӯ FAIL(3)                 в”Ӯ FAIL(1)                   в”Ӯ
в”Ӯ plan actions     в”Ӯ 752                     в”Ӯ ?                         в”Ӯ
в”Ӯ completed        в”Ӯ 250                     в”Ӯ 0                         в”Ӯ
в”Ӯ merged into VDB  в”Ӯ 3                       в”Ӯ 0                         в”Ӯ
в””в”Җв”Җв”Җв”Җв”Җв”Җв”Җв”Җв”Җв”Җв”Җв”Җв”Җв”Җв”Җв”Җв”Җв”Җв”ҙв”Җв”Җв”Җв”Җв”Җв”Җв”Җв”Җв”Җв”Җв”Җв”Җв”Җв”Җв”Җв”Җв”Җв”Җв”Җв”Җв”Җв”Җв”Җв”Җв”Җв”ҙв”Җв”Җв”Җв”Җв”Җв”Җв”Җв”Җв”Җв”Җв”Җв”Җв”Җв”Җв”Җв”Җв”Җв”Җв”Җв”Җв”Җв”Җв”Җв”Җв”Җв”Җв”Җв”ҳ

First error/warning per engine:
  portage-ng:  в””в”ҖоӮ¶step  2оӮҙв”Җв”Ө оӮ¶verifyоӮҙ  x11-libs/gtk+ (unsatisfied constraints, assumed running)
  emerge    : !!! The ebuild selected to satisfy ">=dev-cpp/gtkmm-3.24:3.0" has unmet requirements.

VDB delta (after build):
  only in portage-ng:
    + acct-group/messagebus-0-r3
    + acct-group/pipewire-0-r2
    + dev-python/gpep517-19

Full logs:
  portage-ng: /srv/tinderbox-ng/logs/compare-media_sound_pulseeffects-20260510T081649/portage-ng.log
  emerge    : /srv/tinderbox-ng/logs/compare-media_sound_pulseeffects-20260510T081649/emerge.log

[tinderbox-ng]   cleaning up sessions (use --keep to preserve)
