[tinderbox-ng] compare: target='media-video/videotrans'  mode=--build  label=media_video_videotrans
[tinderbox-ng]   portage-ng session: pkg-cmp-portage-ng-media_video_videotrans
[tinderbox-ng]   emerge     session: pkg-cmp-emerge-media_video_videotrans
[tinderbox-ng ok] session 'pkg-cmp-portage-ng-media_video_videotrans' created
[tinderbox-ng ok] session 'pkg-cmp-emerge-media_video_videotrans' created
[tinderbox-ng]   running both engines in parallel (logs: /srv/tinderbox-ng/logs/compare-media_video_videotrans-20260510T082354)

┌────────────────────────────────────────────────────────────────────────┐
│ tinderbox-ng compare report                                            │
├────────────────────────────────────────────────────────────────────────┤
│ target : media-video/videotrans                                        │
│ mode   : --build                                                       │
│ logs   : /srv/tinderbox-ng/logs/compare-media_video_videotrans-20260510T082354│
├──────────────────┬─────────────────────────┬───────────────────────────┤
│ (metric)         │ portage-ng              │ emerge                    │
├──────────────────┼─────────────────────────┼───────────────────────────┤
│ exit             │ FAIL(3)                 │ FAIL(1)                   │
│ plan actions     │ 149                     │ ?                         │
│ completed        │ 66                      │ 0                         │
│ merged into VDB  │ 17                      │ 0                         │
└──────────────────┴─────────────────────────┴───────────────────────────┘

First error/warning per engine:
  portage-ng: [step 3] FAIL (1) install portage://app-i18n/enca-1.19-r4

VDB delta (after build):
  only in portage-ng:
    + app-eselect/eselect-cdparanoia-0.1-r1
    + app-eselect/eselect-fontconfig-20220403
    + dev-libs/fribidi-1.0.16
    + dev-libs/libltdl-2.5.4
    + dev-util/glib-utils-2.88.0
    + media-fonts/liberation-fonts-2.1.5
    + media-gfx/graphite2-1.3.14_p20210810-r5
    + media-libs/dav1d-1.5.1
    + media-libs/libdvdcss-1.4.3
    + media-libs/libpng-1.6.58
    + sys-devel/bc-1.08.2
    + www-client/lynx-2.9.2
    + x11-base/xcb-proto-1.17.0
    + x11-base/xorg-proto-2025.1
    + x11-libs/libdrm-2.4.133
    + x11-libs/pixman-0.46.4
    + x11-libs/xtrans-1.6.0

Full logs:
  portage-ng: /srv/tinderbox-ng/logs/compare-media_video_videotrans-20260510T082354/portage-ng.log
  emerge    : /srv/tinderbox-ng/logs/compare-media_video_videotrans-20260510T082354/emerge.log

[tinderbox-ng]   cleaning up sessions (use --keep to preserve)
