[tinderbox-ng] compare: target='media-sound/mikmod'  mode=--build  label=media_sound_mikmod
[tinderbox-ng]   portage-ng session: pkg-cmp-portage-ng-media_sound_mikmod
[tinderbox-ng]   emerge     session: pkg-cmp-emerge-media_sound_mikmod
[tinderbox-ng ok] session 'pkg-cmp-portage-ng-media_sound_mikmod' created
[tinderbox-ng ok] session 'pkg-cmp-emerge-media_sound_mikmod' created
[tinderbox-ng]   running both engines in parallel (logs: /srv/tinderbox-ng/logs/compare-media_sound_mikmod-20260510T081538)

┌────────────────────────────────────────────────────────────────────────┐
│ tinderbox-ng compare report                                            │
├────────────────────────────────────────────────────────────────────────┤
│ target : media-sound/mikmod                                            │
│ mode   : --build                                                       │
│ logs   : /srv/tinderbox-ng/logs/compare-media_sound_mikmod-20260510T081538│
├──────────────────┬─────────────────────────┬───────────────────────────┤
│ (metric)         │ portage-ng              │ emerge                    │
├──────────────────┼─────────────────────────┼───────────────────────────┤
│ exit             │ FAIL(3)                 │ FAIL(1)                   │
│ plan actions     │ 15                      │ 0                         │
│ completed        │ 9                       │ 2                         │
│ merged into VDB  │ 2                       │ 2                         │
└──────────────────┴─────────────────────────┴───────────────────────────┘

First error/warning per engine:
  portage-ng: [step 4] FAIL (1) install portage://media-libs/alsa-lib-1.2.15.3
  emerge    : >>> Failed to emerge media-libs/alsa-lib-1.2.15.3, Log file:

Full logs:
  portage-ng: /srv/tinderbox-ng/logs/compare-media_sound_mikmod-20260510T081538/portage-ng.log
  emerge    : /srv/tinderbox-ng/logs/compare-media_sound_mikmod-20260510T081538/emerge.log

[tinderbox-ng]   cleaning up sessions (use --keep to preserve)
