[tinderbox-ng] compare: target='media-plugins/libvisual-projectm'  mode=--build  label=media_plugins_libvisual_projectm
[tinderbox-ng]   portage-ng session: pkg-cmp-portage-ng-media_plugins_libvisual_projectm
[tinderbox-ng]   emerge     session: pkg-cmp-emerge-media_plugins_libvisual_projectm
[tinderbox-ng ok] session 'pkg-cmp-portage-ng-media_plugins_libvisual_projectm' created
[tinderbox-ng ok] session 'pkg-cmp-emerge-media_plugins_libvisual_projectm' created
[tinderbox-ng]   running both engines in parallel (logs: /srv/tinderbox-ng/logs/compare-media_plugins_libvisual_projectm-20260510T080724)

┌────────────────────────────────────────────────────────────────────────┐
│ tinderbox-ng compare report                                            │
├────────────────────────────────────────────────────────────────────────┤
│ target : media-plugins/libvisual-projectm                              │
│ mode   : --build                                                       │
│ logs   : /srv/tinderbox-ng/logs/compare-media_plugins_libvisual_projectm-20260510T080724│
├──────────────────┬─────────────────────────┬───────────────────────────┤
│ (metric)         │ portage-ng              │ emerge                    │
├──────────────────┼─────────────────────────┼───────────────────────────┤
│ exit             │ FAIL(3)                 │ FAIL(1)                   │
│ plan actions     │ 50                      │ ?                         │
│ completed        │ 43                      │ 0                         │
│ merged into VDB  │ 15                      │ 0                         │
└──────────────────┴─────────────────────────┴───────────────────────────┘

First error/warning per engine:
  portage-ng: [step 18] FAIL (1) install portage://media-libs/libprojectm-3.1.12-r4

VDB delta (after build):
  only in portage-ng:
    + media-libs/glm-1.0.3
    + media-libs/libglvnd-1.7.0
    + media-libs/libsdl-1.2.74
    + media-libs/libsdl2-2.32.10
    + media-libs/libvisual-0.4.2-r1
    + virtual/opengl-8
    + x11-base/xcb-proto-1.17.0
    + x11-base/xorg-proto-2025.1
    + x11-libs/libX11-1.8.13
    + x11-libs/libXau-1.0.12
    + x11-libs/libXdmcp-1.1.5
    + x11-libs/libXext-1.3.7
    + x11-libs/libxcb-1.17.0
    + x11-libs/xtrans-1.6.0
    + x11-misc/compose-tables-1.8.13

Full logs:
  portage-ng: /srv/tinderbox-ng/logs/compare-media_plugins_libvisual_projectm-20260510T080724/portage-ng.log
  emerge    : /srv/tinderbox-ng/logs/compare-media_plugins_libvisual_projectm-20260510T080724/emerge.log

[tinderbox-ng]   cleaning up sessions (use --keep to preserve)
