[tinderbox-ng] compare: target='media-sound/gnump3d'  mode=--build  label=media_sound_gnump3d
[tinderbox-ng]   portage-ng session: pkg-cmp-portage-ng-media_sound_gnump3d
[tinderbox-ng]   emerge     session: pkg-cmp-emerge-media_sound_gnump3d
[tinderbox-ng ok] session 'pkg-cmp-portage-ng-media_sound_gnump3d' created
[tinderbox-ng ok] session 'pkg-cmp-emerge-media_sound_gnump3d' created
[tinderbox-ng]   running both engines in parallel (logs: /srv/tinderbox-ng/logs/compare-media_sound_gnump3d-20260510T081354)

┌────────────────────────────────────────────────────────────────────────┐
│ tinderbox-ng compare report                                            │
├────────────────────────────────────────────────────────────────────────┤
│ target : media-sound/gnump3d                                           │
│ mode   : --build                                                       │
│ logs   : /srv/tinderbox-ng/logs/compare-media_sound_gnump3d-20260510T081354│
├──────────────────┬─────────────────────────┬───────────────────────────┤
│ (metric)         │ portage-ng              │ emerge                    │
├──────────────────┼─────────────────────────┼───────────────────────────┤
│ exit             │ OK                      │ OK                        │
│ plan actions     │ 7                       │ 3                         │
│ completed        │ 8                       │ 3                         │
│ merged into VDB  │ 3                       │ 3                         │
└──────────────────┴─────────────────────────┴───────────────────────────┘

Full logs:
  portage-ng: /srv/tinderbox-ng/logs/compare-media_sound_gnump3d-20260510T081354/portage-ng.log
  emerge    : /srv/tinderbox-ng/logs/compare-media_sound_gnump3d-20260510T081354/emerge.log

[tinderbox-ng]   cleaning up sessions (use --keep to preserve)
