[tinderbox-ng] compare: target='media-libs/exempi'  mode=--build  label=media_libs_exempi
[tinderbox-ng]   portage-ng session: pkg-cmp-portage-ng-media_libs_exempi
[tinderbox-ng]   emerge     session: pkg-cmp-emerge-media_libs_exempi
[tinderbox-ng ok] session 'pkg-cmp-portage-ng-media_libs_exempi' created
[tinderbox-ng ok] session 'pkg-cmp-emerge-media_libs_exempi' created
[tinderbox-ng]   running both engines in parallel (logs: /srv/tinderbox-ng/logs/compare-media_libs_exempi-20260510T075409)

┌────────────────────────────────────────────────────────────────────────┐
│ tinderbox-ng compare report                                            │
├────────────────────────────────────────────────────────────────────────┤
│ target : media-libs/exempi                                             │
│ mode   : --build                                                       │
│ logs   : /srv/tinderbox-ng/logs/compare-media_libs_exempi-20260510T075409│
├──────────────────┬─────────────────────────┬───────────────────────────┤
│ (metric)         │ portage-ng              │ emerge                    │
├──────────────────┼─────────────────────────┼───────────────────────────┤
│ exit             │ FAIL(3)                 │ FAIL(1)                   │
│ plan actions     │ 3                       │ 1                         │
│ completed        │ 1                       │ 0                         │
│ merged into VDB  │ 0                       │ 0                         │
└──────────────────┴─────────────────────────┴───────────────────────────┘

First error/warning per engine:
  portage-ng: [step 2] FAIL (1) install portage://media-libs/exempi-2.6.6
  emerge    : >>> Failed to emerge media-libs/exempi-2.6.6, Log file:

Full logs:
  portage-ng: /srv/tinderbox-ng/logs/compare-media_libs_exempi-20260510T075409/portage-ng.log
  emerge    : /srv/tinderbox-ng/logs/compare-media_libs_exempi-20260510T075409/emerge.log

[tinderbox-ng]   cleaning up sessions (use --keep to preserve)
