[tinderbox-ng] compare: target='net-libs/msgraph'  mode=--build  label=net_libs_msgraph
[tinderbox-ng]   portage-ng session: pkg-cmp-portage-ng-net_libs_msgraph
[tinderbox-ng]   emerge     session: pkg-cmp-emerge-net_libs_msgraph
[tinderbox-ng ok] session 'pkg-cmp-portage-ng-net_libs_msgraph' created
[tinderbox-ng ok] session 'pkg-cmp-emerge-net_libs_msgraph' created
[tinderbox-ng]   running both engines in parallel (logs: /srv/tinderbox-ng/logs/compare-net_libs_msgraph-20260510T085133)

┌────────────────────────────────────────────────────────────────────────┐
│ tinderbox-ng compare report                                            │
├────────────────────────────────────────────────────────────────────────┤
│ target : net-libs/msgraph                                              │
│ mode   : --build                                                       │
│ logs   : /srv/tinderbox-ng/logs/compare-net_libs_msgraph-20260510T085133│
├──────────────────┬─────────────────────────┬───────────────────────────┤
│ (metric)         │ portage-ng              │ emerge                    │
├──────────────────┼─────────────────────────┼───────────────────────────┤
│ exit             │ FAIL(3)                 │ FAIL(1)                   │
│ plan actions     │ 320                     │ ?                         │
│ completed        │ 108                     │ 0                         │
│ merged into VDB  │ 2                       │ 0                         │
└──────────────────┴─────────────────────────┴───────────────────────────┘

First error/warning per engine:
  portage-ng: [step 2] FAIL (1) update portage://dev-python/flit-core-3.12.0

VDB delta (after build):
  only in portage-ng:
    + acct-group/messagebus-0-r3
    + dev-python/gpep517-19

Full logs:
  portage-ng: /srv/tinderbox-ng/logs/compare-net_libs_msgraph-20260510T085133/portage-ng.log
  emerge    : /srv/tinderbox-ng/logs/compare-net_libs_msgraph-20260510T085133/emerge.log

[tinderbox-ng]   cleaning up sessions (use --keep to preserve)
