[tinderbox-ng] compare: target='net-analyzer/dnsenum'  mode=--build  label=net_analyzer_dnsenum
[tinderbox-ng]   portage-ng session: pkg-cmp-portage-ng-net_analyzer_dnsenum
[tinderbox-ng]   emerge     session: pkg-cmp-emerge-net_analyzer_dnsenum
[tinderbox-ng ok] session 'pkg-cmp-portage-ng-net_analyzer_dnsenum' created
[tinderbox-ng ok] session 'pkg-cmp-emerge-net_analyzer_dnsenum' created
[tinderbox-ng]   running both engines in parallel (logs: /srv/tinderbox-ng/logs/compare-net_analyzer_dnsenum-20260510T082635)

┌────────────────────────────────────────────────────────────────────────┐
│ tinderbox-ng compare report                                            │
├────────────────────────────────────────────────────────────────────────┤
│ target : net-analyzer/dnsenum                                          │
│ mode   : --build                                                       │
│ logs   : /srv/tinderbox-ng/logs/compare-net_analyzer_dnsenum-20260510T082635│
├──────────────────┬─────────────────────────┬───────────────────────────┤
│ (metric)         │ portage-ng              │ emerge                    │
├──────────────────┼─────────────────────────┼───────────────────────────┤
│ exit             │ OK                      │ OK                        │
│ plan actions     │ 119                     │ 42                        │
│ completed        │ 120                     │ 42                        │
│ merged into VDB  │ 42                      │ 42                        │
└──────────────────┴─────────────────────────┴───────────────────────────┘

Full logs:
  portage-ng: /srv/tinderbox-ng/logs/compare-net_analyzer_dnsenum-20260510T082635/portage-ng.log
  emerge    : /srv/tinderbox-ng/logs/compare-net_analyzer_dnsenum-20260510T082635/emerge.log

[tinderbox-ng]   cleaning up sessions (use --keep to preserve)
