[tinderbox-ng] compare: target='net-analyzer/raddump'  mode=--build  label=net_analyzer_raddump
[tinderbox-ng]   portage-ng session: pkg-cmp-portage-ng-net_analyzer_raddump
[tinderbox-ng]   emerge     session: pkg-cmp-emerge-net_analyzer_raddump
[tinderbox-ng ok] session 'pkg-cmp-portage-ng-net_analyzer_raddump' created
[tinderbox-ng ok] session 'pkg-cmp-emerge-net_analyzer_raddump' created
[tinderbox-ng]   running both engines in parallel (logs: /srv/tinderbox-ng/logs/compare-net_analyzer_raddump-20260510T083230)

┌────────────────────────────────────────────────────────────────────────┐
│ tinderbox-ng compare report                                            │
├────────────────────────────────────────────────────────────────────────┤
│ target : net-analyzer/raddump                                          │
│ mode   : --build                                                       │
│ logs   : /srv/tinderbox-ng/logs/compare-net_analyzer_raddump-20260510T083230│
├──────────────────┬─────────────────────────┬───────────────────────────┤
│ (metric)         │ portage-ng              │ emerge                    │
├──────────────────┼─────────────────────────┼───────────────────────────┤
│ exit             │ FAIL(3)                 │ FAIL(1)                   │
│ plan actions     │ 19                      │ 1                         │
│ completed        │ 8                       │ 3                         │
│ merged into VDB  │ 2                       │ 3                         │
└──────────────────┴─────────────────────────┴───────────────────────────┘

First error/warning per engine:
  portage-ng: [step 2] FAIL (1) install portage://net-libs/libsmi-0.5.0-r5
  emerge    : >>> Failed to emerge sys-libs/libcap-ng-0.9.3, Log file:

VDB delta (after build):
  only in emerge:
    + acct-user/pcap-0-r1
  in both: 2 packages

Full logs:
  portage-ng: /srv/tinderbox-ng/logs/compare-net_analyzer_raddump-20260510T083230/portage-ng.log
  emerge    : /srv/tinderbox-ng/logs/compare-net_analyzer_raddump-20260510T083230/emerge.log

[tinderbox-ng]   cleaning up sessions (use --keep to preserve)
