[tinderbox-ng] compare: target='net-print/foomatic-db-ppds'  mode=--build  label=net_print_foomatic_db_ppds
[tinderbox-ng]   portage-ng session: pkg-cmp-portage-ng-net_print_foomatic_db_ppds
[tinderbox-ng]   emerge     session: pkg-cmp-emerge-net_print_foomatic_db_ppds
[tinderbox-ng ok] session 'pkg-cmp-portage-ng-net_print_foomatic_db_ppds' created
[tinderbox-ng ok] session 'pkg-cmp-emerge-net_print_foomatic_db_ppds' created
[tinderbox-ng]   running both engines in parallel (logs: /srv/tinderbox-ng/logs/compare-net_print_foomatic_db_ppds-20260510T090032)

┌────────────────────────────────────────────────────────────────────────┐
│ tinderbox-ng compare report                                            │
├────────────────────────────────────────────────────────────────────────┤
│ target : net-print/foomatic-db-ppds                                    │
│ mode   : --build                                                       │
│ logs   : /srv/tinderbox-ng/logs/compare-net_print_foomatic_db_ppds-20260510T090032│
├──────────────────┬─────────────────────────┬───────────────────────────┤
│ (metric)         │ portage-ng              │ emerge                    │
├──────────────────┼─────────────────────────┼───────────────────────────┤
│ exit             │ OK                      │ OK                        │
│ plan actions     │ 3                       │ 1                         │
│ completed        │ 4                       │ 1                         │
│ merged into VDB  │ 1                       │ 1                         │
└──────────────────┴─────────────────────────┴───────────────────────────┘

Full logs:
  portage-ng: /srv/tinderbox-ng/logs/compare-net_print_foomatic_db_ppds-20260510T090032/portage-ng.log
  emerge    : /srv/tinderbox-ng/logs/compare-net_print_foomatic_db_ppds-20260510T090032/emerge.log

[tinderbox-ng]   cleaning up sessions (use --keep to preserve)
