[tinderbox-ng] compare: target='net-mail/vpopmail'  mode=--build  label=net_mail_vpopmail
[tinderbox-ng]   portage-ng session: pkg-cmp-portage-ng-net_mail_vpopmail
[tinderbox-ng]   emerge     session: pkg-cmp-emerge-net_mail_vpopmail
[tinderbox-ng ok] session 'pkg-cmp-portage-ng-net_mail_vpopmail' created
[tinderbox-ng ok] session 'pkg-cmp-emerge-net_mail_vpopmail' created
[tinderbox-ng]   running both engines in parallel (logs: /srv/tinderbox-ng/logs/compare-net_mail_vpopmail-20260510T085355)

┌────────────────────────────────────────────────────────────────────────┐
│ tinderbox-ng compare report                                            │
├────────────────────────────────────────────────────────────────────────┤
│ target : net-mail/vpopmail                                             │
│ mode   : --build                                                       │
│ logs   : /srv/tinderbox-ng/logs/compare-net_mail_vpopmail-20260510T085355│
├──────────────────┬─────────────────────────┬───────────────────────────┤
│ (metric)         │ portage-ng              │ emerge                    │
├──────────────────┼─────────────────────────┼───────────────────────────┤
│ exit             │ FAIL(3)                 │ FAIL(1)                   │
│ plan actions     │ 41                      │ 0                         │
│ completed        │ 35                      │ 15                        │
│ merged into VDB  │ 15                      │ 15                        │
└──────────────────┴─────────────────────────┴───────────────────────────┘

First error/warning per engine:
  portage-ng: [step 6] FAIL (1) install portage://mail-mta/netqmail-1.06-r16
  emerge    : >>> Failed to emerge mail-mta/netqmail-1.06-r16, Log file:

Full logs:
  portage-ng: /srv/tinderbox-ng/logs/compare-net_mail_vpopmail-20260510T085355/portage-ng.log
  emerge    : /srv/tinderbox-ng/logs/compare-net_mail_vpopmail-20260510T085355/emerge.log

[tinderbox-ng]   cleaning up sessions (use --keep to preserve)
