[tinderbox-ng] compare: target='net-vpn/wireguard-tools'  mode=--build  label=net_vpn_wireguard_tools
[tinderbox-ng]   portage-ng session: pkg-cmp-portage-ng-net_vpn_wireguard_tools
[tinderbox-ng]   emerge     session: pkg-cmp-emerge-net_vpn_wireguard_tools
[tinderbox-ng ok] session 'pkg-cmp-portage-ng-net_vpn_wireguard_tools' created
[tinderbox-ng ok] session 'pkg-cmp-emerge-net_vpn_wireguard_tools' created
[tinderbox-ng]   running both engines in parallel (logs: /srv/tinderbox-ng/logs/compare-net_vpn_wireguard_tools-20260510T090150)

┌────────────────────────────────────────────────────────────────────────┐
│ tinderbox-ng compare report                                            │
├────────────────────────────────────────────────────────────────────────┤
│ target : net-vpn/wireguard-tools                                       │
│ mode   : --build                                                       │
│ logs   : /srv/tinderbox-ng/logs/compare-net_vpn_wireguard_tools-20260510T090150│
├──────────────────┬─────────────────────────┬───────────────────────────┤
│ (metric)         │ portage-ng              │ emerge                    │
├──────────────────┼─────────────────────────┼───────────────────────────┤
│ exit             │ OK                      │ OK                        │
│ plan actions     │ 8                       │ 3                         │
│ completed        │ 9                       │ 3                         │
│ merged into VDB  │ 3                       │ 3                         │
└──────────────────┴─────────────────────────┴───────────────────────────┘

First error/warning per engine:
  emerge    :  * Failure to do so may cause unexpected problems.

Full logs:
  portage-ng: /srv/tinderbox-ng/logs/compare-net_vpn_wireguard_tools-20260510T090150/portage-ng.log
  emerge    : /srv/tinderbox-ng/logs/compare-net_vpn_wireguard_tools-20260510T090150/emerge.log

[tinderbox-ng]   cleaning up sessions (use --keep to preserve)
