[tinderbox-ng] compare: target='net-misc/stunnel'  mode=--build  label=net_misc_stunnel
[tinderbox-ng]   portage-ng session: pkg-cmp-portage-ng-net_misc_stunnel
[tinderbox-ng]   emerge     session: pkg-cmp-emerge-net_misc_stunnel
[tinderbox-ng ok] session 'pkg-cmp-portage-ng-net_misc_stunnel' created
[tinderbox-ng ok] session 'pkg-cmp-emerge-net_misc_stunnel' created
[tinderbox-ng]   running both engines in parallel (logs: /srv/tinderbox-ng/logs/compare-net_misc_stunnel-20260510T085958)

┌────────────────────────────────────────────────────────────────────────┐
│ tinderbox-ng compare report                                            │
├────────────────────────────────────────────────────────────────────────┤
│ target : net-misc/stunnel                                              │
│ mode   : --build                                                       │
│ logs   : /srv/tinderbox-ng/logs/compare-net_misc_stunnel-20260510T085958│
├──────────────────┬─────────────────────────┬───────────────────────────┤
│ (metric)         │ portage-ng              │ emerge                    │
├──────────────────┼─────────────────────────┼───────────────────────────┤
│ exit             │ OK                      │ OK                        │
│ plan actions     │ 7                       │ 3                         │
│ completed        │ 8                       │ 3                         │
│ merged into VDB  │ 3                       │ 3                         │
└──────────────────┴─────────────────────────┴───────────────────────────┘

Full logs:
  portage-ng: /srv/tinderbox-ng/logs/compare-net_misc_stunnel-20260510T085958/portage-ng.log
  emerge    : /srv/tinderbox-ng/logs/compare-net_misc_stunnel-20260510T085958/emerge.log

[tinderbox-ng]   cleaning up sessions (use --keep to preserve)
