[tinderbox-ng] compare: target='net-analyzer/boreas'  mode=--build  label=net_analyzer_boreas
[tinderbox-ng]   portage-ng session: pkg-cmp-portage-ng-net_analyzer_boreas
[tinderbox-ng]   emerge     session: pkg-cmp-emerge-net_analyzer_boreas
[tinderbox-ng ok] session 'pkg-cmp-portage-ng-net_analyzer_boreas' created
[tinderbox-ng ok] session 'pkg-cmp-emerge-net_analyzer_boreas' created
[tinderbox-ng]   running both engines in parallel (logs: /srv/tinderbox-ng/logs/compare-net_analyzer_boreas-20260510T082610)

┌────────────────────────────────────────────────────────────────────────┐
│ tinderbox-ng compare report                                            │
├────────────────────────────────────────────────────────────────────────┤
│ target : net-analyzer/boreas                                           │
│ mode   : --build                                                       │
│ logs   : /srv/tinderbox-ng/logs/compare-net_analyzer_boreas-20260510T082610│
├──────────────────┬─────────────────────────┬───────────────────────────┤
│ (metric)         │ portage-ng              │ emerge                    │
├──────────────────┼─────────────────────────┼───────────────────────────┤
│ exit             │ OK                      │ OK                        │
│ plan actions     │ 28                      │ 10                        │
│ completed        │ 29                      │ 10                        │
│ merged into VDB  │ 10                      │ 10                        │
└──────────────────┴─────────────────────────┴───────────────────────────┘

Full logs:
  portage-ng: /srv/tinderbox-ng/logs/compare-net_analyzer_boreas-20260510T082610/portage-ng.log
  emerge    : /srv/tinderbox-ng/logs/compare-net_analyzer_boreas-20260510T082610/emerge.log

[tinderbox-ng]   cleaning up sessions (use --keep to preserve)
