[tinderbox-ng] compare: target='net-im/rocketchat-desktop-bin'  mode=--build  label=net_im_rocketchat_desktop_bin
[tinderbox-ng]   portage-ng session: pkg-cmp-portage-ng-net_im_rocketchat_desktop_bin
[tinderbox-ng]   emerge     session: pkg-cmp-emerge-net_im_rocketchat_desktop_bin
[tinderbox-ng ok] session 'pkg-cmp-portage-ng-net_im_rocketchat_desktop_bin' created
[tinderbox-ng ok] session 'pkg-cmp-emerge-net_im_rocketchat_desktop_bin' created
[tinderbox-ng]   running both engines in parallel (logs: /srv/tinderbox-ng/logs/compare-net_im_rocketchat_desktop_bin-20260510T084717)

┌────────────────────────────────────────────────────────────────────────┐
│ tinderbox-ng compare report                                            │
├────────────────────────────────────────────────────────────────────────┤
│ target : net-im/rocketchat-desktop-bin                                 │
│ mode   : --build                                                       │
│ logs   : /srv/tinderbox-ng/logs/compare-net_im_rocketchat_desktop_bin-20260510T084717│
├──────────────────┬─────────────────────────┬───────────────────────────┤
│ (metric)         │ portage-ng              │ emerge                    │
├──────────────────┼─────────────────────────┼───────────────────────────┤
│ exit             │ FAIL(3)                 │ FAIL(1)                   │
│ plan actions     │ 364                     │ ?                         │
│ completed        │ 120                     │ 0                         │
│ merged into VDB  │ 3                       │ 0                         │
└──────────────────┴─────────────────────────┴───────────────────────────┘

First error/warning per engine:
  portage-ng: [step 2] FAIL (1) update portage://dev-python/flit-core-3.12.0

VDB delta (after build):
  only in portage-ng:
    + acct-group/lpadmin-0-r3
    + acct-group/messagebus-0-r3
    + dev-python/gpep517-19

Full logs:
  portage-ng: /srv/tinderbox-ng/logs/compare-net_im_rocketchat_desktop_bin-20260510T084717/portage-ng.log
  emerge    : /srv/tinderbox-ng/logs/compare-net_im_rocketchat_desktop_bin-20260510T084717/emerge.log

[tinderbox-ng]   cleaning up sessions (use --keep to preserve)
