[tinderbox-ng] compare: target='net-analyzer/iftop'  mode=--build  label=net_analyzer_iftop
[tinderbox-ng]   portage-ng session: pkg-cmp-portage-ng-net_analyzer_iftop
[tinderbox-ng]   emerge     session: pkg-cmp-emerge-net_analyzer_iftop
[tinderbox-ng ok] session 'pkg-cmp-portage-ng-net_analyzer_iftop' created
[tinderbox-ng ok] session 'pkg-cmp-emerge-net_analyzer_iftop' created
[tinderbox-ng]   running both engines in parallel (logs: /srv/tinderbox-ng/logs/compare-net_analyzer_iftop-20260510T082710)

┌────────────────────────────────────────────────────────────────────────┐
│ tinderbox-ng compare report                                            │
├────────────────────────────────────────────────────────────────────────┤
│ target : net-analyzer/iftop                                            │
│ mode   : --build                                                       │
│ logs   : /srv/tinderbox-ng/logs/compare-net_analyzer_iftop-20260510T082710│
├──────────────────┬─────────────────────────┬───────────────────────────┤
│ (metric)         │ portage-ng              │ emerge                    │
├──────────────────┼─────────────────────────┼───────────────────────────┤
│ exit             │ OK                      │ OK                        │
│ plan actions     │ 6                       │ 2                         │
│ completed        │ 7                       │ 2                         │
│ merged into VDB  │ 2                       │ 2                         │
└──────────────────┴─────────────────────────┴───────────────────────────┘

Full logs:
  portage-ng: /srv/tinderbox-ng/logs/compare-net_analyzer_iftop-20260510T082710/portage-ng.log
  emerge    : /srv/tinderbox-ng/logs/compare-net_analyzer_iftop-20260510T082710/emerge.log

[tinderbox-ng]   cleaning up sessions (use --keep to preserve)
