[tinderbox-ng] compare: target='net-libs/libetpan'  mode=--build  label=net_libs_libetpan
[tinderbox-ng]   portage-ng session: pkg-cmp-portage-ng-net_libs_libetpan
[tinderbox-ng]   emerge     session: pkg-cmp-emerge-net_libs_libetpan
[tinderbox-ng ok] session 'pkg-cmp-portage-ng-net_libs_libetpan' created
[tinderbox-ng ok] session 'pkg-cmp-emerge-net_libs_libetpan' created
[tinderbox-ng]   running both engines in parallel (logs: /srv/tinderbox-ng/logs/compare-net_libs_libetpan-20260510T084945)

┌────────────────────────────────────────────────────────────────────────┐
│ tinderbox-ng compare report                                            │
├────────────────────────────────────────────────────────────────────────┤
│ target : net-libs/libetpan                                             │
│ mode   : --build                                                       │
│ logs   : /srv/tinderbox-ng/logs/compare-net_libs_libetpan-20260510T084945│
├──────────────────┬─────────────────────────┬───────────────────────────┤
│ (metric)         │ portage-ng              │ emerge                    │
├──────────────────┼─────────────────────────┼───────────────────────────┤
│ exit             │ FAIL(3)                 │ FAIL(1)                   │
│ plan actions     │ 3                       │ 1                         │
│ completed        │ 1                       │ 0                         │
│ merged into VDB  │ 0                       │ 0                         │
└──────────────────┴─────────────────────────┴───────────────────────────┘

First error/warning per engine:
  portage-ng: [step 2] FAIL (1) install portage://net-libs/libetpan-1.9.4-r3
  emerge    : >>> Failed to emerge net-libs/libetpan-1.9.4-r3, Log file:

Full logs:
  portage-ng: /srv/tinderbox-ng/logs/compare-net_libs_libetpan-20260510T084945/portage-ng.log
  emerge    : /srv/tinderbox-ng/logs/compare-net_libs_libetpan-20260510T084945/emerge.log

[tinderbox-ng]   cleaning up sessions (use --keep to preserve)
