[tinderbox-ng] compare: target='net-misc/connman-ui'  mode=--build  label=net_misc_connman_ui
[tinderbox-ng]   portage-ng session: pkg-cmp-portage-ng-net_misc_connman_ui
[tinderbox-ng]   emerge     session: pkg-cmp-emerge-net_misc_connman_ui
[tinderbox-ng ok] session 'pkg-cmp-portage-ng-net_misc_connman_ui' created
[tinderbox-ng ok] session 'pkg-cmp-emerge-net_misc_connman_ui' created
[tinderbox-ng]   running both engines in parallel (logs: /srv/tinderbox-ng/logs/compare-net_misc_connman_ui-20260510T085800)

┌────────────────────────────────────────────────────────────────────────┐
│ tinderbox-ng compare report                                            │
├────────────────────────────────────────────────────────────────────────┤
│ target : net-misc/connman-ui                                           │
│ mode   : --build                                                       │
│ logs   : /srv/tinderbox-ng/logs/compare-net_misc_connman_ui-20260510T085800│
├──────────────────┬─────────────────────────┬───────────────────────────┤
│ (metric)         │ portage-ng              │ emerge                    │
├──────────────────┼─────────────────────────┼───────────────────────────┤
│ exit             │ FAIL(3)                 │ FAIL(1)                   │
│ plan actions     │ 263                     │ ?                         │
│ completed        │ 86                      │ 0                         │
│ merged into VDB  │ 1                       │ 0                         │
└──────────────────┴─────────────────────────┴───────────────────────────┘

First error/warning per engine:
  portage-ng: [step 2] FAIL (1) update portage://dev-python/setuptools-82.0.1

VDB delta (after build):
  only in portage-ng:
    + acct-group/messagebus-0-r3

Full logs:
  portage-ng: /srv/tinderbox-ng/logs/compare-net_misc_connman_ui-20260510T085800/portage-ng.log
  emerge    : /srv/tinderbox-ng/logs/compare-net_misc_connman_ui-20260510T085800/emerge.log

[tinderbox-ng]   cleaning up sessions (use --keep to preserve)
