[tinderbox-ng] compare: target='net-analyzer/sslsplit'  mode=--build  label=net_analyzer_sslsplit
[tinderbox-ng]   portage-ng session: pkg-cmp-portage-ng-net_analyzer_sslsplit
[tinderbox-ng]   emerge     session: pkg-cmp-emerge-net_analyzer_sslsplit
[tinderbox-ng ok] session 'pkg-cmp-portage-ng-net_analyzer_sslsplit' created
[tinderbox-ng ok] session 'pkg-cmp-emerge-net_analyzer_sslsplit' created
[tinderbox-ng]   running both engines in parallel (logs: /srv/tinderbox-ng/logs/compare-net_analyzer_sslsplit-20260510T083436)

┌────────────────────────────────────────────────────────────────────────┐
│ tinderbox-ng compare report                                            │
├────────────────────────────────────────────────────────────────────────┤
│ target : net-analyzer/sslsplit                                         │
│ mode   : --build                                                       │
│ logs   : /srv/tinderbox-ng/logs/compare-net_analyzer_sslsplit-20260510T083436│
├──────────────────┬─────────────────────────┬───────────────────────────┤
│ (metric)         │ portage-ng              │ emerge                    │
├──────────────────┼─────────────────────────┼───────────────────────────┤
│ exit             │ OK                      │ OK                        │
│ plan actions     │ 12                      │ 4                         │
│ completed        │ 13                      │ 4                         │
│ merged into VDB  │ 4                       │ 4                         │
└──────────────────┴─────────────────────────┴───────────────────────────┘

Full logs:
  portage-ng: /srv/tinderbox-ng/logs/compare-net_analyzer_sslsplit-20260510T083436/portage-ng.log
  emerge    : /srv/tinderbox-ng/logs/compare-net_analyzer_sslsplit-20260510T083436/emerge.log

[tinderbox-ng]   cleaning up sessions (use --keep to preserve)
