[tinderbox-ng] compare: target='net-misc/gvrpcd'  mode=--build  label=net_misc_gvrpcd
[tinderbox-ng]   portage-ng session: pkg-cmp-portage-ng-net_misc_gvrpcd
[tinderbox-ng]   emerge     session: pkg-cmp-emerge-net_misc_gvrpcd
[tinderbox-ng ok] session 'pkg-cmp-portage-ng-net_misc_gvrpcd' created
[tinderbox-ng ok] session 'pkg-cmp-emerge-net_misc_gvrpcd' created
[tinderbox-ng]   running both engines in parallel (logs: /srv/tinderbox-ng/logs/compare-net_misc_gvrpcd-20260510T085811)

┌────────────────────────────────────────────────────────────────────────┐
│ tinderbox-ng compare report                                            │
├────────────────────────────────────────────────────────────────────────┤
│ target : net-misc/gvrpcd                                               │
│ mode   : --build                                                       │
│ logs   : /srv/tinderbox-ng/logs/compare-net_misc_gvrpcd-20260510T085811│
├──────────────────┬─────────────────────────┬───────────────────────────┤
│ (metric)         │ portage-ng              │ emerge                    │
├──────────────────┼─────────────────────────┼───────────────────────────┤
│ exit             │ OK                      │ OK                        │
│ plan actions     │ 6                       │ 2                         │
│ completed        │ 7                       │ 2                         │
│ merged into VDB  │ 2                       │ 2                         │
└──────────────────┴─────────────────────────┴───────────────────────────┘

Full logs:
  portage-ng: /srv/tinderbox-ng/logs/compare-net_misc_gvrpcd-20260510T085811/portage-ng.log
  emerge    : /srv/tinderbox-ng/logs/compare-net_misc_gvrpcd-20260510T085811/emerge.log

[tinderbox-ng]   cleaning up sessions (use --keep to preserve)
