[tinderbox-ng] compare: target='net-libs/libcrafter'  mode=--build  label=net_libs_libcrafter
[tinderbox-ng]   portage-ng session: pkg-cmp-portage-ng-net_libs_libcrafter
[tinderbox-ng]   emerge     session: pkg-cmp-emerge-net_libs_libcrafter
[tinderbox-ng ok] session 'pkg-cmp-portage-ng-net_libs_libcrafter' created
[tinderbox-ng ok] session 'pkg-cmp-emerge-net_libs_libcrafter' created
[tinderbox-ng]   running both engines in parallel (logs: /srv/tinderbox-ng/logs/compare-net_libs_libcrafter-20260510T084914)

┌────────────────────────────────────────────────────────────────────────┐
│ tinderbox-ng compare report                                            │
├────────────────────────────────────────────────────────────────────────┤
│ target : net-libs/libcrafter                                           │
│ mode   : --build                                                       │
│ logs   : /srv/tinderbox-ng/logs/compare-net_libs_libcrafter-20260510T084914│
├──────────────────┬─────────────────────────┬───────────────────────────┤
│ (metric)         │ portage-ng              │ emerge                    │
├──────────────────┼─────────────────────────┼───────────────────────────┤
│ exit             │ FAIL(3)                 │ FAIL(1)                   │
│ plan actions     │ 6                       │ 2                         │
│ completed        │ 4                       │ 1                         │
│ merged into VDB  │ 1                       │ 1                         │
└──────────────────┴─────────────────────────┴───────────────────────────┘

First error/warning per engine:
  portage-ng: [step 4] FAIL (1) install portage://net-libs/libcrafter-1.0-r1
  emerge    : >>> Failed to emerge net-libs/libcrafter-1.0-r1, Log file:

Full logs:
  portage-ng: /srv/tinderbox-ng/logs/compare-net_libs_libcrafter-20260510T084914/portage-ng.log
  emerge    : /srv/tinderbox-ng/logs/compare-net_libs_libcrafter-20260510T084914/emerge.log

[tinderbox-ng]   cleaning up sessions (use --keep to preserve)
