[tinderbox-ng] compare: target='net-mail/dovecot'  mode=--build  label=net_mail_dovecot
[tinderbox-ng]   portage-ng session: pkg-cmp-portage-ng-net_mail_dovecot
[tinderbox-ng]   emerge     session: pkg-cmp-emerge-net_mail_dovecot
[tinderbox-ng ok] session 'pkg-cmp-portage-ng-net_mail_dovecot' created
[tinderbox-ng ok] session 'pkg-cmp-emerge-net_mail_dovecot' created
[tinderbox-ng]   running both engines in parallel (logs: /srv/tinderbox-ng/logs/compare-net_mail_dovecot-20260510T085245)

┌────────────────────────────────────────────────────────────────────────┐
│ tinderbox-ng compare report                                            │
├────────────────────────────────────────────────────────────────────────┤
│ target : net-mail/dovecot                                              │
│ mode   : --build                                                       │
│ logs   : /srv/tinderbox-ng/logs/compare-net_mail_dovecot-20260510T085245│
├──────────────────┬─────────────────────────┬───────────────────────────┤
│ (metric)         │ portage-ng              │ emerge                    │
├──────────────────┼─────────────────────────┼───────────────────────────┤
│ exit             │ OK                      │ OK                        │
│ plan actions     │ 14                      │ 6                         │
│ completed        │ 15                      │ 6                         │
│ merged into VDB  │ 6                       │ 6                         │
└──────────────────┴─────────────────────────┴───────────────────────────┘

Full logs:
  portage-ng: /srv/tinderbox-ng/logs/compare-net_mail_dovecot-20260510T085245/portage-ng.log
  emerge    : /srv/tinderbox-ng/logs/compare-net_mail_dovecot-20260510T085245/emerge.log

[tinderbox-ng]   cleaning up sessions (use --keep to preserve)
