[tinderbox-ng] compare: target='net-mail/b4'  mode=--build  label=net_mail_b4
[tinderbox-ng]   portage-ng session: pkg-cmp-portage-ng-net_mail_b4
[tinderbox-ng]   emerge     session: pkg-cmp-emerge-net_mail_b4
[tinderbox-ng ok] session 'pkg-cmp-portage-ng-net_mail_b4' created
[tinderbox-ng ok] session 'pkg-cmp-emerge-net_mail_b4' created
[tinderbox-ng]   running both engines in parallel (logs: /srv/tinderbox-ng/logs/compare-net_mail_b4-20260510T085236)

┌────────────────────────────────────────────────────────────────────────┐
│ tinderbox-ng compare report                                            │
├────────────────────────────────────────────────────────────────────────┤
│ target : net-mail/b4                                                   │
│ mode   : --build                                                       │
│ logs   : /srv/tinderbox-ng/logs/compare-net_mail_b4-20260510T085236    │
├──────────────────┬─────────────────────────┬───────────────────────────┤
│ (metric)         │ portage-ng              │ emerge                    │
├──────────────────┼─────────────────────────┼───────────────────────────┤
│ exit             │ OK                      │ OK                        │
│ plan actions     │ 30                      │ 10                        │
│ completed        │ 31                      │ 10                        │
│ merged into VDB  │ 10                      │ 10                        │
└──────────────────┴─────────────────────────┴───────────────────────────┘

Full logs:
  portage-ng: /srv/tinderbox-ng/logs/compare-net_mail_b4-20260510T085236/portage-ng.log
  emerge    : /srv/tinderbox-ng/logs/compare-net_mail_b4-20260510T085236/emerge.log

[tinderbox-ng]   cleaning up sessions (use --keep to preserve)
