[tinderbox-ng] compare: target='net-irc/irker'  mode=--build  label=net_irc_irker
[tinderbox-ng]   portage-ng session: pkg-cmp-portage-ng-net_irc_irker
[tinderbox-ng]   emerge     session: pkg-cmp-emerge-net_irc_irker
[tinderbox-ng ok] session 'pkg-cmp-portage-ng-net_irc_irker' created
[tinderbox-ng ok] session 'pkg-cmp-emerge-net_irc_irker' created
[tinderbox-ng]   running both engines in parallel (logs: /srv/tinderbox-ng/logs/compare-net_irc_irker-20260510T084725)

┌────────────────────────────────────────────────────────────────────────┐
│ tinderbox-ng compare report                                            │
├────────────────────────────────────────────────────────────────────────┤
│ target : net-irc/irker                                                 │
│ mode   : --build                                                       │
│ logs   : /srv/tinderbox-ng/logs/compare-net_irc_irker-20260510T084725  │
├──────────────────┬─────────────────────────┬───────────────────────────┤
│ (metric)         │ portage-ng              │ emerge                    │
├──────────────────┼─────────────────────────┼───────────────────────────┤
│ exit             │ OK                      │ OK                        │
│ plan actions     │ 3                       │ 1                         │
│ completed        │ 4                       │ 1                         │
│ merged into VDB  │ 1                       │ 1                         │
└──────────────────┴─────────────────────────┴───────────────────────────┘

Full logs:
  portage-ng: /srv/tinderbox-ng/logs/compare-net_irc_irker-20260510T084725/portage-ng.log
  emerge    : /srv/tinderbox-ng/logs/compare-net_irc_irker-20260510T084725/emerge.log

[tinderbox-ng]   cleaning up sessions (use --keep to preserve)
