[tinderbox-ng] compare: target='net-vpn/openvpn'  mode=--build  label=net_vpn_openvpn
[tinderbox-ng]   portage-ng session: pkg-cmp-portage-ng-net_vpn_openvpn
[tinderbox-ng]   emerge     session: pkg-cmp-emerge-net_vpn_openvpn
[tinderbox-ng ok] session 'pkg-cmp-portage-ng-net_vpn_openvpn' created
[tinderbox-ng ok] session 'pkg-cmp-emerge-net_vpn_openvpn' created
[tinderbox-ng]   running both engines in parallel (logs: /srv/tinderbox-ng/logs/compare-net_vpn_openvpn-20260510T090137)

┌────────────────────────────────────────────────────────────────────────┐
│ tinderbox-ng compare report                                            │
├────────────────────────────────────────────────────────────────────────┤
│ target : net-vpn/openvpn                                               │
│ mode   : --build                                                       │
│ logs   : /srv/tinderbox-ng/logs/compare-net_vpn_openvpn-20260510T090137│
├──────────────────┬─────────────────────────┬───────────────────────────┤
│ (metric)         │ portage-ng              │ emerge                    │
├──────────────────┼─────────────────────────┼───────────────────────────┤
│ exit             │ FAIL(3)                 │ FAIL(1)                   │
│ plan actions     │ 16                      │ 1                         │
│ completed        │ 8                       │ 4                         │
│ merged into VDB  │ 3                       │ 4                         │
└──────────────────┴─────────────────────────┴───────────────────────────┘

First error/warning per engine:
  portage-ng: [step 2] FAIL (1) install portage://sys-libs/libcap-ng-0.9.3
  emerge    : >>> Failed to emerge sys-libs/libcap-ng-0.9.3, Log file:

VDB delta (after build):
  only in emerge:
    + acct-user/openvpn-0-r3
  in both: 3 packages

Full logs:
  portage-ng: /srv/tinderbox-ng/logs/compare-net_vpn_openvpn-20260510T090137/portage-ng.log
  emerge    : /srv/tinderbox-ng/logs/compare-net_vpn_openvpn-20260510T090137/emerge.log

[tinderbox-ng]   cleaning up sessions (use --keep to preserve)
