[tinderbox-ng] compare: target='net-dns/resolvconf-symlink'  mode=--build  label=net_dns_resolvconf_symlink
[tinderbox-ng]   portage-ng session: pkg-cmp-portage-ng-net_dns_resolvconf_symlink
[tinderbox-ng]   emerge     session: pkg-cmp-emerge-net_dns_resolvconf_symlink
[tinderbox-ng ok] session 'pkg-cmp-portage-ng-net_dns_resolvconf_symlink' created
[tinderbox-ng ok] session 'pkg-cmp-emerge-net_dns_resolvconf_symlink' created
[tinderbox-ng]   running both engines in parallel (logs: /srv/tinderbox-ng/logs/compare-net_dns_resolvconf_symlink-20260510T084123)

┌────────────────────────────────────────────────────────────────────────┐
│ tinderbox-ng compare report                                            │
├────────────────────────────────────────────────────────────────────────┤
│ target : net-dns/resolvconf-symlink                                    │
│ mode   : --build                                                       │
│ logs   : /srv/tinderbox-ng/logs/compare-net_dns_resolvconf_symlink-20260510T084123│
├──────────────────┬─────────────────────────┬───────────────────────────┤
│ (metric)         │ portage-ng              │ emerge                    │
├──────────────────┼─────────────────────────┼───────────────────────────┤
│ exit             │ FAIL(3)                 │ FAIL(1)                   │
│ plan actions     │ 3                       │ 1                         │
│ completed        │ 1                       │ 2                         │
│ merged into VDB  │ 1                       │ 1                         │
└──────────────────┴─────────────────────────┴───────────────────────────┘

First error/warning per engine:
  portage-ng: [step 2] FAIL (1) install portage://net-dns/resolvconf-symlink-0
  emerge    : >>> Failed to install net-dns/resolvconf-symlink-0, Log file:

Full logs:
  portage-ng: /srv/tinderbox-ng/logs/compare-net_dns_resolvconf_symlink-20260510T084123/portage-ng.log
  emerge    : /srv/tinderbox-ng/logs/compare-net_dns_resolvconf_symlink-20260510T084123/emerge.log

[tinderbox-ng]   cleaning up sessions (use --keep to preserve)
