[tinderbox-ng] compare: target='net-analyzer/telegraf'  mode=--build  label=net_analyzer_telegraf
[tinderbox-ng]   portage-ng session: pkg-cmp-portage-ng-net_analyzer_telegraf
[tinderbox-ng]   emerge     session: pkg-cmp-emerge-net_analyzer_telegraf
[tinderbox-ng ok] session 'pkg-cmp-portage-ng-net_analyzer_telegraf' created
[tinderbox-ng ok] session 'pkg-cmp-emerge-net_analyzer_telegraf' created
[tinderbox-ng]   running both engines in parallel (logs: /srv/tinderbox-ng/logs/compare-net_analyzer_telegraf-20260510T083641)

┌────────────────────────────────────────────────────────────────────────┐
│ tinderbox-ng compare report                                            │
├────────────────────────────────────────────────────────────────────────┤
│ target : net-analyzer/telegraf                                         │
│ mode   : --build                                                       │
│ logs   : /srv/tinderbox-ng/logs/compare-net_analyzer_telegraf-20260510T083641│
├──────────────────┬─────────────────────────┬───────────────────────────┤
│ (metric)         │ portage-ng              │ emerge                    │
├──────────────────┼─────────────────────────┼───────────────────────────┤
│ exit             │ OK                      │ OK                        │
│ plan actions     │ 11                      │ 5                         │
│ completed        │ 12                      │ 5                         │
│ merged into VDB  │ 5                       │ 5                         │
└──────────────────┴─────────────────────────┴───────────────────────────┘

Full logs:
  portage-ng: /srv/tinderbox-ng/logs/compare-net_analyzer_telegraf-20260510T083641/portage-ng.log
  emerge    : /srv/tinderbox-ng/logs/compare-net_analyzer_telegraf-20260510T083641/emerge.log

[tinderbox-ng]   cleaning up sessions (use --keep to preserve)
