[tinderbox-ng] compare: target='net-misc/gwhois'  mode=--build  label=net_misc_gwhois
[tinderbox-ng]   portage-ng session: pkg-cmp-portage-ng-net_misc_gwhois
[tinderbox-ng]   emerge     session: pkg-cmp-emerge-net_misc_gwhois
[tinderbox-ng ok] session 'pkg-cmp-portage-ng-net_misc_gwhois' created
[tinderbox-ng ok] session 'pkg-cmp-emerge-net_misc_gwhois' created
[tinderbox-ng]   running both engines in parallel (logs: /srv/tinderbox-ng/logs/compare-net_misc_gwhois-20260510T085813)

┌────────────────────────────────────────────────────────────────────────┐
│ tinderbox-ng compare report                                            │
├────────────────────────────────────────────────────────────────────────┤
│ target : net-misc/gwhois                                               │
│ mode   : --build                                                       │
│ logs   : /srv/tinderbox-ng/logs/compare-net_misc_gwhois-20260510T085813│
├──────────────────┬─────────────────────────┬───────────────────────────┤
│ (metric)         │ portage-ng              │ emerge                    │
├──────────────────┼─────────────────────────┼───────────────────────────┤
│ exit             │ OK                      │ OK                        │
│ plan actions     │ 87                      │ 31                        │
│ completed        │ 88                      │ 31                        │
│ merged into VDB  │ 31                      │ 31                        │
└──────────────────┴─────────────────────────┴───────────────────────────┘

Full logs:
  portage-ng: /srv/tinderbox-ng/logs/compare-net_misc_gwhois-20260510T085813/portage-ng.log
  emerge    : /srv/tinderbox-ng/logs/compare-net_misc_gwhois-20260510T085813/emerge.log

[tinderbox-ng]   cleaning up sessions (use --keep to preserve)
