[tinderbox-ng] compare: target='net-dns/bind-tools'  mode=--build  label=net_dns_bind_tools
[tinderbox-ng]   portage-ng session: pkg-cmp-portage-ng-net_dns_bind_tools
[tinderbox-ng]   emerge     session: pkg-cmp-emerge-net_dns_bind_tools
[tinderbox-ng ok] session 'pkg-cmp-portage-ng-net_dns_bind_tools' created
[tinderbox-ng ok] session 'pkg-cmp-emerge-net_dns_bind_tools' created
[tinderbox-ng]   running both engines in parallel (logs: /srv/tinderbox-ng/logs/compare-net_dns_bind_tools-20260510T083807)

┌────────────────────────────────────────────────────────────────────────┐
│ tinderbox-ng compare report                                            │
├────────────────────────────────────────────────────────────────────────┤
│ target : net-dns/bind-tools                                            │
│ mode   : --build                                                       │
│ logs   : /srv/tinderbox-ng/logs/compare-net_dns_bind_tools-20260510T083807│
├──────────────────┬─────────────────────────┬───────────────────────────┤
│ (metric)         │ portage-ng              │ emerge                    │
├──────────────────┼─────────────────────────┼───────────────────────────┤
│ exit             │ OK                      │ OK                        │
│ plan actions     │ 10                      │ 4                         │
│ completed        │ 11                      │ 4                         │
│ merged into VDB  │ 4                       │ 4                         │
└──────────────────┴─────────────────────────┴───────────────────────────┘

Full logs:
  portage-ng: /srv/tinderbox-ng/logs/compare-net_dns_bind_tools-20260510T083807/portage-ng.log
  emerge    : /srv/tinderbox-ng/logs/compare-net_dns_bind_tools-20260510T083807/emerge.log

[tinderbox-ng]   cleaning up sessions (use --keep to preserve)
