[tinderbox-ng] compare: target='net-misc/geomyidae'  mode=--build  label=net_misc_geomyidae
[tinderbox-ng]   portage-ng session: pkg-cmp-portage-ng-net_misc_geomyidae
[tinderbox-ng]   emerge     session: pkg-cmp-emerge-net_misc_geomyidae
[tinderbox-ng ok] session 'pkg-cmp-portage-ng-net_misc_geomyidae' created
[tinderbox-ng ok] session 'pkg-cmp-emerge-net_misc_geomyidae' created
[tinderbox-ng]   running both engines in parallel (logs: /srv/tinderbox-ng/logs/compare-net_misc_geomyidae-20260510T085807)

┌────────────────────────────────────────────────────────────────────────┐
│ tinderbox-ng compare report                                            │
├────────────────────────────────────────────────────────────────────────┤
│ target : net-misc/geomyidae                                            │
│ mode   : --build                                                       │
│ logs   : /srv/tinderbox-ng/logs/compare-net_misc_geomyidae-20260510T085807│
├──────────────────┬─────────────────────────┬───────────────────────────┤
│ (metric)         │ portage-ng              │ emerge                    │
├──────────────────┼─────────────────────────┼───────────────────────────┤
│ exit             │ OK                      │ OK                        │
│ plan actions     │ 10                      │ 4                         │
│ completed        │ 11                      │ 4                         │
│ merged into VDB  │ 4                       │ 4                         │
└──────────────────┴─────────────────────────┴───────────────────────────┘

Full logs:
  portage-ng: /srv/tinderbox-ng/logs/compare-net_misc_geomyidae-20260510T085807/portage-ng.log
  emerge    : /srv/tinderbox-ng/logs/compare-net_misc_geomyidae-20260510T085807/emerge.log

[tinderbox-ng]   cleaning up sessions (use --keep to preserve)
