[tinderbox-ng] compare: target='net-im/fractal'  mode=--build  label=net_im_fractal
[tinderbox-ng]   portage-ng session: pkg-cmp-portage-ng-net_im_fractal
[tinderbox-ng]   emerge     session: pkg-cmp-emerge-net_im_fractal
[tinderbox-ng ok] session 'pkg-cmp-portage-ng-net_im_fractal' created
[tinderbox-ng ok] session 'pkg-cmp-emerge-net_im_fractal' created
[tinderbox-ng]   running both engines in parallel (logs: /srv/tinderbox-ng/logs/compare-net_im_fractal-20260510T084633)

┌────────────────────────────────────────────────────────────────────────┐
│ tinderbox-ng compare report                                            │
├────────────────────────────────────────────────────────────────────────┤
│ target : net-im/fractal                                                │
│ mode   : --build                                                       │
│ logs   : /srv/tinderbox-ng/logs/compare-net_im_fractal-20260510T084633 │
├──────────────────┬─────────────────────────┬───────────────────────────┤
│ (metric)         │ portage-ng              │ emerge                    │
├──────────────────┼─────────────────────────┼───────────────────────────┤
│ exit             │ FAIL(3)                 │ FAIL(1)                   │
│ plan actions     │ 432                     │ ?                         │
│ completed        │ 145                     │ 0                         │
│ merged into VDB  │ 4                       │ 0                         │
└──────────────────┴─────────────────────────┴───────────────────────────┘

First error/warning per engine:
  portage-ng: [step 2] FAIL (1) update portage://dev-python/flit-core-3.12.0

VDB delta (after build):
  only in portage-ng:
    + acct-group/cuse-0
    + acct-group/messagebus-0-r3
    + acct-group/pipewire-0-r2
    + dev-python/gpep517-19

Full logs:
  portage-ng: /srv/tinderbox-ng/logs/compare-net_im_fractal-20260510T084633/portage-ng.log
  emerge    : /srv/tinderbox-ng/logs/compare-net_im_fractal-20260510T084633/emerge.log

[tinderbox-ng]   cleaning up sessions (use --keep to preserve)
