[tinderbox-ng] compare: target='net-libs/libblkmaker'  mode=--build  label=net_libs_libblkmaker
[tinderbox-ng]   portage-ng session: pkg-cmp-portage-ng-net_libs_libblkmaker
[tinderbox-ng]   emerge     session: pkg-cmp-emerge-net_libs_libblkmaker
[tinderbox-ng ok] session 'pkg-cmp-portage-ng-net_libs_libblkmaker' created
[tinderbox-ng ok] session 'pkg-cmp-emerge-net_libs_libblkmaker' created
[tinderbox-ng]   running both engines in parallel (logs: /srv/tinderbox-ng/logs/compare-net_libs_libblkmaker-20260510T084836)

┌────────────────────────────────────────────────────────────────────────┐
│ tinderbox-ng compare report                                            │
├────────────────────────────────────────────────────────────────────────┤
│ target : net-libs/libblkmaker                                          │
│ mode   : --build                                                       │
│ logs   : /srv/tinderbox-ng/logs/compare-net_libs_libblkmaker-20260510T084836│
├──────────────────┬─────────────────────────┬───────────────────────────┤
│ (metric)         │ portage-ng              │ emerge                    │
├──────────────────┼─────────────────────────┼───────────────────────────┤
│ exit             │ FAIL(3)                 │ FAIL(1)                   │
│ plan actions     │ 9                       │ 1                         │
│ completed        │ 3                       │ 0                         │
│ merged into VDB  │ 0                       │ 0                         │
└──────────────────┴─────────────────────────┴───────────────────────────┘

First error/warning per engine:
  portage-ng: [step 2] FAIL (1) install portage://dev-libs/libbase58-0.1.4-r2
  emerge    : >>> Failed to emerge dev-libs/jansson-2.14.1, Log file:

Full logs:
  portage-ng: /srv/tinderbox-ng/logs/compare-net_libs_libblkmaker-20260510T084836/portage-ng.log
  emerge    : /srv/tinderbox-ng/logs/compare-net_libs_libblkmaker-20260510T084836/emerge.log

[tinderbox-ng]   cleaning up sessions (use --keep to preserve)
