[tinderbox-ng] compare: target='net-analyzer/nagircbot'  mode=--build  label=net_analyzer_nagircbot
[tinderbox-ng]   portage-ng session: pkg-cmp-portage-ng-net_analyzer_nagircbot
[tinderbox-ng]   emerge     session: pkg-cmp-emerge-net_analyzer_nagircbot
[tinderbox-ng ok] session 'pkg-cmp-portage-ng-net_analyzer_nagircbot' created
[tinderbox-ng ok] session 'pkg-cmp-emerge-net_analyzer_nagircbot' created
[tinderbox-ng]   running both engines in parallel (logs: /srv/tinderbox-ng/logs/compare-net_analyzer_nagircbot-20260510T083033)

┌────────────────────────────────────────────────────────────────────────┐
│ tinderbox-ng compare report                                            │
├────────────────────────────────────────────────────────────────────────┤
│ target : net-analyzer/nagircbot                                        │
│ mode   : --build                                                       │
│ logs   : /srv/tinderbox-ng/logs/compare-net_analyzer_nagircbot-20260510T083033│
├──────────────────┬─────────────────────────┬───────────────────────────┤
│ (metric)         │ portage-ng              │ emerge                    │
├──────────────────┼─────────────────────────┼───────────────────────────┤
│ exit             │ OK                      │ OK                        │
│ plan actions     │ 38                      │ 15                        │
│ completed        │ 39                      │ 15                        │
│ merged into VDB  │ 15                      │ 15                        │
└──────────────────┴─────────────────────────┴───────────────────────────┘

Full logs:
  portage-ng: /srv/tinderbox-ng/logs/compare-net_analyzer_nagircbot-20260510T083033/portage-ng.log
  emerge    : /srv/tinderbox-ng/logs/compare-net_analyzer_nagircbot-20260510T083033/emerge.log

[tinderbox-ng]   cleaning up sessions (use --keep to preserve)
