[tinderbox-ng] compare: target='net-analyzer/nrpe'  mode=--build  label=net_analyzer_nrpe
[tinderbox-ng]   portage-ng session: pkg-cmp-portage-ng-net_analyzer_nrpe
[tinderbox-ng]   emerge     session: pkg-cmp-emerge-net_analyzer_nrpe
[tinderbox-ng ok] session 'pkg-cmp-portage-ng-net_analyzer_nrpe' created
[tinderbox-ng ok] session 'pkg-cmp-emerge-net_analyzer_nrpe' created
[tinderbox-ng]   running both engines in parallel (logs: /srv/tinderbox-ng/logs/compare-net_analyzer_nrpe-20260510T083157)

┌────────────────────────────────────────────────────────────────────────┐
│ tinderbox-ng compare report                                            │
├────────────────────────────────────────────────────────────────────────┤
│ target : net-analyzer/nrpe                                             │
│ mode   : --build                                                       │
│ logs   : /srv/tinderbox-ng/logs/compare-net_analyzer_nrpe-20260510T083157│
├──────────────────┬─────────────────────────┬───────────────────────────┤
│ (metric)         │ portage-ng              │ emerge                    │
├──────────────────┼─────────────────────────┼───────────────────────────┤
│ exit             │ OK                      │ OK                        │
│ plan actions     │ 10                      │ 4                         │
│ completed        │ 11                      │ 4                         │
│ merged into VDB  │ 4                       │ 4                         │
└──────────────────┴─────────────────────────┴───────────────────────────┘

Full logs:
  portage-ng: /srv/tinderbox-ng/logs/compare-net_analyzer_nrpe-20260510T083157/portage-ng.log
  emerge    : /srv/tinderbox-ng/logs/compare-net_analyzer_nrpe-20260510T083157/emerge.log

[tinderbox-ng]   cleaning up sessions (use --keep to preserve)
