[tinderbox-ng] compare: target='net-misc/sock'  mode=--build  label=net_misc_sock
[tinderbox-ng]   portage-ng session: pkg-cmp-portage-ng-net_misc_sock
[tinderbox-ng]   emerge     session: pkg-cmp-emerge-net_misc_sock
[tinderbox-ng ok] session 'pkg-cmp-portage-ng-net_misc_sock' created
[tinderbox-ng ok] session 'pkg-cmp-emerge-net_misc_sock' created
[tinderbox-ng]   running both engines in parallel (logs: /srv/tinderbox-ng/logs/compare-net_misc_sock-20260510T085952)

┌────────────────────────────────────────────────────────────────────────┐
│ tinderbox-ng compare report                                            │
├────────────────────────────────────────────────────────────────────────┤
│ target : net-misc/sock                                                 │
│ mode   : --build                                                       │
│ logs   : /srv/tinderbox-ng/logs/compare-net_misc_sock-20260510T085952  │
├──────────────────┬─────────────────────────┬───────────────────────────┤
│ (metric)         │ portage-ng              │ emerge                    │
├──────────────────┼─────────────────────────┼───────────────────────────┤
│ exit             │ OK                      │ OK                        │
│ plan actions     │ 3                       │ 1                         │
│ completed        │ 4                       │ 1                         │
│ merged into VDB  │ 1                       │ 1                         │
└──────────────────┴─────────────────────────┴───────────────────────────┘

Full logs:
  portage-ng: /srv/tinderbox-ng/logs/compare-net_misc_sock-20260510T085952/portage-ng.log
  emerge    : /srv/tinderbox-ng/logs/compare-net_misc_sock-20260510T085952/emerge.log

[tinderbox-ng]   cleaning up sessions (use --keep to preserve)
