[tinderbox-ng] compare: target='net-ftp/frox'  mode=--build  label=net_ftp_frox
[tinderbox-ng]   portage-ng session: pkg-cmp-portage-ng-net_ftp_frox
[tinderbox-ng]   emerge     session: pkg-cmp-emerge-net_ftp_frox
[tinderbox-ng ok] session 'pkg-cmp-portage-ng-net_ftp_frox' created
[tinderbox-ng ok] session 'pkg-cmp-emerge-net_ftp_frox' created
[tinderbox-ng]   running both engines in parallel (logs: /srv/tinderbox-ng/logs/compare-net_ftp_frox-20260510T084508)

┌────────────────────────────────────────────────────────────────────────┐
│ tinderbox-ng compare report                                            │
├────────────────────────────────────────────────────────────────────────┤
│ target : net-ftp/frox                                                  │
│ mode   : --build                                                       │
│ logs   : /srv/tinderbox-ng/logs/compare-net_ftp_frox-20260510T084508   │
├──────────────────┬─────────────────────────┬───────────────────────────┤
│ (metric)         │ portage-ng              │ emerge                    │
├──────────────────┼─────────────────────────┼───────────────────────────┤
│ exit             │ OK                      │ OK                        │
│ plan actions     │ 7                       │ 3                         │
│ completed        │ 8                       │ 3                         │
│ merged into VDB  │ 3                       │ 3                         │
└──────────────────┴─────────────────────────┴───────────────────────────┘

Full logs:
  portage-ng: /srv/tinderbox-ng/logs/compare-net_ftp_frox-20260510T084508/portage-ng.log
  emerge    : /srv/tinderbox-ng/logs/compare-net_ftp_frox-20260510T084508/emerge.log

[tinderbox-ng]   cleaning up sessions (use --keep to preserve)
