[tinderbox-ng] compare: target='sci-libs/jkqtplotter'  mode=--build  label=sci_libs_jkqtplotter
[tinderbox-ng]   portage-ng session: pkg-cmp-portage-ng-sci_libs_jkqtplotter
[tinderbox-ng]   emerge     session: pkg-cmp-emerge-sci_libs_jkqtplotter
[tinderbox-ng ok] session 'pkg-cmp-portage-ng-sci_libs_jkqtplotter' created
[tinderbox-ng ok] session 'pkg-cmp-emerge-sci_libs_jkqtplotter' created
[tinderbox-ng]   running both engines in parallel (logs: /srv/tinderbox-ng/logs/compare-sci_libs_jkqtplotter-20260510T090655)

┌────────────────────────────────────────────────────────────────────────┐
│ tinderbox-ng compare report                                            │
├────────────────────────────────────────────────────────────────────────┤
│ target : sci-libs/jkqtplotter                                          │
│ mode   : --build                                                       │
│ logs   : /srv/tinderbox-ng/logs/compare-sci_libs_jkqtplotter-20260510T090655│
├──────────────────┬─────────────────────────┬───────────────────────────┤
│ (metric)         │ portage-ng              │ emerge                    │
├──────────────────┼─────────────────────────┼───────────────────────────┤
│ exit             │ FAIL(3)                 │ FAIL(1)                   │
│ plan actions     │ 309                     │ ?                         │
│ completed        │ 139                     │ 0                         │
│ merged into VDB  │ 39                      │ 0                         │
└──────────────────┴─────────────────────────┴───────────────────────────┘

First error/warning per engine:
  portage-ng:  └─step  2─┤ verify  dev-qt/qtbase (unsatisfied constraints, assumed running)

VDB delta (after build):
  only in portage-ng:
    + acct-group/messagebus-0-r3
    + app-eselect/eselect-fontconfig-20220403
    + app-text/docbook-xml-dtd-4.3-r2
    + app-text/docbook-xml-dtd-4.4-r3
    + app-text/libpaper-2.1.3
    + dev-libs/double-conversion-3.4.0
    + dev-libs/icu-78.3
    + dev-libs/kpathsea-6.4.0_p20240311-r1
    + dev-libs/libevdev-1.13.6
    + dev-libs/md4c-0.5.3
    + dev-libs/zziplib-0.13.80
    + dev-perl/Class-Data-Inheritable-0.100.0
    + dev-perl/Clone-0.470.0
    + dev-perl/Devel-StackTrace-2.50.0
    + dev-perl/ExtUtils-HasCompiler-0.25.0
    + dev-perl/File-Which-1.270.0-r1
    + dev-perl/MRO-Compat-0.150.0
    + dev-perl/Module-Runtime-0.18.0
    + dev-perl/Package-Stash-XS-0.300.0
    + dev-perl/PadWalker-2.500.0
    + dev-perl/Perl-Tidy-20250912.0.0
    + dev-perl/Ref-Util-XS-0.117.0
    + dev-perl/Sub-Install-0.929.0
    + dev-perl/Variable-Magic-0.640.0
    + dev-perl/XString-0.5.0
    + dev-util/glib-utils-2.88.0
    + media-fonts/liberation-fonts-2.1.5
    + media-gfx/graphite2-1.3.14_p20210810-r5
    + media-libs/libpng-1.6.58
    + sci-libs/mpfi-1.5.4_p20220401
    + sys-apps/ed-1.22.5
    + sys-libs/mtdev-1.1.7
    + virtual/libudev-251-r2
    + x11-base/xcb-proto-1.17.0
    + x11-base/xorg-proto-2025.1
    + x11-libs/libdrm-2.4.133
    + x11-libs/pixman-0.46.4
    + x11-libs/xtrans-1.6.0
    + x11-misc/xkeyboard-config-2.47

Full logs:
  portage-ng: /srv/tinderbox-ng/logs/compare-sci_libs_jkqtplotter-20260510T090655/portage-ng.log
  emerge    : /srv/tinderbox-ng/logs/compare-sci_libs_jkqtplotter-20260510T090655/emerge.log

[tinderbox-ng]   cleaning up sessions (use --keep to preserve)
