[tinderbox-ng] compare: target='sci-libs/branca'  mode=--build  label=sci_libs_branca
[tinderbox-ng]   portage-ng session: pkg-cmp-portage-ng-sci_libs_branca
[tinderbox-ng]   emerge     session: pkg-cmp-emerge-sci_libs_branca
[tinderbox-ng ok] session 'pkg-cmp-portage-ng-sci_libs_branca' created
[tinderbox-ng ok] session 'pkg-cmp-emerge-sci_libs_branca' created
[tinderbox-ng]   running both engines in parallel (logs: /srv/tinderbox-ng/logs/compare-sci_libs_branca-20260510T090547)

┌────────────────────────────────────────────────────────────────────────┐
│ tinderbox-ng compare report                                            │
├────────────────────────────────────────────────────────────────────────┤
│ target : sci-libs/branca                                               │
│ mode   : --build                                                       │
│ logs   : /srv/tinderbox-ng/logs/compare-sci_libs_branca-20260510T090547│
├──────────────────┬─────────────────────────┬───────────────────────────┤
│ (metric)         │ portage-ng              │ emerge                    │
├──────────────────┼─────────────────────────┼───────────────────────────┤
│ exit             │ OK                      │ OK                        │
│ plan actions     │ 3                       │ 1                         │
│ completed        │ 4                       │ 1                         │
│ merged into VDB  │ 1                       │ 1                         │
└──────────────────┴─────────────────────────┴───────────────────────────┘

Full logs:
  portage-ng: /srv/tinderbox-ng/logs/compare-sci_libs_branca-20260510T090547/portage-ng.log
  emerge    : /srv/tinderbox-ng/logs/compare-sci_libs_branca-20260510T090547/emerge.log

[tinderbox-ng]   cleaning up sessions (use --keep to preserve)
