[tinderbox-ng] compare: target='sci-geosciences/laszip'  mode=--build  label=sci_geosciences_laszip
[tinderbox-ng]   portage-ng session: pkg-cmp-portage-ng-sci_geosciences_laszip
[tinderbox-ng]   emerge     session: pkg-cmp-emerge-sci_geosciences_laszip
[tinderbox-ng ok] session 'pkg-cmp-portage-ng-sci_geosciences_laszip' created
[tinderbox-ng ok] session 'pkg-cmp-emerge-sci_geosciences_laszip' created
[tinderbox-ng]   running both engines in parallel (logs: /srv/tinderbox-ng/logs/compare-sci_geosciences_laszip-20260510T090414)

┌────────────────────────────────────────────────────────────────────────┐
│ tinderbox-ng compare report                                            │
├────────────────────────────────────────────────────────────────────────┤
│ target : sci-geosciences/laszip                                        │
│ mode   : --build                                                       │
│ logs   : /srv/tinderbox-ng/logs/compare-sci_geosciences_laszip-20260510T090414│
├──────────────────┬─────────────────────────┬───────────────────────────┤
│ (metric)         │ portage-ng              │ emerge                    │
├──────────────────┼─────────────────────────┼───────────────────────────┤
│ exit             │ OK                      │ OK                        │
│ plan actions     │ 3                       │ 1                         │
│ completed        │ 4                       │ 1                         │
│ merged into VDB  │ 1                       │ 1                         │
└──────────────────┴─────────────────────────┴───────────────────────────┘

Full logs:
  portage-ng: /srv/tinderbox-ng/logs/compare-sci_geosciences_laszip-20260510T090414/portage-ng.log
  emerge    : /srv/tinderbox-ng/logs/compare-sci_geosciences_laszip-20260510T090414/emerge.log

[tinderbox-ng]   cleaning up sessions (use --keep to preserve)
