[tinderbox-ng] compare: target='sci-libs/punc'  mode=--build  label=sci_libs_punc
[tinderbox-ng]   portage-ng session: pkg-cmp-portage-ng-sci_libs_punc
[tinderbox-ng]   emerge     session: pkg-cmp-emerge-sci_libs_punc
[tinderbox-ng ok] session 'pkg-cmp-portage-ng-sci_libs_punc' created
[tinderbox-ng ok] session 'pkg-cmp-emerge-sci_libs_punc' created
[tinderbox-ng]   running both engines in parallel (logs: /srv/tinderbox-ng/logs/compare-sci_libs_punc-20260510T090747)

┌────────────────────────────────────────────────────────────────────────┐
│ tinderbox-ng compare report                                            │
├────────────────────────────────────────────────────────────────────────┤
│ target : sci-libs/punc                                                 │
│ mode   : --build                                                       │
│ logs   : /srv/tinderbox-ng/logs/compare-sci_libs_punc-20260510T090747  │
├──────────────────┬─────────────────────────┬───────────────────────────┤
│ (metric)         │ portage-ng              │ emerge                    │
├──────────────────┼─────────────────────────┼───────────────────────────┤
│ exit             │ OK                      │ OK                        │
│ plan actions     │ 57                      │ 20                        │
│ completed        │ 58                      │ 20                        │
│ merged into VDB  │ 20                      │ 20                        │
└──────────────────┴─────────────────────────┴───────────────────────────┘

Full logs:
  portage-ng: /srv/tinderbox-ng/logs/compare-sci_libs_punc-20260510T090747/portage-ng.log
  emerge    : /srv/tinderbox-ng/logs/compare-sci_libs_punc-20260510T090747/emerge.log

[tinderbox-ng]   cleaning up sessions (use --keep to preserve)
