[tinderbox-ng] compare: target='sci-libs/linux-gpib-modules'  mode=--build  label=sci_libs_linux_gpib_modules
[tinderbox-ng]   portage-ng session: pkg-cmp-portage-ng-sci_libs_linux_gpib_modules
[tinderbox-ng]   emerge     session: pkg-cmp-emerge-sci_libs_linux_gpib_modules
[tinderbox-ng ok] session 'pkg-cmp-portage-ng-sci_libs_linux_gpib_modules' created
[tinderbox-ng ok] session 'pkg-cmp-emerge-sci_libs_linux_gpib_modules' created
[tinderbox-ng]   running both engines in parallel (logs: /srv/tinderbox-ng/logs/compare-sci_libs_linux_gpib_modules-20260510T090722)

┌────────────────────────────────────────────────────────────────────────┐
│ tinderbox-ng compare report                                            │
├────────────────────────────────────────────────────────────────────────┤
│ target : sci-libs/linux-gpib-modules                                   │
│ mode   : --build                                                       │
│ logs   : /srv/tinderbox-ng/logs/compare-sci_libs_linux_gpib_modules-20260510T090722│
├──────────────────┬─────────────────────────┬───────────────────────────┤
│ (metric)         │ portage-ng              │ emerge                    │
├──────────────────┼─────────────────────────┼───────────────────────────┤
│ exit             │ FAIL(3)                 │ FAIL(1)                   │
│ plan actions     │ 26                      │ 10                        │
│ completed        │ 24                      │ 9                         │
│ merged into VDB  │ 9                       │ 9                         │
└──────────────────┴─────────────────────────┴───────────────────────────┘

First error/warning per engine:
  portage-ng: [step 9] FAIL (1) install portage://sci-libs/linux-gpib-modules-4.3.7
  emerge    : >>> Failed to emerge sci-libs/linux-gpib-modules-4.3.7, Log file:

Full logs:
  portage-ng: /srv/tinderbox-ng/logs/compare-sci_libs_linux_gpib_modules-20260510T090722/portage-ng.log
  emerge    : /srv/tinderbox-ng/logs/compare-sci_libs_linux_gpib_modules-20260510T090722/emerge.log

[tinderbox-ng]   cleaning up sessions (use --keep to preserve)
