[tinderbox-ng] compare: target='sci-astronomy/cpl'  mode=--build  label=sci_astronomy_cpl
[tinderbox-ng]   portage-ng session: pkg-cmp-portage-ng-sci_astronomy_cpl
[tinderbox-ng]   emerge     session: pkg-cmp-emerge-sci_astronomy_cpl
[tinderbox-ng ok] session 'pkg-cmp-portage-ng-sci_astronomy_cpl' created
[tinderbox-ng ok] session 'pkg-cmp-emerge-sci_astronomy_cpl' created
[tinderbox-ng]   running both engines in parallel (logs: /srv/tinderbox-ng/logs/compare-sci_astronomy_cpl-20260510T090224)

┌────────────────────────────────────────────────────────────────────────┐
│ tinderbox-ng compare report                                            │
├────────────────────────────────────────────────────────────────────────┤
│ target : sci-astronomy/cpl                                             │
│ mode   : --build                                                       │
│ logs   : /srv/tinderbox-ng/logs/compare-sci_astronomy_cpl-20260510T090224│
├──────────────────┬─────────────────────────┬───────────────────────────┤
│ (metric)         │ portage-ng              │ emerge                    │
├──────────────────┼─────────────────────────┼───────────────────────────┤
│ exit             │ OK                      │ OK                        │
│ plan actions     │ 19                      │ 7                         │
│ completed        │ 20                      │ 7                         │
│ merged into VDB  │ 7                       │ 7                         │
└──────────────────┴─────────────────────────┴───────────────────────────┘

Full logs:
  portage-ng: /srv/tinderbox-ng/logs/compare-sci_astronomy_cpl-20260510T090224/portage-ng.log
  emerge    : /srv/tinderbox-ng/logs/compare-sci_astronomy_cpl-20260510T090224/emerge.log

[tinderbox-ng]   cleaning up sessions (use --keep to preserve)
