[tinderbox-ng] compare: target='sci-libs/cfitsio'  mode=--build  label=sci_libs_cfitsio
[tinderbox-ng]   portage-ng session: pkg-cmp-portage-ng-sci_libs_cfitsio
[tinderbox-ng]   emerge     session: pkg-cmp-emerge-sci_libs_cfitsio
[tinderbox-ng ok] session 'pkg-cmp-portage-ng-sci_libs_cfitsio' created
[tinderbox-ng ok] session 'pkg-cmp-emerge-sci_libs_cfitsio' created
[tinderbox-ng]   running both engines in parallel (logs: /srv/tinderbox-ng/logs/compare-sci_libs_cfitsio-20260510T090626)

┌────────────────────────────────────────────────────────────────────────┐
│ tinderbox-ng compare report                                            │
├────────────────────────────────────────────────────────────────────────┤
│ target : sci-libs/cfitsio                                              │
│ mode   : --build                                                       │
│ logs   : /srv/tinderbox-ng/logs/compare-sci_libs_cfitsio-20260510T090626│
├──────────────────┬─────────────────────────┬───────────────────────────┤
│ (metric)         │ portage-ng              │ emerge                    │
├──────────────────┼─────────────────────────┼───────────────────────────┤
│ exit             │ OK                      │ OK                        │
│ plan actions     │ 7                       │ 3                         │
│ completed        │ 8                       │ 3                         │
│ merged into VDB  │ 3                       │ 3                         │
└──────────────────┴─────────────────────────┴───────────────────────────┘

Full logs:
  portage-ng: /srv/tinderbox-ng/logs/compare-sci_libs_cfitsio-20260510T090626/portage-ng.log
  emerge    : /srv/tinderbox-ng/logs/compare-sci_libs_cfitsio-20260510T090626/emerge.log

[tinderbox-ng]   cleaning up sessions (use --keep to preserve)
