[tinderbox-ng] compare: target='sec-policy/selinux-qmail'  mode=--build  label=sec_policy_selinux_qmail
[tinderbox-ng]   portage-ng session: pkg-cmp-portage-ng-sec_policy_selinux_qmail
[tinderbox-ng]   emerge     session: pkg-cmp-emerge-sec_policy_selinux_qmail
[tinderbox-ng ok] session 'pkg-cmp-portage-ng-sec_policy_selinux_qmail' created
[tinderbox-ng ok] session 'pkg-cmp-emerge-sec_policy_selinux_qmail' created
[tinderbox-ng]   running both engines in parallel (logs: /srv/tinderbox-ng/logs/compare-sec_policy_selinux_qmail-20260510T091740)

┌────────────────────────────────────────────────────────────────────────┐
│ tinderbox-ng compare report                                            │
├────────────────────────────────────────────────────────────────────────┤
│ target : sec-policy/selinux-qmail                                      │
│ mode   : --build                                                       │
│ logs   : /srv/tinderbox-ng/logs/compare-sec_policy_selinux_qmail-20260510T091740│
├──────────────────┬─────────────────────────┬───────────────────────────┤
│ (metric)         │ portage-ng              │ emerge                    │
├──────────────────┼─────────────────────────┼───────────────────────────┤
│ exit             │ FAIL(3)                 │ FAIL(1)                   │
│ plan actions     │ 107                     │ ?                         │
│ completed        │ 53                      │ 0                         │
│ merged into VDB  │ 16                      │ 0                         │
└──────────────────┴─────────────────────────┴───────────────────────────┘

First error/warning per engine:
  portage-ng: [step 3] FAIL (1) install portage://sys-libs/libcap-ng-0.9.3

VDB delta (after build):
  only in portage-ng:
    + dev-lang/swig-4.4.1
    + dev-python/colorama-0.4.6
    + dev-python/cython-3.2.4
    + dev-python/dependency-groups-1.3.1
    + dev-python/distlib-0.4.0
    + dev-python/distro-1.9.0
    + dev-python/fastjsonschema-2.21.2
    + dev-python/lark-1.3.1
    + dev-python/mdurl-0.1.2
    + dev-python/networkx-3.6.1
    + dev-python/pyproject-hooks-1.2.0
    + dev-python/resolvelib-1.2.1
    + dev-python/tomli-w-1.2.0
    + dev-python/truststore-0.10.4
    + dev-python/uc-micro-py-2.0.0
    + sys-libs/libsepol-3.10

Full logs:
  portage-ng: /srv/tinderbox-ng/logs/compare-sec_policy_selinux_qmail-20260510T091740/portage-ng.log
  emerge    : /srv/tinderbox-ng/logs/compare-sec_policy_selinux_qmail-20260510T091740/emerge.log

[tinderbox-ng]   cleaning up sessions (use --keep to preserve)
