[tinderbox-ng] compare: target='sys-apps/tcp-wrappers'  mode=--build  label=sys_apps_tcp_wrappers
[tinderbox-ng]   portage-ng session: pkg-cmp-portage-ng-sys_apps_tcp_wrappers
[tinderbox-ng]   emerge     session: pkg-cmp-emerge-sys_apps_tcp_wrappers
[tinderbox-ng ok] session 'pkg-cmp-portage-ng-sys_apps_tcp_wrappers' created
[tinderbox-ng ok] session 'pkg-cmp-emerge-sys_apps_tcp_wrappers' created
[tinderbox-ng]   running both engines in parallel (logs: /srv/tinderbox-ng/logs/compare-sys_apps_tcp_wrappers-20260510T092314)

┌────────────────────────────────────────────────────────────────────────┐
│ tinderbox-ng compare report                                            │
├────────────────────────────────────────────────────────────────────────┤
│ target : sys-apps/tcp-wrappers                                         │
│ mode   : --build                                                       │
│ logs   : /srv/tinderbox-ng/logs/compare-sys_apps_tcp_wrappers-20260510T092314│
├──────────────────┬─────────────────────────┬───────────────────────────┤
│ (metric)         │ portage-ng              │ emerge                    │
├──────────────────┼─────────────────────────┼───────────────────────────┤
│ exit             │ OK                      │ OK                        │
│ plan actions     │ 3                       │ 1                         │
│ completed        │ 4                       │ 1                         │
│ merged into VDB  │ 1                       │ 1                         │
└──────────────────┴─────────────────────────┴───────────────────────────┘

Full logs:
  portage-ng: /srv/tinderbox-ng/logs/compare-sys_apps_tcp_wrappers-20260510T092314/portage-ng.log
  emerge    : /srv/tinderbox-ng/logs/compare-sys_apps_tcp_wrappers-20260510T092314/emerge.log

[tinderbox-ng]   cleaning up sessions (use --keep to preserve)
