[tinderbox-ng] compare: target='sys-process/anacron'  mode=--build  label=sys_process_anacron
[tinderbox-ng]   portage-ng session: pkg-cmp-portage-ng-sys_process_anacron
[tinderbox-ng]   emerge     session: pkg-cmp-emerge-sys_process_anacron
[tinderbox-ng ok] session 'pkg-cmp-portage-ng-sys_process_anacron' created
[tinderbox-ng ok] session 'pkg-cmp-emerge-sys_process_anacron' created
[tinderbox-ng]   running both engines in parallel (logs: /srv/tinderbox-ng/logs/compare-sys_process_anacron-20260510T094429)

┌────────────────────────────────────────────────────────────────────────┐
│ tinderbox-ng compare report                                            │
├────────────────────────────────────────────────────────────────────────┤
│ target : sys-process/anacron                                           │
│ mode   : --build                                                       │
│ logs   : /srv/tinderbox-ng/logs/compare-sys_process_anacron-20260510T094429│
├──────────────────┬─────────────────────────┬───────────────────────────┤
│ (metric)         │ portage-ng              │ emerge                    │
├──────────────────┼─────────────────────────┼───────────────────────────┤
│ exit             │ OK                      │ OK                        │
│ plan actions     │ 24                      │ 10                        │
│ completed        │ 25                      │ 10                        │
│ merged into VDB  │ 10                      │ 10                        │
└──────────────────┴─────────────────────────┴───────────────────────────┘

Full logs:
  portage-ng: /srv/tinderbox-ng/logs/compare-sys_process_anacron-20260510T094429/portage-ng.log
  emerge    : /srv/tinderbox-ng/logs/compare-sys_process_anacron-20260510T094429/emerge.log

[tinderbox-ng]   cleaning up sessions (use --keep to preserve)
