[tinderbox-ng] compare: target='sys-block/seekwatcher'  mode=--build  label=sys_block_seekwatcher
[tinderbox-ng]   portage-ng session: pkg-cmp-portage-ng-sys_block_seekwatcher
[tinderbox-ng]   emerge     session: pkg-cmp-emerge-sys_block_seekwatcher
[tinderbox-ng ok] session 'pkg-cmp-portage-ng-sys_block_seekwatcher' created
[tinderbox-ng ok] session 'pkg-cmp-emerge-sys_block_seekwatcher' created
[tinderbox-ng]   running both engines in parallel (logs: /srv/tinderbox-ng/logs/compare-sys_block_seekwatcher-20260510T092732)

┌────────────────────────────────────────────────────────────────────────┐
│ tinderbox-ng compare report                                            │
├────────────────────────────────────────────────────────────────────────┤
│ target : sys-block/seekwatcher                                         │
│ mode   : --build                                                       │
│ logs   : /srv/tinderbox-ng/logs/compare-sys_block_seekwatcher-20260510T092732│
├──────────────────┬─────────────────────────┬───────────────────────────┤
│ (metric)         │ portage-ng              │ emerge                    │
├──────────────────┼─────────────────────────┼───────────────────────────┤
│ exit             │ FAIL(3)                 │ FAIL(1)                   │
│ plan actions     │ 98                      │ ?                         │
│ completed        │ 66                      │ 0                         │
│ merged into VDB  │ 22                      │ 0                         │
└──────────────────┴─────────────────────────┴───────────────────────────┘

First error/warning per engine:
  portage-ng: [step 6] FAIL (1) install portage://media-libs/libwebp-1.6.0

VDB delta (after build):
  only in portage-ng:
    + dev-libs/libaio-0.3.113_p8
    + dev-libs/libltdl-2.5.4
    + dev-python/cppy-1.3.1
    + dev-python/cycler-0.12.1
    + dev-python/cython-3.2.4
    + dev-python/fonttools-4.62.1
    + dev-python/kiwisolver-1.5.0
    + dev-python/meson-python-0.19.0
    + dev-python/pyparsing-3.3.2
    + dev-python/python-dateutil-2.9.0_p0
    + dev-python/pytz-2026.2
    + dev-python/six-1.17.0
    + media-fonts/dejavu-2.37
    + media-fonts/stix-fonts-2.11
    + media-gfx/imagemagick-7.1.2.18
    + media-libs/libpng-1.6.58
    + media-libs/qhull-2020.2.8.1_alpha6
    + media-libs/tiff-4.7.1
    + sci-libs/lapack-3.12.1-r2
    + sci-libs/openblas-0.3.33
    + sys-block/blktrace-1.3.0-r1
    + virtual/fortran-0-r1

Full logs:
  portage-ng: /srv/tinderbox-ng/logs/compare-sys_block_seekwatcher-20260510T092732/portage-ng.log
  emerge    : /srv/tinderbox-ng/logs/compare-sys_block_seekwatcher-20260510T092732/emerge.log

[tinderbox-ng]   cleaning up sessions (use --keep to preserve)
