[tinderbox-ng] compare: target='sys-libs/gwenhywfar'  mode=--build  label=sys_libs_gwenhywfar
[tinderbox-ng]   portage-ng session: pkg-cmp-portage-ng-sys_libs_gwenhywfar
[tinderbox-ng]   emerge     session: pkg-cmp-emerge-sys_libs_gwenhywfar
[tinderbox-ng ok] session 'pkg-cmp-portage-ng-sys_libs_gwenhywfar' created
[tinderbox-ng ok] session 'pkg-cmp-emerge-sys_libs_gwenhywfar' created
[tinderbox-ng]   running both engines in parallel (logs: /srv/tinderbox-ng/logs/compare-sys_libs_gwenhywfar-20260510T094330)

┌────────────────────────────────────────────────────────────────────────┐
│ tinderbox-ng compare report                                            │
├────────────────────────────────────────────────────────────────────────┤
│ target : sys-libs/gwenhywfar                                           │
│ mode   : --build                                                       │
│ logs   : /srv/tinderbox-ng/logs/compare-sys_libs_gwenhywfar-20260510T094330│
├──────────────────┬─────────────────────────┬───────────────────────────┤
│ (metric)         │ portage-ng              │ emerge                    │
├──────────────────┼─────────────────────────┼───────────────────────────┤
│ exit             │ FAIL(3)                 │ FAIL(1)                   │
│ plan actions     │ 3                       │ 1                         │
│ completed        │ 1                       │ 0                         │
│ merged into VDB  │ 0                       │ 0                         │
└──────────────────┴─────────────────────────┴───────────────────────────┘

First error/warning per engine:
  portage-ng: [step 2] FAIL (1) install portage://sys-libs/gwenhywfar-5.14.1
  emerge    : >>> Failed to emerge sys-libs/gwenhywfar-5.14.1, Log file:

Full logs:
  portage-ng: /srv/tinderbox-ng/logs/compare-sys_libs_gwenhywfar-20260510T094330/portage-ng.log
  emerge    : /srv/tinderbox-ng/logs/compare-sys_libs_gwenhywfar-20260510T094330/emerge.log

[tinderbox-ng]   cleaning up sessions (use --keep to preserve)
