[tinderbox-ng] compare: target='sys-auth/microsoft-identity-broker'  mode=--build  label=sys_auth_microsoft_identity_broker
[tinderbox-ng]   portage-ng session: pkg-cmp-portage-ng-sys_auth_microsoft_identity_broker
[tinderbox-ng]   emerge     session: pkg-cmp-emerge-sys_auth_microsoft_identity_broker
[tinderbox-ng ok] session 'pkg-cmp-portage-ng-sys_auth_microsoft_identity_broker' created
[tinderbox-ng ok] session 'pkg-cmp-emerge-sys_auth_microsoft_identity_broker' created
[tinderbox-ng]   running both engines in parallel (logs: /srv/tinderbox-ng/logs/compare-sys_auth_microsoft_identity_broker-20260510T092437)

┌────────────────────────────────────────────────────────────────────────┐
│ tinderbox-ng compare report                                            │
├────────────────────────────────────────────────────────────────────────┤
│ target : sys-auth/microsoft-identity-broker                            │
│ mode   : --build                                                       │
│ logs   : /srv/tinderbox-ng/logs/compare-sys_auth_microsoft_identity_broker-20260510T092437│
├──────────────────┬─────────────────────────┬───────────────────────────┤
│ (metric)         │ portage-ng              │ emerge                    │
├──────────────────┼─────────────────────────┼───────────────────────────┤
│ exit             │ FAIL(3)                 │ FAIL(1)                   │
│ plan actions     │ 459                     │ ?                         │
│ completed        │ 153                     │ 0                         │
│ merged into VDB  │ 2                       │ 0                         │
└──────────────────┴─────────────────────────┴───────────────────────────┘

First error/warning per engine:
  portage-ng: [step 2] FAIL (1) update portage://dev-python/flit-core-3.12.0
  emerge    : !!! The ebuild selected to satisfy "net-libs/webkit-gtk:4.1/0" has unmet requirements.

VDB delta (after build):
  only in portage-ng:
    + acct-group/messagebus-0-r3
    + dev-python/gpep517-19

Full logs:
  portage-ng: /srv/tinderbox-ng/logs/compare-sys_auth_microsoft_identity_broker-20260510T092437/portage-ng.log
  emerge    : /srv/tinderbox-ng/logs/compare-sys_auth_microsoft_identity_broker-20260510T092437/emerge.log

[tinderbox-ng]   cleaning up sessions (use --keep to preserve)
