[tinderbox-ng] compare: target='sys-apps/eless'  mode=--build  label=sys_apps_eless
[tinderbox-ng]   portage-ng session: pkg-cmp-portage-ng-sys_apps_eless
[tinderbox-ng]   emerge     session: pkg-cmp-emerge-sys_apps_eless
[tinderbox-ng ok] session 'pkg-cmp-portage-ng-sys_apps_eless' created
[tinderbox-ng ok] session 'pkg-cmp-emerge-sys_apps_eless' created
[tinderbox-ng]   running both engines in parallel (logs: /srv/tinderbox-ng/logs/compare-sys_apps_eless-20260510T092050)

┌────────────────────────────────────────────────────────────────────────┐
│ tinderbox-ng compare report                                            │
├────────────────────────────────────────────────────────────────────────┤
│ target : sys-apps/eless                                                │
│ mode   : --build                                                       │
│ logs   : /srv/tinderbox-ng/logs/compare-sys_apps_eless-20260510T092050 │
├──────────────────┬─────────────────────────┬───────────────────────────┤
│ (metric)         │ portage-ng              │ emerge                    │
├──────────────────┼─────────────────────────┼───────────────────────────┤
│ exit             │ OK                      │ OK                        │
│ plan actions     │ 18                      │ 6                         │
│ completed        │ 19                      │ 6                         │
│ merged into VDB  │ 6                       │ 6                         │
└──────────────────┴─────────────────────────┴───────────────────────────┘

Full logs:
  portage-ng: /srv/tinderbox-ng/logs/compare-sys_apps_eless-20260510T092050/portage-ng.log
  emerge    : /srv/tinderbox-ng/logs/compare-sys_apps_eless-20260510T092050/emerge.log

[tinderbox-ng]   cleaning up sessions (use --keep to preserve)
