[tinderbox-ng] compare: target='sys-block/parted'  mode=--build  label=sys_block_parted
[tinderbox-ng]   portage-ng session: pkg-cmp-portage-ng-sys_block_parted
[tinderbox-ng]   emerge     session: pkg-cmp-emerge-sys_block_parted
[tinderbox-ng ok] session 'pkg-cmp-portage-ng-sys_block_parted' created
[tinderbox-ng ok] session 'pkg-cmp-emerge-sys_block_parted' created
[tinderbox-ng]   running both engines in parallel (logs: /srv/tinderbox-ng/logs/compare-sys_block_parted-20260510T092639)

┌────────────────────────────────────────────────────────────────────────┐
│ tinderbox-ng compare report                                            │
├────────────────────────────────────────────────────────────────────────┤
│ target : sys-block/parted                                              │
│ mode   : --build                                                       │
│ logs   : /srv/tinderbox-ng/logs/compare-sys_block_parted-20260510T092639│
├──────────────────┬─────────────────────────┬───────────────────────────┤
│ (metric)         │ portage-ng              │ emerge                    │
├──────────────────┼─────────────────────────┼───────────────────────────┤
│ exit             │ OK                      │ OK                        │
│ plan actions     │ 3                       │ 1                         │
│ completed        │ 4                       │ 1                         │
│ merged into VDB  │ 1                       │ 1                         │
└──────────────────┴─────────────────────────┴───────────────────────────┘

Full logs:
  portage-ng: /srv/tinderbox-ng/logs/compare-sys_block_parted-20260510T092639/portage-ng.log
  emerge    : /srv/tinderbox-ng/logs/compare-sys_block_parted-20260510T092639/emerge.log

[tinderbox-ng]   cleaning up sessions (use --keep to preserve)
