[tinderbox-ng] compare: target='sys-power/sandmann-bin'  mode=--build  label=sys_power_sandmann_bin
[tinderbox-ng]   portage-ng session: pkg-cmp-portage-ng-sys_power_sandmann_bin
[tinderbox-ng]   emerge     session: pkg-cmp-emerge-sys_power_sandmann_bin
[tinderbox-ng ok] session 'pkg-cmp-portage-ng-sys_power_sandmann_bin' created
[tinderbox-ng ok] session 'pkg-cmp-emerge-sys_power_sandmann_bin' created
[tinderbox-ng]   running both engines in parallel (logs: /srv/tinderbox-ng/logs/compare-sys_power_sandmann_bin-20260510T094405)

┌────────────────────────────────────────────────────────────────────────┐
│ tinderbox-ng compare report                                            │
├────────────────────────────────────────────────────────────────────────┤
│ target : sys-power/sandmann-bin                                        │
│ mode   : --build                                                       │
│ logs   : /srv/tinderbox-ng/logs/compare-sys_power_sandmann_bin-20260510T094405│
├──────────────────┬─────────────────────────┬───────────────────────────┤
│ (metric)         │ portage-ng              │ emerge                    │
├──────────────────┼─────────────────────────┼───────────────────────────┤
│ exit             │ FAIL(3)                 │ FAIL(1)                   │
│ plan actions     │ 186                     │ ?                         │
│ completed        │ 132                     │ 0                         │
│ merged into VDB  │ 50                      │ 0                         │
└──────────────────┴─────────────────────────┴───────────────────────────┘

First error/warning per engine:
  portage-ng: [step 6] FAIL (1) install portage://media-libs/freetype-2.14.3

VDB delta (after build):
  only in portage-ng:
    + acct-group/adm-0-r3
    + acct-group/clock-0
    + acct-group/messagebus-0-r3
    + acct-group/nobody-0-r2
    + acct-group/polkitd-0-r3
    + acct-group/sandmann-0
    + acct-group/sandmann-ctrl-0
    + acct-group/systemd-coredump-0-r3
    + acct-group/systemd-journal-0-r3
    + acct-group/systemd-journal-remote-0-r3
    + acct-group/systemd-network-0-r3
    + acct-group/systemd-oom-0-r2
    + acct-group/systemd-resolve-0-r3
    + acct-group/systemd-timesync-0-r3
    + acct-group/users-0-r2
    + acct-group/utmp-0-r3
    + acct-group/wheel-0-r3
    + acct-user/messagebus-0-r3
    + acct-user/nobody-0-r2
    + acct-user/polkitd-0-r3
    + acct-user/root-0-r3
    + acct-user/sandmann-0
    + acct-user/systemd-coredump-0-r3
    + acct-user/systemd-journal-remote-0-r3
    + acct-user/systemd-network-0-r3
    + acct-user/systemd-oom-0-r2
    + acct-user/systemd-resolve-0-r3
    + acct-user/systemd-timesync-0-r3
    + app-arch/lz4-1.10.0-r1
    + app-crypt/p11-kit-0.26.2
    + app-eselect/eselect-fontconfig-20220403
    + app-eselect/eselect-java-0.5.1
    + app-text/docbook-xml-dtd-4.4-r3
    + dev-lang/duktape-2.7.0-r3
    + dev-libs/gobject-introspection-common-1.86.0
    + dev-python/cython-3.2.4
    + dev-python/lxml-6.1.0
    + dev-util/glib-utils-2.88.0
    + media-fonts/liberation-fonts-2.1.5
    + media-gfx/graphite2-1.3.14_p20210810-r5
    + media-libs/libpng-1.6.58
    + net-misc/socat-1.8.1.1
    + sys-apps/baselayout-java-0.1.0-r3
    + virtual/ttf-fonts-1-r2
    + x11-base/xcb-proto-1.17.0
    + x11-base/xorg-proto-2025.1
    + x11-libs/libXau-1.0.12
    + x11-libs/libXdmcp-1.1.5
    + x11-libs/pixman-0.46.4
    + x11-libs/xtrans-1.6.0

Full logs:
  portage-ng: /srv/tinderbox-ng/logs/compare-sys_power_sandmann_bin-20260510T094405/portage-ng.log
  emerge    : /srv/tinderbox-ng/logs/compare-sys_power_sandmann_bin-20260510T094405/emerge.log

[tinderbox-ng]   cleaning up sessions (use --keep to preserve)
