[tinderbox-ng] compare: target='sys-cluster/ipvsadm'  mode=--build  label=sys_cluster_ipvsadm
[tinderbox-ng]   portage-ng session: pkg-cmp-portage-ng-sys_cluster_ipvsadm
[tinderbox-ng]   emerge     session: pkg-cmp-emerge-sys_cluster_ipvsadm
[tinderbox-ng ok] session 'pkg-cmp-portage-ng-sys_cluster_ipvsadm' created
[tinderbox-ng ok] session 'pkg-cmp-emerge-sys_cluster_ipvsadm' created
[tinderbox-ng]   running both engines in parallel (logs: /srv/tinderbox-ng/logs/compare-sys_cluster_ipvsadm-20260510T093004)

┌────────────────────────────────────────────────────────────────────────┐
│ tinderbox-ng compare report                                            │
├────────────────────────────────────────────────────────────────────────┤
│ target : sys-cluster/ipvsadm                                           │
│ mode   : --build                                                       │
│ logs   : /srv/tinderbox-ng/logs/compare-sys_cluster_ipvsadm-20260510T093004│
├──────────────────┬─────────────────────────┬───────────────────────────┤
│ (metric)         │ portage-ng              │ emerge                    │
├──────────────────┼─────────────────────────┼───────────────────────────┤
│ exit             │ OK                      │ OK                        │
│ plan actions     │ 6                       │ 2                         │
│ completed        │ 7                       │ 2                         │
│ merged into VDB  │ 2                       │ 2                         │
└──────────────────┴─────────────────────────┴───────────────────────────┘

Full logs:
  portage-ng: /srv/tinderbox-ng/logs/compare-sys_cluster_ipvsadm-20260510T093004/portage-ng.log
  emerge    : /srv/tinderbox-ng/logs/compare-sys_cluster_ipvsadm-20260510T093004/emerge.log

[tinderbox-ng]   cleaning up sessions (use --keep to preserve)
