[tinderbox-ng] compare: target='sys-fs/mergerfs'  mode=--build  label=sys_fs_mergerfs
[tinderbox-ng]   portage-ng session: pkg-cmp-portage-ng-sys_fs_mergerfs
[tinderbox-ng]   emerge     session: pkg-cmp-emerge-sys_fs_mergerfs
[tinderbox-ng ok] session 'pkg-cmp-portage-ng-sys_fs_mergerfs' created
[tinderbox-ng ok] session 'pkg-cmp-emerge-sys_fs_mergerfs' created
[tinderbox-ng]   running both engines in parallel (logs: /srv/tinderbox-ng/logs/compare-sys_fs_mergerfs-20260510T094048)

┌────────────────────────────────────────────────────────────────────────┐
│ tinderbox-ng compare report                                            │
├────────────────────────────────────────────────────────────────────────┤
│ target : sys-fs/mergerfs                                               │
│ mode   : --build                                                       │
│ logs   : /srv/tinderbox-ng/logs/compare-sys_fs_mergerfs-20260510T094048│
├──────────────────┬─────────────────────────┬───────────────────────────┤
│ (metric)         │ portage-ng              │ emerge                    │
├──────────────────┼─────────────────────────┼───────────────────────────┤
│ exit             │ FAIL(3)                 │ FAIL(1)                   │
│ plan actions     │ 3                       │ 1                         │
│ completed        │ 1                       │ 0                         │
│ merged into VDB  │ 0                       │ 0                         │
└──────────────────┴─────────────────────────┴───────────────────────────┘

First error/warning per engine:
  portage-ng: [step 2] FAIL (1) install portage://sys-fs/mergerfs-2.41.1
  emerge    : >>> Failed to emerge sys-fs/mergerfs-2.41.1, Log file:

Full logs:
  portage-ng: /srv/tinderbox-ng/logs/compare-sys_fs_mergerfs-20260510T094048/portage-ng.log
  emerge    : /srv/tinderbox-ng/logs/compare-sys_fs_mergerfs-20260510T094048/emerge.log

[tinderbox-ng]   cleaning up sessions (use --keep to preserve)
