[tinderbox-ng] compare: target='sys-process/numactl'  mode=--build  label=sys_process_numactl
[tinderbox-ng]   portage-ng session: pkg-cmp-portage-ng-sys_process_numactl
[tinderbox-ng]   emerge     session: pkg-cmp-emerge-sys_process_numactl
[tinderbox-ng ok] session 'pkg-cmp-portage-ng-sys_process_numactl' created
[tinderbox-ng ok] session 'pkg-cmp-emerge-sys_process_numactl' created
[tinderbox-ng]   running both engines in parallel (logs: /srv/tinderbox-ng/logs/compare-sys_process_numactl-20260510T094613)

┌────────────────────────────────────────────────────────────────────────┐
│ tinderbox-ng compare report                                            │
├────────────────────────────────────────────────────────────────────────┤
│ target : sys-process/numactl                                           │
│ mode   : --build                                                       │
│ logs   : /srv/tinderbox-ng/logs/compare-sys_process_numactl-20260510T094613│
├──────────────────┬─────────────────────────┬───────────────────────────┤
│ (metric)         │ portage-ng              │ emerge                    │
├──────────────────┼─────────────────────────┼───────────────────────────┤
│ exit             │ OK                      │ OK                        │
│ plan actions     │ 3                       │ 1                         │
│ completed        │ 4                       │ 1                         │
│ merged into VDB  │ 1                       │ 1                         │
└──────────────────┴─────────────────────────┴───────────────────────────┘

Full logs:
  portage-ng: /srv/tinderbox-ng/logs/compare-sys_process_numactl-20260510T094613/portage-ng.log
  emerge    : /srv/tinderbox-ng/logs/compare-sys_process_numactl-20260510T094613/emerge.log

[tinderbox-ng]   cleaning up sessions (use --keep to preserve)
