[tinderbox-ng] compare: target='sys-apps/plocate'  mode=--build  label=sys_apps_plocate
[tinderbox-ng]   portage-ng session: pkg-cmp-portage-ng-sys_apps_plocate
[tinderbox-ng]   emerge     session: pkg-cmp-emerge-sys_apps_plocate
[tinderbox-ng ok] session 'pkg-cmp-portage-ng-sys_apps_plocate' created
[tinderbox-ng ok] session 'pkg-cmp-emerge-sys_apps_plocate' created
[tinderbox-ng]   running both engines in parallel (logs: /srv/tinderbox-ng/logs/compare-sys_apps_plocate-20260510T092155)

┌────────────────────────────────────────────────────────────────────────┐
│ tinderbox-ng compare report                                            │
├────────────────────────────────────────────────────────────────────────┤
│ target : sys-apps/plocate                                              │
│ mode   : --build                                                       │
│ logs   : /srv/tinderbox-ng/logs/compare-sys_apps_plocate-20260510T092155│
├──────────────────┬─────────────────────────┬───────────────────────────┤
│ (metric)         │ portage-ng              │ emerge                    │
├──────────────────┼─────────────────────────┼───────────────────────────┤
│ exit             │ OK                      │ OK                        │
│ plan actions     │ 8                       │ 3                         │
│ completed        │ 9                       │ 3                         │
│ merged into VDB  │ 3                       │ 3                         │
└──────────────────┴─────────────────────────┴───────────────────────────┘

Full logs:
  portage-ng: /srv/tinderbox-ng/logs/compare-sys_apps_plocate-20260510T092155/portage-ng.log
  emerge    : /srv/tinderbox-ng/logs/compare-sys_apps_plocate-20260510T092155/emerge.log

[tinderbox-ng]   cleaning up sessions (use --keep to preserve)
