[tinderbox-ng] compare: target='sys-fs/iprutils'  mode=--build  label=sys_fs_iprutils
[tinderbox-ng]   portage-ng session: pkg-cmp-portage-ng-sys_fs_iprutils
[tinderbox-ng]   emerge     session: pkg-cmp-emerge-sys_fs_iprutils
[tinderbox-ng ok] session 'pkg-cmp-portage-ng-sys_fs_iprutils' created
[tinderbox-ng ok] session 'pkg-cmp-emerge-sys_fs_iprutils' created
[tinderbox-ng]   running both engines in parallel (logs: /srv/tinderbox-ng/logs/compare-sys_fs_iprutils-20260510T093642)

┌────────────────────────────────────────────────────────────────────────┐
│ tinderbox-ng compare report                                            │
├────────────────────────────────────────────────────────────────────────┤
│ target : sys-fs/iprutils                                               │
│ mode   : --build                                                       │
│ logs   : /srv/tinderbox-ng/logs/compare-sys_fs_iprutils-20260510T093642│
├──────────────────┬─────────────────────────┬───────────────────────────┤
│ (metric)         │ portage-ng              │ emerge                    │
├──────────────────┼─────────────────────────┼───────────────────────────┤
│ exit             │ FAIL(3)                 │ FAIL(1)                   │
│ plan actions     │ 22                      │ ?                         │
│ completed        │ 14                      │ 0                         │
│ merged into VDB  │ 5                       │ 0                         │
└──────────────────┴─────────────────────────┴───────────────────────────┘

First error/warning per engine:
  portage-ng: [step 7] FAIL (1) install portage://sys-fs/iprutils-2.4.18.1

VDB delta (after build):
  only in portage-ng:
    + app-admin/metalog-20260221
    + sys-apps/hwdata-0.401
    + sys-apps/pciutils-3.15.0
    + virtual/libudev-251-r2
    + virtual/logger-0-r3

Full logs:
  portage-ng: /srv/tinderbox-ng/logs/compare-sys_fs_iprutils-20260510T093642/portage-ng.log
  emerge    : /srv/tinderbox-ng/logs/compare-sys_fs_iprutils-20260510T093642/emerge.log

[tinderbox-ng]   cleaning up sessions (use --keep to preserve)
