[tinderbox-ng] compare: target='sys-process/cronie'  mode=--build  label=sys_process_cronie
[tinderbox-ng]   portage-ng session: pkg-cmp-portage-ng-sys_process_cronie
[tinderbox-ng]   emerge     session: pkg-cmp-emerge-sys_process_cronie
[tinderbox-ng ok] session 'pkg-cmp-portage-ng-sys_process_cronie' created
[tinderbox-ng ok] session 'pkg-cmp-emerge-sys_process_cronie' created
[tinderbox-ng]   running both engines in parallel (logs: /srv/tinderbox-ng/logs/compare-sys_process_cronie-20260510T094439)

┌────────────────────────────────────────────────────────────────────────┐
│ tinderbox-ng compare report                                            │
├────────────────────────────────────────────────────────────────────────┤
│ target : sys-process/cronie                                            │
│ mode   : --build                                                       │
│ logs   : /srv/tinderbox-ng/logs/compare-sys_process_cronie-20260510T094439│
├──────────────────┬─────────────────────────┬───────────────────────────┤
│ (metric)         │ portage-ng              │ emerge                    │
├──────────────────┼─────────────────────────┼───────────────────────────┤
│ exit             │ OK                      │ OK                        │
│ plan actions     │ 15                      │ 6                         │
│ completed        │ 16                      │ 6                         │
│ merged into VDB  │ 6                       │ 6                         │
└──────────────────┴─────────────────────────┴───────────────────────────┘

Full logs:
  portage-ng: /srv/tinderbox-ng/logs/compare-sys_process_cronie-20260510T094439/portage-ng.log
  emerge    : /srv/tinderbox-ng/logs/compare-sys_process_cronie-20260510T094439/emerge.log

[tinderbox-ng]   cleaning up sessions (use --keep to preserve)
