[tinderbox-ng] compare: target='sys-apps/lsd'  mode=--build  label=sys_apps_lsd
[tinderbox-ng]   portage-ng session: pkg-cmp-portage-ng-sys_apps_lsd
[tinderbox-ng]   emerge     session: pkg-cmp-emerge-sys_apps_lsd
[tinderbox-ng ok] session 'pkg-cmp-portage-ng-sys_apps_lsd' created
[tinderbox-ng ok] session 'pkg-cmp-emerge-sys_apps_lsd' created
[tinderbox-ng]   running both engines in parallel (logs: /srv/tinderbox-ng/logs/compare-sys_apps_lsd-20260510T092116)

┌────────────────────────────────────────────────────────────────────────┐
│ tinderbox-ng compare report                                            │
├────────────────────────────────────────────────────────────────────────┤
│ target : sys-apps/lsd                                                  │
│ mode   : --build                                                       │
│ logs   : /srv/tinderbox-ng/logs/compare-sys_apps_lsd-20260510T092116   │
├──────────────────┬─────────────────────────┬───────────────────────────┤
│ (metric)         │ portage-ng              │ emerge                    │
├──────────────────┼─────────────────────────┼───────────────────────────┤
│ exit             │ OK                      │ OK                        │
│ plan actions     │ 20                      │ 7                         │
│ completed        │ 21                      │ 7                         │
│ merged into VDB  │ 7                       │ 7                         │
└──────────────────┴─────────────────────────┴───────────────────────────┘

Full logs:
  portage-ng: /srv/tinderbox-ng/logs/compare-sys_apps_lsd-20260510T092116/portage-ng.log
  emerge    : /srv/tinderbox-ng/logs/compare-sys_apps_lsd-20260510T092116/emerge.log

[tinderbox-ng]   cleaning up sessions (use --keep to preserve)
