[tinderbox-ng] compare: target='sys-fs/dd-rescue'  mode=--build  label=sys_fs_dd_rescue
[tinderbox-ng]   portage-ng session: pkg-cmp-portage-ng-sys_fs_dd_rescue
[tinderbox-ng]   emerge     session: pkg-cmp-emerge-sys_fs_dd_rescue
[tinderbox-ng ok] session 'pkg-cmp-portage-ng-sys_fs_dd_rescue' created
[tinderbox-ng ok] session 'pkg-cmp-emerge-sys_fs_dd_rescue' created
[tinderbox-ng]   running both engines in parallel (logs: /srv/tinderbox-ng/logs/compare-sys_fs_dd_rescue-20260510T093323)

┌────────────────────────────────────────────────────────────────────────┐
│ tinderbox-ng compare report                                            │
├────────────────────────────────────────────────────────────────────────┤
│ target : sys-fs/dd-rescue                                              │
│ mode   : --build                                                       │
│ logs   : /srv/tinderbox-ng/logs/compare-sys_fs_dd_rescue-20260510T093323│
├──────────────────┬─────────────────────────┬───────────────────────────┤
│ (metric)         │ portage-ng              │ emerge                    │
├──────────────────┼─────────────────────────┼───────────────────────────┤
│ exit             │ OK                      │ OK                        │
│ plan actions     │ 3                       │ 1                         │
│ completed        │ 4                       │ 1                         │
│ merged into VDB  │ 1                       │ 1                         │
└──────────────────┴─────────────────────────┴───────────────────────────┘

Full logs:
  portage-ng: /srv/tinderbox-ng/logs/compare-sys_fs_dd_rescue-20260510T093323/portage-ng.log
  emerge    : /srv/tinderbox-ng/logs/compare-sys_fs_dd_rescue-20260510T093323/emerge.log

[tinderbox-ng]   cleaning up sessions (use --keep to preserve)
