[tinderbox-ng] compare: target='sys-fs/duf'  mode=--build  label=sys_fs_duf
[tinderbox-ng]   portage-ng session: pkg-cmp-portage-ng-sys_fs_duf
[tinderbox-ng]   emerge     session: pkg-cmp-emerge-sys_fs_duf
[tinderbox-ng ok] session 'pkg-cmp-portage-ng-sys_fs_duf' created
[tinderbox-ng ok] session 'pkg-cmp-emerge-sys_fs_duf' created
[tinderbox-ng]   running both engines in parallel (logs: /srv/tinderbox-ng/logs/compare-sys_fs_duf-20260510T093518)

┌────────────────────────────────────────────────────────────────────────┐
│ tinderbox-ng compare report                                            │
├────────────────────────────────────────────────────────────────────────┤
│ target : sys-fs/duf                                                    │
│ mode   : --build                                                       │
│ logs   : /srv/tinderbox-ng/logs/compare-sys_fs_duf-20260510T093518     │
├──────────────────┬─────────────────────────┬───────────────────────────┤
│ (metric)         │ portage-ng              │ emerge                    │
├──────────────────┼─────────────────────────┼───────────────────────────┤
│ exit             │ OK                      │ OK                        │
│ plan actions     │ 7                       │ 3                         │
│ completed        │ 8                       │ 3                         │
│ merged into VDB  │ 3                       │ 3                         │
└──────────────────┴─────────────────────────┴───────────────────────────┘

Full logs:
  portage-ng: /srv/tinderbox-ng/logs/compare-sys_fs_duf-20260510T093518/portage-ng.log
  emerge    : /srv/tinderbox-ng/logs/compare-sys_fs_duf-20260510T093518/emerge.log

[tinderbox-ng]   cleaning up sessions (use --keep to preserve)
