[tinderbox-ng] compare: target='sys-apps/mlocate'  mode=--build  label=sys_apps_mlocate
[tinderbox-ng]   portage-ng session: pkg-cmp-portage-ng-sys_apps_mlocate
[tinderbox-ng]   emerge     session: pkg-cmp-emerge-sys_apps_mlocate
[tinderbox-ng ok] session 'pkg-cmp-portage-ng-sys_apps_mlocate' created
[tinderbox-ng ok] session 'pkg-cmp-emerge-sys_apps_mlocate' created
[tinderbox-ng]   running both engines in parallel (logs: /srv/tinderbox-ng/logs/compare-sys_apps_mlocate-20260510T092146)

┌────────────────────────────────────────────────────────────────────────┐
│ tinderbox-ng compare report                                            │
├────────────────────────────────────────────────────────────────────────┤
│ target : sys-apps/mlocate                                              │
│ mode   : --build                                                       │
│ logs   : /srv/tinderbox-ng/logs/compare-sys_apps_mlocate-20260510T092146│
├──────────────────┬─────────────────────────┬───────────────────────────┤
│ (metric)         │ portage-ng              │ emerge                    │
├──────────────────┼─────────────────────────┼───────────────────────────┤
│ exit             │ OK                      │ OK                        │
│ plan actions     │ 5                       │ 2                         │
│ completed        │ 6                       │ 2                         │
│ merged into VDB  │ 2                       │ 2                         │
└──────────────────┴─────────────────────────┴───────────────────────────┘

Full logs:
  portage-ng: /srv/tinderbox-ng/logs/compare-sys_apps_mlocate-20260510T092146/portage-ng.log
  emerge    : /srv/tinderbox-ng/logs/compare-sys_apps_mlocate-20260510T092146/emerge.log

[tinderbox-ng]   cleaning up sessions (use --keep to preserve)
