[tinderbox-ng] compare: target='sys-process/lsof'  mode=--build  label=sys_process_lsof
[tinderbox-ng]   portage-ng session: pkg-cmp-portage-ng-sys_process_lsof
[tinderbox-ng]   emerge     session: pkg-cmp-emerge-sys_process_lsof
[tinderbox-ng ok] session 'pkg-cmp-portage-ng-sys_process_lsof' created
[tinderbox-ng ok] session 'pkg-cmp-emerge-sys_process_lsof' created
[tinderbox-ng]   running both engines in parallel (logs: /srv/tinderbox-ng/logs/compare-sys_process_lsof-20260510T094543)

┌────────────────────────────────────────────────────────────────────────┐
│ tinderbox-ng compare report                                            │
├────────────────────────────────────────────────────────────────────────┤
│ target : sys-process/lsof                                              │
│ mode   : --build                                                       │
│ logs   : /srv/tinderbox-ng/logs/compare-sys_process_lsof-20260510T094543│
├──────────────────┬─────────────────────────┬───────────────────────────┤
│ (metric)         │ portage-ng              │ emerge                    │
├──────────────────┼─────────────────────────┼───────────────────────────┤
│ exit             │ OK                      │ OK                        │
│ plan actions     │ 3                       │ 1                         │
│ completed        │ 4                       │ 1                         │
│ merged into VDB  │ 1                       │ 1                         │
└──────────────────┴─────────────────────────┴───────────────────────────┘

Full logs:
  portage-ng: /srv/tinderbox-ng/logs/compare-sys_process_lsof-20260510T094543/portage-ng.log
  emerge    : /srv/tinderbox-ng/logs/compare-sys_process_lsof-20260510T094543/emerge.log

[tinderbox-ng]   cleaning up sessions (use --keep to preserve)
