[tinderbox-ng] compare: target='sys-boot/nettrom'  mode=--build  label=sys_boot_nettrom
[tinderbox-ng]   portage-ng session: pkg-cmp-portage-ng-sys_boot_nettrom
[tinderbox-ng]   emerge     session: pkg-cmp-emerge-sys_boot_nettrom
[tinderbox-ng ok] session 'pkg-cmp-portage-ng-sys_boot_nettrom' created
[tinderbox-ng ok] session 'pkg-cmp-emerge-sys_boot_nettrom' created
[tinderbox-ng]   running both engines in parallel (logs: /srv/tinderbox-ng/logs/compare-sys_boot_nettrom-20260510T092851)

┌────────────────────────────────────────────────────────────────────────┐
│ tinderbox-ng compare report                                            │
├────────────────────────────────────────────────────────────────────────┤
│ target : sys-boot/nettrom                                              │
│ mode   : --build                                                       │
│ logs   : /srv/tinderbox-ng/logs/compare-sys_boot_nettrom-20260510T092851│
├──────────────────┬─────────────────────────┬───────────────────────────┤
│ (metric)         │ portage-ng              │ emerge                    │
├──────────────────┼─────────────────────────┼───────────────────────────┤
│ exit             │ OK                      │ FAIL(1)                   │
│ plan actions     │ 4                       │ ?                         │
│ completed        │ 4                       │ 0                         │
│ merged into VDB  │ 1                       │ 0                         │
└──────────────────┴─────────────────────────┴───────────────────────────┘

VDB delta (after build):
  only in portage-ng:
    + sys-boot/nettrom-2.3.3-r2

Full logs:
  portage-ng: /srv/tinderbox-ng/logs/compare-sys_boot_nettrom-20260510T092851/portage-ng.log
  emerge    : /srv/tinderbox-ng/logs/compare-sys_boot_nettrom-20260510T092851/emerge.log

[tinderbox-ng]   cleaning up sessions (use --keep to preserve)
