[tinderbox-ng] compare: target='sys-fs/xfsprogs'  mode=--build  label=sys_fs_xfsprogs
[tinderbox-ng]   portage-ng session: pkg-cmp-portage-ng-sys_fs_xfsprogs
[tinderbox-ng]   emerge     session: pkg-cmp-emerge-sys_fs_xfsprogs
[tinderbox-ng ok] session 'pkg-cmp-portage-ng-sys_fs_xfsprogs' created
[tinderbox-ng ok] session 'pkg-cmp-emerge-sys_fs_xfsprogs' created
[tinderbox-ng]   running both engines in parallel (logs: /srv/tinderbox-ng/logs/compare-sys_fs_xfsprogs-20260510T094257)

┌────────────────────────────────────────────────────────────────────────┐
│ tinderbox-ng compare report                                            │
├────────────────────────────────────────────────────────────────────────┤
│ target : sys-fs/xfsprogs                                               │
│ mode   : --build                                                       │
│ logs   : /srv/tinderbox-ng/logs/compare-sys_fs_xfsprogs-20260510T094257│
├──────────────────┬─────────────────────────┬───────────────────────────┤
│ (metric)         │ portage-ng              │ emerge                    │
├──────────────────┼─────────────────────────┼───────────────────────────┤
│ exit             │ OK                      │ OK                        │
│ plan actions     │ 9                       │ 3                         │
│ completed        │ 10                      │ 3                         │
│ merged into VDB  │ 3                       │ 3                         │
└──────────────────┴─────────────────────────┴───────────────────────────┘

Full logs:
  portage-ng: /srv/tinderbox-ng/logs/compare-sys_fs_xfsprogs-20260510T094257/portage-ng.log
  emerge    : /srv/tinderbox-ng/logs/compare-sys_fs_xfsprogs-20260510T094257/emerge.log

[tinderbox-ng]   cleaning up sessions (use --keep to preserve)
