[tinderbox-ng] compare: target='sys-apps/smartmontools'  mode=--build  label=sys_apps_smartmontools
[tinderbox-ng]   portage-ng session: pkg-cmp-portage-ng-sys_apps_smartmontools
[tinderbox-ng]   emerge     session: pkg-cmp-emerge-sys_apps_smartmontools
[tinderbox-ng ok] session 'pkg-cmp-portage-ng-sys_apps_smartmontools' created
[tinderbox-ng ok] session 'pkg-cmp-emerge-sys_apps_smartmontools' created
[tinderbox-ng]   running both engines in parallel (logs: /srv/tinderbox-ng/logs/compare-sys_apps_smartmontools-20260510T092300)

┌────────────────────────────────────────────────────────────────────────┐
│ tinderbox-ng compare report                                            │
├────────────────────────────────────────────────────────────────────────┤
│ target : sys-apps/smartmontools                                        │
│ mode   : --build                                                       │
│ logs   : /srv/tinderbox-ng/logs/compare-sys_apps_smartmontools-20260510T092300│
├──────────────────┬─────────────────────────┬───────────────────────────┤
│ (metric)         │ portage-ng              │ emerge                    │
├──────────────────┼─────────────────────────┼───────────────────────────┤
│ exit             │ OK                      │ OK                        │
│ plan actions     │ 25                      │ 10                        │
│ completed        │ 26                      │ 10                        │
│ merged into VDB  │ 10                      │ 10                        │
└──────────────────┴─────────────────────────┴───────────────────────────┘

Full logs:
  portage-ng: /srv/tinderbox-ng/logs/compare-sys_apps_smartmontools-20260510T092300/portage-ng.log
  emerge    : /srv/tinderbox-ng/logs/compare-sys_apps_smartmontools-20260510T092300/emerge.log

[tinderbox-ng]   cleaning up sessions (use --keep to preserve)
