[tinderbox-ng] compare: target='sys-process/htop'  mode=--build  label=sys_process_htop
[tinderbox-ng]   portage-ng session: pkg-cmp-portage-ng-sys_process_htop
[tinderbox-ng]   emerge     session: pkg-cmp-emerge-sys_process_htop
[tinderbox-ng ok] session 'pkg-cmp-portage-ng-sys_process_htop' created
[tinderbox-ng ok] session 'pkg-cmp-emerge-sys_process_htop' created
[tinderbox-ng]   running both engines in parallel (logs: /srv/tinderbox-ng/logs/compare-sys_process_htop-20260510T094511)

┌────────────────────────────────────────────────────────────────────────┐
│ tinderbox-ng compare report                                            │
├────────────────────────────────────────────────────────────────────────┤
│ target : sys-process/htop                                              │
│ mode   : --build                                                       │
│ logs   : /srv/tinderbox-ng/logs/compare-sys_process_htop-20260510T094511│
├──────────────────┬─────────────────────────┬───────────────────────────┤
│ (metric)         │ portage-ng              │ emerge                    │
├──────────────────┼─────────────────────────┼───────────────────────────┤
│ exit             │ OK                      │ OK                        │
│ plan actions     │ 3                       │ 1                         │
│ completed        │ 4                       │ 1                         │
│ merged into VDB  │ 1                       │ 1                         │
└──────────────────┴─────────────────────────┴───────────────────────────┘

Full logs:
  portage-ng: /srv/tinderbox-ng/logs/compare-sys_process_htop-20260510T094511/portage-ng.log
  emerge    : /srv/tinderbox-ng/logs/compare-sys_process_htop-20260510T094511/emerge.log

[tinderbox-ng]   cleaning up sessions (use --keep to preserve)
