[tinderbox-ng] compare: target='sys-apps/azure-vm-utils'  mode=--build  label=sys_apps_azure_vm_utils
[tinderbox-ng]   portage-ng session: pkg-cmp-portage-ng-sys_apps_azure_vm_utils
[tinderbox-ng]   emerge     session: pkg-cmp-emerge-sys_apps_azure_vm_utils
[tinderbox-ng ok] session 'pkg-cmp-portage-ng-sys_apps_azure_vm_utils' created
[tinderbox-ng ok] session 'pkg-cmp-emerge-sys_apps_azure_vm_utils' created
[tinderbox-ng]   running both engines in parallel (logs: /srv/tinderbox-ng/logs/compare-sys_apps_azure_vm_utils-20260510T091818)

┌────────────────────────────────────────────────────────────────────────┐
│ tinderbox-ng compare report                                            │
├────────────────────────────────────────────────────────────────────────┤
│ target : sys-apps/azure-vm-utils                                       │
│ mode   : --build                                                       │
│ logs   : /srv/tinderbox-ng/logs/compare-sys_apps_azure_vm_utils-20260510T091818│
├──────────────────┬─────────────────────────┬───────────────────────────┤
│ (metric)         │ portage-ng              │ emerge                    │
├──────────────────┼─────────────────────────┼───────────────────────────┤
│ exit             │ OK                      │ OK                        │
│ plan actions     │ 3                       │ 1                         │
│ completed        │ 4                       │ 1                         │
│ merged into VDB  │ 1                       │ 1                         │
└──────────────────┴─────────────────────────┴───────────────────────────┘

Full logs:
  portage-ng: /srv/tinderbox-ng/logs/compare-sys_apps_azure_vm_utils-20260510T091818/portage-ng.log
  emerge    : /srv/tinderbox-ng/logs/compare-sys_apps_azure_vm_utils-20260510T091818/emerge.log

[tinderbox-ng]   cleaning up sessions (use --keep to preserve)
