[tinderbox-ng] compare: target='sys-fs/lufis'  mode=--build  label=sys_fs_lufis
[tinderbox-ng]   portage-ng session: pkg-cmp-portage-ng-sys_fs_lufis
[tinderbox-ng]   emerge     session: pkg-cmp-emerge-sys_fs_lufis
[tinderbox-ng ok] session 'pkg-cmp-portage-ng-sys_fs_lufis' created
[tinderbox-ng ok] session 'pkg-cmp-emerge-sys_fs_lufis' created
[tinderbox-ng]   running both engines in parallel (logs: /srv/tinderbox-ng/logs/compare-sys_fs_lufis-20260510T093848)

┌────────────────────────────────────────────────────────────────────────┐
│ tinderbox-ng compare report                                            │
├────────────────────────────────────────────────────────────────────────┤
│ target : sys-fs/lufis                                                  │
│ mode   : --build                                                       │
│ logs   : /srv/tinderbox-ng/logs/compare-sys_fs_lufis-20260510T093848   │
├──────────────────┬─────────────────────────┬───────────────────────────┤
│ (metric)         │ portage-ng              │ emerge                    │
├──────────────────┼─────────────────────────┼───────────────────────────┤
│ exit             │ FAIL(3)                 │ FAIL(1)                   │
│ plan actions     │ 11                      │ 0                         │
│ completed        │ 7                       │ 2                         │
│ merged into VDB  │ 2                       │ 2                         │
└──────────────────┴─────────────────────────┴───────────────────────────┘

First error/warning per engine:
  portage-ng: [step 5] FAIL (1) install portage://sys-fs/fuse-2.9.9-r2
  emerge    : >>> Failed to emerge sys-fs/fuse-2.9.9-r2, Log file:

Full logs:
  portage-ng: /srv/tinderbox-ng/logs/compare-sys_fs_lufis-20260510T093848/portage-ng.log
  emerge    : /srv/tinderbox-ng/logs/compare-sys_fs_lufis-20260510T093848/emerge.log

[tinderbox-ng]   cleaning up sessions (use --keep to preserve)
