[tinderbox-ng] compare: target='sys-apps/lnxhc'  mode=--build  label=sys_apps_lnxhc
[tinderbox-ng]   portage-ng session: pkg-cmp-portage-ng-sys_apps_lnxhc
[tinderbox-ng]   emerge     session: pkg-cmp-emerge-sys_apps_lnxhc
[tinderbox-ng ok] session 'pkg-cmp-portage-ng-sys_apps_lnxhc' created
[tinderbox-ng ok] session 'pkg-cmp-emerge-sys_apps_lnxhc' created
[tinderbox-ng]   running both engines in parallel (logs: /srv/tinderbox-ng/logs/compare-sys_apps_lnxhc-20260510T092113)

┌────────────────────────────────────────────────────────────────────────┐
│ tinderbox-ng compare report                                            │
├────────────────────────────────────────────────────────────────────────┤
│ target : sys-apps/lnxhc                                                │
│ mode   : --build                                                       │
│ logs   : /srv/tinderbox-ng/logs/compare-sys_apps_lnxhc-20260510T092113 │
├──────────────────┬─────────────────────────┬───────────────────────────┤
│ (metric)         │ portage-ng              │ emerge                    │
├──────────────────┼─────────────────────────┼───────────────────────────┤
│ exit             │ OK                      │ OK                        │
│ plan actions     │ 83                      │ 30                        │
│ completed        │ 84                      │ 30                        │
│ merged into VDB  │ 30                      │ 30                        │
└──────────────────┴─────────────────────────┴───────────────────────────┘

Full logs:
  portage-ng: /srv/tinderbox-ng/logs/compare-sys_apps_lnxhc-20260510T092113/portage-ng.log
  emerge    : /srv/tinderbox-ng/logs/compare-sys_apps_lnxhc-20260510T092113/emerge.log

[tinderbox-ng]   cleaning up sessions (use --keep to preserve)
