[tinderbox-ng] compare: target='sys-boot/refind'  mode=--build  label=sys_boot_refind
[tinderbox-ng]   portage-ng session: pkg-cmp-portage-ng-sys_boot_refind
[tinderbox-ng]   emerge     session: pkg-cmp-emerge-sys_boot_refind
[tinderbox-ng ok] session 'pkg-cmp-portage-ng-sys_boot_refind' created
[tinderbox-ng ok] session 'pkg-cmp-emerge-sys_boot_refind' created
[tinderbox-ng]   running both engines in parallel (logs: /srv/tinderbox-ng/logs/compare-sys_boot_refind-20260510T092959)

┌────────────────────────────────────────────────────────────────────────┐
│ tinderbox-ng compare report                                            │
├────────────────────────────────────────────────────────────────────────┤
│ target : sys-boot/refind                                               │
│ mode   : --build                                                       │
│ logs   : /srv/tinderbox-ng/logs/compare-sys_boot_refind-20260510T092959│
├──────────────────┬─────────────────────────┬───────────────────────────┤
│ (metric)         │ portage-ng              │ emerge                    │
├──────────────────┼─────────────────────────┼───────────────────────────┤
│ exit             │ OK                      │ OK                        │
│ plan actions     │ 5                       │ 2                         │
│ completed        │ 6                       │ 2                         │
│ merged into VDB  │ 2                       │ 2                         │
└──────────────────┴─────────────────────────┴───────────────────────────┘

Full logs:
  portage-ng: /srv/tinderbox-ng/logs/compare-sys_boot_refind-20260510T092959/portage-ng.log
  emerge    : /srv/tinderbox-ng/logs/compare-sys_boot_refind-20260510T092959/emerge.log

[tinderbox-ng]   cleaning up sessions (use --keep to preserve)
