[tinderbox-ng] compare: target='sys-apps/usbutils'  mode=--build  label=sys_apps_usbutils
[tinderbox-ng]   portage-ng session: pkg-cmp-portage-ng-sys_apps_usbutils
[tinderbox-ng]   emerge     session: pkg-cmp-emerge-sys_apps_usbutils
[tinderbox-ng ok] session 'pkg-cmp-portage-ng-sys_apps_usbutils' created
[tinderbox-ng ok] session 'pkg-cmp-emerge-sys_apps_usbutils' created
[tinderbox-ng]   running both engines in parallel (logs: /srv/tinderbox-ng/logs/compare-sys_apps_usbutils-20260510T092411)

┌────────────────────────────────────────────────────────────────────────┐
│ tinderbox-ng compare report                                            │
├────────────────────────────────────────────────────────────────────────┤
│ target : sys-apps/usbutils                                             │
│ mode   : --build                                                       │
│ logs   : /srv/tinderbox-ng/logs/compare-sys_apps_usbutils-20260510T092411│
├──────────────────┬─────────────────────────┬───────────────────────────┤
│ (metric)         │ portage-ng              │ emerge                    │
├──────────────────┼─────────────────────────┼───────────────────────────┤
│ exit             │ OK                      │ OK                        │
│ plan actions     │ 10                      │ 4                         │
│ completed        │ 11                      │ 4                         │
│ merged into VDB  │ 4                       │ 4                         │
└──────────────────┴─────────────────────────┴───────────────────────────┘

Full logs:
  portage-ng: /srv/tinderbox-ng/logs/compare-sys_apps_usbutils-20260510T092411/portage-ng.log
  emerge    : /srv/tinderbox-ng/logs/compare-sys_apps_usbutils-20260510T092411/emerge.log

[tinderbox-ng]   cleaning up sessions (use --keep to preserve)
