[tinderbox-ng] compare: target='sys-apps/syd-tui'  mode=--build  label=sys_apps_syd_tui
[tinderbox-ng]   portage-ng session: pkg-cmp-portage-ng-sys_apps_syd_tui
[tinderbox-ng]   emerge     session: pkg-cmp-emerge-sys_apps_syd_tui
[tinderbox-ng ok] session 'pkg-cmp-portage-ng-sys_apps_syd_tui' created
[tinderbox-ng ok] session 'pkg-cmp-emerge-sys_apps_syd_tui' created
[tinderbox-ng]   running both engines in parallel (logs: /srv/tinderbox-ng/logs/compare-sys_apps_syd_tui-20260510T092300)

┌────────────────────────────────────────────────────────────────────────┐
│ tinderbox-ng compare report                                            │
├────────────────────────────────────────────────────────────────────────┤
│ target : sys-apps/syd-tui                                              │
│ mode   : --build                                                       │
│ logs   : /srv/tinderbox-ng/logs/compare-sys_apps_syd_tui-20260510T092300│
├──────────────────┬─────────────────────────┬───────────────────────────┤
│ (metric)         │ portage-ng              │ emerge                    │
├──────────────────┼─────────────────────────┼───────────────────────────┤
│ exit             │ OK                      │ OK                        │
│ plan actions     │ 17                      │ 6                         │
│ completed        │ 18                      │ 6                         │
│ merged into VDB  │ 6                       │ 6                         │
└──────────────────┴─────────────────────────┴───────────────────────────┘

Full logs:
  portage-ng: /srv/tinderbox-ng/logs/compare-sys_apps_syd_tui-20260510T092300/portage-ng.log
  emerge    : /srv/tinderbox-ng/logs/compare-sys_apps_syd_tui-20260510T092300/emerge.log

[tinderbox-ng]   cleaning up sessions (use --keep to preserve)
