[tinderbox-ng] compare: target='www-apps/sfpg'  mode=--build  label=www_apps_sfpg
[tinderbox-ng]   portage-ng session: pkg-cmp-portage-ng-www_apps_sfpg
[tinderbox-ng]   emerge     session: pkg-cmp-emerge-www_apps_sfpg
[tinderbox-ng ok] session 'pkg-cmp-portage-ng-www_apps_sfpg' created
[tinderbox-ng ok] session 'pkg-cmp-emerge-www_apps_sfpg' created
[tinderbox-ng]   running both engines in parallel (logs: /srv/tinderbox-ng/logs/compare-www_apps_sfpg-20260510T095203)

┌────────────────────────────────────────────────────────────────────────┐
│ tinderbox-ng compare report                                            │
├────────────────────────────────────────────────────────────────────────┤
│ target : www-apps/sfpg                                                 │
│ mode   : --build                                                       │
│ logs   : /srv/tinderbox-ng/logs/compare-www_apps_sfpg-20260510T095203  │
├──────────────────┬─────────────────────────┬───────────────────────────┤
│ (metric)         │ portage-ng              │ emerge                    │
├──────────────────┼─────────────────────────┼───────────────────────────┤
│ exit             │ FAIL(3)                 │ FAIL(1)                   │
│ plan actions     │ 55                      │ ?                         │
│ completed        │ 14                      │ 0                         │
│ merged into VDB  │ 2                       │ 0                         │
└──────────────────┴─────────────────────────┴───────────────────────────┘

First error/warning per engine:
  portage-ng: [step 2] FAIL (download errors) download portage://www-apps/sfpg-4.11.0

VDB delta (after build):
  only in portage-ng:
    + acct-group/apache-0-r3
    + acct-group/nullmail-0-r2

Full logs:
  portage-ng: /srv/tinderbox-ng/logs/compare-www_apps_sfpg-20260510T095203/portage-ng.log
  emerge    : /srv/tinderbox-ng/logs/compare-www_apps_sfpg-20260510T095203/emerge.log

[tinderbox-ng]   cleaning up sessions (use --keep to preserve)
