[tinderbox-ng] compare: target='www-apps/klaus'  mode=--build  label=www_apps_klaus
[tinderbox-ng]   portage-ng session: pkg-cmp-portage-ng-www_apps_klaus
[tinderbox-ng]   emerge     session: pkg-cmp-emerge-www_apps_klaus
[tinderbox-ng ok] session 'pkg-cmp-portage-ng-www_apps_klaus' created
[tinderbox-ng ok] session 'pkg-cmp-emerge-www_apps_klaus' created
[tinderbox-ng]   running both engines in parallel (logs: /srv/tinderbox-ng/logs/compare-www_apps_klaus-20260510T095030)

┌────────────────────────────────────────────────────────────────────────┐
│ tinderbox-ng compare report                                            │
├────────────────────────────────────────────────────────────────────────┤
│ target : www-apps/klaus                                                │
│ mode   : --build                                                       │
│ logs   : /srv/tinderbox-ng/logs/compare-www_apps_klaus-20260510T095030 │
├──────────────────┬─────────────────────────┬───────────────────────────┤
│ (metric)         │ portage-ng              │ emerge                    │
├──────────────────┼─────────────────────────┼───────────────────────────┤
│ exit             │ OK                      │ OK                        │
│ plan actions     │ 41                      │ 14                        │
│ completed        │ 42                      │ 14                        │
│ merged into VDB  │ 14                      │ 14                        │
└──────────────────┴─────────────────────────┴───────────────────────────┘

Full logs:
  portage-ng: /srv/tinderbox-ng/logs/compare-www_apps_klaus-20260510T095030/portage-ng.log
  emerge    : /srv/tinderbox-ng/logs/compare-www_apps_klaus-20260510T095030/emerge.log

[tinderbox-ng]   cleaning up sessions (use --keep to preserve)
