[tinderbox-ng] compare: target='www-client/fetch'  mode=--build  label=www_client_fetch
[tinderbox-ng]   portage-ng session: pkg-cmp-portage-ng-www_client_fetch
[tinderbox-ng]   emerge     session: pkg-cmp-emerge-www_client_fetch
[tinderbox-ng ok] session 'pkg-cmp-portage-ng-www_client_fetch' created
[tinderbox-ng ok] session 'pkg-cmp-emerge-www_client_fetch' created
[tinderbox-ng]   running both engines in parallel (logs: /srv/tinderbox-ng/logs/compare-www_client_fetch-20260510T095237)

┌────────────────────────────────────────────────────────────────────────┐
│ tinderbox-ng compare report                                            │
├────────────────────────────────────────────────────────────────────────┤
│ target : www-client/fetch                                              │
│ mode   : --build                                                       │
│ logs   : /srv/tinderbox-ng/logs/compare-www_client_fetch-20260510T095237│
├──────────────────┬─────────────────────────┬───────────────────────────┤
│ (metric)         │ portage-ng              │ emerge                    │
├──────────────────┼─────────────────────────┼───────────────────────────┤
│ exit             │ FAIL(3)                 │ FAIL(1)                   │
│ plan actions     │ 6                       │ 0                         │
│ completed        │ 2                       │ 0                         │
│ merged into VDB  │ 0                       │ 0                         │
└──────────────────┴─────────────────────────┴───────────────────────────┘

First error/warning per engine:
  portage-ng: [step 2] FAIL (1) install portage://dev-libs/http-fetcher-1.1.0-r2
  emerge    : >>> Failed to emerge dev-libs/http-fetcher-1.1.0-r2, Log file:

Full logs:
  portage-ng: /srv/tinderbox-ng/logs/compare-www_client_fetch-20260510T095237/portage-ng.log
  emerge    : /srv/tinderbox-ng/logs/compare-www_client_fetch-20260510T095237/emerge.log

[tinderbox-ng]   cleaning up sessions (use --keep to preserve)
