[tinderbox-ng] compare: target='www-apps/nanoc-spec'  mode=--build  label=www_apps_nanoc_spec
[tinderbox-ng]   portage-ng session: pkg-cmp-portage-ng-www_apps_nanoc_spec
[tinderbox-ng]   emerge     session: pkg-cmp-emerge-www_apps_nanoc_spec
[tinderbox-ng ok] session 'pkg-cmp-portage-ng-www_apps_nanoc_spec' created
[tinderbox-ng ok] session 'pkg-cmp-emerge-www_apps_nanoc_spec' created
[tinderbox-ng]   running both engines in parallel (logs: /srv/tinderbox-ng/logs/compare-www_apps_nanoc_spec-20260510T095057)

┌────────────────────────────────────────────────────────────────────────┐
│ tinderbox-ng compare report                                            │
├────────────────────────────────────────────────────────────────────────┤
│ target : www-apps/nanoc-spec                                           │
│ mode   : --build                                                       │
│ logs   : /srv/tinderbox-ng/logs/compare-www_apps_nanoc_spec-20260510T095057│
├──────────────────┬─────────────────────────┬───────────────────────────┤
│ (metric)         │ portage-ng              │ emerge                    │
├──────────────────┼─────────────────────────┼───────────────────────────┤
│ exit             │ FAIL(3)                 │ FAIL(1)                   │
│ plan actions     │ 185                     │ 0                         │
│ completed        │ 65                      │ 2                         │
│ merged into VDB  │ 2                       │ 2                         │
└──────────────────┴─────────────────────────┴───────────────────────────┘

First error/warning per engine:
  portage-ng: [step 3] FAIL (1) install portage://dev-util/colm-0.14.7-r4
  emerge    : >>> Failed to emerge dev-util/colm-0.14.7-r4, Log file:

Full logs:
  portage-ng: /srv/tinderbox-ng/logs/compare-www_apps_nanoc_spec-20260510T095057/portage-ng.log
  emerge    : /srv/tinderbox-ng/logs/compare-www_apps_nanoc_spec-20260510T095057/emerge.log

[tinderbox-ng]   cleaning up sessions (use --keep to preserve)
