[tinderbox-ng] compare: target='www-client/w3m'  mode=--build  label=www_client_w3m
[tinderbox-ng]   portage-ng session: pkg-cmp-portage-ng-www_client_w3m
[tinderbox-ng]   emerge     session: pkg-cmp-emerge-www_client_w3m
[tinderbox-ng ok] session 'pkg-cmp-portage-ng-www_client_w3m' created
[tinderbox-ng ok] session 'pkg-cmp-emerge-www_client_w3m' created
[tinderbox-ng]   running both engines in parallel (logs: /srv/tinderbox-ng/logs/compare-www_client_w3m-20260510T095311)

┌────────────────────────────────────────────────────────────────────────┐
│ tinderbox-ng compare report                                            │
├────────────────────────────────────────────────────────────────────────┤
│ target : www-client/w3m                                                │
│ mode   : --build                                                       │
│ logs   : /srv/tinderbox-ng/logs/compare-www_client_w3m-20260510T095311 │
├──────────────────┬─────────────────────────┬───────────────────────────┤
│ (metric)         │ portage-ng              │ emerge                    │
├──────────────────┼─────────────────────────┼───────────────────────────┤
│ exit             │ OK                      │ OK                        │
│ plan actions     │ 9                       │ 3                         │
│ completed        │ 10                      │ 3                         │
│ merged into VDB  │ 3                       │ 3                         │
└──────────────────┴─────────────────────────┴───────────────────────────┘

Full logs:
  portage-ng: /srv/tinderbox-ng/logs/compare-www_client_w3m-20260510T095311/portage-ng.log
  emerge    : /srv/tinderbox-ng/logs/compare-www_client_w3m-20260510T095311/emerge.log

[tinderbox-ng]   cleaning up sessions (use --keep to preserve)
