[tinderbox-ng] compare: target='www-apps/ikiwiki'  mode=--build  label=www_apps_ikiwiki
[tinderbox-ng]   portage-ng session: pkg-cmp-portage-ng-www_apps_ikiwiki
[tinderbox-ng]   emerge     session: pkg-cmp-emerge-www_apps_ikiwiki
[tinderbox-ng ok] session 'pkg-cmp-portage-ng-www_apps_ikiwiki' created
[tinderbox-ng ok] session 'pkg-cmp-emerge-www_apps_ikiwiki' created
[tinderbox-ng]   running both engines in parallel (logs: /srv/tinderbox-ng/logs/compare-www_apps_ikiwiki-20260510T094734)

┌────────────────────────────────────────────────────────────────────────┐
│ tinderbox-ng compare report                                            │
├────────────────────────────────────────────────────────────────────────┤
│ target : www-apps/ikiwiki                                              │
│ mode   : --build                                                       │
│ logs   : /srv/tinderbox-ng/logs/compare-www_apps_ikiwiki-20260510T094734│
├──────────────────┬─────────────────────────┬───────────────────────────┤
│ (metric)         │ portage-ng              │ emerge                    │
├──────────────────┼─────────────────────────┼───────────────────────────┤
│ exit             │ FAIL(3)                 │ FAIL(1)                   │
│ plan actions     │ 182                     │ ?                         │
│ completed        │ 79                      │ 0                         │
│ merged into VDB  │ 24                      │ 0                         │
└──────────────────┴─────────────────────────┴───────────────────────────┘

First error/warning per engine:
  portage-ng: Error The proof for your build plan contains domain assumptions. Please verify:

VDB delta (after build):
  only in portage-ng:
    + app-eselect/eselect-fontconfig-20220403
    + app-text/libpaper-2.1.3
    + app-text/poppler-data-0.4.12
    + dev-lang/perl-5.42.2
    + dev-libs/libltdl-2.5.4
    + dev-perl/Clone-0.470.0
    + dev-perl/Devel-CheckLib-1.160.0-r1
    + dev-perl/Encode-Locale-1.50.0-r1
    + dev-perl/HTML-Tagset-3.240.0
    + dev-perl/HTML-Template-2.970.0-r1
    + dev-perl/IO-HTML-1.4.0
    + dev-perl/MIME-Base32-1.303.0-r1
    + dev-perl/Regexp-IPv6-0.30.0-r2
    + dev-perl/Socket6-0.290.0-r2
    + dev-perl/Sys-Hostname-Long-1.500.0-r2
    + dev-perl/Term-ReadLine-Gnu-1.470.0
    + dev-perl/XML-NamespaceSupport-1.120.0-r1
    + dev-perl/YAML-LibYAML-0.904.0
    + media-fonts/liberation-fonts-2.1.5
    + media-fonts/urw-fonts-20230503-r1
    + media-libs/lcms-2.19.1
    + media-libs/libpng-1.6.58
    + media-libs/tiff-4.7.1
    + net-dns/libidn-1.43

Full logs:
  portage-ng: /srv/tinderbox-ng/logs/compare-www_apps_ikiwiki-20260510T094734/portage-ng.log
  emerge    : /srv/tinderbox-ng/logs/compare-www_apps_ikiwiki-20260510T094734/emerge.log

[tinderbox-ng]   cleaning up sessions (use --keep to preserve)
