[tinderbox-ng] compare: target='www-servers/apache'  mode=--build  label=www_servers_apache
[tinderbox-ng]   portage-ng session: pkg-cmp-portage-ng-www_servers_apache
[tinderbox-ng]   emerge     session: pkg-cmp-emerge-www_servers_apache
[tinderbox-ng ok] session 'pkg-cmp-portage-ng-www_servers_apache' created
[tinderbox-ng ok] session 'pkg-cmp-emerge-www_servers_apache' created
[tinderbox-ng]   running both engines in parallel (logs: /srv/tinderbox-ng/logs/compare-www_servers_apache-20260510T095331)

┌────────────────────────────────────────────────────────────────────────┐
│ tinderbox-ng compare report                                            │
├────────────────────────────────────────────────────────────────────────┤
│ target : www-servers/apache                                            │
│ mode   : --build                                                       │
│ logs   : /srv/tinderbox-ng/logs/compare-www_servers_apache-20260510T095331│
├──────────────────┬─────────────────────────┬───────────────────────────┤
│ (metric)         │ portage-ng              │ emerge                    │
├──────────────────┼─────────────────────────┼───────────────────────────┤
│ exit             │ OK                      │ OK                        │
│ plan actions     │ 16                      │ 6                         │
│ completed        │ 17                      │ 6                         │
│ merged into VDB  │ 6                       │ 6                         │
└──────────────────┴─────────────────────────┴───────────────────────────┘

Full logs:
  portage-ng: /srv/tinderbox-ng/logs/compare-www_servers_apache-20260510T095331/portage-ng.log
  emerge    : /srv/tinderbox-ng/logs/compare-www_servers_apache-20260510T095331/emerge.log

[tinderbox-ng]   cleaning up sessions (use --keep to preserve)
