[tinderbox-ng] compare: target='www-client/httrack'  mode=--build  label=www_client_httrack
[tinderbox-ng]   portage-ng session: pkg-cmp-portage-ng-www_client_httrack
[tinderbox-ng]   emerge     session: pkg-cmp-emerge-www_client_httrack
[tinderbox-ng ok] session 'pkg-cmp-portage-ng-www_client_httrack' created
[tinderbox-ng ok] session 'pkg-cmp-emerge-www_client_httrack' created
[tinderbox-ng]   running both engines in parallel (logs: /srv/tinderbox-ng/logs/compare-www_client_httrack-20260510T095241)

┌────────────────────────────────────────────────────────────────────────┐
│ tinderbox-ng compare report                                            │
├────────────────────────────────────────────────────────────────────────┤
│ target : www-client/httrack                                            │
│ mode   : --build                                                       │
│ logs   : /srv/tinderbox-ng/logs/compare-www_client_httrack-20260510T095241│
├──────────────────┬─────────────────────────┬───────────────────────────┤
│ (metric)         │ portage-ng              │ emerge                    │
├──────────────────┼─────────────────────────┼───────────────────────────┤
│ exit             │ FAIL(3)                 │ FAIL(1)                   │
│ plan actions     │ 3                       │ 1                         │
│ completed        │ 1                       │ 0                         │
│ merged into VDB  │ 0                       │ 0                         │
└──────────────────┴─────────────────────────┴───────────────────────────┘

First error/warning per engine:
  portage-ng: [step 2] FAIL (1) install portage://www-client/httrack-3.49.5
  emerge    : >>> Failed to emerge www-client/httrack-3.49.5, Log file:

Full logs:
  portage-ng: /srv/tinderbox-ng/logs/compare-www_client_httrack-20260510T095241/portage-ng.log
  emerge    : /srv/tinderbox-ng/logs/compare-www_client_httrack-20260510T095241/emerge.log

[tinderbox-ng]   cleaning up sessions (use --keep to preserve)
