[tinderbox-ng] compare: target='x11-wm/i3'  mode=--build  label=x11_wm_i3
[tinderbox-ng]   portage-ng session: pkg-cmp-portage-ng-x11_wm_i3
[tinderbox-ng]   emerge     session: pkg-cmp-emerge-x11_wm_i3
[tinderbox-ng ok] session 'pkg-cmp-portage-ng-x11_wm_i3' created
[tinderbox-ng ok] session 'pkg-cmp-emerge-x11_wm_i3' created
[tinderbox-ng]   running both engines in parallel (logs: /srv/tinderbox-ng/logs/compare-x11_wm_i3-20260510T101327)

┌────────────────────────────────────────────────────────────────────────┐
│ tinderbox-ng compare report                                            │
├────────────────────────────────────────────────────────────────────────┤
│ target : x11-wm/i3                                                     │
│ mode   : --build                                                       │
│ logs   : /srv/tinderbox-ng/logs/compare-x11_wm_i3-20260510T101327      │
├──────────────────┬─────────────────────────┬───────────────────────────┤
│ (metric)         │ portage-ng              │ emerge                    │
├──────────────────┼─────────────────────────┼───────────────────────────┤
│ exit             │ FAIL(3)                 │ FAIL(1)                   │
│ plan actions     │ 132                     │ ?                         │
│ completed        │ 58                      │ 0                         │
│ merged into VDB  │ 14                      │ 0                         │
└──────────────────┴─────────────────────────┴───────────────────────────┘

First error/warning per engine:
  portage-ng: [step 3] FAIL (1) install portage://dev-libs/libev-4.33

VDB delta (after build):
  only in portage-ng:
    + app-eselect/eselect-fontconfig-20220403
    + dev-libs/fribidi-1.0.16
    + dev-libs/yajl-2.1.0-r6
    + dev-perl/Canary-Stability-2013.0.0
    + dev-perl/common-sense-3.750.0
    + dev-util/glib-utils-2.88.0
    + media-fonts/liberation-fonts-2.1.5
    + media-gfx/graphite2-1.3.14_p20210810-r5
    + media-libs/libpng-1.6.58
    + x11-base/xcb-proto-1.17.0
    + x11-base/xorg-proto-2025.1
    + x11-libs/pixman-0.46.4
    + x11-libs/xtrans-1.6.0
    + x11-misc/xkeyboard-config-2.47

Full logs:
  portage-ng: /srv/tinderbox-ng/logs/compare-x11_wm_i3-20260510T101327/portage-ng.log
  emerge    : /srv/tinderbox-ng/logs/compare-x11_wm_i3-20260510T101327/emerge.log

[tinderbox-ng]   cleaning up sessions (use --keep to preserve)
