[tinderbox-ng] compare: target='x11-misc/bumblebee'  mode=--build  label=x11_misc_bumblebee
[tinderbox-ng]   portage-ng session: pkg-cmp-portage-ng-x11_misc_bumblebee
[tinderbox-ng]   emerge     session: pkg-cmp-emerge-x11_misc_bumblebee
[tinderbox-ng ok] session 'pkg-cmp-portage-ng-x11_misc_bumblebee' created
[tinderbox-ng ok] session 'pkg-cmp-emerge-x11_misc_bumblebee' created
[tinderbox-ng]   running both engines in parallel (logs: /srv/tinderbox-ng/logs/compare-x11_misc_bumblebee-20260510T100323)

┌────────────────────────────────────────────────────────────────────────┐
│ tinderbox-ng compare report                                            │
├────────────────────────────────────────────────────────────────────────┤
│ target : x11-misc/bumblebee                                            │
│ mode   : --build                                                       │
│ logs   : /srv/tinderbox-ng/logs/compare-x11_misc_bumblebee-20260510T100323│
├──────────────────┬─────────────────────────┬───────────────────────────┤
│ (metric)         │ portage-ng              │ emerge                    │
├──────────────────┼─────────────────────────┼───────────────────────────┤
│ exit             │ FAIL(3)                 │ FAIL(1)                   │
│ plan actions     │ 365                     │ ?                         │
│ completed        │ 122                     │ 0                         │
│ merged into VDB  │ 5                       │ 0                         │
└──────────────────┴─────────────────────────┴───────────────────────────┘

First error/warning per engine:
  portage-ng: [step 2] FAIL (1) update portage://dev-python/markupsafe-3.0.3

VDB delta (after build):
  only in portage-ng:
    + acct-group/bumblebee-0-r2
    + acct-group/messagebus-0-r3
    + acct-group/polkitd-0-r3
    + dev-python/gpep517-19
    + sys-auth/pambase-20251104-r1

Full logs:
  portage-ng: /srv/tinderbox-ng/logs/compare-x11_misc_bumblebee-20260510T100323/portage-ng.log
  emerge    : /srv/tinderbox-ng/logs/compare-x11_misc_bumblebee-20260510T100323/emerge.log

[tinderbox-ng]   cleaning up sessions (use --keep to preserve)
