[tinderbox-ng] compare: target='x11-misc/util-macros'  mode=--build  label=x11_misc_util_macros
[tinderbox-ng]   portage-ng session: pkg-cmp-portage-ng-x11_misc_util_macros
[tinderbox-ng]   emerge     session: pkg-cmp-emerge-x11_misc_util_macros
[tinderbox-ng ok] session 'pkg-cmp-portage-ng-x11_misc_util_macros' created
[tinderbox-ng ok] session 'pkg-cmp-emerge-x11_misc_util_macros' created
[tinderbox-ng]   running both engines in parallel (logs: /srv/tinderbox-ng/logs/compare-x11_misc_util_macros-20260510T100601)

┌────────────────────────────────────────────────────────────────────────┐
│ tinderbox-ng compare report                                            │
├────────────────────────────────────────────────────────────────────────┤
│ target : x11-misc/util-macros                                          │
│ mode   : --build                                                       │
│ logs   : /srv/tinderbox-ng/logs/compare-x11_misc_util_macros-20260510T100601│
├──────────────────┬─────────────────────────┬───────────────────────────┤
│ (metric)         │ portage-ng              │ emerge                    │
├──────────────────┼─────────────────────────┼───────────────────────────┤
│ exit             │ OK                      │ OK                        │
│ plan actions     │ 3                       │ 1                         │
│ completed        │ 4                       │ 1                         │
│ merged into VDB  │ 1                       │ 1                         │
└──────────────────┴─────────────────────────┴───────────────────────────┘

Full logs:
  portage-ng: /srv/tinderbox-ng/logs/compare-x11_misc_util_macros-20260510T100601/portage-ng.log
  emerge    : /srv/tinderbox-ng/logs/compare-x11_misc_util_macros-20260510T100601/emerge.log

[tinderbox-ng]   cleaning up sessions (use --keep to preserve)
