[tinderbox-ng] compare: target='x11-libs/libXft'  mode=--build  label=x11_libs_libXft
[tinderbox-ng]   portage-ng session: pkg-cmp-portage-ng-x11_libs_libXft
[tinderbox-ng]   emerge     session: pkg-cmp-emerge-x11_libs_libXft
[tinderbox-ng ok] session 'pkg-cmp-portage-ng-x11_libs_libXft' created
[tinderbox-ng ok] session 'pkg-cmp-emerge-x11_libs_libXft' created
[tinderbox-ng]   running both engines in parallel (logs: /srv/tinderbox-ng/logs/compare-x11_libs_libXft-20260510T095625)

┌────────────────────────────────────────────────────────────────────────┐
│ tinderbox-ng compare report                                            │
├────────────────────────────────────────────────────────────────────────┤
│ target : x11-libs/libXft                                               │
│ mode   : --build                                                       │
│ logs   : /srv/tinderbox-ng/logs/compare-x11_libs_libXft-20260510T095625│
├──────────────────┬─────────────────────────┬───────────────────────────┤
│ (metric)         │ portage-ng              │ emerge                    │
├──────────────────┼─────────────────────────┼───────────────────────────┤
│ exit             │ FAIL(3)                 │ FAIL(1)                   │
│ plan actions     │ 48                      │ 5                         │
│ completed        │ 30                      │ 14                        │
│ merged into VDB  │ 9                       │ 14                        │
└──────────────────┴─────────────────────────┴───────────────────────────┘

First error/warning per engine:
  portage-ng: [step 6] FAIL (1) install portage://media-libs/freetype-2.14.3
  emerge    : >>> Failed to emerge media-libs/freetype-2.14.3, Log file:

VDB delta (after build):
  only in emerge:
    + x11-libs/libX11-1.8.13
    + x11-libs/libXext-1.3.7
    + x11-libs/libXrender-0.9.12
    + x11-libs/libxcb-1.17.0
    + x11-misc/compose-tables-1.8.13
  in both: 9 packages

Full logs:
  portage-ng: /srv/tinderbox-ng/logs/compare-x11_libs_libXft-20260510T095625/portage-ng.log
  emerge    : /srv/tinderbox-ng/logs/compare-x11_libs_libXft-20260510T095625/emerge.log

[tinderbox-ng]   cleaning up sessions (use --keep to preserve)
