[tinderbox-ng] compare: target='x11-apps/bitmap'  mode=--build  label=x11_apps_bitmap
[tinderbox-ng]   portage-ng session: pkg-cmp-portage-ng-x11_apps_bitmap
[tinderbox-ng]   emerge     session: pkg-cmp-emerge-x11_apps_bitmap
[tinderbox-ng ok] session 'pkg-cmp-portage-ng-x11_apps_bitmap' created
[tinderbox-ng ok] session 'pkg-cmp-emerge-x11_apps_bitmap' created
[tinderbox-ng]   running both engines in parallel (logs: /srv/tinderbox-ng/logs/compare-x11_apps_bitmap-20260510T095412)

┌────────────────────────────────────────────────────────────────────────┐
│ tinderbox-ng compare report                                            │
├────────────────────────────────────────────────────────────────────────┤
│ target : x11-apps/bitmap                                               │
│ mode   : --build                                                       │
│ logs   : /srv/tinderbox-ng/logs/compare-x11_apps_bitmap-20260510T095412│
├──────────────────┬─────────────────────────┬───────────────────────────┤
│ (metric)         │ portage-ng              │ emerge                    │
├──────────────────┼─────────────────────────┼───────────────────────────┤
│ exit             │ OK                      │ OK                        │
│ plan actions     │ 53                      │ 18                        │
│ completed        │ 53                      │ 18                        │
│ merged into VDB  │ 18                      │ 18                        │
└──────────────────┴─────────────────────────┴───────────────────────────┘

Full logs:
  portage-ng: /srv/tinderbox-ng/logs/compare-x11_apps_bitmap-20260510T095412/portage-ng.log
  emerge    : /srv/tinderbox-ng/logs/compare-x11_apps_bitmap-20260510T095412/emerge.log

[tinderbox-ng]   cleaning up sessions (use --keep to preserve)
