[tinderbox-ng] compare: target='x11-themes/human-icon-theme'  mode=--build  label=x11_themes_human_icon_theme
[tinderbox-ng]   portage-ng session: pkg-cmp-portage-ng-x11_themes_human_icon_theme
[tinderbox-ng]   emerge     session: pkg-cmp-emerge-x11_themes_human_icon_theme
[tinderbox-ng ok] session 'pkg-cmp-portage-ng-x11_themes_human_icon_theme' created
[tinderbox-ng ok] session 'pkg-cmp-emerge-x11_themes_human_icon_theme' created
[tinderbox-ng]   running both engines in parallel (logs: /srv/tinderbox-ng/logs/compare-x11_themes_human_icon_theme-20260510T101254)

┌────────────────────────────────────────────────────────────────────────┐
│ tinderbox-ng compare report                                            │
├────────────────────────────────────────────────────────────────────────┤
│ target : x11-themes/human-icon-theme                                   │
│ mode   : --build                                                       │
│ logs   : /srv/tinderbox-ng/logs/compare-x11_themes_human_icon_theme-20260510T101254│
├──────────────────┬─────────────────────────┬───────────────────────────┤
│ (metric)         │ portage-ng              │ emerge                    │
├──────────────────┼─────────────────────────┼───────────────────────────┤
│ exit             │ FAIL(3)                 │ FAIL(1)                   │
│ plan actions     │ 264                     │ ?                         │
│ completed        │ 87                      │ 0                         │
│ merged into VDB  │ 1                       │ 0                         │
└──────────────────┴─────────────────────────┴───────────────────────────┘

First error/warning per engine:
  portage-ng: [step 2] FAIL (1) update portage://dev-python/setuptools-82.0.1

VDB delta (after build):
  only in portage-ng:
    + acct-group/messagebus-0-r3

Full logs:
  portage-ng: /srv/tinderbox-ng/logs/compare-x11_themes_human_icon_theme-20260510T101254/portage-ng.log
  emerge    : /srv/tinderbox-ng/logs/compare-x11_themes_human_icon_theme-20260510T101254/emerge.log

[tinderbox-ng]   cleaning up sessions (use --keep to preserve)
