[tinderbox-ng] compare: target='x11-misc/kronometer'  mode=--build  label=x11_misc_kronometer
[tinderbox-ng]   portage-ng session: pkg-cmp-portage-ng-x11_misc_kronometer
[tinderbox-ng]   emerge     session: pkg-cmp-emerge-x11_misc_kronometer
[tinderbox-ng ok] session 'pkg-cmp-portage-ng-x11_misc_kronometer' created
[tinderbox-ng ok] session 'pkg-cmp-emerge-x11_misc_kronometer' created
[tinderbox-ng]   running both engines in parallel (logs: /srv/tinderbox-ng/logs/compare-x11_misc_kronometer-20260510T100423)

┌────────────────────────────────────────────────────────────────────────┐
│ tinderbox-ng compare report                                            │
├────────────────────────────────────────────────────────────────────────┤
│ target : x11-misc/kronometer                                           │
│ mode   : --build                                                       │
│ logs   : /srv/tinderbox-ng/logs/compare-x11_misc_kronometer-20260510T100423│
├──────────────────┬─────────────────────────┬───────────────────────────┤
│ (metric)         │ portage-ng              │ emerge                    │
├──────────────────┼─────────────────────────┼───────────────────────────┤
│ exit             │ FAIL(3)                 │ FAIL(1)                   │
│ plan actions     │ 219                     │ ?                         │
│ completed        │ 74                      │ 0                         │
│ merged into VDB  │ 3                       │ 0                         │
└──────────────────┴─────────────────────────┴───────────────────────────┘

First error/warning per engine:
  portage-ng: [step 2] FAIL (1) update portage://dev-python/setuptools-82.0.1

VDB delta (after build):
  only in portage-ng:
    + acct-group/messagebus-0-r3
    + app-text/xmlto-0.0.28-r11
    + dev-python/gpep517-19

Full logs:
  portage-ng: /srv/tinderbox-ng/logs/compare-x11_misc_kronometer-20260510T100423/portage-ng.log
  emerge    : /srv/tinderbox-ng/logs/compare-x11_misc_kronometer-20260510T100423/emerge.log

[tinderbox-ng]   cleaning up sessions (use --keep to preserve)
