[tinderbox-ng] compare: target='x11-themes/nou-icon-theme'  mode=--build  label=x11_themes_nou_icon_theme
[tinderbox-ng]   portage-ng session: pkg-cmp-portage-ng-x11_themes_nou_icon_theme
[tinderbox-ng]   emerge     session: pkg-cmp-emerge-x11_themes_nou_icon_theme
[tinderbox-ng ok] session 'pkg-cmp-portage-ng-x11_themes_nou_icon_theme' created
[tinderbox-ng ok] session 'pkg-cmp-emerge-x11_themes_nou_icon_theme' created
[tinderbox-ng]   running both engines in parallel (logs: /srv/tinderbox-ng/logs/compare-x11_themes_nou_icon_theme-20260510T101318)

┌────────────────────────────────────────────────────────────────────────┐
│ tinderbox-ng compare report                                            │
├────────────────────────────────────────────────────────────────────────┤
│ target : x11-themes/nou-icon-theme                                     │
│ mode   : --build                                                       │
│ logs   : /srv/tinderbox-ng/logs/compare-x11_themes_nou_icon_theme-20260510T101318│
├──────────────────┬─────────────────────────┬───────────────────────────┤
│ (metric)         │ portage-ng              │ emerge                    │
├──────────────────┼─────────────────────────┼───────────────────────────┤
│ exit             │ OK                      │ OK                        │
│ plan actions     │ 3                       │ 1                         │
│ completed        │ 4                       │ 1                         │
│ merged into VDB  │ 1                       │ 1                         │
└──────────────────┴─────────────────────────┴───────────────────────────┘

Full logs:
  portage-ng: /srv/tinderbox-ng/logs/compare-x11_themes_nou_icon_theme-20260510T101318/portage-ng.log
  emerge    : /srv/tinderbox-ng/logs/compare-x11_themes_nou_icon_theme-20260510T101318/emerge.log

[tinderbox-ng]   cleaning up sessions (use --keep to preserve)
