[tinderbox-ng] compare: target='x11-misc/obmenu-generator'  mode=--build  label=x11_misc_obmenu_generator
[tinderbox-ng]   portage-ng session: pkg-cmp-portage-ng-x11_misc_obmenu_generator
[tinderbox-ng]   emerge     session: pkg-cmp-emerge-x11_misc_obmenu_generator
[tinderbox-ng ok] session 'pkg-cmp-portage-ng-x11_misc_obmenu_generator' created
[tinderbox-ng ok] session 'pkg-cmp-emerge-x11_misc_obmenu_generator' created
[tinderbox-ng]   running both engines in parallel (logs: /srv/tinderbox-ng/logs/compare-x11_misc_obmenu_generator-20260510T100513)

┌────────────────────────────────────────────────────────────────────────┐
│ tinderbox-ng compare report                                            │
├────────────────────────────────────────────────────────────────────────┤
│ target : x11-misc/obmenu-generator                                     │
│ mode   : --build                                                       │
│ logs   : /srv/tinderbox-ng/logs/compare-x11_misc_obmenu_generator-20260510T100513│
├──────────────────┬─────────────────────────┬───────────────────────────┤
│ (metric)         │ portage-ng              │ emerge                    │
├──────────────────┼─────────────────────────┼───────────────────────────┤
│ exit             │ FAIL(3)                 │ FAIL(1)                   │
│ plan actions     │ 110                     │ ?                         │
│ completed        │ 65                      │ 0                         │
│ merged into VDB  │ 17                      │ 0                         │
└──────────────────┴─────────────────────────┴───────────────────────────┘

First error/warning per engine:
  portage-ng: [step 6] FAIL (1) install portage://media-libs/freetype-2.14.3

VDB delta (after build):
  only in portage-ng:
    + app-eselect/eselect-fontconfig-20220403
    + dev-libs/fribidi-1.0.16
    + dev-libs/gobject-introspection-common-1.86.0
    + dev-perl/Linux-DesktopFiles-0.260.0
    + dev-util/glib-utils-2.88.0
    + media-fonts/liberation-fonts-2.1.5
    + media-gfx/graphite2-1.3.14_p20210810-r5
    + media-libs/libpng-1.6.58
    + virtual/perl-MIME-Base64-3.160.100_rc-r2
    + virtual/ttf-fonts-1-r2
    + x11-base/xcb-proto-1.17.0
    + x11-base/xorg-proto-2025.1
    + x11-libs/libICE-1.1.2
    + x11-libs/libXau-1.0.12
    + x11-libs/libXdmcp-1.1.5
    + x11-libs/pixman-0.46.4
    + x11-libs/xtrans-1.6.0

Full logs:
  portage-ng: /srv/tinderbox-ng/logs/compare-x11_misc_obmenu_generator-20260510T100513/portage-ng.log
  emerge    : /srv/tinderbox-ng/logs/compare-x11_misc_obmenu_generator-20260510T100513/emerge.log

[tinderbox-ng]   cleaning up sessions (use --keep to preserve)
