[tinderbox-ng] compare: target='x11-wm/windowmaker'  mode=--build  label=x11_wm_windowmaker
[tinderbox-ng]   portage-ng session: pkg-cmp-portage-ng-x11_wm_windowmaker
[tinderbox-ng]   emerge     session: pkg-cmp-emerge-x11_wm_windowmaker
[tinderbox-ng ok] session 'pkg-cmp-portage-ng-x11_wm_windowmaker' created
[tinderbox-ng ok] session 'pkg-cmp-emerge-x11_wm_windowmaker' created
[tinderbox-ng]   running both engines in parallel (logs: /srv/tinderbox-ng/logs/compare-x11_wm_windowmaker-20260510T101352)

┌────────────────────────────────────────────────────────────────────────┐
│ tinderbox-ng compare report                                            │
├────────────────────────────────────────────────────────────────────────┤
│ target : x11-wm/windowmaker                                            │
│ mode   : --build                                                       │
│ logs   : /srv/tinderbox-ng/logs/compare-x11_wm_windowmaker-20260510T101352│
├──────────────────┬─────────────────────────┬───────────────────────────┤
│ (metric)         │ portage-ng              │ emerge                    │
├──────────────────┼─────────────────────────┼───────────────────────────┤
│ exit             │ FAIL(3)                 │ FAIL(1)                   │
│ plan actions     │ 104                     │ ?                         │
│ completed        │ 46                      │ 0                         │
│ merged into VDB  │ 11                      │ 0                         │
└──────────────────┴─────────────────────────┴───────────────────────────┘

First error/warning per engine:
  portage-ng: [step 3] FAIL (1) install portage://media-libs/libexif-0.6.26

VDB delta (after build):
  only in portage-ng:
    + app-arch/ncompress-5.0-r2
    + app-eselect/eselect-fontconfig-20220403
    + dev-libs/fribidi-1.0.16
    + dev-util/glib-utils-2.88.0
    + media-fonts/liberation-fonts-2.1.5
    + media-gfx/graphite2-1.3.14_p20210810-r5
    + media-libs/libpng-1.6.58
    + x11-base/xcb-proto-1.17.0
    + x11-base/xorg-proto-2025.1
    + x11-libs/pixman-0.46.4
    + x11-libs/xtrans-1.6.0

Full logs:
  portage-ng: /srv/tinderbox-ng/logs/compare-x11_wm_windowmaker-20260510T101352/portage-ng.log
  emerge    : /srv/tinderbox-ng/logs/compare-x11_wm_windowmaker-20260510T101352/emerge.log

[tinderbox-ng]   cleaning up sessions (use --keep to preserve)
