[tinderbox-ng] compare: target='x11-misc/lightdm'  mode=--build  label=x11_misc_lightdm
[tinderbox-ng]   portage-ng session: pkg-cmp-portage-ng-x11_misc_lightdm
[tinderbox-ng]   emerge     session: pkg-cmp-emerge-x11_misc_lightdm
[tinderbox-ng ok] session 'pkg-cmp-portage-ng-x11_misc_lightdm' created
[tinderbox-ng ok] session 'pkg-cmp-emerge-x11_misc_lightdm' created
[tinderbox-ng]   running both engines in parallel (logs: /srv/tinderbox-ng/logs/compare-x11_misc_lightdm-20260510T100431)

┌────────────────────────────────────────────────────────────────────────┐
│ tinderbox-ng compare report                                            │
├────────────────────────────────────────────────────────────────────────┤
│ target : x11-misc/lightdm                                              │
│ mode   : --build                                                       │
│ logs   : /srv/tinderbox-ng/logs/compare-x11_misc_lightdm-20260510T100431│
├──────────────────┬─────────────────────────┬───────────────────────────┤
│ (metric)         │ portage-ng              │ emerge                    │
├──────────────────┼─────────────────────────┼───────────────────────────┤
│ exit             │ FAIL(3)                 │ FAIL(1)                   │
│ plan actions     │ 307                     │ ?                         │
│ completed        │ 101                     │ 0                         │
│ merged into VDB  │ 3                       │ 0                         │
└──────────────────┴─────────────────────────┴───────────────────────────┘

First error/warning per engine:
  portage-ng: [step 2] FAIL (1) update portage://dev-python/setuptools-82.0.1
  emerge    : !!! The ebuild selected to satisfy "x11-misc/lightdm" has unmet requirements.

VDB delta (after build):
  only in portage-ng:
    + acct-group/lightdm-0-r2
    + acct-group/messagebus-0-r3
    + acct-group/polkitd-0-r3

Full logs:
  portage-ng: /srv/tinderbox-ng/logs/compare-x11_misc_lightdm-20260510T100431/portage-ng.log
  emerge    : /srv/tinderbox-ng/logs/compare-x11_misc_lightdm-20260510T100431/emerge.log

[tinderbox-ng]   cleaning up sessions (use --keep to preserve)
