[tinderbox-ng] compare: target='x11-libs/xcb-util-wm'  mode=--build  label=x11_libs_xcb_util_wm
[tinderbox-ng]   portage-ng session: pkg-cmp-portage-ng-x11_libs_xcb_util_wm
[tinderbox-ng]   emerge     session: pkg-cmp-emerge-x11_libs_xcb_util_wm
[tinderbox-ng ok] session 'pkg-cmp-portage-ng-x11_libs_xcb_util_wm' created
[tinderbox-ng ok] session 'pkg-cmp-emerge-x11_libs_xcb_util_wm' created
[tinderbox-ng]   running both engines in parallel (logs: /srv/tinderbox-ng/logs/compare-x11_libs_xcb_util_wm-20260510T100223)

┌────────────────────────────────────────────────────────────────────────┐
│ tinderbox-ng compare report                                            │
├────────────────────────────────────────────────────────────────────────┤
│ target : x11-libs/xcb-util-wm                                          │
│ mode   : --build                                                       │
│ logs   : /srv/tinderbox-ng/logs/compare-x11_libs_xcb_util_wm-20260510T100223│
├──────────────────┬─────────────────────────┬───────────────────────────┤
│ (metric)         │ portage-ng              │ emerge                    │
├──────────────────┼─────────────────────────┼───────────────────────────┤
│ exit             │ OK                      │ OK                        │
│ plan actions     │ 17                      │ 6                         │
│ completed        │ 17                      │ 6                         │
│ merged into VDB  │ 6                       │ 6                         │
└──────────────────┴─────────────────────────┴───────────────────────────┘

Full logs:
  portage-ng: /srv/tinderbox-ng/logs/compare-x11_libs_xcb_util_wm-20260510T100223/portage-ng.log
  emerge    : /srv/tinderbox-ng/logs/compare-x11_libs_xcb_util_wm-20260510T100223/emerge.log

[tinderbox-ng]   cleaning up sessions (use --keep to preserve)
