[tinderbox-ng] compare: target='x11-plugins/wmXName'  mode=--build  label=x11_plugins_wmXName
[tinderbox-ng]   portage-ng session: pkg-cmp-portage-ng-x11_plugins_wmXName
[tinderbox-ng]   emerge     session: pkg-cmp-emerge-x11_plugins_wmXName
[tinderbox-ng ok] session 'pkg-cmp-portage-ng-x11_plugins_wmXName' created
[tinderbox-ng ok] session 'pkg-cmp-emerge-x11_plugins_wmXName' created
[tinderbox-ng]   running both engines in parallel (logs: /srv/tinderbox-ng/logs/compare-x11_plugins_wmXName-20260510T100736)

┌────────────────────────────────────────────────────────────────────────┐
│ tinderbox-ng compare report                                            │
├────────────────────────────────────────────────────────────────────────┤
│ target : x11-plugins/wmXName                                           │
│ mode   : --build                                                       │
│ logs   : /srv/tinderbox-ng/logs/compare-x11_plugins_wmXName-20260510T100736│
├──────────────────┬─────────────────────────┬───────────────────────────┤
│ (metric)         │ portage-ng              │ emerge                    │
├──────────────────┼─────────────────────────┼───────────────────────────┤
│ exit             │ FAIL(3)                 │ FAIL(1)                   │
│ plan actions     │ 63                      │ ?                         │
│ completed        │ 44                      │ 0                         │
│ merged into VDB  │ 15                      │ 0                         │
└──────────────────┴─────────────────────────┴───────────────────────────┘

First error/warning per engine:
  portage-ng: [step 17] FAIL (1) install portage://x11-plugins/wmXName-0.1-r1

VDB delta (after build):
  only in portage-ng:
    + app-arch/ncompress-5.0-r2
    + www-client/lynx-2.9.2
    + x11-base/xcb-proto-1.17.0
    + x11-base/xorg-proto-2025.1
    + x11-libs/libICE-1.1.2
    + x11-libs/libSM-1.2.6
    + x11-libs/libX11-1.8.13
    + x11-libs/libXau-1.0.12
    + x11-libs/libXdmcp-1.1.5
    + x11-libs/libXext-1.3.7
    + x11-libs/libXpm-3.5.19
    + x11-libs/libXt-1.3.1-r1
    + x11-libs/libxcb-1.17.0
    + x11-libs/xtrans-1.6.0
    + x11-misc/compose-tables-1.8.13

Full logs:
  portage-ng: /srv/tinderbox-ng/logs/compare-x11_plugins_wmXName-20260510T100736/portage-ng.log
  emerge    : /srv/tinderbox-ng/logs/compare-x11_plugins_wmXName-20260510T100736/emerge.log

[tinderbox-ng]   cleaning up sessions (use --keep to preserve)
