[tinderbox-ng] compare: target='x11-apps/xrectsel'  mode=--build  label=x11_apps_xrectsel
[tinderbox-ng]   portage-ng session: pkg-cmp-portage-ng-x11_apps_xrectsel
[tinderbox-ng]   emerge     session: pkg-cmp-emerge-x11_apps_xrectsel
[tinderbox-ng ok] session 'pkg-cmp-portage-ng-x11_apps_xrectsel' created
[tinderbox-ng ok] session 'pkg-cmp-emerge-x11_apps_xrectsel' created
[tinderbox-ng]   running both engines in parallel (logs: /srv/tinderbox-ng/logs/compare-x11_apps_xrectsel-20260510T095520)

┌────────────────────────────────────────────────────────────────────────┐
│ tinderbox-ng compare report                                            │
├────────────────────────────────────────────────────────────────────────┤
│ target : x11-apps/xrectsel                                             │
│ mode   : --build                                                       │
│ logs   : /srv/tinderbox-ng/logs/compare-x11_apps_xrectsel-20260510T095520│
├──────────────────┬─────────────────────────┬───────────────────────────┤
│ (metric)         │ portage-ng              │ emerge                    │
├──────────────────┼─────────────────────────┼───────────────────────────┤
│ exit             │ OK                      │ OK                        │
│ plan actions     │ 26                      │ 9                         │
│ completed        │ 26                      │ 9                         │
│ merged into VDB  │ 9                       │ 9                         │
└──────────────────┴─────────────────────────┴───────────────────────────┘

Full logs:
  portage-ng: /srv/tinderbox-ng/logs/compare-x11_apps_xrectsel-20260510T095520/portage-ng.log
  emerge    : /srv/tinderbox-ng/logs/compare-x11_apps_xrectsel-20260510T095520/emerge.log

[tinderbox-ng]   cleaning up sessions (use --keep to preserve)
