[tinderbox-ng] compare: target='x11-misc/grub2-theme-preview'  mode=--build  label=x11_misc_grub2_theme_preview
[tinderbox-ng]   portage-ng session: pkg-cmp-portage-ng-x11_misc_grub2_theme_preview
[tinderbox-ng]   emerge     session: pkg-cmp-emerge-x11_misc_grub2_theme_preview
[tinderbox-ng ok] session 'pkg-cmp-portage-ng-x11_misc_grub2_theme_preview' created
[tinderbox-ng ok] session 'pkg-cmp-emerge-x11_misc_grub2_theme_preview' created
[tinderbox-ng]   running both engines in parallel (logs: /srv/tinderbox-ng/logs/compare-x11_misc_grub2_theme_preview-20260510T100400)

┌────────────────────────────────────────────────────────────────────────┐
│ tinderbox-ng compare report                                            │
├────────────────────────────────────────────────────────────────────────┤
│ target : x11-misc/grub2-theme-preview                                  │
│ mode   : --build                                                       │
│ logs   : /srv/tinderbox-ng/logs/compare-x11_misc_grub2_theme_preview-20260510T100400│
├──────────────────┬─────────────────────────┬───────────────────────────┤
│ (metric)         │ portage-ng              │ emerge                    │
├──────────────────┼─────────────────────────┼───────────────────────────┤
│ exit             │ FAIL(3)                 │ FAIL(1)                   │
│ plan actions     │ 72                      │ ?                         │
│ completed        │ 24                      │ 0                         │
│ merged into VDB  │ 0                       │ 0                         │
└──────────────────┴─────────────────────────┴───────────────────────────┘

First error/warning per engine:
  portage-ng: [step 2] FAIL (1) update portage://dev-python/setuptools-82.0.1
  emerge    : !!! The ebuild selected to satisfy "x11-misc/grub2-theme-preview" has unmet requirements.

Full logs:
  portage-ng: /srv/tinderbox-ng/logs/compare-x11_misc_grub2_theme_preview-20260510T100400/portage-ng.log
  emerge    : /srv/tinderbox-ng/logs/compare-x11_misc_grub2_theme_preview-20260510T100400/emerge.log

[tinderbox-ng]   cleaning up sessions (use --keep to preserve)
