[tinderbox-ng] compare: target='x11-terms/root-tail'  mode=--build  label=x11_terms_root_tail
[tinderbox-ng]   portage-ng session: pkg-cmp-portage-ng-x11_terms_root_tail
[tinderbox-ng]   emerge     session: pkg-cmp-emerge-x11_terms_root_tail
[tinderbox-ng ok] session 'pkg-cmp-portage-ng-x11_terms_root_tail' created
[tinderbox-ng ok] session 'pkg-cmp-emerge-x11_terms_root_tail' created
[tinderbox-ng]   running both engines in parallel (logs: /srv/tinderbox-ng/logs/compare-x11_terms_root_tail-20260510T101024)

┌────────────────────────────────────────────────────────────────────────┐
│ tinderbox-ng compare report                                            │
├────────────────────────────────────────────────────────────────────────┤
│ target : x11-terms/root-tail                                           │
│ mode   : --build                                                       │
│ logs   : /srv/tinderbox-ng/logs/compare-x11_terms_root_tail-20260510T101024│
├──────────────────┬─────────────────────────┬───────────────────────────┤
│ (metric)         │ portage-ng              │ emerge                    │
├──────────────────┼─────────────────────────┼───────────────────────────┤
│ exit             │ OK                      │ OK                        │
│ plan actions     │ 38                      │ 14                        │
│ completed        │ 38                      │ 14                        │
│ merged into VDB  │ 14                      │ 14                        │
└──────────────────┴─────────────────────────┴───────────────────────────┘

Full logs:
  portage-ng: /srv/tinderbox-ng/logs/compare-x11_terms_root_tail-20260510T101024/portage-ng.log
  emerge    : /srv/tinderbox-ng/logs/compare-x11_terms_root_tail-20260510T101024/emerge.log

[tinderbox-ng]   cleaning up sessions (use --keep to preserve)
