[tinderbox-ng] compare: target='x11-plugins/wmMatrix'  mode=--build  label=x11_plugins_wmMatrix
[tinderbox-ng]   portage-ng session: pkg-cmp-portage-ng-x11_plugins_wmMatrix
[tinderbox-ng]   emerge     session: pkg-cmp-emerge-x11_plugins_wmMatrix
[tinderbox-ng ok] session 'pkg-cmp-portage-ng-x11_plugins_wmMatrix' created
[tinderbox-ng ok] session 'pkg-cmp-emerge-x11_plugins_wmMatrix' created
[tinderbox-ng]   running both engines in parallel (logs: /srv/tinderbox-ng/logs/compare-x11_plugins_wmMatrix-20260510T100646)

┌────────────────────────────────────────────────────────────────────────┐
│ tinderbox-ng compare report                                            │
├────────────────────────────────────────────────────────────────────────┤
│ target : x11-plugins/wmMatrix                                          │
│ mode   : --build                                                       │
│ logs   : /srv/tinderbox-ng/logs/compare-x11_plugins_wmMatrix-20260510T100646│
├──────────────────┬─────────────────────────┬───────────────────────────┤
│ (metric)         │ portage-ng              │ emerge                    │
├──────────────────┼─────────────────────────┼───────────────────────────┤
│ exit             │ FAIL(3)                 │ FAIL(1)                   │
│ plan actions     │ 298                     │ ?                         │
│ completed        │ 97                      │ 0                         │
│ merged into VDB  │ 2                       │ 0                         │
└──────────────────┴─────────────────────────┴───────────────────────────┘

First error/warning per engine:
  portage-ng:              │ download  portage://x11-libs/xcb-util-errors-1.0.1-r2

VDB delta (after build):
  only in portage-ng:
    + acct-group/messagebus-0-r3
    + app-text/xmlto-0.0.28-r11

Full logs:
  portage-ng: /srv/tinderbox-ng/logs/compare-x11_plugins_wmMatrix-20260510T100646/portage-ng.log
  emerge    : /srv/tinderbox-ng/logs/compare-x11_plugins_wmMatrix-20260510T100646/emerge.log

[tinderbox-ng]   cleaning up sessions (use --keep to preserve)
