[tinderbox-ng] compare: target='x11-misc/x2vnc'  mode=--build  label=x11_misc_x2vnc
[tinderbox-ng]   portage-ng session: pkg-cmp-portage-ng-x11_misc_x2vnc
[tinderbox-ng]   emerge     session: pkg-cmp-emerge-x11_misc_x2vnc
[tinderbox-ng ok] session 'pkg-cmp-portage-ng-x11_misc_x2vnc' created
[tinderbox-ng ok] session 'pkg-cmp-emerge-x11_misc_x2vnc' created
[tinderbox-ng]   running both engines in parallel (logs: /srv/tinderbox-ng/logs/compare-x11_misc_x2vnc-20260510T100602)

┌────────────────────────────────────────────────────────────────────────┐
│ tinderbox-ng compare report                                            │
├────────────────────────────────────────────────────────────────────────┤
│ target : x11-misc/x2vnc                                                │
│ mode   : --build                                                       │
│ logs   : /srv/tinderbox-ng/logs/compare-x11_misc_x2vnc-20260510T100602 │
├──────────────────┬─────────────────────────┬───────────────────────────┤
│ (metric)         │ portage-ng              │ emerge                    │
├──────────────────┼─────────────────────────┼───────────────────────────┤
│ exit             │ OK                      │ OK                        │
│ plan actions     │ 44                      │ 15                        │
│ completed        │ 44                      │ 15                        │
│ merged into VDB  │ 15                      │ 15                        │
└──────────────────┴─────────────────────────┴───────────────────────────┘

Full logs:
  portage-ng: /srv/tinderbox-ng/logs/compare-x11_misc_x2vnc-20260510T100602/portage-ng.log
  emerge    : /srv/tinderbox-ng/logs/compare-x11_misc_x2vnc-20260510T100602/emerge.log

[tinderbox-ng]   cleaning up sessions (use --keep to preserve)
