[tinderbox-ng] compare: target='x11-libs/xpa'  mode=--build  label=x11_libs_xpa
[tinderbox-ng]   portage-ng session: pkg-cmp-portage-ng-x11_libs_xpa
[tinderbox-ng]   emerge     session: pkg-cmp-emerge-x11_libs_xpa
[tinderbox-ng ok] session 'pkg-cmp-portage-ng-x11_libs_xpa' created
[tinderbox-ng ok] session 'pkg-cmp-emerge-x11_libs_xpa' created
[tinderbox-ng]   running both engines in parallel (logs: /srv/tinderbox-ng/logs/compare-x11_libs_xpa-20260510T100227)

┌────────────────────────────────────────────────────────────────────────┐
│ tinderbox-ng compare report                                            │
├────────────────────────────────────────────────────────────────────────┤
│ target : x11-libs/xpa                                                  │
│ mode   : --build                                                       │
│ logs   : /srv/tinderbox-ng/logs/compare-x11_libs_xpa-20260510T100227   │
├──────────────────┬─────────────────────────┬───────────────────────────┤
│ (metric)         │ portage-ng              │ emerge                    │
├──────────────────┼─────────────────────────┼───────────────────────────┤
│ exit             │ OK                      │ OK                        │
│ plan actions     │ 38                      │ 13                        │
│ completed        │ 38                      │ 13                        │
│ merged into VDB  │ 13                      │ 13                        │
└──────────────────┴─────────────────────────┴───────────────────────────┘

Full logs:
  portage-ng: /srv/tinderbox-ng/logs/compare-x11_libs_xpa-20260510T100227/portage-ng.log
  emerge    : /srv/tinderbox-ng/logs/compare-x11_libs_xpa-20260510T100227/emerge.log

[tinderbox-ng]   cleaning up sessions (use --keep to preserve)
