[tinderbox-ng] compare: target='x11-apps/xsm'  mode=--build  label=x11_apps_xsm
[tinderbox-ng]   portage-ng session: pkg-cmp-portage-ng-x11_apps_xsm
[tinderbox-ng]   emerge     session: pkg-cmp-emerge-x11_apps_xsm
[tinderbox-ng ok] session 'pkg-cmp-portage-ng-x11_apps_xsm' created
[tinderbox-ng ok] session 'pkg-cmp-emerge-x11_apps_xsm' created
[tinderbox-ng]   running both engines in parallel (logs: /srv/tinderbox-ng/logs/compare-x11_apps_xsm-20260510T095526)

┌────────────────────────────────────────────────────────────────────────┐
│ tinderbox-ng compare report                                            │
├────────────────────────────────────────────────────────────────────────┤
│ target : x11-apps/xsm                                                  │
│ mode   : --build                                                       │
│ logs   : /srv/tinderbox-ng/logs/compare-x11_apps_xsm-20260510T095526   │
├──────────────────┬─────────────────────────┬───────────────────────────┤
│ (metric)         │ portage-ng              │ emerge                    │
├──────────────────┼─────────────────────────┼───────────────────────────┤
│ exit             │ OK                      │ OK                        │
│ plan actions     │ 50                      │ 17                        │
│ completed        │ 50                      │ 17                        │
│ merged into VDB  │ 17                      │ 17                        │
└──────────────────┴─────────────────────────┴───────────────────────────┘

Full logs:
  portage-ng: /srv/tinderbox-ng/logs/compare-x11_apps_xsm-20260510T095526/portage-ng.log
  emerge    : /srv/tinderbox-ng/logs/compare-x11_apps_xsm-20260510T095526/emerge.log

[tinderbox-ng]   cleaning up sessions (use --keep to preserve)
