[tinderbox-ng] compare: target='x11-themes/lovelock-backgrounds'  mode=--build  label=x11_themes_lovelock_backgrounds
[tinderbox-ng]   portage-ng session: pkg-cmp-portage-ng-x11_themes_lovelock_backgrounds
[tinderbox-ng]   emerge     session: pkg-cmp-emerge-x11_themes_lovelock_backgrounds
[tinderbox-ng ok] session 'pkg-cmp-portage-ng-x11_themes_lovelock_backgrounds' created
[tinderbox-ng ok] session 'pkg-cmp-emerge-x11_themes_lovelock_backgrounds' created
[tinderbox-ng]   running both engines in parallel (logs: /srv/tinderbox-ng/logs/compare-x11_themes_lovelock_backgrounds-20260510T101256)

┌────────────────────────────────────────────────────────────────────────┐
│ tinderbox-ng compare report                                            │
├────────────────────────────────────────────────────────────────────────┤
│ target : x11-themes/lovelock-backgrounds                               │
│ mode   : --build                                                       │
│ logs   : /srv/tinderbox-ng/logs/compare-x11_themes_lovelock_backgrounds-20260510T101256│
├──────────────────┬─────────────────────────┬───────────────────────────┤
│ (metric)         │ portage-ng              │ emerge                    │
├──────────────────┼─────────────────────────┼───────────────────────────┤
│ exit             │ OK                      │ OK                        │
│ plan actions     │ 11                      │ 4                         │
│ completed        │ 12                      │ 4                         │
│ merged into VDB  │ 4                       │ 4                         │
└──────────────────┴─────────────────────────┴───────────────────────────┘

Full logs:
  portage-ng: /srv/tinderbox-ng/logs/compare-x11_themes_lovelock_backgrounds-20260510T101256/portage-ng.log
  emerge    : /srv/tinderbox-ng/logs/compare-x11_themes_lovelock_backgrounds-20260510T101256/emerge.log

[tinderbox-ng]   cleaning up sessions (use --keep to preserve)
