[tinderbox-ng] compare: target='x11-libs/libXpm'  mode=--build  label=x11_libs_libXpm
[tinderbox-ng]   portage-ng session: pkg-cmp-portage-ng-x11_libs_libXpm
[tinderbox-ng]   emerge     session: pkg-cmp-emerge-x11_libs_libXpm
[tinderbox-ng ok] session 'pkg-cmp-portage-ng-x11_libs_libXpm' created
[tinderbox-ng ok] session 'pkg-cmp-emerge-x11_libs_libXpm' created
[tinderbox-ng]   running both engines in parallel (logs: /srv/tinderbox-ng/logs/compare-x11_libs_libXpm-20260510T095630)

┌────────────────────────────────────────────────────────────────────────┐
│ tinderbox-ng compare report                                            │
├────────────────────────────────────────────────────────────────────────┤
│ target : x11-libs/libXpm                                               │
│ mode   : --build                                                       │
│ logs   : /srv/tinderbox-ng/logs/compare-x11_libs_libXpm-20260510T095630│
├──────────────────┬─────────────────────────┬───────────────────────────┤
│ (metric)         │ portage-ng              │ emerge                    │
├──────────────────┼─────────────────────────┼───────────────────────────┤
│ exit             │ OK                      │ OK                        │
│ plan actions     │ 41                      │ 14                        │
│ completed        │ 41                      │ 14                        │
│ merged into VDB  │ 14                      │ 14                        │
└──────────────────┴─────────────────────────┴───────────────────────────┘

Full logs:
  portage-ng: /srv/tinderbox-ng/logs/compare-x11_libs_libXpm-20260510T095630/portage-ng.log
  emerge    : /srv/tinderbox-ng/logs/compare-x11_libs_libXpm-20260510T095630/emerge.log

[tinderbox-ng]   cleaning up sessions (use --keep to preserve)
