[tinderbox-ng] compare: target='xfce-extra/xfce4-fsguard-plugin'  mode=--build  label=xfce_extra_xfce4_fsguard_plugin
[tinderbox-ng]   portage-ng session: pkg-cmp-portage-ng-xfce_extra_xfce4_fsguard_plugin
[tinderbox-ng]   emerge     session: pkg-cmp-emerge-xfce_extra_xfce4_fsguard_plugin
[tinderbox-ng ok] session 'pkg-cmp-portage-ng-xfce_extra_xfce4_fsguard_plugin' created
[tinderbox-ng ok] session 'pkg-cmp-emerge-xfce_extra_xfce4_fsguard_plugin' created
[tinderbox-ng]   running both engines in parallel (logs: /srv/tinderbox-ng/logs/compare-xfce_extra_xfce4_fsguard_plugin-20260510T101409)

в”Ңв”Җв”Җв”Җв”Җв”Җв”Җв”Җв”Җв”Җв”Җв”Җв”Җв”Җв”Җв”Җв”Җв”Җв”Җв”Җв”Җв”Җв”Җв”Җв”Җв”Җв”Җв”Җв”Җв”Җв”Җв”Җв”Җв”Җв”Җв”Җв”Җв”Җв”Җв”Җв”Җв”Җв”Җв”Җв”Җв”Җв”Җв”Җв”Җв”Җв”Җв”Җв”Җв”Җв”Җв”Җв”Җв”Җв”Җв”Җв”Җв”Җв”Җв”Җв”Җв”Җв”Җв”Җв”Җв”Җв”Җв”Җв”Җв”җ
в”Ӯ tinderbox-ng compare report                                            в”Ӯ
в”ңв”Җв”Җв”Җв”Җв”Җв”Җв”Җв”Җв”Җв”Җв”Җв”Җв”Җв”Җв”Җв”Җв”Җв”Җв”Җв”Җв”Җв”Җв”Җв”Җв”Җв”Җв”Җв”Җв”Җв”Җв”Җв”Җв”Җв”Җв”Җв”Җв”Җв”Җв”Җв”Җв”Җв”Җв”Җв”Җв”Җв”Җв”Җв”Җв”Җв”Җв”Җв”Җв”Җв”Җв”Җв”Җв”Җв”Җв”Җв”Җв”Җв”Җв”Җв”Җв”Җв”Җв”Җв”Җв”Җв”Җв”Җв”Җв”Ө
в”Ӯ target : xfce-extra/xfce4-fsguard-plugin                               в”Ӯ
в”Ӯ mode   : --build                                                       в”Ӯ
в”Ӯ logs   : /srv/tinderbox-ng/logs/compare-xfce_extra_xfce4_fsguard_plugin-20260510T101409в”Ӯ
в”ңв”Җв”Җв”Җв”Җв”Җв”Җв”Җв”Җв”Җв”Җв”Җв”Җв”Җв”Җв”Җв”Җв”Җв”Җв”¬в”Җв”Җв”Җв”Җв”Җв”Җв”Җв”Җв”Җв”Җв”Җв”Җв”Җв”Җв”Җв”Җв”Җв”Җв”Җв”Җв”Җв”Җв”Җв”Җв”Җв”¬в”Җв”Җв”Җв”Җв”Җв”Җв”Җв”Җв”Җв”Җв”Җв”Җв”Җв”Җв”Җв”Җв”Җв”Җв”Җв”Җв”Җв”Җв”Җв”Җв”Җв”Җв”Җв”Ө
в”Ӯ (metric)         в”Ӯ portage-ng              в”Ӯ emerge                    в”Ӯ
в”ңв”Җв”Җв”Җв”Җв”Җв”Җв”Җв”Җв”Җв”Җв”Җв”Җв”Җв”Җв”Җв”Җв”Җв”Җв”јв”Җв”Җв”Җв”Җв”Җв”Җв”Җв”Җв”Җв”Җв”Җв”Җв”Җв”Җв”Җв”Җв”Җв”Җв”Җв”Җв”Җв”Җв”Җв”Җв”Җв”јв”Җв”Җв”Җв”Җв”Җв”Җв”Җв”Җв”Җв”Җв”Җв”Җв”Җв”Җв”Җв”Җв”Җв”Җв”Җв”Җв”Җв”Җв”Җв”Җв”Җв”Җв”Җв”Ө
в”Ӯ exit             в”Ӯ FAIL(3)                 в”Ӯ FAIL(1)                   в”Ӯ
в”Ӯ plan actions     в”Ӯ 277                     в”Ӯ ?                         в”Ӯ
в”Ӯ completed        в”Ӯ 90                      в”Ӯ 0                         в”Ӯ
в”Ӯ merged into VDB  в”Ӯ 1                       в”Ӯ 0                         в”Ӯ
в””в”Җв”Җв”Җв”Җв”Җв”Җв”Җв”Җв”Җв”Җв”Җв”Җв”Җв”Җв”Җв”Җв”Җв”Җв”ҙв”Җв”Җв”Җв”Җв”Җв”Җв”Җв”Җв”Җв”Җв”Җв”Җв”Җв”Җв”Җв”Җв”Җв”Җв”Җв”Җв”Җв”Җв”Җв”Җв”Җв”ҙв”Җв”Җв”Җв”Җв”Җв”Җв”Җв”Җв”Җв”Җв”Җв”Җв”Җв”Җв”Җв”Җв”Җв”Җв”Җв”Җв”Җв”Җв”Җв”Җв”Җв”Җв”Җв”ҳ

First error/warning per engine:
  portage-ng:  в””в”ҖоӮ¶step  2оӮҙв”Җв”Ө оӮ¶verifyоӮҙ  xfce-base/libxfce4ui (unsatisfied constraints, assumed running)
  emerge    : !!! The ebuild selected to satisfy ">=xfce-base/libxfce4ui-4.16.0:=[gtk3(+)]" has unmet requirements.

VDB delta (after build):
  only in portage-ng:
    + acct-group/messagebus-0-r3

Full logs:
  portage-ng: /srv/tinderbox-ng/logs/compare-xfce_extra_xfce4_fsguard_plugin-20260510T101409/portage-ng.log
  emerge    : /srv/tinderbox-ng/logs/compare-xfce_extra_xfce4_fsguard_plugin-20260510T101409/emerge.log

[tinderbox-ng]   cleaning up sessions (use --keep to preserve)
