[tinderbox-ng] compare: target='app-backup/btrbk'  mode=--build  label=app_backup_btrbk
[tinderbox-ng]   portage-ng session: pkg-cmp-portage-ng-app_backup_btrbk
[tinderbox-ng]   emerge     session: pkg-cmp-emerge-app_backup_btrbk
[tinderbox-ng ok] session 'pkg-cmp-portage-ng-app_backup_btrbk' created
[tinderbox-ng ok] session 'pkg-cmp-emerge-app_backup_btrbk' created
[tinderbox-ng]   running both engines in parallel (logs: /srv/tinderbox-ng/logs/compare-app_backup_btrbk-20260510T121834)

┌────────────────────────────────────────────────────────────────────────┐
│ tinderbox-ng compare report                                            │
├────────────────────────────────────────────────────────────────────────┤
│ target : app-backup/btrbk                                              │
│ mode   : --build                                                       │
│ logs   : /srv/tinderbox-ng/logs/compare-app_backup_btrbk-20260510T121834│
├──────────────────┬─────────────────────────┬───────────────────────────┤
│ (metric)         │ portage-ng              │ emerge                    │
├──────────────────┼─────────────────────────┼───────────────────────────┤
│ exit             │ OK                      │ OK                        │
│ plan actions     │ 55                      │ 19                        │
│ completed        │ 56                      │ 19                        │
│ merged into VDB  │ 19                      │ 19                        │
└──────────────────┴─────────────────────────┴───────────────────────────┘

Full logs:
  portage-ng: /srv/tinderbox-ng/logs/compare-app_backup_btrbk-20260510T121834/portage-ng.log
  emerge    : /srv/tinderbox-ng/logs/compare-app_backup_btrbk-20260510T121834/emerge.log

[tinderbox-ng]   cleaning up sessions (use --keep to preserve)
