[tinderbox-ng] compare: target='sys-fs/btrfs-progs'  mode=--build  label=sys_fs_btrfs_progs
[tinderbox-ng]   portage-ng session: pkg-cmp-portage-ng-sys_fs_btrfs_progs
[tinderbox-ng]   emerge     session: pkg-cmp-emerge-sys_fs_btrfs_progs
[tinderbox-ng ok] session 'pkg-cmp-portage-ng-sys_fs_btrfs_progs' created
[tinderbox-ng ok] session 'pkg-cmp-emerge-sys_fs_btrfs_progs' created
[tinderbox-ng]   running both engines in parallel (logs: /srv/tinderbox-ng/logs/compare-sys_fs_btrfs_progs-20260510T121545)

┌────────────────────────────────────────────────────────────────────────┐
│ tinderbox-ng compare report                                            │
├────────────────────────────────────────────────────────────────────────┤
│ target : sys-fs/btrfs-progs                                            │
│ mode   : --build                                                       │
│ logs   : /srv/tinderbox-ng/logs/compare-sys_fs_btrfs_progs-20260510T121545│
├──────────────────┬─────────────────────────┬───────────────────────────┤
│ (metric)         │ portage-ng              │ emerge                    │
├──────────────────┼─────────────────────────┼───────────────────────────┤
│ exit             │ OK                      │ OK                        │
│ plan actions     │ 47                      │ 16                        │
│ completed        │ 48                      │ 16                        │
│ merged into VDB  │ 16                      │ 16                        │
└──────────────────┴─────────────────────────┴───────────────────────────┘

Full logs:
  portage-ng: /srv/tinderbox-ng/logs/compare-sys_fs_btrfs_progs-20260510T121545/portage-ng.log
  emerge    : /srv/tinderbox-ng/logs/compare-sys_fs_btrfs_progs-20260510T121545/emerge.log

[tinderbox-ng]   cleaning up sessions (use --keep to preserve)
