[tinderbox-ng] compare: target='app-misc/jq'  mode=--build  label=app_misc_jq
[tinderbox-ng]   portage-ng session: pkg-cmp-portage-ng-app_misc_jq
[tinderbox-ng]   emerge     session: pkg-cmp-emerge-app_misc_jq
[tinderbox-ng ok] session 'pkg-cmp-portage-ng-app_misc_jq' created
[tinderbox-ng ok] session 'pkg-cmp-emerge-app_misc_jq' created
[tinderbox-ng]   running both engines in parallel (logs: /srv/tinderbox-ng/logs/compare-app_misc_jq-20260509T150251)

┌────────────────────────────────────────────────────────────────────────┐
│ tinderbox-ng compare report                                            │
├────────────────────────────────────────────────────────────────────────┤
│ target : app-misc/jq                                                   │
│ mode   : --build                                                       │
│ logs   : /srv/tinderbox-ng/logs/compare-app_misc_jq-20260509T150251    │
├──────────────────┬─────────────────────────┬───────────────────────────┤
│ (metric)         │ portage-ng              │ emerge                    │
├──────────────────┼─────────────────────────┼───────────────────────────┤
│ exit             │ OK                      │ OK                        │
│ plan actions     │ 6                       │ 2                         │
│ completed        │ 7                       │ 2                         │
│ merged into VDB  │ 2                       │ 2                         │
└──────────────────┴─────────────────────────┴───────────────────────────┘

Full logs:
  portage-ng: /srv/tinderbox-ng/logs/compare-app_misc_jq-20260509T150251/portage-ng.log
  emerge    : /srv/tinderbox-ng/logs/compare-app_misc_jq-20260509T150251/emerge.log

[tinderbox-ng]   cleaning up sessions (use --keep to preserve)
