[tinderbox-ng] compare: target='app-editors/jed'  mode=--build  label=app_editors_jed
[tinderbox-ng]   portage-ng session: pkg-cmp-portage-ng-app_editors_jed
[tinderbox-ng]   emerge     session: pkg-cmp-emerge-app_editors_jed
[tinderbox-ng ok] session 'pkg-cmp-portage-ng-app_editors_jed' created
[tinderbox-ng ok] session 'pkg-cmp-emerge-app_editors_jed' created
[tinderbox-ng]   running both engines in parallel (logs: /srv/tinderbox-ng/logs/compare-app_editors_jed-20260509T150251)

┌────────────────────────────────────────────────────────────────────────┐
│ tinderbox-ng compare report                                            │
├────────────────────────────────────────────────────────────────────────┤
│ target : app-editors/jed                                               │
│ mode   : --build                                                       │
│ logs   : /srv/tinderbox-ng/logs/compare-app_editors_jed-20260509T150251│
├──────────────────┬─────────────────────────┬───────────────────────────┤
│ (metric)         │ portage-ng              │ emerge                    │
├──────────────────┼─────────────────────────┼───────────────────────────┤
│ exit             │ FAIL(3)                 │ OK                        │
│ plan actions     │ 12                      │ 2                         │
│ completed        │ 3                       │ 2                         │
│ merged into VDB  │ 0                       │ 2                         │
└──────────────────┴─────────────────────────┴───────────────────────────┘

First error/warning per engine:
  portage-ng: [jobserver worker error] job=slotted(8,10,1,8,3,rule(portage://'app-editors/jed-0.99.19-r1':download?{[required_use:[],build_with_use:use_state([],[])]},[]),files(9,1,[dist('jed-0.99-19.tar.bz2',88419

VDB delta (after build):
  only in emerge:
    + app-editors/jed-0.99.19-r1
    + sys-libs/slang-2.3.3-r2

Full logs:
  portage-ng: /srv/tinderbox-ng/logs/compare-app_editors_jed-20260509T150251/portage-ng.log
  emerge    : /srv/tinderbox-ng/logs/compare-app_editors_jed-20260509T150251/emerge.log

[tinderbox-ng]   cleaning up sessions (use --keep to preserve)
