[tinderbox-ng] compare: target='app-arch/p7zip'  mode=--build  label=app_arch_p7zip
[tinderbox-ng]   portage-ng session: pkg-cmp-portage-ng-app_arch_p7zip
[tinderbox-ng]   emerge     session: pkg-cmp-emerge-app_arch_p7zip
[tinderbox-ng ok] session 'pkg-cmp-portage-ng-app_arch_p7zip' created
[tinderbox-ng ok] session 'pkg-cmp-emerge-app_arch_p7zip' created
[tinderbox-ng]   running both engines in parallel (logs: /srv/tinderbox-ng/logs/compare-app_arch_p7zip-20260509T150516)

┌────────────────────────────────────────────────────────────────────────┐
│ tinderbox-ng compare report                                            │
├────────────────────────────────────────────────────────────────────────┤
│ target : app-arch/p7zip                                                │
│ mode   : --build                                                       │
│ logs   : /srv/tinderbox-ng/logs/compare-app_arch_p7zip-20260509T150516 │
├──────────────────┬─────────────────────────┬───────────────────────────┤
│ (metric)         │ portage-ng              │ emerge                    │
├──────────────────┼─────────────────────────┼───────────────────────────┤
│ exit             │ FAIL(3)                 │ FAIL(1)                   │
│ plan actions     │ 5                       │ 0                         │
│ completed        │ 2                       │ 0                         │
│ merged into VDB  │ 0                       │ 0                         │
└──────────────────┴─────────────────────────┴───────────────────────────┘

First error/warning per engine:
  portage-ng: [step 2] FAIL (1) install portage://dev-lang/yasm-1.3.0-r2
  emerge    : >>> Failed to emerge dev-lang/yasm-1.3.0-r2, Log file:

Full logs:
  portage-ng: /srv/tinderbox-ng/logs/compare-app_arch_p7zip-20260509T150516/portage-ng.log
  emerge    : /srv/tinderbox-ng/logs/compare-app_arch_p7zip-20260509T150516/emerge.log

[tinderbox-ng]   cleaning up sessions (use --keep to preserve)
