[tinderbox-ng] compare: target='net-analyzer/iftop'  mode=--build  label=net_analyzer_iftop
[tinderbox-ng]   portage-ng session: pkg-cmp-portage-ng-net_analyzer_iftop
[tinderbox-ng]   emerge     session: pkg-cmp-emerge-net_analyzer_iftop
[tinderbox-ng ok] session 'pkg-cmp-portage-ng-net_analyzer_iftop' created
[tinderbox-ng ok] session 'pkg-cmp-emerge-net_analyzer_iftop' created
[tinderbox-ng]   running both engines in parallel (logs: /srv/tinderbox-ng/logs/compare-net_analyzer_iftop-20260509T150810)

┌────────────────────────────────────────────────────────────────────────┐
│ tinderbox-ng compare report                                            │
├────────────────────────────────────────────────────────────────────────┤
│ target : net-analyzer/iftop                                            │
│ mode   : --build                                                       │
│ logs   : /srv/tinderbox-ng/logs/compare-net_analyzer_iftop-20260509T150810│
├──────────────────┬─────────────────────────┬───────────────────────────┤
│ (metric)         │ portage-ng              │ emerge                    │
├──────────────────┼─────────────────────────┼───────────────────────────┤
│ exit             │ OK                      │ OK                        │
│ plan actions     │ 47                      │ 2                         │
│ completed        │ 47                      │ 2                         │
│ merged into VDB  │ 17                      │ 2                         │
└──────────────────┴─────────────────────────┴───────────────────────────┘

VDB delta (after build):
  only in portage-ng:
    + acct-group/messagebus-0-r3
    + acct-user/messagebus-0-r3
    + app-text/docbook-xml-dtd-4.4-r3
    + sys-apps/dbus-1.16.2
    + x11-base/xcb-proto-1.17.0
    + x11-base/xorg-proto-2025.1
    + x11-libs/libICE-1.1.2
    + x11-libs/libSM-1.2.6
    + x11-libs/libX11-1.8.13
    + x11-libs/libXau-1.0.12
    + x11-libs/libXdmcp-1.1.5
    + x11-libs/libXt-1.3.1-r1
    + x11-libs/libxcb-1.17.0
    + x11-libs/xtrans-1.6.0
    + x11-misc/compose-tables-1.8.13
  in both: 2 packages

Full logs:
  portage-ng: /srv/tinderbox-ng/logs/compare-net_analyzer_iftop-20260509T150810/portage-ng.log
  emerge    : /srv/tinderbox-ng/logs/compare-net_analyzer_iftop-20260509T150810/emerge.log

[tinderbox-ng]   cleaning up sessions (use --keep to preserve)
