[tinderbox-ng] compare: target='net-vpn/openvpn'  mode=--build  label=net_vpn_openvpn
[tinderbox-ng]   portage-ng session: pkg-cmp-portage-ng-net_vpn_openvpn
[tinderbox-ng]   emerge     session: pkg-cmp-emerge-net_vpn_openvpn
[tinderbox-ng ok] session 'pkg-cmp-portage-ng-net_vpn_openvpn' created
[tinderbox-ng ok] session 'pkg-cmp-emerge-net_vpn_openvpn' created
[tinderbox-ng]   running both engines in parallel (logs: /srv/tinderbox-ng/logs/compare-net_vpn_openvpn-20260509T152628)

┌────────────────────────────────────────────────────────────────────────┐
│ tinderbox-ng compare report                                            │
├────────────────────────────────────────────────────────────────────────┤
│ target : net-vpn/openvpn                                               │
│ mode   : --build                                                       │
│ logs   : /srv/tinderbox-ng/logs/compare-net_vpn_openvpn-20260509T152628│
├──────────────────┬─────────────────────────┬───────────────────────────┤
│ (metric)         │ portage-ng              │ emerge                    │
├──────────────────┼─────────────────────────┼───────────────────────────┤
│ exit             │ FAIL(3)                 │ FAIL(1)                   │
│ plan actions     │ 21                      │ 0                         │
│ completed        │ 16                      │ 4                         │
│ merged into VDB  │ 6                       │ 4                         │
└──────────────────┴─────────────────────────┴───────────────────────────┘

First error/warning per engine:
  portage-ng: [step 4] FAIL (1) install portage://sys-libs/libcap-ng-0.9.3
  emerge    : >>> Failed to emerge sys-libs/libcap-ng-0.8.5, Log file:

VDB delta (after build):
  only in portage-ng:
    + dev-lang/swig-4.4.1
    + dev-libs/pkcs11-helper-1.31.0
  in both: 4 packages

Full logs:
  portage-ng: /srv/tinderbox-ng/logs/compare-net_vpn_openvpn-20260509T152628/portage-ng.log
  emerge    : /srv/tinderbox-ng/logs/compare-net_vpn_openvpn-20260509T152628/emerge.log

[tinderbox-ng]   cleaning up sessions (use --keep to preserve)
