[tinderbox-ng] compare: target='net-analyzer/tcpdump'  mode=--build  label=net_analyzer_tcpdump
[tinderbox-ng]   portage-ng session: pkg-cmp-portage-ng-net_analyzer_tcpdump
[tinderbox-ng]   emerge     session: pkg-cmp-emerge-net_analyzer_tcpdump
[tinderbox-ng ok] session 'pkg-cmp-portage-ng-net_analyzer_tcpdump' created
[tinderbox-ng ok] session 'pkg-cmp-emerge-net_analyzer_tcpdump' created
[tinderbox-ng]   running both engines in parallel (logs: /srv/tinderbox-ng/logs/compare-net_analyzer_tcpdump-20260509T150644)

┌────────────────────────────────────────────────────────────────────────┐
│ tinderbox-ng compare report                                            │
├────────────────────────────────────────────────────────────────────────┤
│ target : net-analyzer/tcpdump                                          │
│ mode   : --build                                                       │
│ logs   : /srv/tinderbox-ng/logs/compare-net_analyzer_tcpdump-20260509T150644│
├──────────────────┬─────────────────────────┬───────────────────────────┤
│ (metric)         │ portage-ng              │ emerge                    │
├──────────────────┼─────────────────────────┼───────────────────────────┤
│ exit             │ FAIL(3)                 │ FAIL(1)                   │
│ plan actions     │ 59                      │ 1                         │
│ completed        │ 27                      │ 3                         │
│ merged into VDB  │ 7                       │ 3                         │
└──────────────────┴─────────────────────────┴───────────────────────────┘

First error/warning per engine:
  portage-ng: [step 3] FAIL (1) install portage://net-libs/libsmi-0.5.0-r5
  emerge    : >>> Failed to emerge sys-libs/libcap-ng-0.8.5, Log file:

VDB delta (after build):
  only in portage-ng:
    + acct-group/messagebus-0-r3
    + app-text/docbook-xml-dtd-4.4-r3
    + dev-lang/swig-4.4.1
    + x11-base/xcb-proto-1.17.0
    + x11-base/xorg-proto-2025.1
    + x11-libs/xtrans-1.6.0
  only in emerge:
    + acct-user/pcap-0-r1
    + net-libs/libpcap-1.10.6
  in both: 1 packages

Full logs:
  portage-ng: /srv/tinderbox-ng/logs/compare-net_analyzer_tcpdump-20260509T150644/portage-ng.log
  emerge    : /srv/tinderbox-ng/logs/compare-net_analyzer_tcpdump-20260509T150644/emerge.log

[tinderbox-ng]   cleaning up sessions (use --keep to preserve)
