[tinderbox-ng] compare: target='sys-process/lsof'  mode=--build  label=sys_process_lsof
[tinderbox-ng]   portage-ng session: pkg-cmp-portage-ng-sys_process_lsof
[tinderbox-ng]   emerge     session: pkg-cmp-emerge-sys_process_lsof
[tinderbox-ng ok] session 'pkg-cmp-portage-ng-sys_process_lsof' created
[tinderbox-ng ok] session 'pkg-cmp-emerge-sys_process_lsof' created
[tinderbox-ng]   running both engines in parallel (logs: /srv/tinderbox-ng/logs/compare-sys_process_lsof-20260509T150442)

┌────────────────────────────────────────────────────────────────────────┐
│ tinderbox-ng compare report                                            │
├────────────────────────────────────────────────────────────────────────┤
│ target : sys-process/lsof                                              │
│ mode   : --build                                                       │
│ logs   : /srv/tinderbox-ng/logs/compare-sys_process_lsof-20260509T150442│
├──────────────────┬─────────────────────────┬───────────────────────────┤
│ (metric)         │ portage-ng              │ emerge                    │
├──────────────────┼─────────────────────────┼───────────────────────────┤
│ exit             │ OK                      │ OK                        │
│ plan actions     │ 3                       │ 1                         │
│ completed        │ 4                       │ 1                         │
│ merged into VDB  │ 1                       │ 1                         │
└──────────────────┴─────────────────────────┴───────────────────────────┘

VDB delta (after build):
  only in portage-ng:
    + sys-process/lsof-4.99.6
  only in emerge:
    + sys-process/lsof-4.99.5

Full logs:
  portage-ng: /srv/tinderbox-ng/logs/compare-sys_process_lsof-20260509T150442/portage-ng.log
  emerge    : /srv/tinderbox-ng/logs/compare-sys_process_lsof-20260509T150442/emerge.log

[tinderbox-ng]   cleaning up sessions (use --keep to preserve)
