[tinderbox-ng] compare: target='sys-fs/dosfstools'  mode=--build  label=sys_fs_dosfstools
[tinderbox-ng]   portage-ng session: pkg-cmp-portage-ng-sys_fs_dosfstools
[tinderbox-ng]   emerge     session: pkg-cmp-emerge-sys_fs_dosfstools
[tinderbox-ng ok] session 'pkg-cmp-portage-ng-sys_fs_dosfstools' created
[tinderbox-ng ok] session 'pkg-cmp-emerge-sys_fs_dosfstools' created
[tinderbox-ng]   running both engines in parallel (logs: /srv/tinderbox-ng/logs/compare-sys_fs_dosfstools-20260509T152514)

┌────────────────────────────────────────────────────────────────────────┐
│ tinderbox-ng compare report                                            │
├────────────────────────────────────────────────────────────────────────┤
│ target : sys-fs/dosfstools                                             │
│ mode   : --build                                                       │
│ logs   : /srv/tinderbox-ng/logs/compare-sys_fs_dosfstools-20260509T152514│
├──────────────────┬─────────────────────────┬───────────────────────────┤
│ (metric)         │ portage-ng              │ emerge                    │
├──────────────────┼─────────────────────────┼───────────────────────────┤
│ exit             │ OK                      │ OK                        │
│ plan actions     │ 3                       │ 1                         │
│ completed        │ 4                       │ 1                         │
│ merged into VDB  │ 1                       │ 1                         │
└──────────────────┴─────────────────────────┴───────────────────────────┘

Full logs:
  portage-ng: /srv/tinderbox-ng/logs/compare-sys_fs_dosfstools-20260509T152514/portage-ng.log
  emerge    : /srv/tinderbox-ng/logs/compare-sys_fs_dosfstools-20260509T152514/emerge.log

[tinderbox-ng]   cleaning up sessions (use --keep to preserve)
