[tinderbox-ng] compare: target='www-client/w3m'  mode=--build  label=www_client_w3m
[tinderbox-ng]   portage-ng session: pkg-cmp-portage-ng-www_client_w3m
[tinderbox-ng]   emerge     session: pkg-cmp-emerge-www_client_w3m
[tinderbox-ng ok] session 'pkg-cmp-portage-ng-www_client_w3m' created
[tinderbox-ng ok] session 'pkg-cmp-emerge-www_client_w3m' created
[tinderbox-ng]   running both engines in parallel (logs: /srv/tinderbox-ng/logs/compare-www_client_w3m-20260509T151650)

┌────────────────────────────────────────────────────────────────────────┐
│ tinderbox-ng compare report                                            │
├────────────────────────────────────────────────────────────────────────┤
│ target : www-client/w3m                                                │
│ mode   : --build                                                       │
│ logs   : /srv/tinderbox-ng/logs/compare-www_client_w3m-20260509T151650 │
├──────────────────┬─────────────────────────┬───────────────────────────┤
│ (metric)         │ portage-ng              │ emerge                    │
├──────────────────┼─────────────────────────┼───────────────────────────┤
│ exit             │ OK                      │ OK                        │
│ plan actions     │ 38                      │ 3                         │
│ completed        │ 38                      │ 3                         │
│ merged into VDB  │ 13                      │ 3                         │
└──────────────────┴─────────────────────────┴───────────────────────────┘

VDB delta (after build):
  only in portage-ng:
    + sys-libs/gpm-1.20.7-r6
    + x11-base/xcb-proto-1.17.0
    + x11-base/xorg-proto-2025.1
    + x11-libs/libX11-1.8.13
    + x11-libs/libXau-1.0.12
    + x11-libs/libXdmcp-1.1.5
    + x11-libs/libXext-1.3.7
    + x11-libs/libxcb-1.17.0
    + x11-libs/xtrans-1.6.0
    + x11-misc/compose-tables-1.8.13
  in both: 3 packages

Full logs:
  portage-ng: /srv/tinderbox-ng/logs/compare-www_client_w3m-20260509T151650/portage-ng.log
  emerge    : /srv/tinderbox-ng/logs/compare-www_client_w3m-20260509T151650/emerge.log

[tinderbox-ng]   cleaning up sessions (use --keep to preserve)
